[0.448s] DEBUG:colcon:Command line arguments: ['/usr/bin/colcon', 'build']
[0.448s] DEBUG:colcon:Parsed command line arguments: Namespace(log_base=None, log_level=None, verb_name='build', build_base='build', install_base='install', merge_install=False, symlink_install=False, test_result_base=None, continue_on_error=False, executor='parallel', parallel_workers=8, event_handlers=None, ignore_user_meta=False, metas=['./colcon.meta'], base_paths=['.'], packages_ignore=None, packages_ignore_regex=None, paths=None, packages_up_to=None, packages_up_to_regex=None, packages_above=None, packages_above_and_dependencies=None, packages_above_depth=None, packages_select_by_dep=None, packages_skip_by_dep=None, packages_skip_up_to=None, packages_select_build_failed=False, packages_skip_build_finished=False, packages_select_test_failures=False, packages_skip_test_passed=False, packages_select=None, packages_skip=None, packages_select_regex=None, packages_skip_regex=None, packages_start=None, packages_end=None, allow_overriding=[], cmake_args=None, cmake_target=None, cmake_target_skip_unavailable=False, cmake_clean_cache=False, cmake_clean_first=False, cmake_force_configure=False, ament_cmake_args=None, catkin_cmake_args=None, catkin_skip_building_tests=False, verb_parser=<colcon_defaults.argument_parser.defaults.DefaultArgumentsDecorator object at 0x7fca6c98fd30>, verb_extension=<colcon_core.verb.build.BuildVerb object at 0x7fca6d172ec0>, main=<bound method BuildVerb.main of <colcon_core.verb.build.BuildVerb object at 0x7fca6d172ec0>>)
[0.478s] Level 1:colcon.colcon_core.package_discovery:discover_packages(colcon_meta) check parameters
[0.478s] Level 1:colcon.colcon_core.package_discovery:discover_packages(recursive) check parameters
[0.478s] Level 1:colcon.colcon_core.package_discovery:discover_packages(ignore) check parameters
[0.479s] Level 1:colcon.colcon_core.package_discovery:discover_packages(path) check parameters
[0.479s] Level 1:colcon.colcon_core.package_discovery:discover_packages(colcon_meta) discover
[0.479s] Level 1:colcon.colcon_core.package_discovery:discover_packages(recursive) discover
[0.479s] INFO:colcon.colcon_core.package_discovery:Crawling recursively for packages in '/home/mcav/dbat/ESDA_onboarding'
[0.479s] Level 1:colcon.colcon_core.package_identification:_identify(.) by extensions ['ignore', 'ignore_ament_install']
[0.479s] Level 1:colcon.colcon_core.package_identification:_identify(.) by extension 'ignore'
[0.479s] Level 1:colcon.colcon_core.package_identification:_identify(.) by extension 'ignore_ament_install'
[0.479s] Level 1:colcon.colcon_core.package_identification:_identify(.) by extensions ['colcon_pkg']
[0.479s] Level 1:colcon.colcon_core.package_identification:_identify(.) by extension 'colcon_pkg'
[0.479s] Level 1:colcon.colcon_core.package_identification:_identify(.) by extensions ['colcon_meta']
[0.479s] Level 1:colcon.colcon_core.package_identification:_identify(.) by extension 'colcon_meta'
[0.479s] Level 1:colcon.colcon_core.package_identification:_identify(.) by extensions ['ros']
[0.479s] Level 1:colcon.colcon_core.package_identification:_identify(.) by extension 'ros'
[0.498s] Level 1:colcon.colcon_core.package_identification:_identify(.) by extensions ['cmake', 'python']
[0.499s] Level 1:colcon.colcon_core.package_identification:_identify(.) by extension 'cmake'
[0.499s] Level 1:colcon.colcon_core.package_identification:_identify(.) by extension 'python'
[0.499s] Level 1:colcon.colcon_core.package_identification:_identify(.) by extensions ['python_setup_py']
[0.499s] Level 1:colcon.colcon_core.package_identification:_identify(.) by extension 'python_setup_py'
[0.499s] Level 1:colcon.colcon_core.package_identification:_identify(articubot_one) by extensions ['ignore', 'ignore_ament_install']
[0.499s] Level 1:colcon.colcon_core.package_identification:_identify(articubot_one) by extension 'ignore'
[0.499s] Level 1:colcon.colcon_core.package_identification:_identify(articubot_one) by extension 'ignore_ament_install'
[0.499s] Level 1:colcon.colcon_core.package_identification:_identify(articubot_one) by extensions ['colcon_pkg']
[0.499s] Level 1:colcon.colcon_core.package_identification:_identify(articubot_one) by extension 'colcon_pkg'
[0.499s] Level 1:colcon.colcon_core.package_identification:_identify(articubot_one) by extensions ['colcon_meta']
[0.499s] Level 1:colcon.colcon_core.package_identification:_identify(articubot_one) by extension 'colcon_meta'
[0.499s] Level 1:colcon.colcon_core.package_identification:_identify(articubot_one) by extensions ['ros']
[0.499s] Level 1:colcon.colcon_core.package_identification:_identify(articubot_one) by extension 'ros'
[0.502s] DEBUG:colcon.colcon_core.package_identification:Package 'articubot_one' with type 'ros.ament_cmake' and name 'articubot_one'
[0.502s] Level 1:colcon.colcon_core.package_identification:_identify(build) by extensions ['ignore', 'ignore_ament_install']
[0.502s] Level 1:colcon.colcon_core.package_identification:_identify(build) by extension 'ignore'
[0.502s] Level 1:colcon.colcon_core.package_identification:_identify(build) ignored
[0.502s] Level 1:colcon.colcon_core.package_identification:_identify(custom_interfaces) by extensions ['ignore', 'ignore_ament_install']
[0.502s] Level 1:colcon.colcon_core.package_identification:_identify(custom_interfaces) by extension 'ignore'
[0.502s] Level 1:colcon.colcon_core.package_identification:_identify(custom_interfaces) by extension 'ignore_ament_install'
[0.502s] Level 1:colcon.colcon_core.package_identification:_identify(custom_interfaces) by extensions ['colcon_pkg']
[0.502s] Level 1:colcon.colcon_core.package_identification:_identify(custom_interfaces) by extension 'colcon_pkg'
[0.502s] Level 1:colcon.colcon_core.package_identification:_identify(custom_interfaces) by extensions ['colcon_meta']
[0.502s] Level 1:colcon.colcon_core.package_identification:_identify(custom_interfaces) by extension 'colcon_meta'
[0.502s] Level 1:colcon.colcon_core.package_identification:_identify(custom_interfaces) by extensions ['ros']
[0.502s] Level 1:colcon.colcon_core.package_identification:_identify(custom_interfaces) by extension 'ros'
[0.503s] DEBUG:colcon.colcon_core.package_identification:Package 'custom_interfaces' with type 'ros.ament_cmake' and name 'custom_interfaces'
[0.503s] Level 1:colcon.colcon_core.package_identification:_identify(install) by extensions ['ignore', 'ignore_ament_install']
[0.503s] Level 1:colcon.colcon_core.package_identification:_identify(install) by extension 'ignore'
[0.503s] Level 1:colcon.colcon_core.package_identification:_identify(install) ignored
[0.503s] Level 1:colcon.colcon_core.package_identification:_identify(log) by extensions ['ignore', 'ignore_ament_install']
[0.503s] Level 1:colcon.colcon_core.package_identification:_identify(log) by extension 'ignore'
[0.503s] Level 1:colcon.colcon_core.package_identification:_identify(log) ignored
[0.503s] Level 1:colcon.colcon_core.package_identification:_identify(op_theseus) by extensions ['ignore', 'ignore_ament_install']
[0.503s] Level 1:colcon.colcon_core.package_identification:_identify(op_theseus) by extension 'ignore'
[0.504s] Level 1:colcon.colcon_core.package_identification:_identify(op_theseus) by extension 'ignore_ament_install'
[0.504s] Level 1:colcon.colcon_core.package_identification:_identify(op_theseus) by extensions ['colcon_pkg']
[0.504s] Level 1:colcon.colcon_core.package_identification:_identify(op_theseus) by extension 'colcon_pkg'
[0.504s] Level 1:colcon.colcon_core.package_identification:_identify(op_theseus) by extensions ['colcon_meta']
[0.504s] Level 1:colcon.colcon_core.package_identification:_identify(op_theseus) by extension 'colcon_meta'
[0.504s] Level 1:colcon.colcon_core.package_identification:_identify(op_theseus) by extensions ['ros']
[0.504s] Level 1:colcon.colcon_core.package_identification:_identify(op_theseus) by extension 'ros'
[0.504s] DEBUG:colcon.colcon_core.package_identification:Package 'op_theseus' with type 'ros.ament_python' and name 'op_theseus'
[0.504s] Level 1:colcon.colcon_core.package_identification:_identify(waypoint_pub) by extensions ['ignore', 'ignore_ament_install']
[0.504s] Level 1:colcon.colcon_core.package_identification:_identify(waypoint_pub) by extension 'ignore'
[0.504s] Level 1:colcon.colcon_core.package_identification:_identify(waypoint_pub) by extension 'ignore_ament_install'
[0.504s] Level 1:colcon.colcon_core.package_identification:_identify(waypoint_pub) by extensions ['colcon_pkg']
[0.504s] Level 1:colcon.colcon_core.package_identification:_identify(waypoint_pub) by extension 'colcon_pkg'
[0.504s] Level 1:colcon.colcon_core.package_identification:_identify(waypoint_pub) by extensions ['colcon_meta']
[0.505s] Level 1:colcon.colcon_core.package_identification:_identify(waypoint_pub) by extension 'colcon_meta'
[0.505s] Level 1:colcon.colcon_core.package_identification:_identify(waypoint_pub) by extensions ['ros']
[0.505s] Level 1:colcon.colcon_core.package_identification:_identify(waypoint_pub) by extension 'ros'
[0.505s] DEBUG:colcon.colcon_core.package_identification:Package 'waypoint_pub' with type 'ros.ament_python' and name 'waypoint_pub'
[0.505s] Level 1:colcon.colcon_core.package_discovery:discover_packages(recursive) using defaults
[0.505s] Level 1:colcon.colcon_core.package_discovery:discover_packages(ignore) discover
[0.505s] Level 1:colcon.colcon_core.package_discovery:discover_packages(ignore) using defaults
[0.505s] Level 1:colcon.colcon_core.package_discovery:discover_packages(path) discover
[0.505s] Level 1:colcon.colcon_core.package_discovery:discover_packages(path) using defaults
[0.528s] Level 1:colcon.colcon_core.package_discovery:discover_packages(prefix_path) check parameters
[0.528s] Level 1:colcon.colcon_core.package_discovery:discover_packages(prefix_path) discover
[0.532s] DEBUG:colcon.colcon_installed_package_information.package_discovery:Found 339 installed packages in /opt/ros/humble
[0.533s] Level 1:colcon.colcon_core.package_discovery:discover_packages(prefix_path) using defaults
[0.623s] Level 5:colcon.colcon_core.verb:set package 'articubot_one' build argument 'cmake_args' from command line to 'None'
[0.623s] Level 5:colcon.colcon_core.verb:set package 'articubot_one' build argument 'cmake_target' from command line to 'None'
[0.623s] Level 5:colcon.colcon_core.verb:set package 'articubot_one' build argument 'cmake_target_skip_unavailable' from command line to 'False'
[0.623s] Level 5:colcon.colcon_core.verb:set package 'articubot_one' build argument 'cmake_clean_cache' from command line to 'False'
[0.623s] Level 5:colcon.colcon_core.verb:set package 'articubot_one' build argument 'cmake_clean_first' from command line to 'False'
[0.623s] Level 5:colcon.colcon_core.verb:set package 'articubot_one' build argument 'cmake_force_configure' from command line to 'False'
[0.623s] Level 5:colcon.colcon_core.verb:set package 'articubot_one' build argument 'ament_cmake_args' from command line to 'None'
[0.623s] Level 5:colcon.colcon_core.verb:set package 'articubot_one' build argument 'catkin_cmake_args' from command line to 'None'
[0.623s] Level 5:colcon.colcon_core.verb:set package 'articubot_one' build argument 'catkin_skip_building_tests' from command line to 'False'
[0.623s] DEBUG:colcon.colcon_core.verb:Building package 'articubot_one' with the following arguments: {'ament_cmake_args': None, 'build_base': '/home/mcav/dbat/ESDA_onboarding/build/articubot_one', 'catkin_cmake_args': None, 'catkin_skip_building_tests': False, 'cmake_args': None, 'cmake_clean_cache': False, 'cmake_clean_first': False, 'cmake_force_configure': False, 'cmake_target': None, 'cmake_target_skip_unavailable': False, 'install_base': '/home/mcav/dbat/ESDA_onboarding/install/articubot_one', 'merge_install': False, 'path': '/home/mcav/dbat/ESDA_onboarding/articubot_one', 'symlink_install': False, 'test_result_base': None}
[0.625s] Level 5:colcon.colcon_core.verb:set package 'custom_interfaces' build argument 'cmake_args' from command line to 'None'
[0.625s] Level 5:colcon.colcon_core.verb:set package 'custom_interfaces' build argument 'cmake_target' from command line to 'None'
[0.625s] Level 5:colcon.colcon_core.verb:set package 'custom_interfaces' build argument 'cmake_target_skip_unavailable' from command line to 'False'
[0.625s] Level 5:colcon.colcon_core.verb:set package 'custom_interfaces' build argument 'cmake_clean_cache' from command line to 'False'
[0.625s] Level 5:colcon.colcon_core.verb:set package 'custom_interfaces' build argument 'cmake_clean_first' from command line to 'False'
[0.625s] Level 5:colcon.colcon_core.verb:set package 'custom_interfaces' build argument 'cmake_force_configure' from command line to 'False'
[0.625s] Level 5:colcon.colcon_core.verb:set package 'custom_interfaces' build argument 'ament_cmake_args' from command line to 'None'
[0.625s] Level 5:colcon.colcon_core.verb:set package 'custom_interfaces' build argument 'catkin_cmake_args' from command line to 'None'
[0.625s] Level 5:colcon.colcon_core.verb:set package 'custom_interfaces' build argument 'catkin_skip_building_tests' from command line to 'False'
[0.625s] DEBUG:colcon.colcon_core.verb:Building package 'custom_interfaces' with the following arguments: {'ament_cmake_args': None, 'build_base': '/home/mcav/dbat/ESDA_onboarding/build/custom_interfaces', 'catkin_cmake_args': None, 'catkin_skip_building_tests': False, 'cmake_args': None, 'cmake_clean_cache': False, 'cmake_clean_first': False, 'cmake_force_configure': False, 'cmake_target': None, 'cmake_target_skip_unavailable': False, 'install_base': '/home/mcav/dbat/ESDA_onboarding/install/custom_interfaces', 'merge_install': False, 'path': '/home/mcav/dbat/ESDA_onboarding/custom_interfaces', 'symlink_install': False, 'test_result_base': None}
[0.629s] Level 5:colcon.colcon_core.verb:set package 'op_theseus' build argument 'cmake_args' from command line to 'None'
[0.629s] Level 5:colcon.colcon_core.verb:set package 'op_theseus' build argument 'cmake_target' from command line to 'None'
[0.629s] Level 5:colcon.colcon_core.verb:set package 'op_theseus' build argument 'cmake_target_skip_unavailable' from command line to 'False'
[0.629s] Level 5:colcon.colcon_core.verb:set package 'op_theseus' build argument 'cmake_clean_cache' from command line to 'False'
[0.629s] Level 5:colcon.colcon_core.verb:set package 'op_theseus' build argument 'cmake_clean_first' from command line to 'False'
[0.629s] Level 5:colcon.colcon_core.verb:set package 'op_theseus' build argument 'cmake_force_configure' from command line to 'False'
[0.629s] Level 5:colcon.colcon_core.verb:set package 'op_theseus' build argument 'ament_cmake_args' from command line to 'None'
[0.629s] Level 5:colcon.colcon_core.verb:set package 'op_theseus' build argument 'catkin_cmake_args' from command line to 'None'
[0.629s] Level 5:colcon.colcon_core.verb:set package 'op_theseus' build argument 'catkin_skip_building_tests' from command line to 'False'
[0.629s] DEBUG:colcon.colcon_core.verb:Building package 'op_theseus' with the following arguments: {'ament_cmake_args': None, 'build_base': '/home/mcav/dbat/ESDA_onboarding/build/op_theseus', 'catkin_cmake_args': None, 'catkin_skip_building_tests': False, 'cmake_args': None, 'cmake_clean_cache': False, 'cmake_clean_first': False, 'cmake_force_configure': False, 'cmake_target': None, 'cmake_target_skip_unavailable': False, 'install_base': '/home/mcav/dbat/ESDA_onboarding/install/op_theseus', 'merge_install': False, 'path': '/home/mcav/dbat/ESDA_onboarding/op_theseus', 'symlink_install': False, 'test_result_base': None}
[0.631s] Level 5:colcon.colcon_core.verb:set package 'waypoint_pub' build argument 'cmake_args' from command line to 'None'
[0.631s] Level 5:colcon.colcon_core.verb:set package 'waypoint_pub' build argument 'cmake_target' from command line to 'None'
[0.631s] Level 5:colcon.colcon_core.verb:set package 'waypoint_pub' build argument 'cmake_target_skip_unavailable' from command line to 'False'
[0.631s] Level 5:colcon.colcon_core.verb:set package 'waypoint_pub' build argument 'cmake_clean_cache' from command line to 'False'
[0.631s] Level 5:colcon.colcon_core.verb:set package 'waypoint_pub' build argument 'cmake_clean_first' from command line to 'False'
[0.631s] Level 5:colcon.colcon_core.verb:set package 'waypoint_pub' build argument 'cmake_force_configure' from command line to 'False'
[0.631s] Level 5:colcon.colcon_core.verb:set package 'waypoint_pub' build argument 'ament_cmake_args' from command line to 'None'
[0.631s] Level 5:colcon.colcon_core.verb:set package 'waypoint_pub' build argument 'catkin_cmake_args' from command line to 'None'
[0.631s] Level 5:colcon.colcon_core.verb:set package 'waypoint_pub' build argument 'catkin_skip_building_tests' from command line to 'False'
[0.631s] DEBUG:colcon.colcon_core.verb:Building package 'waypoint_pub' with the following arguments: {'ament_cmake_args': None, 'build_base': '/home/mcav/dbat/ESDA_onboarding/build/waypoint_pub', 'catkin_cmake_args': None, 'catkin_skip_building_tests': False, 'cmake_args': None, 'cmake_clean_cache': False, 'cmake_clean_first': False, 'cmake_force_configure': False, 'cmake_target': None, 'cmake_target_skip_unavailable': False, 'install_base': '/home/mcav/dbat/ESDA_onboarding/install/waypoint_pub', 'merge_install': False, 'path': '/home/mcav/dbat/ESDA_onboarding/waypoint_pub', 'symlink_install': False, 'test_result_base': None}
[0.633s] INFO:colcon.colcon_core.executor:Executing jobs using 'parallel' executor
[0.636s] DEBUG:colcon.colcon_parallel_executor.executor.parallel:run_until_complete
[0.637s] INFO:colcon.colcon_ros.task.ament_cmake.build:Building ROS package in '/home/mcav/dbat/ESDA_onboarding/custom_interfaces' with build type 'ament_cmake'
[0.637s] INFO:colcon.colcon_cmake.task.cmake.build:Building CMake package in '/home/mcav/dbat/ESDA_onboarding/custom_interfaces'
[0.643s] INFO:colcon.colcon_core.plugin_system:Skipping extension 'colcon_core.shell.bat': Not used on non-Windows systems
[0.644s] INFO:colcon.colcon_core.shell:Skip shell extension 'powershell' for command environment: Not usable outside of PowerShell
[0.644s] DEBUG:colcon.colcon_core.shell:Skip shell extension 'dsv' for command environment
[0.650s] INFO:colcon.colcon_ros.task.ament_cmake.build:Building ROS package in '/home/mcav/dbat/ESDA_onboarding/articubot_one' with build type 'ament_cmake'
[0.650s] INFO:colcon.colcon_cmake.task.cmake.build:Building CMake package in '/home/mcav/dbat/ESDA_onboarding/articubot_one'
[0.652s] INFO:colcon.colcon_core.shell:Skip shell extension 'powershell' for command environment: Not usable outside of PowerShell
[0.652s] DEBUG:colcon.colcon_core.shell:Skip shell extension 'dsv' for command environment
[0.656s] INFO:colcon.colcon_ros.task.ament_python.build:Building ROS package in '/home/mcav/dbat/ESDA_onboarding/op_theseus' with build type 'ament_python'
[0.656s] Level 1:colcon.colcon_core.shell:create_environment_hook('op_theseus', 'ament_prefix_path')
[0.657s] INFO:colcon.colcon_core.shell:Creating environment hook '/home/mcav/dbat/ESDA_onboarding/install/op_theseus/share/op_theseus/hook/ament_prefix_path.ps1'
[0.659s] INFO:colcon.colcon_core.shell:Creating environment descriptor '/home/mcav/dbat/ESDA_onboarding/install/op_theseus/share/op_theseus/hook/ament_prefix_path.dsv'
[0.661s] INFO:colcon.colcon_core.shell:Creating environment hook '/home/mcav/dbat/ESDA_onboarding/install/op_theseus/share/op_theseus/hook/ament_prefix_path.sh'
[0.666s] INFO:colcon.colcon_core.shell:Skip shell extension 'powershell' for command environment: Not usable outside of PowerShell
[0.666s] DEBUG:colcon.colcon_core.shell:Skip shell extension 'dsv' for command environment
[0.675s] DEBUG:colcon.colcon_core.event_handler.log_command:Invoking command in '/home/mcav/dbat/ESDA_onboarding/build/custom_interfaces': CMAKE_PREFIX_PATH=/opt/ros/humble /usr/bin/cmake /home/mcav/dbat/ESDA_onboarding/custom_interfaces -DCMAKE_INSTALL_PREFIX=/home/mcav/dbat/ESDA_onboarding/install/custom_interfaces
[0.681s] DEBUG:colcon.colcon_core.event_handler.log_command:Invoking command in '/home/mcav/dbat/ESDA_onboarding/build/articubot_one': CMAKE_PREFIX_PATH=/opt/ros/humble /usr/bin/cmake /home/mcav/dbat/ESDA_onboarding/articubot_one -DCMAKE_INSTALL_PREFIX=/home/mcav/dbat/ESDA_onboarding/install/articubot_one
[1.100s] INFO:colcon.colcon_core.task.python.build:Building Python package in '/home/mcav/dbat/ESDA_onboarding/op_theseus'
[1.103s] INFO:colcon.colcon_core.shell:Skip shell extension 'powershell' for command environment: Not usable outside of PowerShell
[1.103s] DEBUG:colcon.colcon_core.shell:Skip shell extension 'dsv' for command environment
[1.578s] DEBUG:colcon.colcon_core.event_handler.log_command:Invoked command in '/home/mcav/dbat/ESDA_onboarding/build/articubot_one' returned '0': CMAKE_PREFIX_PATH=/opt/ros/humble /usr/bin/cmake /home/mcav/dbat/ESDA_onboarding/articubot_one -DCMAKE_INSTALL_PREFIX=/home/mcav/dbat/ESDA_onboarding/install/articubot_one
[1.581s] DEBUG:colcon.colcon_core.event_handler.log_command:Invoking command in '/home/mcav/dbat/ESDA_onboarding/build/articubot_one': CMAKE_PREFIX_PATH=/opt/ros/humble /usr/bin/cmake --build /home/mcav/dbat/ESDA_onboarding/build/articubot_one -- -j8 -l8
[1.647s] DEBUG:colcon.colcon_core.event_handler.log_command:Invoking command in '/home/mcav/dbat/ESDA_onboarding/op_theseus': PYTHONPATH=/home/mcav/dbat/ESDA_onboarding/build/op_theseus/prefix_override:/home/mcav/dbat/ESDA_onboarding/install/op_theseus/lib/python3.10/site-packages:${PYTHONPATH} /usr/bin/python3 setup.py egg_info --egg-base ../build/op_theseus build --build-base /home/mcav/dbat/ESDA_onboarding/build/op_theseus/build install --record /home/mcav/dbat/ESDA_onboarding/build/op_theseus/install.log --single-version-externally-managed
[1.650s] DEBUG:colcon.colcon_core.event_handler.log_command:Invoked command in '/home/mcav/dbat/ESDA_onboarding/build/articubot_one' returned '0': CMAKE_PREFIX_PATH=/opt/ros/humble /usr/bin/cmake --build /home/mcav/dbat/ESDA_onboarding/build/articubot_one -- -j8 -l8
[1.699s] DEBUG:colcon.colcon_core.event_handler.log_command:Invoking command in '/home/mcav/dbat/ESDA_onboarding/build/articubot_one': CMAKE_PREFIX_PATH=/opt/ros/humble /usr/bin/cmake --install /home/mcav/dbat/ESDA_onboarding/build/articubot_one
[1.723s] Level 1:colcon.colcon_core.environment:create_environment_scripts_only(articubot_one)
[1.726s] DEBUG:colcon.colcon_core.event_handler.log_command:Invoked command in '/home/mcav/dbat/ESDA_onboarding/build/articubot_one' returned '0': CMAKE_PREFIX_PATH=/opt/ros/humble /usr/bin/cmake --install /home/mcav/dbat/ESDA_onboarding/build/articubot_one
[1.734s] Level 1:colcon.colcon_core.environment:checking '/home/mcav/dbat/ESDA_onboarding/install/articubot_one' for CMake module files
[1.734s] Level 1:colcon.colcon_core.environment:checking '/home/mcav/dbat/ESDA_onboarding/install/articubot_one' for CMake config files
[1.734s] Level 1:colcon.colcon_core.shell:create_environment_hook('articubot_one', 'cmake_prefix_path')
[1.735s] INFO:colcon.colcon_core.shell:Creating environment hook '/home/mcav/dbat/ESDA_onboarding/install/articubot_one/share/articubot_one/hook/cmake_prefix_path.ps1'
[1.736s] INFO:colcon.colcon_core.shell:Creating environment descriptor '/home/mcav/dbat/ESDA_onboarding/install/articubot_one/share/articubot_one/hook/cmake_prefix_path.dsv'
[1.736s] INFO:colcon.colcon_core.shell:Creating environment hook '/home/mcav/dbat/ESDA_onboarding/install/articubot_one/share/articubot_one/hook/cmake_prefix_path.sh'
[1.736s] Level 1:colcon.colcon_core.environment:checking '/home/mcav/dbat/ESDA_onboarding/install/articubot_one/bin'
[1.736s] Level 1:colcon.colcon_core.environment:checking '/home/mcav/dbat/ESDA_onboarding/install/articubot_one/lib/pkgconfig/articubot_one.pc'
[1.737s] Level 1:colcon.colcon_core.environment:checking '/home/mcav/dbat/ESDA_onboarding/install/articubot_one/lib/python3.10/site-packages'
[1.737s] Level 1:colcon.colcon_core.environment:checking '/home/mcav/dbat/ESDA_onboarding/install/articubot_one/bin'
[1.739s] INFO:colcon.colcon_core.shell:Creating package script '/home/mcav/dbat/ESDA_onboarding/install/articubot_one/share/articubot_one/package.ps1'
[1.741s] INFO:colcon.colcon_core.shell:Creating package descriptor '/home/mcav/dbat/ESDA_onboarding/install/articubot_one/share/articubot_one/package.dsv'
[1.743s] INFO:colcon.colcon_core.shell:Creating package script '/home/mcav/dbat/ESDA_onboarding/install/articubot_one/share/articubot_one/package.sh'
[1.744s] INFO:colcon.colcon_core.shell:Creating package script '/home/mcav/dbat/ESDA_onboarding/install/articubot_one/share/articubot_one/package.bash'
[1.745s] INFO:colcon.colcon_core.shell:Creating package script '/home/mcav/dbat/ESDA_onboarding/install/articubot_one/share/articubot_one/package.zsh'
[1.747s] Level 1:colcon.colcon_core.environment:create_file_with_runtime_dependencies(/home/mcav/dbat/ESDA_onboarding/install/articubot_one/share/colcon-core/packages/articubot_one)
[1.778s] Level 1:colcon.colcon_core.environment:create_environment_scripts_only(articubot_one)
[1.781s] Level 1:colcon.colcon_core.environment:checking '/home/mcav/dbat/ESDA_onboarding/install/articubot_one' for CMake module files
[1.781s] Level 1:colcon.colcon_core.environment:checking '/home/mcav/dbat/ESDA_onboarding/install/articubot_one' for CMake config files
[1.781s] Level 1:colcon.colcon_core.shell:create_environment_hook('articubot_one', 'cmake_prefix_path')
[1.784s] INFO:colcon.colcon_core.shell:Creating environment hook '/home/mcav/dbat/ESDA_onboarding/install/articubot_one/share/articubot_one/hook/cmake_prefix_path.ps1'
[1.784s] INFO:colcon.colcon_core.shell:Creating environment descriptor '/home/mcav/dbat/ESDA_onboarding/install/articubot_one/share/articubot_one/hook/cmake_prefix_path.dsv'
[1.785s] INFO:colcon.colcon_core.shell:Creating environment hook '/home/mcav/dbat/ESDA_onboarding/install/articubot_one/share/articubot_one/hook/cmake_prefix_path.sh'
[1.785s] Level 1:colcon.colcon_core.environment:checking '/home/mcav/dbat/ESDA_onboarding/install/articubot_one/bin'
[1.785s] Level 1:colcon.colcon_core.environment:checking '/home/mcav/dbat/ESDA_onboarding/install/articubot_one/lib/pkgconfig/articubot_one.pc'
[1.785s] Level 1:colcon.colcon_core.environment:checking '/home/mcav/dbat/ESDA_onboarding/install/articubot_one/lib/python3.10/site-packages'
[1.785s] Level 1:colcon.colcon_core.environment:checking '/home/mcav/dbat/ESDA_onboarding/install/articubot_one/bin'
[1.787s] INFO:colcon.colcon_core.shell:Creating package script '/home/mcav/dbat/ESDA_onboarding/install/articubot_one/share/articubot_one/package.ps1'
[1.789s] INFO:colcon.colcon_core.shell:Creating package descriptor '/home/mcav/dbat/ESDA_onboarding/install/articubot_one/share/articubot_one/package.dsv'
[1.790s] INFO:colcon.colcon_core.shell:Creating package script '/home/mcav/dbat/ESDA_onboarding/install/articubot_one/share/articubot_one/package.sh'
[1.791s] INFO:colcon.colcon_core.shell:Creating package script '/home/mcav/dbat/ESDA_onboarding/install/articubot_one/share/articubot_one/package.bash'
[1.791s] INFO:colcon.colcon_core.shell:Creating package script '/home/mcav/dbat/ESDA_onboarding/install/articubot_one/share/articubot_one/package.zsh'
[1.792s] Level 1:colcon.colcon_core.environment:create_file_with_runtime_dependencies(/home/mcav/dbat/ESDA_onboarding/install/articubot_one/share/colcon-core/packages/articubot_one)
[2.109s] Level 1:colcon.colcon_core.environment:checking '/home/mcav/dbat/ESDA_onboarding/install/op_theseus' for CMake module files
[2.110s] DEBUG:colcon.colcon_core.event_handler.log_command:Invoked command in '/home/mcav/dbat/ESDA_onboarding/op_theseus' returned '0': PYTHONPATH=/home/mcav/dbat/ESDA_onboarding/build/op_theseus/prefix_override:/home/mcav/dbat/ESDA_onboarding/install/op_theseus/lib/python3.10/site-packages:${PYTHONPATH} /usr/bin/python3 setup.py egg_info --egg-base ../build/op_theseus build --build-base /home/mcav/dbat/ESDA_onboarding/build/op_theseus/build install --record /home/mcav/dbat/ESDA_onboarding/build/op_theseus/install.log --single-version-externally-managed
[2.110s] Level 1:colcon.colcon_core.environment:checking '/home/mcav/dbat/ESDA_onboarding/install/op_theseus' for CMake config files
[2.111s] Level 1:colcon.colcon_core.environment:checking '/home/mcav/dbat/ESDA_onboarding/install/op_theseus/lib'
[2.111s] Level 1:colcon.colcon_core.environment:checking '/home/mcav/dbat/ESDA_onboarding/install/op_theseus/bin'
[2.111s] Level 1:colcon.colcon_core.environment:checking '/home/mcav/dbat/ESDA_onboarding/install/op_theseus/lib/pkgconfig/op_theseus.pc'
[2.111s] Level 1:colcon.colcon_core.environment:checking '/home/mcav/dbat/ESDA_onboarding/install/op_theseus/lib/python3.10/site-packages'
[2.111s] Level 1:colcon.colcon_core.shell:create_environment_hook('op_theseus', 'pythonpath')
[2.113s] INFO:colcon.colcon_core.shell:Creating environment hook '/home/mcav/dbat/ESDA_onboarding/install/op_theseus/share/op_theseus/hook/pythonpath.ps1'
[2.114s] INFO:colcon.colcon_core.shell:Creating environment descriptor '/home/mcav/dbat/ESDA_onboarding/install/op_theseus/share/op_theseus/hook/pythonpath.dsv'
[2.114s] INFO:colcon.colcon_core.shell:Creating environment hook '/home/mcav/dbat/ESDA_onboarding/install/op_theseus/share/op_theseus/hook/pythonpath.sh'
[2.115s] Level 1:colcon.colcon_core.environment:checking '/home/mcav/dbat/ESDA_onboarding/install/op_theseus/bin'
[2.115s] Level 1:colcon.colcon_core.environment:create_environment_scripts_only(op_theseus)
[2.117s] INFO:colcon.colcon_core.shell:Creating package script '/home/mcav/dbat/ESDA_onboarding/install/op_theseus/share/op_theseus/package.ps1'
[2.117s] INFO:colcon.colcon_core.shell:Creating package descriptor '/home/mcav/dbat/ESDA_onboarding/install/op_theseus/share/op_theseus/package.dsv'
[2.117s] INFO:colcon.colcon_core.shell:Creating package script '/home/mcav/dbat/ESDA_onboarding/install/op_theseus/share/op_theseus/package.sh'
[2.118s] INFO:colcon.colcon_core.shell:Creating package script '/home/mcav/dbat/ESDA_onboarding/install/op_theseus/share/op_theseus/package.bash'
[2.118s] INFO:colcon.colcon_core.shell:Creating package script '/home/mcav/dbat/ESDA_onboarding/install/op_theseus/share/op_theseus/package.zsh'
[2.118s] Level 1:colcon.colcon_core.environment:create_file_with_runtime_dependencies(/home/mcav/dbat/ESDA_onboarding/install/op_theseus/share/colcon-core/packages/op_theseus)
[2.668s] DEBUG:colcon.colcon_core.event_handler.log_command:Invoked command in '/home/mcav/dbat/ESDA_onboarding/build/custom_interfaces' returned '0': CMAKE_PREFIX_PATH=/opt/ros/humble /usr/bin/cmake /home/mcav/dbat/ESDA_onboarding/custom_interfaces -DCMAKE_INSTALL_PREFIX=/home/mcav/dbat/ESDA_onboarding/install/custom_interfaces
[2.670s] DEBUG:colcon.colcon_core.event_handler.log_command:Invoking command in '/home/mcav/dbat/ESDA_onboarding/build/custom_interfaces': CMAKE_PREFIX_PATH=/opt/ros/humble /usr/bin/cmake --build /home/mcav/dbat/ESDA_onboarding/build/custom_interfaces -- -j8 -l8
[5.329s] DEBUG:colcon.colcon_core.event_handler.log_command:Invoked command in '/home/mcav/dbat/ESDA_onboarding/build/custom_interfaces' returned '0': CMAKE_PREFIX_PATH=/opt/ros/humble /usr/bin/cmake --build /home/mcav/dbat/ESDA_onboarding/build/custom_interfaces -- -j8 -l8
[5.404s] DEBUG:colcon.colcon_core.event_handler.log_command:Invoking command in '/home/mcav/dbat/ESDA_onboarding/build/custom_interfaces': CMAKE_PREFIX_PATH=/opt/ros/humble /usr/bin/cmake --install /home/mcav/dbat/ESDA_onboarding/build/custom_interfaces
[5.480s] Level 1:colcon.colcon_core.environment:create_environment_scripts_only(custom_interfaces)
[5.482s] Level 1:colcon.colcon_core.environment:checking '/home/mcav/dbat/ESDA_onboarding/install/custom_interfaces' for CMake module files
[5.483s] DEBUG:colcon.colcon_core.event_handler.log_command:Invoked command in '/home/mcav/dbat/ESDA_onboarding/build/custom_interfaces' returned '0': CMAKE_PREFIX_PATH=/opt/ros/humble /usr/bin/cmake --install /home/mcav/dbat/ESDA_onboarding/build/custom_interfaces
[5.484s] Level 1:colcon.colcon_core.environment:checking '/home/mcav/dbat/ESDA_onboarding/install/custom_interfaces' for CMake config files
[5.484s] Level 1:colcon.colcon_core.shell:create_environment_hook('custom_interfaces', 'cmake_prefix_path')
[5.485s] INFO:colcon.colcon_core.shell:Creating environment hook '/home/mcav/dbat/ESDA_onboarding/install/custom_interfaces/share/custom_interfaces/hook/cmake_prefix_path.ps1'
[5.486s] INFO:colcon.colcon_core.shell:Creating environment descriptor '/home/mcav/dbat/ESDA_onboarding/install/custom_interfaces/share/custom_interfaces/hook/cmake_prefix_path.dsv'
[5.486s] INFO:colcon.colcon_core.shell:Creating environment hook '/home/mcav/dbat/ESDA_onboarding/install/custom_interfaces/share/custom_interfaces/hook/cmake_prefix_path.sh'
[5.487s] Level 1:colcon.colcon_core.environment:checking '/home/mcav/dbat/ESDA_onboarding/install/custom_interfaces/lib'
[5.487s] Level 1:colcon.colcon_core.shell:create_environment_hook('custom_interfaces', 'ld_library_path_lib')
[5.488s] INFO:colcon.colcon_core.shell:Creating environment hook '/home/mcav/dbat/ESDA_onboarding/install/custom_interfaces/share/custom_interfaces/hook/ld_library_path_lib.ps1'
[5.489s] INFO:colcon.colcon_core.shell:Creating environment descriptor '/home/mcav/dbat/ESDA_onboarding/install/custom_interfaces/share/custom_interfaces/hook/ld_library_path_lib.dsv'
[5.489s] INFO:colcon.colcon_core.shell:Creating environment hook '/home/mcav/dbat/ESDA_onboarding/install/custom_interfaces/share/custom_interfaces/hook/ld_library_path_lib.sh'
[5.490s] Level 1:colcon.colcon_core.environment:checking '/home/mcav/dbat/ESDA_onboarding/install/custom_interfaces/bin'
[5.490s] Level 1:colcon.colcon_core.environment:checking '/home/mcav/dbat/ESDA_onboarding/install/custom_interfaces/lib/pkgconfig/custom_interfaces.pc'
[5.490s] Level 1:colcon.colcon_core.environment:checking '/home/mcav/dbat/ESDA_onboarding/install/custom_interfaces/lib/python3.10/site-packages'
[5.490s] Level 1:colcon.colcon_core.environment:checking '/home/mcav/dbat/ESDA_onboarding/install/custom_interfaces/bin'
[5.492s] INFO:colcon.colcon_core.shell:Creating package script '/home/mcav/dbat/ESDA_onboarding/install/custom_interfaces/share/custom_interfaces/package.ps1'
[5.492s] INFO:colcon.colcon_core.shell:Creating package descriptor '/home/mcav/dbat/ESDA_onboarding/install/custom_interfaces/share/custom_interfaces/package.dsv'
[5.493s] INFO:colcon.colcon_core.shell:Creating package script '/home/mcav/dbat/ESDA_onboarding/install/custom_interfaces/share/custom_interfaces/package.sh'
[5.493s] INFO:colcon.colcon_core.shell:Creating package script '/home/mcav/dbat/ESDA_onboarding/install/custom_interfaces/share/custom_interfaces/package.bash'
[5.493s] INFO:colcon.colcon_core.shell:Creating package script '/home/mcav/dbat/ESDA_onboarding/install/custom_interfaces/share/custom_interfaces/package.zsh'
[5.493s] Level 1:colcon.colcon_core.environment:create_file_with_runtime_dependencies(/home/mcav/dbat/ESDA_onboarding/install/custom_interfaces/share/colcon-core/packages/custom_interfaces)
[5.561s] Level 1:colcon.colcon_core.environment:create_environment_scripts_only(custom_interfaces)
[5.564s] Level 1:colcon.colcon_core.environment:checking '/home/mcav/dbat/ESDA_onboarding/install/custom_interfaces' for CMake module files
[5.565s] Level 1:colcon.colcon_core.environment:checking '/home/mcav/dbat/ESDA_onboarding/install/custom_interfaces' for CMake config files
[5.566s] Level 1:colcon.colcon_core.shell:create_environment_hook('custom_interfaces', 'cmake_prefix_path')
[5.568s] INFO:colcon.colcon_core.shell:Creating environment hook '/home/mcav/dbat/ESDA_onboarding/install/custom_interfaces/share/custom_interfaces/hook/cmake_prefix_path.ps1'
[5.568s] INFO:colcon.colcon_core.shell:Creating environment descriptor '/home/mcav/dbat/ESDA_onboarding/install/custom_interfaces/share/custom_interfaces/hook/cmake_prefix_path.dsv'
[5.568s] INFO:colcon.colcon_core.shell:Creating environment hook '/home/mcav/dbat/ESDA_onboarding/install/custom_interfaces/share/custom_interfaces/hook/cmake_prefix_path.sh'
[5.569s] Level 1:colcon.colcon_core.environment:checking '/home/mcav/dbat/ESDA_onboarding/install/custom_interfaces/lib'
[5.569s] Level 1:colcon.colcon_core.shell:create_environment_hook('custom_interfaces', 'ld_library_path_lib')
[5.570s] INFO:colcon.colcon_core.shell:Creating environment hook '/home/mcav/dbat/ESDA_onboarding/install/custom_interfaces/share/custom_interfaces/hook/ld_library_path_lib.ps1'
[5.570s] INFO:colcon.colcon_core.shell:Creating environment descriptor '/home/mcav/dbat/ESDA_onboarding/install/custom_interfaces/share/custom_interfaces/hook/ld_library_path_lib.dsv'
[5.570s] INFO:colcon.colcon_core.shell:Creating environment hook '/home/mcav/dbat/ESDA_onboarding/install/custom_interfaces/share/custom_interfaces/hook/ld_library_path_lib.sh'
[5.571s] Level 1:colcon.colcon_core.environment:checking '/home/mcav/dbat/ESDA_onboarding/install/custom_interfaces/bin'
[5.571s] Level 1:colcon.colcon_core.environment:checking '/home/mcav/dbat/ESDA_onboarding/install/custom_interfaces/lib/pkgconfig/custom_interfaces.pc'
[5.571s] Level 1:colcon.colcon_core.environment:checking '/home/mcav/dbat/ESDA_onboarding/install/custom_interfaces/lib/python3.10/site-packages'
[5.572s] Level 1:colcon.colcon_core.environment:checking '/home/mcav/dbat/ESDA_onboarding/install/custom_interfaces/bin'
[5.573s] INFO:colcon.colcon_core.shell:Creating package script '/home/mcav/dbat/ESDA_onboarding/install/custom_interfaces/share/custom_interfaces/package.ps1'
[5.573s] INFO:colcon.colcon_core.shell:Creating package descriptor '/home/mcav/dbat/ESDA_onboarding/install/custom_interfaces/share/custom_interfaces/package.dsv'
[5.574s] INFO:colcon.colcon_core.shell:Creating package script '/home/mcav/dbat/ESDA_onboarding/install/custom_interfaces/share/custom_interfaces/package.sh'
[5.574s] INFO:colcon.colcon_core.shell:Creating package script '/home/mcav/dbat/ESDA_onboarding/install/custom_interfaces/share/custom_interfaces/package.bash'
[5.574s] INFO:colcon.colcon_core.shell:Creating package script '/home/mcav/dbat/ESDA_onboarding/install/custom_interfaces/share/custom_interfaces/package.zsh'
[5.575s] Level 1:colcon.colcon_core.environment:create_file_with_runtime_dependencies(/home/mcav/dbat/ESDA_onboarding/install/custom_interfaces/share/colcon-core/packages/custom_interfaces)
[5.575s] INFO:colcon.colcon_ros.task.ament_python.build:Building ROS package in '/home/mcav/dbat/ESDA_onboarding/waypoint_pub' with build type 'ament_python'
[5.575s] Level 1:colcon.colcon_core.shell:create_environment_hook('waypoint_pub', 'ament_prefix_path')
[5.576s] INFO:colcon.colcon_core.shell:Creating environment hook '/home/mcav/dbat/ESDA_onboarding/install/waypoint_pub/share/waypoint_pub/hook/ament_prefix_path.ps1'
[5.577s] INFO:colcon.colcon_core.shell:Creating environment descriptor '/home/mcav/dbat/ESDA_onboarding/install/waypoint_pub/share/waypoint_pub/hook/ament_prefix_path.dsv'
[5.577s] INFO:colcon.colcon_core.shell:Creating environment hook '/home/mcav/dbat/ESDA_onboarding/install/waypoint_pub/share/waypoint_pub/hook/ament_prefix_path.sh'
[5.579s] INFO:colcon.colcon_core.shell:Skip shell extension 'powershell' for command environment: Not usable outside of PowerShell
[5.579s] DEBUG:colcon.colcon_core.shell:Skip shell extension 'dsv' for command environment
[5.912s] INFO:colcon.colcon_core.task.python.build:Building Python package in '/home/mcav/dbat/ESDA_onboarding/waypoint_pub'
[5.914s] INFO:colcon.colcon_core.shell:Skip shell extension 'powershell' for command environment: Not usable outside of PowerShell
[5.914s] DEBUG:colcon.colcon_core.shell:Skip shell extension 'dsv' for command environment
[6.392s] DEBUG:colcon.colcon_core.event_handler.log_command:Invoking command in '/home/mcav/dbat/ESDA_onboarding/waypoint_pub': AMENT_PREFIX_PATH=/home/mcav/dbat/ESDA_onboarding/install/custom_interfaces:${AMENT_PREFIX_PATH} CMAKE_PREFIX_PATH=/home/mcav/dbat/ESDA_onboarding/install/custom_interfaces LD_LIBRARY_PATH=/home/mcav/dbat/ESDA_onboarding/install/custom_interfaces/lib:${LD_LIBRARY_PATH} PYTHONPATH=/home/mcav/dbat/ESDA_onboarding/build/waypoint_pub/prefix_override:/home/mcav/dbat/ESDA_onboarding/install/waypoint_pub/lib/python3.10/site-packages:/home/mcav/dbat/ESDA_onboarding/install/custom_interfaces/local/lib/python3.10/dist-packages:${PYTHONPATH} /usr/bin/python3 setup.py egg_info --egg-base ../build/waypoint_pub build --build-base /home/mcav/dbat/ESDA_onboarding/build/waypoint_pub/build install --record /home/mcav/dbat/ESDA_onboarding/build/waypoint_pub/install.log --single-version-externally-managed
[6.706s] Level 1:colcon.colcon_core.environment:checking '/home/mcav/dbat/ESDA_onboarding/install/waypoint_pub' for CMake module files
[6.706s] DEBUG:colcon.colcon_core.event_handler.log_command:Invoked command in '/home/mcav/dbat/ESDA_onboarding/waypoint_pub' returned '0': AMENT_PREFIX_PATH=/home/mcav/dbat/ESDA_onboarding/install/custom_interfaces:${AMENT_PREFIX_PATH} CMAKE_PREFIX_PATH=/home/mcav/dbat/ESDA_onboarding/install/custom_interfaces LD_LIBRARY_PATH=/home/mcav/dbat/ESDA_onboarding/install/custom_interfaces/lib:${LD_LIBRARY_PATH} PYTHONPATH=/home/mcav/dbat/ESDA_onboarding/build/waypoint_pub/prefix_override:/home/mcav/dbat/ESDA_onboarding/install/waypoint_pub/lib/python3.10/site-packages:/home/mcav/dbat/ESDA_onboarding/install/custom_interfaces/local/lib/python3.10/dist-packages:${PYTHONPATH} /usr/bin/python3 setup.py egg_info --egg-base ../build/waypoint_pub build --build-base /home/mcav/dbat/ESDA_onboarding/build/waypoint_pub/build install --record /home/mcav/dbat/ESDA_onboarding/build/waypoint_pub/install.log --single-version-externally-managed
[6.707s] Level 1:colcon.colcon_core.environment:checking '/home/mcav/dbat/ESDA_onboarding/install/waypoint_pub' for CMake config files
[6.708s] Level 1:colcon.colcon_core.environment:checking '/home/mcav/dbat/ESDA_onboarding/install/waypoint_pub/lib'
[6.708s] Level 1:colcon.colcon_core.environment:checking '/home/mcav/dbat/ESDA_onboarding/install/waypoint_pub/bin'
[6.708s] Level 1:colcon.colcon_core.environment:checking '/home/mcav/dbat/ESDA_onboarding/install/waypoint_pub/lib/pkgconfig/waypoint_pub.pc'
[6.708s] Level 1:colcon.colcon_core.environment:checking '/home/mcav/dbat/ESDA_onboarding/install/waypoint_pub/lib/python3.10/site-packages'
[6.708s] Level 1:colcon.colcon_core.shell:create_environment_hook('waypoint_pub', 'pythonpath')
[6.711s] INFO:colcon.colcon_core.shell:Creating environment hook '/home/mcav/dbat/ESDA_onboarding/install/waypoint_pub/share/waypoint_pub/hook/pythonpath.ps1'
[6.711s] INFO:colcon.colcon_core.shell:Creating environment descriptor '/home/mcav/dbat/ESDA_onboarding/install/waypoint_pub/share/waypoint_pub/hook/pythonpath.dsv'
[6.712s] INFO:colcon.colcon_core.shell:Creating environment hook '/home/mcav/dbat/ESDA_onboarding/install/waypoint_pub/share/waypoint_pub/hook/pythonpath.sh'
[6.712s] Level 1:colcon.colcon_core.environment:checking '/home/mcav/dbat/ESDA_onboarding/install/waypoint_pub/bin'
[6.712s] Level 1:colcon.colcon_core.environment:create_environment_scripts_only(waypoint_pub)
[6.714s] INFO:colcon.colcon_core.shell:Creating package script '/home/mcav/dbat/ESDA_onboarding/install/waypoint_pub/share/waypoint_pub/package.ps1'
[6.714s] INFO:colcon.colcon_core.shell:Creating package descriptor '/home/mcav/dbat/ESDA_onboarding/install/waypoint_pub/share/waypoint_pub/package.dsv'
[6.714s] INFO:colcon.colcon_core.shell:Creating package script '/home/mcav/dbat/ESDA_onboarding/install/waypoint_pub/share/waypoint_pub/package.sh'
[6.715s] INFO:colcon.colcon_core.shell:Creating package script '/home/mcav/dbat/ESDA_onboarding/install/waypoint_pub/share/waypoint_pub/package.bash'
[6.715s] INFO:colcon.colcon_core.shell:Creating package script '/home/mcav/dbat/ESDA_onboarding/install/waypoint_pub/share/waypoint_pub/package.zsh'
[6.715s] Level 1:colcon.colcon_core.environment:create_file_with_runtime_dependencies(/home/mcav/dbat/ESDA_onboarding/install/waypoint_pub/share/colcon-core/packages/waypoint_pub)
[6.715s] DEBUG:colcon.colcon_parallel_executor.executor.parallel:closing loop
[6.716s] DEBUG:colcon.colcon_parallel_executor.executor.parallel:loop closed
[6.716s] DEBUG:colcon.colcon_parallel_executor.executor.parallel:run_until_complete finished with '0'
[6.716s] DEBUG:colcon.colcon_core.event_reactor:joining thread
[6.724s] INFO:colcon.colcon_core.plugin_system:Skipping extension 'colcon_notification.desktop_notification.terminal_notifier': Not used on non-Darwin systems
[6.725s] INFO:colcon.colcon_core.plugin_system:Skipping extension 'colcon_notification.desktop_notification.win32': Not used on non-Windows systems
[6.725s] INFO:colcon.colcon_notification.desktop_notification:Sending desktop notification using 'notify2'
[6.734s] DEBUG:colcon.colcon_core.event_reactor:joined thread
[6.735s] INFO:colcon.colcon_core.shell:Creating prefix script '/home/mcav/dbat/ESDA_onboarding/install/local_setup.ps1'
[6.736s] INFO:colcon.colcon_core.shell:Creating prefix util module '/home/mcav/dbat/ESDA_onboarding/install/_local_setup_util_ps1.py'
[6.738s] INFO:colcon.colcon_core.shell:Creating prefix chain script '/home/mcav/dbat/ESDA_onboarding/install/setup.ps1'
[6.739s] INFO:colcon.colcon_core.shell:Creating prefix script '/home/mcav/dbat/ESDA_onboarding/install/local_setup.sh'
[6.739s] INFO:colcon.colcon_core.shell:Creating prefix util module '/home/mcav/dbat/ESDA_onboarding/install/_local_setup_util_sh.py'
[6.740s] INFO:colcon.colcon_core.shell:Creating prefix chain script '/home/mcav/dbat/ESDA_onboarding/install/setup.sh'
[6.741s] INFO:colcon.colcon_core.shell:Creating prefix script '/home/mcav/dbat/ESDA_onboarding/install/local_setup.bash'
[6.741s] INFO:colcon.colcon_core.shell:Creating prefix chain script '/home/mcav/dbat/ESDA_onboarding/install/setup.bash'
[6.743s] INFO:colcon.colcon_core.shell:Creating prefix script '/home/mcav/dbat/ESDA_onboarding/install/local_setup.zsh'
[6.743s] INFO:colcon.colcon_core.shell:Creating prefix chain script '/home/mcav/dbat/ESDA_onboarding/install/setup.zsh'
