[0.019s] Invoking command in '/home/yentung-yen/mcav/ESDA_onboarding/build/custom_interfaces': CMAKE_PREFIX_PATH=/opt/ros/humble /usr/bin/cmake /home/yentung-yen/mcav/ESDA_onboarding/custom_interfaces -DCMAKE_INSTALL_PREFIX=/home/yentung-yen/mcav/ESDA_onboarding/install/custom_interfaces
[0.222s] -- The C compiler identification is GNU 11.4.0
[0.346s] -- The CXX compiler identification is GNU 11.4.0
[0.356s] -- Detecting C compiler ABI info
[0.401s] -- Detecting C compiler ABI info - done
[0.406s] -- Check for working C compiler: /usr/bin/cc - skipped
[0.407s] -- Detecting C compile features
[0.407s] -- Detecting C compile features - done
[0.411s] -- Detecting CXX compiler ABI info
[0.469s] -- Detecting CXX compiler ABI info - done
[0.477s] -- Check for working CXX compiler: /usr/bin/c++ - skipped
[0.477s] -- Detecting CXX compile features
[0.478s] -- Detecting CXX compile features - done
[0.482s] -- Found ament_cmake: 1.3.5 (/opt/ros/humble/share/ament_cmake/cmake)
[0.609s] -- Found Python3: /usr/bin/python3.10 (found version "3.10.12") found components: Interpreter 
[0.688s] -- Found rosidl_default_generators: 1.2.0 (/opt/ros/humble/share/rosidl_default_generators/cmake)
[0.693s] -- Using all available rosidl_typesupport_c: rosidl_typesupport_fastrtps_c;rosidl_typesupport_introspection_c
[0.700s] -- Found rosidl_adapter: 3.1.5 (/opt/ros/humble/share/rosidl_adapter/cmake)
[0.750s] -- Using all available rosidl_typesupport_cpp: rosidl_typesupport_fastrtps_cpp;rosidl_typesupport_introspection_cpp
[0.973s] -- Found ament_cmake_ros: 0.10.0 (/opt/ros/humble/share/ament_cmake_ros/cmake)
[1.169s] -- Using all available rosidl_typesupport_c: rosidl_typesupport_fastrtps_c;rosidl_typesupport_introspection_c
[1.353s] -- Using all available rosidl_typesupport_cpp: rosidl_typesupport_fastrtps_cpp;rosidl_typesupport_introspection_cpp
[1.367s] -- Found PythonInterp: /usr/bin/python3 (found suitable version "3.10.12", minimum required is "3.6") 
[1.369s] -- Found python_cmake_module: 0.10.0 (/opt/ros/humble/share/python_cmake_module/cmake)
[1.391s] -- Found PythonLibs: /usr/lib/x86_64-linux-gnu/libpython3.10.so (found suitable version "3.10.12", minimum required is "3.5") 
[1.391s] -- Using PYTHON_EXECUTABLE: /usr/bin/python3
[1.391s] -- Using PYTHON_INCLUDE_DIRS: /usr/include/python3.10
[1.391s] -- Using PYTHON_LIBRARIES: /usr/lib/x86_64-linux-gnu/libpython3.10.so
[1.410s] -- Found PythonExtra: .so  
[1.434s] -- Found ament_lint_auto: 0.12.7 (/opt/ros/humble/share/ament_lint_auto/cmake)
[1.447s] -- Added test 'lint_cmake' to check CMake code style
[1.448s] -- Added test 'xmllint' to check XML markup files
[1.449s] -- Configuring done
[1.464s] -- Generating done
[1.466s] -- Build files have been written to: /home/yentung-yen/mcav/ESDA_onboarding/build/custom_interfaces
[1.470s] Invoked command in '/home/yentung-yen/mcav/ESDA_onboarding/build/custom_interfaces' returned '0': CMAKE_PREFIX_PATH=/opt/ros/humble /usr/bin/cmake /home/yentung-yen/mcav/ESDA_onboarding/custom_interfaces -DCMAKE_INSTALL_PREFIX=/home/yentung-yen/mcav/ESDA_onboarding/install/custom_interfaces
[1.470s] Invoking command in '/home/yentung-yen/mcav/ESDA_onboarding/build/custom_interfaces': CMAKE_PREFIX_PATH=/opt/ros/humble /usr/bin/cmake --build /home/yentung-yen/mcav/ESDA_onboarding/build/custom_interfaces -- -j16 -l16
[1.491s] [  3%] [34m[1mGenerating C code for ROS interfaces[0m
[1.497s] [  6%] [34m[1mGenerating C++ code for ROS interfaces[0m
[1.501s] [  6%] Built target ament_cmake_python_copy_custom_interfaces
[1.643s] running egg_info
[1.643s] creating custom_interfaces.egg-info
[1.643s] writing custom_interfaces.egg-info/PKG-INFO
[1.643s] writing dependency_links to custom_interfaces.egg-info/dependency_links.txt
[1.643s] writing top-level names to custom_interfaces.egg-info/top_level.txt
[1.644s] writing manifest file 'custom_interfaces.egg-info/SOURCES.txt'
[1.645s] reading manifest file 'custom_interfaces.egg-info/SOURCES.txt'
[1.645s] writing manifest file 'custom_interfaces.egg-info/SOURCES.txt'
[1.653s] [  6%] Built target custom_interfaces__cpp
[1.662s] [ 12%] [34m[1mGenerating C++ introspection for ROS interfaces[0m
[1.662s] [ 12%] [34m[1mGenerating C++ type support for eProsima Fast-RTPS[0m
[1.662s] [ 16%] [34m[1mGenerating C++ type support dispatch for ROS interfaces[0m
[1.668s] [ 19%] [32mBuilding C object CMakeFiles/custom_interfaces__rosidl_generator_c.dir/rosidl_generator_c/custom_interfaces/msg/detail/waypoint__functions.c.o[0m
[1.671s] [ 19%] Built target ament_cmake_python_build_custom_interfaces_egg
[1.736s] [ 22%] [32m[1mLinking C shared library libcustom_interfaces__rosidl_generator_c.so[0m
[1.769s] [ 22%] Built target custom_interfaces__rosidl_generator_c
[1.775s] [ 32%] [34m[1mGenerating C type support dispatch for ROS interfaces[0m
[1.775s] [ 32%] [34m[1mGenerating C introspection for ROS interfaces[0m
[1.776s] [ 32%] [34m[1mGenerating C type support for eProsima Fast-RTPS[0m
[1.828s] [ 35%] [32mBuilding CXX object CMakeFiles/custom_interfaces__rosidl_typesupport_cpp.dir/rosidl_typesupport_cpp/custom_interfaces/msg/waypoint__type_support.cpp.o[0m
[1.845s] [ 38%] [32mBuilding CXX object CMakeFiles/custom_interfaces__rosidl_typesupport_introspection_cpp.dir/rosidl_typesupport_introspection_cpp/custom_interfaces/msg/detail/waypoint__type_support.cpp.o[0m
[1.846s] [ 41%] [32mBuilding CXX object CMakeFiles/custom_interfaces__rosidl_typesupport_fastrtps_cpp.dir/rosidl_typesupport_fastrtps_cpp/custom_interfaces/msg/detail/dds_fastrtps/waypoint__type_support.cpp.o[0m
[1.936s] [ 45%] [32mBuilding CXX object CMakeFiles/custom_interfaces__rosidl_typesupport_c.dir/rosidl_typesupport_c/custom_interfaces/msg/waypoint__type_support.cpp.o[0m
[1.951s] [ 48%] [32mBuilding C object CMakeFiles/custom_interfaces__rosidl_typesupport_introspection_c.dir/rosidl_typesupport_introspection_c/custom_interfaces/msg/detail/waypoint__type_support.c.o[0m
[1.952s] [ 51%] [32mBuilding CXX object CMakeFiles/custom_interfaces__rosidl_typesupport_fastrtps_c.dir/rosidl_typesupport_fastrtps_c/custom_interfaces/msg/detail/waypoint__type_support_c.cpp.o[0m
[1.960s] [ 54%] [32m[1mLinking CXX shared library libcustom_interfaces__rosidl_typesupport_c.so[0m
[1.973s] [ 58%] [32m[1mLinking C shared library libcustom_interfaces__rosidl_typesupport_introspection_c.so[0m
[1.990s] [ 58%] Built target custom_interfaces__rosidl_typesupport_c
[1.995s] [ 58%] Built target custom_interfaces__rosidl_typesupport_introspection_c
[2.058s] [ 61%] [32m[1mLinking CXX shared library libcustom_interfaces__rosidl_typesupport_cpp.so[0m
[2.086s] [ 61%] Built target custom_interfaces__rosidl_typesupport_cpp
[2.132s] [ 64%] [32m[1mLinking CXX shared library libcustom_interfaces__rosidl_typesupport_introspection_cpp.so[0m
[2.142s] [ 67%] [32m[1mLinking CXX shared library libcustom_interfaces__rosidl_typesupport_fastrtps_cpp.so[0m
[2.160s] [ 67%] Built target custom_interfaces__rosidl_typesupport_introspection_cpp
[2.169s] [ 70%] [32m[1mLinking CXX shared library libcustom_interfaces__rosidl_typesupport_fastrtps_c.so[0m
[2.194s] [ 70%] Built target custom_interfaces__rosidl_typesupport_fastrtps_cpp
[2.223s] [ 70%] Built target custom_interfaces__rosidl_typesupport_fastrtps_c
[2.237s] [ 70%] Built target custom_interfaces
[2.250s] [ 74%] [34m[1mGenerating Python code for ROS interfaces[0m
[2.441s] [ 74%] Built target custom_interfaces__py
[2.452s] [ 77%] [32mBuilding C object CMakeFiles/custom_interfaces__rosidl_generator_py.dir/rosidl_generator_py/custom_interfaces/msg/_waypoint_s.c.o[0m
[2.568s] [ 80%] [32m[1mLinking C shared library rosidl_generator_py/custom_interfaces/libcustom_interfaces__rosidl_generator_py.so[0m
[2.592s] [ 80%] Built target custom_interfaces__rosidl_generator_py
[2.603s] [ 87%] [32mBuilding C object CMakeFiles/custom_interfaces__rosidl_typesupport_fastrtps_c__pyext.dir/rosidl_generator_py/custom_interfaces/_custom_interfaces_s.ep.rosidl_typesupport_fastrtps_c.c.o[0m
[2.603s] [ 87%] [32mBuilding C object CMakeFiles/custom_interfaces__rosidl_typesupport_introspection_c__pyext.dir/rosidl_generator_py/custom_interfaces/_custom_interfaces_s.ep.rosidl_typesupport_introspection_c.c.o[0m
[2.603s] [ 90%] [32mBuilding C object CMakeFiles/custom_interfaces__rosidl_typesupport_c__pyext.dir/rosidl_generator_py/custom_interfaces/_custom_interfaces_s.ep.rosidl_typesupport_c.c.o[0m
[2.657s] [100%] [32m[1mLinking C shared library rosidl_generator_py/custom_interfaces/custom_interfaces_s__rosidl_typesupport_introspection_c.cpython-310-x86_64-linux-gnu.so[0m
[2.658s] [100%] [32m[1mLinking C shared library rosidl_generator_py/custom_interfaces/custom_interfaces_s__rosidl_typesupport_fastrtps_c.cpython-310-x86_64-linux-gnu.so[0m
[2.658s] [100%] [32m[1mLinking C shared library rosidl_generator_py/custom_interfaces/custom_interfaces_s__rosidl_typesupport_c.cpython-310-x86_64-linux-gnu.so[0m
[2.677s] [100%] Built target custom_interfaces__rosidl_typesupport_c__pyext
[2.677s] [100%] Built target custom_interfaces__rosidl_typesupport_fastrtps_c__pyext
[2.677s] [100%] Built target custom_interfaces__rosidl_typesupport_introspection_c__pyext
[2.683s] Invoked command in '/home/yentung-yen/mcav/ESDA_onboarding/build/custom_interfaces' returned '0': CMAKE_PREFIX_PATH=/opt/ros/humble /usr/bin/cmake --build /home/yentung-yen/mcav/ESDA_onboarding/build/custom_interfaces -- -j16 -l16
[2.747s] Invoking command in '/home/yentung-yen/mcav/ESDA_onboarding/build/custom_interfaces': CMAKE_PREFIX_PATH=/opt/ros/humble /usr/bin/cmake --install /home/yentung-yen/mcav/ESDA_onboarding/build/custom_interfaces
[2.761s] -- Install configuration: ""
[2.761s] -- Installing: /home/yentung-yen/mcav/ESDA_onboarding/install/custom_interfaces/share/ament_index/resource_index/rosidl_interfaces/custom_interfaces
[2.761s] -- Installing: /home/yentung-yen/mcav/ESDA_onboarding/install/custom_interfaces/include/custom_interfaces/custom_interfaces
[2.761s] -- Installing: /home/yentung-yen/mcav/ESDA_onboarding/install/custom_interfaces/include/custom_interfaces/custom_interfaces/msg
[2.762s] -- Installing: /home/yentung-yen/mcav/ESDA_onboarding/install/custom_interfaces/include/custom_interfaces/custom_interfaces/msg/rosidl_generator_c__visibility_control.h
[2.762s] -- Installing: /home/yentung-yen/mcav/ESDA_onboarding/install/custom_interfaces/include/custom_interfaces/custom_interfaces/msg/detail
[2.762s] -- Installing: /home/yentung-yen/mcav/ESDA_onboarding/install/custom_interfaces/include/custom_interfaces/custom_interfaces/msg/detail/waypoint__type_support.h
[2.762s] -- Installing: /home/yentung-yen/mcav/ESDA_onboarding/install/custom_interfaces/include/custom_interfaces/custom_interfaces/msg/detail/waypoint__functions.c
[2.762s] -- Installing: /home/yentung-yen/mcav/ESDA_onboarding/install/custom_interfaces/include/custom_interfaces/custom_interfaces/msg/detail/waypoint__struct.h
[2.762s] -- Installing: /home/yentung-yen/mcav/ESDA_onboarding/install/custom_interfaces/include/custom_interfaces/custom_interfaces/msg/detail/waypoint__functions.h
[2.763s] -- Installing: /home/yentung-yen/mcav/ESDA_onboarding/install/custom_interfaces/include/custom_interfaces/custom_interfaces/msg/waypoint.h
[2.763s] -- Installing: /home/yentung-yen/mcav/ESDA_onboarding/install/custom_interfaces/share/custom_interfaces/environment/library_path.sh
[2.763s] -- Installing: /home/yentung-yen/mcav/ESDA_onboarding/install/custom_interfaces/share/custom_interfaces/environment/library_path.dsv
[2.763s] -- Installing: /home/yentung-yen/mcav/ESDA_onboarding/install/custom_interfaces/lib/libcustom_interfaces__rosidl_generator_c.so
[2.763s] -- Set runtime path of "/home/yentung-yen/mcav/ESDA_onboarding/install/custom_interfaces/lib/libcustom_interfaces__rosidl_generator_c.so" to ""
[2.763s] -- Up-to-date: /home/yentung-yen/mcav/ESDA_onboarding/install/custom_interfaces/include/custom_interfaces/custom_interfaces
[2.763s] -- Up-to-date: /home/yentung-yen/mcav/ESDA_onboarding/install/custom_interfaces/include/custom_interfaces/custom_interfaces/msg
[2.763s] -- Up-to-date: /home/yentung-yen/mcav/ESDA_onboarding/install/custom_interfaces/include/custom_interfaces/custom_interfaces/msg/detail
[2.763s] -- Installing: /home/yentung-yen/mcav/ESDA_onboarding/install/custom_interfaces/include/custom_interfaces/custom_interfaces/msg/detail/waypoint__rosidl_typesupport_fastrtps_c.h
[2.763s] -- Installing: /home/yentung-yen/mcav/ESDA_onboarding/install/custom_interfaces/include/custom_interfaces/custom_interfaces/msg/rosidl_typesupport_fastrtps_c__visibility_control.h
[2.763s] -- Installing: /home/yentung-yen/mcav/ESDA_onboarding/install/custom_interfaces/lib/libcustom_interfaces__rosidl_typesupport_fastrtps_c.so
[2.763s] -- Set runtime path of "/home/yentung-yen/mcav/ESDA_onboarding/install/custom_interfaces/lib/libcustom_interfaces__rosidl_typesupport_fastrtps_c.so" to ""
[2.763s] -- Up-to-date: /home/yentung-yen/mcav/ESDA_onboarding/install/custom_interfaces/include/custom_interfaces/custom_interfaces
[2.763s] -- Up-to-date: /home/yentung-yen/mcav/ESDA_onboarding/install/custom_interfaces/include/custom_interfaces/custom_interfaces/msg
[2.763s] -- Up-to-date: /home/yentung-yen/mcav/ESDA_onboarding/install/custom_interfaces/include/custom_interfaces/custom_interfaces/msg/detail
[2.763s] -- Installing: /home/yentung-yen/mcav/ESDA_onboarding/install/custom_interfaces/include/custom_interfaces/custom_interfaces/msg/detail/waypoint__rosidl_typesupport_introspection_c.h
[2.763s] -- Installing: /home/yentung-yen/mcav/ESDA_onboarding/install/custom_interfaces/include/custom_interfaces/custom_interfaces/msg/detail/waypoint__type_support.c
[2.763s] -- Installing: /home/yentung-yen/mcav/ESDA_onboarding/install/custom_interfaces/include/custom_interfaces/custom_interfaces/msg/rosidl_typesupport_introspection_c__visibility_control.h
[2.763s] -- Installing: /home/yentung-yen/mcav/ESDA_onboarding/install/custom_interfaces/lib/libcustom_interfaces__rosidl_typesupport_introspection_c.so
[2.764s] -- Set runtime path of "/home/yentung-yen/mcav/ESDA_onboarding/install/custom_interfaces/lib/libcustom_interfaces__rosidl_typesupport_introspection_c.so" to ""
[2.764s] -- Installing: /home/yentung-yen/mcav/ESDA_onboarding/install/custom_interfaces/lib/libcustom_interfaces__rosidl_typesupport_c.so
[2.764s] -- Set runtime path of "/home/yentung-yen/mcav/ESDA_onboarding/install/custom_interfaces/lib/libcustom_interfaces__rosidl_typesupport_c.so" to ""
[2.764s] -- Up-to-date: /home/yentung-yen/mcav/ESDA_onboarding/install/custom_interfaces/include/custom_interfaces/custom_interfaces
[2.764s] -- Up-to-date: /home/yentung-yen/mcav/ESDA_onboarding/install/custom_interfaces/include/custom_interfaces/custom_interfaces/msg
[2.764s] -- Up-to-date: /home/yentung-yen/mcav/ESDA_onboarding/install/custom_interfaces/include/custom_interfaces/custom_interfaces/msg/detail
[2.764s] -- Installing: /home/yentung-yen/mcav/ESDA_onboarding/install/custom_interfaces/include/custom_interfaces/custom_interfaces/msg/detail/waypoint__builder.hpp
[2.764s] -- Installing: /home/yentung-yen/mcav/ESDA_onboarding/install/custom_interfaces/include/custom_interfaces/custom_interfaces/msg/detail/waypoint__traits.hpp
[2.764s] -- Installing: /home/yentung-yen/mcav/ESDA_onboarding/install/custom_interfaces/include/custom_interfaces/custom_interfaces/msg/detail/waypoint__struct.hpp
[2.764s] -- Installing: /home/yentung-yen/mcav/ESDA_onboarding/install/custom_interfaces/include/custom_interfaces/custom_interfaces/msg/waypoint.hpp
[2.764s] -- Up-to-date: /home/yentung-yen/mcav/ESDA_onboarding/install/custom_interfaces/include/custom_interfaces/custom_interfaces
[2.764s] -- Up-to-date: /home/yentung-yen/mcav/ESDA_onboarding/install/custom_interfaces/include/custom_interfaces/custom_interfaces/msg
[2.764s] -- Installing: /home/yentung-yen/mcav/ESDA_onboarding/install/custom_interfaces/include/custom_interfaces/custom_interfaces/msg/rosidl_typesupport_fastrtps_cpp__visibility_control.h
[2.764s] -- Up-to-date: /home/yentung-yen/mcav/ESDA_onboarding/install/custom_interfaces/include/custom_interfaces/custom_interfaces/msg/detail
[2.764s] -- Installing: /home/yentung-yen/mcav/ESDA_onboarding/install/custom_interfaces/include/custom_interfaces/custom_interfaces/msg/detail/waypoint__rosidl_typesupport_fastrtps_cpp.hpp
[2.764s] -- Installing: /home/yentung-yen/mcav/ESDA_onboarding/install/custom_interfaces/include/custom_interfaces/custom_interfaces/msg/detail/dds_fastrtps
[2.765s] -- Installing: /home/yentung-yen/mcav/ESDA_onboarding/install/custom_interfaces/lib/libcustom_interfaces__rosidl_typesupport_fastrtps_cpp.so
[2.765s] -- Set runtime path of "/home/yentung-yen/mcav/ESDA_onboarding/install/custom_interfaces/lib/libcustom_interfaces__rosidl_typesupport_fastrtps_cpp.so" to ""
[2.765s] -- Up-to-date: /home/yentung-yen/mcav/ESDA_onboarding/install/custom_interfaces/include/custom_interfaces/custom_interfaces
[2.765s] -- Up-to-date: /home/yentung-yen/mcav/ESDA_onboarding/install/custom_interfaces/include/custom_interfaces/custom_interfaces/msg
[2.765s] -- Up-to-date: /home/yentung-yen/mcav/ESDA_onboarding/install/custom_interfaces/include/custom_interfaces/custom_interfaces/msg/detail
[2.765s] -- Installing: /home/yentung-yen/mcav/ESDA_onboarding/install/custom_interfaces/include/custom_interfaces/custom_interfaces/msg/detail/waypoint__type_support.cpp
[2.765s] -- Installing: /home/yentung-yen/mcav/ESDA_onboarding/install/custom_interfaces/include/custom_interfaces/custom_interfaces/msg/detail/waypoint__rosidl_typesupport_introspection_cpp.hpp
[2.765s] -- Installing: /home/yentung-yen/mcav/ESDA_onboarding/install/custom_interfaces/lib/libcustom_interfaces__rosidl_typesupport_introspection_cpp.so
[2.765s] -- Set runtime path of "/home/yentung-yen/mcav/ESDA_onboarding/install/custom_interfaces/lib/libcustom_interfaces__rosidl_typesupport_introspection_cpp.so" to ""
[2.765s] -- Installing: /home/yentung-yen/mcav/ESDA_onboarding/install/custom_interfaces/lib/libcustom_interfaces__rosidl_typesupport_cpp.so
[2.765s] -- Set runtime path of "/home/yentung-yen/mcav/ESDA_onboarding/install/custom_interfaces/lib/libcustom_interfaces__rosidl_typesupport_cpp.so" to ""
[2.765s] -- Installing: /home/yentung-yen/mcav/ESDA_onboarding/install/custom_interfaces/share/custom_interfaces/environment/pythonpath.sh
[2.765s] -- Installing: /home/yentung-yen/mcav/ESDA_onboarding/install/custom_interfaces/share/custom_interfaces/environment/pythonpath.dsv
[2.765s] -- Installing: /home/yentung-yen/mcav/ESDA_onboarding/install/custom_interfaces/local/lib/python3.10/dist-packages/custom_interfaces-0.0.0-py3.10.egg-info
[2.765s] -- Installing: /home/yentung-yen/mcav/ESDA_onboarding/install/custom_interfaces/local/lib/python3.10/dist-packages/custom_interfaces-0.0.0-py3.10.egg-info/SOURCES.txt
[2.765s] -- Installing: /home/yentung-yen/mcav/ESDA_onboarding/install/custom_interfaces/local/lib/python3.10/dist-packages/custom_interfaces-0.0.0-py3.10.egg-info/top_level.txt
[2.765s] -- Installing: /home/yentung-yen/mcav/ESDA_onboarding/install/custom_interfaces/local/lib/python3.10/dist-packages/custom_interfaces-0.0.0-py3.10.egg-info/dependency_links.txt
[2.765s] -- Installing: /home/yentung-yen/mcav/ESDA_onboarding/install/custom_interfaces/local/lib/python3.10/dist-packages/custom_interfaces-0.0.0-py3.10.egg-info/PKG-INFO
[2.765s] -- Installing: /home/yentung-yen/mcav/ESDA_onboarding/install/custom_interfaces/local/lib/python3.10/dist-packages/custom_interfaces
[2.766s] -- Installing: /home/yentung-yen/mcav/ESDA_onboarding/install/custom_interfaces/local/lib/python3.10/dist-packages/custom_interfaces/__init__.py
[2.766s] -- Installing: /home/yentung-yen/mcav/ESDA_onboarding/install/custom_interfaces/local/lib/python3.10/dist-packages/custom_interfaces/libcustom_interfaces__rosidl_generator_py.so
[2.766s] -- Installing: /home/yentung-yen/mcav/ESDA_onboarding/install/custom_interfaces/local/lib/python3.10/dist-packages/custom_interfaces/custom_interfaces_s__rosidl_typesupport_introspection_c.cpython-310-x86_64-linux-gnu.so
[2.766s] -- Installing: /home/yentung-yen/mcav/ESDA_onboarding/install/custom_interfaces/local/lib/python3.10/dist-packages/custom_interfaces/custom_interfaces_s__rosidl_typesupport_fastrtps_c.cpython-310-x86_64-linux-gnu.so
[2.766s] -- Installing: /home/yentung-yen/mcav/ESDA_onboarding/install/custom_interfaces/local/lib/python3.10/dist-packages/custom_interfaces/msg
[2.766s] -- Installing: /home/yentung-yen/mcav/ESDA_onboarding/install/custom_interfaces/local/lib/python3.10/dist-packages/custom_interfaces/msg/__init__.py
[2.766s] -- Installing: /home/yentung-yen/mcav/ESDA_onboarding/install/custom_interfaces/local/lib/python3.10/dist-packages/custom_interfaces/msg/_waypoint_s.c
[2.766s] -- Installing: /home/yentung-yen/mcav/ESDA_onboarding/install/custom_interfaces/local/lib/python3.10/dist-packages/custom_interfaces/msg/_waypoint.py
[2.766s] -- Installing: /home/yentung-yen/mcav/ESDA_onboarding/install/custom_interfaces/local/lib/python3.10/dist-packages/custom_interfaces/_custom_interfaces_s.ep.rosidl_typesupport_fastrtps_c.c
[2.766s] -- Installing: /home/yentung-yen/mcav/ESDA_onboarding/install/custom_interfaces/local/lib/python3.10/dist-packages/custom_interfaces/_custom_interfaces_s.ep.rosidl_typesupport_introspection_c.c
[2.766s] -- Installing: /home/yentung-yen/mcav/ESDA_onboarding/install/custom_interfaces/local/lib/python3.10/dist-packages/custom_interfaces/_custom_interfaces_s.ep.rosidl_typesupport_c.c
[2.766s] -- Installing: /home/yentung-yen/mcav/ESDA_onboarding/install/custom_interfaces/local/lib/python3.10/dist-packages/custom_interfaces/custom_interfaces_s__rosidl_typesupport_c.cpython-310-x86_64-linux-gnu.so
[2.795s] Listing '/home/yentung-yen/mcav/ESDA_onboarding/install/custom_interfaces/local/lib/python3.10/dist-packages/custom_interfaces'...
[2.795s] Compiling '/home/yentung-yen/mcav/ESDA_onboarding/install/custom_interfaces/local/lib/python3.10/dist-packages/custom_interfaces/__init__.py'...
[2.795s] Listing '/home/yentung-yen/mcav/ESDA_onboarding/install/custom_interfaces/local/lib/python3.10/dist-packages/custom_interfaces/msg'...
[2.795s] Compiling '/home/yentung-yen/mcav/ESDA_onboarding/install/custom_interfaces/local/lib/python3.10/dist-packages/custom_interfaces/msg/__init__.py'...
[2.795s] Compiling '/home/yentung-yen/mcav/ESDA_onboarding/install/custom_interfaces/local/lib/python3.10/dist-packages/custom_interfaces/msg/_waypoint.py'...
[2.798s] -- Installing: /home/yentung-yen/mcav/ESDA_onboarding/install/custom_interfaces/local/lib/python3.10/dist-packages/custom_interfaces/custom_interfaces_s__rosidl_typesupport_fastrtps_c.cpython-310-x86_64-linux-gnu.so
[2.798s] -- Set runtime path of "/home/yentung-yen/mcav/ESDA_onboarding/install/custom_interfaces/local/lib/python3.10/dist-packages/custom_interfaces/custom_interfaces_s__rosidl_typesupport_fastrtps_c.cpython-310-x86_64-linux-gnu.so" to ""
[2.798s] -- Installing: /home/yentung-yen/mcav/ESDA_onboarding/install/custom_interfaces/local/lib/python3.10/dist-packages/custom_interfaces/custom_interfaces_s__rosidl_typesupport_introspection_c.cpython-310-x86_64-linux-gnu.so
[2.798s] -- Set runtime path of "/home/yentung-yen/mcav/ESDA_onboarding/install/custom_interfaces/local/lib/python3.10/dist-packages/custom_interfaces/custom_interfaces_s__rosidl_typesupport_introspection_c.cpython-310-x86_64-linux-gnu.so" to ""
[2.798s] -- Installing: /home/yentung-yen/mcav/ESDA_onboarding/install/custom_interfaces/local/lib/python3.10/dist-packages/custom_interfaces/custom_interfaces_s__rosidl_typesupport_c.cpython-310-x86_64-linux-gnu.so
[2.798s] -- Set runtime path of "/home/yentung-yen/mcav/ESDA_onboarding/install/custom_interfaces/local/lib/python3.10/dist-packages/custom_interfaces/custom_interfaces_s__rosidl_typesupport_c.cpython-310-x86_64-linux-gnu.so" to ""
[2.799s] -- Installing: /home/yentung-yen/mcav/ESDA_onboarding/install/custom_interfaces/lib/libcustom_interfaces__rosidl_generator_py.so
[2.799s] -- Set runtime path of "/home/yentung-yen/mcav/ESDA_onboarding/install/custom_interfaces/lib/libcustom_interfaces__rosidl_generator_py.so" to ""
[2.799s] -- Installing: /home/yentung-yen/mcav/ESDA_onboarding/install/custom_interfaces/share/custom_interfaces/msg/Waypoint.idl
[2.799s] -- Installing: /home/yentung-yen/mcav/ESDA_onboarding/install/custom_interfaces/share/custom_interfaces/msg/Waypoint.msg
[2.799s] -- Installing: /home/yentung-yen/mcav/ESDA_onboarding/install/custom_interfaces/share/ament_index/resource_index/package_run_dependencies/custom_interfaces
[2.799s] -- Installing: /home/yentung-yen/mcav/ESDA_onboarding/install/custom_interfaces/share/ament_index/resource_index/parent_prefix_path/custom_interfaces
[2.799s] -- Installing: /home/yentung-yen/mcav/ESDA_onboarding/install/custom_interfaces/share/custom_interfaces/environment/ament_prefix_path.sh
[2.799s] -- Installing: /home/yentung-yen/mcav/ESDA_onboarding/install/custom_interfaces/share/custom_interfaces/environment/ament_prefix_path.dsv
[2.799s] -- Installing: /home/yentung-yen/mcav/ESDA_onboarding/install/custom_interfaces/share/custom_interfaces/environment/path.sh
[2.799s] -- Installing: /home/yentung-yen/mcav/ESDA_onboarding/install/custom_interfaces/share/custom_interfaces/environment/path.dsv
[2.799s] -- Installing: /home/yentung-yen/mcav/ESDA_onboarding/install/custom_interfaces/share/custom_interfaces/local_setup.bash
[2.799s] -- Installing: /home/yentung-yen/mcav/ESDA_onboarding/install/custom_interfaces/share/custom_interfaces/local_setup.sh
[2.799s] -- Installing: /home/yentung-yen/mcav/ESDA_onboarding/install/custom_interfaces/share/custom_interfaces/local_setup.zsh
[2.799s] -- Installing: /home/yentung-yen/mcav/ESDA_onboarding/install/custom_interfaces/share/custom_interfaces/local_setup.dsv
[2.799s] -- Installing: /home/yentung-yen/mcav/ESDA_onboarding/install/custom_interfaces/share/custom_interfaces/package.dsv
[2.799s] -- Installing: /home/yentung-yen/mcav/ESDA_onboarding/install/custom_interfaces/share/ament_index/resource_index/packages/custom_interfaces
[2.800s] -- Installing: /home/yentung-yen/mcav/ESDA_onboarding/install/custom_interfaces/share/custom_interfaces/cmake/export_custom_interfaces__rosidl_generator_cExport.cmake
[2.800s] -- Installing: /home/yentung-yen/mcav/ESDA_onboarding/install/custom_interfaces/share/custom_interfaces/cmake/export_custom_interfaces__rosidl_generator_cExport-noconfig.cmake
[2.800s] -- Installing: /home/yentung-yen/mcav/ESDA_onboarding/install/custom_interfaces/share/custom_interfaces/cmake/export_custom_interfaces__rosidl_typesupport_fastrtps_cExport.cmake
[2.800s] -- Installing: /home/yentung-yen/mcav/ESDA_onboarding/install/custom_interfaces/share/custom_interfaces/cmake/export_custom_interfaces__rosidl_typesupport_fastrtps_cExport-noconfig.cmake
[2.800s] -- Installing: /home/yentung-yen/mcav/ESDA_onboarding/install/custom_interfaces/share/custom_interfaces/cmake/custom_interfaces__rosidl_typesupport_introspection_cExport.cmake
[2.800s] -- Installing: /home/yentung-yen/mcav/ESDA_onboarding/install/custom_interfaces/share/custom_interfaces/cmake/custom_interfaces__rosidl_typesupport_introspection_cExport-noconfig.cmake
[2.800s] -- Installing: /home/yentung-yen/mcav/ESDA_onboarding/install/custom_interfaces/share/custom_interfaces/cmake/custom_interfaces__rosidl_typesupport_cExport.cmake
[2.800s] -- Installing: /home/yentung-yen/mcav/ESDA_onboarding/install/custom_interfaces/share/custom_interfaces/cmake/custom_interfaces__rosidl_typesupport_cExport-noconfig.cmake
[2.800s] -- Installing: /home/yentung-yen/mcav/ESDA_onboarding/install/custom_interfaces/share/custom_interfaces/cmake/export_custom_interfaces__rosidl_generator_cppExport.cmake
[2.800s] -- Installing: /home/yentung-yen/mcav/ESDA_onboarding/install/custom_interfaces/share/custom_interfaces/cmake/export_custom_interfaces__rosidl_typesupport_fastrtps_cppExport.cmake
[2.800s] -- Installing: /home/yentung-yen/mcav/ESDA_onboarding/install/custom_interfaces/share/custom_interfaces/cmake/export_custom_interfaces__rosidl_typesupport_fastrtps_cppExport-noconfig.cmake
[2.800s] -- Installing: /home/yentung-yen/mcav/ESDA_onboarding/install/custom_interfaces/share/custom_interfaces/cmake/custom_interfaces__rosidl_typesupport_introspection_cppExport.cmake
[2.800s] -- Installing: /home/yentung-yen/mcav/ESDA_onboarding/install/custom_interfaces/share/custom_interfaces/cmake/custom_interfaces__rosidl_typesupport_introspection_cppExport-noconfig.cmake
[2.801s] -- Installing: /home/yentung-yen/mcav/ESDA_onboarding/install/custom_interfaces/share/custom_interfaces/cmake/custom_interfaces__rosidl_typesupport_cppExport.cmake
[2.801s] -- Installing: /home/yentung-yen/mcav/ESDA_onboarding/install/custom_interfaces/share/custom_interfaces/cmake/custom_interfaces__rosidl_typesupport_cppExport-noconfig.cmake
[2.801s] -- Installing: /home/yentung-yen/mcav/ESDA_onboarding/install/custom_interfaces/share/custom_interfaces/cmake/export_custom_interfaces__rosidl_generator_pyExport.cmake
[2.801s] -- Installing: /home/yentung-yen/mcav/ESDA_onboarding/install/custom_interfaces/share/custom_interfaces/cmake/export_custom_interfaces__rosidl_generator_pyExport-noconfig.cmake
[2.801s] -- Installing: /home/yentung-yen/mcav/ESDA_onboarding/install/custom_interfaces/share/custom_interfaces/cmake/rosidl_cmake-extras.cmake
[2.801s] -- Installing: /home/yentung-yen/mcav/ESDA_onboarding/install/custom_interfaces/share/custom_interfaces/cmake/ament_cmake_export_include_directories-extras.cmake
[2.801s] -- Installing: /home/yentung-yen/mcav/ESDA_onboarding/install/custom_interfaces/share/custom_interfaces/cmake/ament_cmake_export_libraries-extras.cmake
[2.801s] -- Installing: /home/yentung-yen/mcav/ESDA_onboarding/install/custom_interfaces/share/custom_interfaces/cmake/ament_cmake_export_targets-extras.cmake
[2.801s] -- Installing: /home/yentung-yen/mcav/ESDA_onboarding/install/custom_interfaces/share/custom_interfaces/cmake/rosidl_cmake_export_typesupport_targets-extras.cmake
[2.801s] -- Installing: /home/yentung-yen/mcav/ESDA_onboarding/install/custom_interfaces/share/custom_interfaces/cmake/ament_cmake_export_dependencies-extras.cmake
[2.801s] -- Installing: /home/yentung-yen/mcav/ESDA_onboarding/install/custom_interfaces/share/custom_interfaces/cmake/rosidl_cmake_export_typesupport_libraries-extras.cmake
[2.801s] -- Installing: /home/yentung-yen/mcav/ESDA_onboarding/install/custom_interfaces/share/custom_interfaces/cmake/custom_interfacesConfig.cmake
[2.801s] -- Installing: /home/yentung-yen/mcav/ESDA_onboarding/install/custom_interfaces/share/custom_interfaces/cmake/custom_interfacesConfig-version.cmake
[2.801s] -- Installing: /home/yentung-yen/mcav/ESDA_onboarding/install/custom_interfaces/share/custom_interfaces/package.xml
[2.803s] Invoked command in '/home/yentung-yen/mcav/ESDA_onboarding/build/custom_interfaces' returned '0': CMAKE_PREFIX_PATH=/opt/ros/humble /usr/bin/cmake --install /home/yentung-yen/mcav/ESDA_onboarding/build/custom_interfaces
