[0.016s] Invoking command in '/home/yentung-yen/mcav/ESDA_onboarding/build/articubot_one': CMAKE_PREFIX_PATH=/opt/ros/humble /usr/bin/cmake /home/yentung-yen/mcav/ESDA_onboarding/articubot_one -DCMAKE_INSTALL_PREFIX=/home/yentung-yen/mcav/ESDA_onboarding/install/articubot_one
[0.213s] -- The C compiler identification is GNU 11.4.0
[0.337s] -- The CXX compiler identification is GNU 11.4.0
[0.346s] -- Detecting C compiler ABI info
[0.392s] -- Detecting C compiler ABI info - done
[0.397s] -- Check for working C compiler: /usr/bin/cc - skipped
[0.397s] -- Detecting C compile features
[0.398s] -- Detecting C compile features - done
[0.402s] -- Detecting CXX compiler ABI info
[0.460s] -- Detecting CXX compiler ABI info - done
[0.466s] -- Check for working CXX compiler: /usr/bin/c++ - skipped
[0.467s] -- Detecting CXX compile features
[0.467s] -- Detecting CXX compile features - done
[0.472s] -- Found ament_cmake: 1.3.5 (/opt/ros/humble/share/ament_cmake/cmake)
[0.599s] -- Found Python3: /usr/bin/python3.10 (found version "3.10.12") found components: Interpreter 
[0.678s] -- Found ament_lint_auto: 0.12.7 (/opt/ros/humble/share/ament_lint_auto/cmake)
[0.745s] -- Added test 'copyright' to check source files copyright and LICENSE
[0.748s] -- Added test 'flake8' to check Python code syntax and style conventions
[0.749s] -- Added test 'lint_cmake' to check CMake code style
[0.749s] -- Added test 'pep257' to check Python code against some of the docstring style conventions in PEP 257
[0.751s] -- Added test 'xmllint' to check XML markup files
[0.752s] -- Configuring done
[0.754s] -- Generating done
[0.755s] -- Build files have been written to: /home/yentung-yen/mcav/ESDA_onboarding/build/articubot_one
[0.757s] Invoked command in '/home/yentung-yen/mcav/ESDA_onboarding/build/articubot_one' returned '0': CMAKE_PREFIX_PATH=/opt/ros/humble /usr/bin/cmake /home/yentung-yen/mcav/ESDA_onboarding/articubot_one -DCMAKE_INSTALL_PREFIX=/home/yentung-yen/mcav/ESDA_onboarding/install/articubot_one
[0.759s] Invoking command in '/home/yentung-yen/mcav/ESDA_onboarding/build/articubot_one': CMAKE_PREFIX_PATH=/opt/ros/humble /usr/bin/cmake --build /home/yentung-yen/mcav/ESDA_onboarding/build/articubot_one -- -j16 -l16
[0.786s] Invoked command in '/home/yentung-yen/mcav/ESDA_onboarding/build/articubot_one' returned '0': CMAKE_PREFIX_PATH=/opt/ros/humble /usr/bin/cmake --build /home/yentung-yen/mcav/ESDA_onboarding/build/articubot_one -- -j16 -l16
[0.804s] Invoking command in '/home/yentung-yen/mcav/ESDA_onboarding/build/articubot_one': CMAKE_PREFIX_PATH=/opt/ros/humble /usr/bin/cmake --install /home/yentung-yen/mcav/ESDA_onboarding/build/articubot_one
[0.810s] -- Install configuration: ""
[0.810s] -- Installing: /home/yentung-yen/mcav/ESDA_onboarding/install/articubot_one/share/articubot_one/config
[0.810s] -- Installing: /home/yentung-yen/mcav/ESDA_onboarding/install/articubot_one/share/articubot_one/config/view_bot.rviz
[0.810s] -- Installing: /home/yentung-yen/mcav/ESDA_onboarding/install/articubot_one/share/articubot_one/config/drive_bot.rviz
[0.810s] -- Installing: /home/yentung-yen/mcav/ESDA_onboarding/install/articubot_one/share/articubot_one/config/empty.yaml
[0.810s] -- Installing: /home/yentung-yen/mcav/ESDA_onboarding/install/articubot_one/share/articubot_one/description
[0.810s] -- Installing: /home/yentung-yen/mcav/ESDA_onboarding/install/articubot_one/share/articubot_one/description/lidar.xacro
[0.811s] -- Installing: /home/yentung-yen/mcav/ESDA_onboarding/install/articubot_one/share/articubot_one/description/robot.urdf.xacro
[0.811s] -- Installing: /home/yentung-yen/mcav/ESDA_onboarding/install/articubot_one/share/articubot_one/description/gazebo_control.xacro
[0.811s] -- Installing: /home/yentung-yen/mcav/ESDA_onboarding/install/articubot_one/share/articubot_one/description/intertial_macros.xacro
[0.811s] -- Installing: /home/yentung-yen/mcav/ESDA_onboarding/install/articubot_one/share/articubot_one/description/inertial_macros.xacro
[0.811s] -- Installing: /home/yentung-yen/mcav/ESDA_onboarding/install/articubot_one/share/articubot_one/description/robot_core.xacro
[0.811s] -- Installing: /home/yentung-yen/mcav/ESDA_onboarding/install/articubot_one/share/articubot_one/launch
[0.811s] -- Installing: /home/yentung-yen/mcav/ESDA_onboarding/install/articubot_one/share/articubot_one/launch/rsp.launch.py
[0.811s] -- Installing: /home/yentung-yen/mcav/ESDA_onboarding/install/articubot_one/share/articubot_one/launch/launch_sim.launch.py
[0.811s] -- Installing: /home/yentung-yen/mcav/ESDA_onboarding/install/articubot_one/share/articubot_one/worlds
[0.811s] -- Installing: /home/yentung-yen/mcav/ESDA_onboarding/install/articubot_one/share/articubot_one/worlds/empty.world
[0.811s] -- Installing: /home/yentung-yen/mcav/ESDA_onboarding/install/articubot_one/share/articubot_one/worlds/obstacles2.world
[0.812s] -- Installing: /home/yentung-yen/mcav/ESDA_onboarding/install/articubot_one/share/articubot_one/worlds/obstacles.world
[0.812s] -- Installing: /home/yentung-yen/mcav/ESDA_onboarding/install/articubot_one/share/ament_index/resource_index/package_run_dependencies/articubot_one
[0.812s] -- Installing: /home/yentung-yen/mcav/ESDA_onboarding/install/articubot_one/share/ament_index/resource_index/parent_prefix_path/articubot_one
[0.812s] -- Installing: /home/yentung-yen/mcav/ESDA_onboarding/install/articubot_one/share/articubot_one/environment/ament_prefix_path.sh
[0.812s] -- Installing: /home/yentung-yen/mcav/ESDA_onboarding/install/articubot_one/share/articubot_one/environment/ament_prefix_path.dsv
[0.812s] -- Installing: /home/yentung-yen/mcav/ESDA_onboarding/install/articubot_one/share/articubot_one/environment/path.sh
[0.812s] -- Installing: /home/yentung-yen/mcav/ESDA_onboarding/install/articubot_one/share/articubot_one/environment/path.dsv
[0.812s] -- Installing: /home/yentung-yen/mcav/ESDA_onboarding/install/articubot_one/share/articubot_one/local_setup.bash
[0.812s] -- Installing: /home/yentung-yen/mcav/ESDA_onboarding/install/articubot_one/share/articubot_one/local_setup.sh
[0.812s] -- Installing: /home/yentung-yen/mcav/ESDA_onboarding/install/articubot_one/share/articubot_one/local_setup.zsh
[0.812s] -- Installing: /home/yentung-yen/mcav/ESDA_onboarding/install/articubot_one/share/articubot_one/local_setup.dsv
[0.812s] -- Installing: /home/yentung-yen/mcav/ESDA_onboarding/install/articubot_one/share/articubot_one/package.dsv
[0.812s] -- Installing: /home/yentung-yen/mcav/ESDA_onboarding/install/articubot_one/share/ament_index/resource_index/packages/articubot_one
[0.812s] -- Installing: /home/yentung-yen/mcav/ESDA_onboarding/install/articubot_one/share/articubot_one/cmake/articubot_oneConfig.cmake
[0.812s] -- Installing: /home/yentung-yen/mcav/ESDA_onboarding/install/articubot_one/share/articubot_one/cmake/articubot_oneConfig-version.cmake
[0.812s] -- Installing: /home/yentung-yen/mcav/ESDA_onboarding/install/articubot_one/share/articubot_one/package.xml
[0.815s] Invoked command in '/home/yentung-yen/mcav/ESDA_onboarding/build/articubot_one' returned '0': CMAKE_PREFIX_PATH=/opt/ros/humble /usr/bin/cmake --install /home/yentung-yen/mcav/ESDA_onboarding/build/articubot_one
