[0.778s] Invoking command in '/home/klo40/ESDA_onboarding/onboarding_task1': PYTHONPATH=/home/klo40/ESDA_onboarding/build/onboarding_task1/prefix_override:/home/klo40/ESDA_onboarding/install/onboarding_task1/lib/python3.10/site-packages:${PYTHONPATH} /usr/bin/python3 setup.py egg_info --egg-base ../build/onboarding_task1 build --build-base /home/klo40/ESDA_onboarding/build/onboarding_task1/build install --record /home/klo40/ESDA_onboarding/build/onboarding_task1/install.log --single-version-externally-managed
[0.997s] running egg_info
[0.998s] writing ../build/onboarding_task1/onboarding_task1.egg-info/PKG-INFO
[1.009s] writing dependency_links to ../build/onboarding_task1/onboarding_task1.egg-info/dependency_links.txt
[1.009s] writing entry points to ../build/onboarding_task1/onboarding_task1.egg-info/entry_points.txt
[1.009s] writing requirements to ../build/onboarding_task1/onboarding_task1.egg-info/requires.txt
[1.009s] writing top-level names to ../build/onboarding_task1/onboarding_task1.egg-info/top_level.txt
[1.012s] reading manifest file '../build/onboarding_task1/onboarding_task1.egg-info/SOURCES.txt'
[1.012s] writing manifest file '../build/onboarding_task1/onboarding_task1.egg-info/SOURCES.txt'
[1.012s] running build
[1.012s] running build_py
[1.012s] copying onboarding_task1/controlwaypoint.py -> /home/klo40/ESDA_onboarding/build/onboarding_task1/build/lib/onboarding_task1
[1.012s] /usr/lib/python3/dist-packages/setuptools/command/install.py:34: SetuptoolsDeprecationWarning: setup.py install is deprecated. Use build and pip and other standards-based tools.
[1.012s]   warnings.warn(
[1.013s] running install
[1.013s] running install_lib
[1.015s] copying /home/klo40/ESDA_onboarding/build/onboarding_task1/build/lib/onboarding_task1/controlwaypoint.py -> /home/klo40/ESDA_onboarding/install/onboarding_task1/lib/python3.10/site-packages/onboarding_task1
[1.016s] Sorry: TabError: inconsistent use of tabs and spaces in indentation (controlwaypoint.py, line 53)
[1.027s] byte-compiling /home/klo40/ESDA_onboarding/install/onboarding_task1/lib/python3.10/site-packages/onboarding_task1/controlwaypoint.py to controlwaypoint.cpython-310.pyc
[1.033s] running install_data
[1.033s] running install_egg_info
[1.033s] removing '/home/klo40/ESDA_onboarding/install/onboarding_task1/lib/python3.10/site-packages/onboarding_task1-0.0.0-py3.10.egg-info' (and everything under it)
[1.033s] Copying ../build/onboarding_task1/onboarding_task1.egg-info to /home/klo40/ESDA_onboarding/install/onboarding_task1/lib/python3.10/site-packages/onboarding_task1-0.0.0-py3.10.egg-info
[1.033s] running install_scripts
[1.037s] Installing control_publisher script to /home/klo40/ESDA_onboarding/install/onboarding_task1/lib/onboarding_task1
[1.039s] Installing controlwaypoint script to /home/klo40/ESDA_onboarding/install/onboarding_task1/lib/onboarding_task1
[1.040s] Installing laser_to_grid script to /home/klo40/ESDA_onboarding/install/onboarding_task1/lib/onboarding_task1
[1.040s] Installing laserscan script to /home/klo40/ESDA_onboarding/install/onboarding_task1/lib/onboarding_task1
[1.040s] Installing trial script to /home/klo40/ESDA_onboarding/install/onboarding_task1/lib/onboarding_task1
[1.040s] writing list of installed files to '/home/klo40/ESDA_onboarding/build/onboarding_task1/install.log'
[1.101s] Invoked command in '/home/klo40/ESDA_onboarding/onboarding_task1' returned '0': PYTHONPATH=/home/klo40/ESDA_onboarding/build/onboarding_task1/prefix_override:/home/klo40/ESDA_onboarding/install/onboarding_task1/lib/python3.10/site-packages:${PYTHONPATH} /usr/bin/python3 setup.py egg_info --egg-base ../build/onboarding_task1 build --build-base /home/klo40/ESDA_onboarding/build/onboarding_task1/build install --record /home/klo40/ESDA_onboarding/build/onboarding_task1/install.log --single-version-externally-managed
