[0.024s] Invoking command in '/home/klo40/ESDA_onboarding/build/custom_interfaces': CMAKE_PREFIX_PATH=/opt/ros/humble /usr/bin/cmake /home/klo40/ESDA_onboarding/custom_interfaces -DCMAKE_INSTALL_PREFIX=/home/klo40/ESDA_onboarding/install/custom_interfaces
[0.349s] -- The C compiler identification is GNU 11.4.0
[1.271s] -- The CXX compiler identification is GNU 11.4.0
[1.896s] -- Detecting C compiler ABI info
[2.096s] -- Detecting C compiler ABI info - done
[2.106s] -- Check for working C compiler: /usr/bin/cc - skipped
[2.107s] -- Detecting C compile features
[2.108s] -- Detecting C compile features - done
[2.112s] -- Detecting CXX compiler ABI info
[2.338s] -- Detecting CXX compiler ABI info - done
[2.345s] -- Check for working CXX compiler: /usr/bin/c++ - skipped
[2.345s] -- Detecting CXX compile features
[2.346s] -- Detecting CXX compile features - done
[2.354s] -- Found ament_cmake: 1.3.5 (/opt/ros/humble/share/ament_cmake/cmake)
[2.537s] -- Found Python3: /usr/bin/python3.10 (found version "3.10.12") found components: Interpreter 
[2.667s] -- Found rosidl_default_generators: 1.2.0 (/opt/ros/humble/share/rosidl_default_generators/cmake)
[2.673s] -- Using all available rosidl_typesupport_c: rosidl_typesupport_fastrtps_c;rosidl_typesupport_introspection_c
[2.685s] -- Found rosidl_adapter: 3.1.5 (/opt/ros/humble/share/rosidl_adapter/cmake)
[3.084s] -- Using all available rosidl_typesupport_cpp: rosidl_typesupport_fastrtps_cpp;rosidl_typesupport_introspection_cpp
[3.400s] -- Found ament_cmake_ros: 0.10.0 (/opt/ros/humble/share/ament_cmake_ros/cmake)
[3.584s] -- Using all available rosidl_typesupport_c: rosidl_typesupport_fastrtps_c;rosidl_typesupport_introspection_c
[3.817s] -- Using all available rosidl_typesupport_cpp: rosidl_typesupport_fastrtps_cpp;rosidl_typesupport_introspection_cpp
[4.211s] -- Found PythonInterp: /usr/bin/python3 (found suitable version "3.10.12", minimum required is "3.6") 
[4.215s] -- Found python_cmake_module: 0.10.0 (/opt/ros/humble/share/python_cmake_module/cmake)
[5.566s] -- Found PythonLibs: /usr/lib/x86_64-linux-gnu/libpython3.10.so (found suitable version "3.10.12", minimum required is "3.5") 
[5.566s] -- Using PYTHON_EXECUTABLE: /usr/bin/python3
[5.566s] -- Using PYTHON_INCLUDE_DIRS: /usr/include/python3.10
[5.566s] -- Using PYTHON_LIBRARIES: /usr/lib/x86_64-linux-gnu/libpython3.10.so
[5.591s] -- Found PythonExtra: .so  
[5.801s] -- Found ament_lint_auto: 0.12.7 (/opt/ros/humble/share/ament_lint_auto/cmake)
[5.836s] -- Added test 'lint_cmake' to check CMake code style
[5.837s] -- Added test 'xmllint' to check XML markup files
[5.842s] -- Configuring done
[5.897s] -- Generating done
[5.899s] -- Build files have been written to: /home/klo40/ESDA_onboarding/build/custom_interfaces
[5.906s] Invoked command in '/home/klo40/ESDA_onboarding/build/custom_interfaces' returned '0': CMAKE_PREFIX_PATH=/opt/ros/humble /usr/bin/cmake /home/klo40/ESDA_onboarding/custom_interfaces -DCMAKE_INSTALL_PREFIX=/home/klo40/ESDA_onboarding/install/custom_interfaces
[5.908s] Invoking command in '/home/klo40/ESDA_onboarding/build/custom_interfaces': CMAKE_PREFIX_PATH=/opt/ros/humble /usr/bin/cmake --build /home/klo40/ESDA_onboarding/build/custom_interfaces -- -j8 -l8
[5.953s] [  3%] [34m[1mGenerating C code for ROS interfaces[0m
[5.964s] [  6%] [34m[1mGenerating C++ code for ROS interfaces[0m
[5.997s] [  6%] Built target ament_cmake_python_copy_custom_interfaces
[6.399s] running egg_info
[6.401s] creating custom_interfaces.egg-info
[6.401s] writing custom_interfaces.egg-info/PKG-INFO
[6.401s] writing dependency_links to custom_interfaces.egg-info/dependency_links.txt
[6.401s] writing top-level names to custom_interfaces.egg-info/top_level.txt
[6.402s] writing manifest file 'custom_interfaces.egg-info/SOURCES.txt'
[6.405s] reading manifest file 'custom_interfaces.egg-info/SOURCES.txt'
[6.408s] writing manifest file 'custom_interfaces.egg-info/SOURCES.txt'
[6.438s] [  9%] [32mBuilding C object CMakeFiles/custom_interfaces__rosidl_generator_c.dir/rosidl_generator_c/custom_interfaces/msg/detail/waypoint__functions.c.o[0m
[6.439s] [  9%] Built target custom_interfaces__cpp
[6.449s] [ 19%] [34m[1mGenerating C++ introspection for ROS interfaces[0m
[6.449s] [ 19%] [34m[1mGenerating C++ type support for eProsima Fast-RTPS[0m
[6.449s] [ 19%] [34m[1mGenerating C++ type support dispatch for ROS interfaces[0m
[6.471s] [ 19%] Built target ament_cmake_python_build_custom_interfaces_egg
[6.559s] [ 22%] [32m[1mLinking C shared library libcustom_interfaces__rosidl_generator_c.so[0m
[6.870s] [ 25%] [32mBuilding CXX object CMakeFiles/custom_interfaces__rosidl_typesupport_cpp.dir/rosidl_typesupport_cpp/custom_interfaces/msg/waypoint__type_support.cpp.o[0m
[6.918s] [ 25%] Built target custom_interfaces__rosidl_generator_c
[6.933s] [ 29%] [34m[1mGenerating C introspection for ROS interfaces[0m
[6.934s] [ 32%] [34m[1mGenerating C type support for eProsima Fast-RTPS[0m
[6.936s] [ 35%] [34m[1mGenerating C type support dispatch for ROS interfaces[0m
[6.938s] [ 38%] [32mBuilding CXX object CMakeFiles/custom_interfaces__rosidl_typesupport_introspection_cpp.dir/rosidl_typesupport_introspection_cpp/custom_interfaces/msg/detail/waypoint__type_support.cpp.o[0m
[6.940s] [ 41%] [32mBuilding CXX object CMakeFiles/custom_interfaces__rosidl_typesupport_fastrtps_cpp.dir/rosidl_typesupport_fastrtps_cpp/custom_interfaces/msg/detail/dds_fastrtps/waypoint__type_support.cpp.o[0m
[7.342s] [ 45%] [32mBuilding CXX object CMakeFiles/custom_interfaces__rosidl_typesupport_c.dir/rosidl_typesupport_c/custom_interfaces/msg/waypoint__type_support.cpp.o[0m
[7.396s] [ 51%] [32m[1mLinking CXX shared library libcustom_interfaces__rosidl_typesupport_c.so[0m
[7.396s] [ 51%] [32mBuilding CXX object CMakeFiles/custom_interfaces__rosidl_typesupport_fastrtps_c.dir/rosidl_typesupport_fastrtps_c/custom_interfaces/msg/detail/waypoint__type_support_c.cpp.o[0m
[7.419s] [ 54%] [32mBuilding C object CMakeFiles/custom_interfaces__rosidl_typesupport_introspection_c.dir/rosidl_typesupport_introspection_c/custom_interfaces/msg/detail/waypoint__type_support.c.o[0m
[7.509s] [ 58%] [32m[1mLinking C shared library libcustom_interfaces__rosidl_typesupport_introspection_c.so[0m
[7.509s] [ 61%] [32m[1mLinking CXX shared library libcustom_interfaces__rosidl_typesupport_cpp.so[0m
[7.840s] [ 64%] [32m[1mLinking CXX shared library libcustom_interfaces__rosidl_typesupport_introspection_cpp.so[0m
[7.874s] [ 67%] [32m[1mLinking CXX shared library libcustom_interfaces__rosidl_typesupport_fastrtps_cpp.so[0m
[7.892s] [ 67%] Built target custom_interfaces__rosidl_typesupport_introspection_c
[7.922s] [ 67%] Built target custom_interfaces__rosidl_typesupport_cpp
[7.935s] [ 67%] Built target custom_interfaces__rosidl_typesupport_c
[8.150s] [ 67%] Built target custom_interfaces__rosidl_typesupport_introspection_cpp
[8.280s] [ 70%] [32m[1mLinking CXX shared library libcustom_interfaces__rosidl_typesupport_fastrtps_c.so[0m
[8.316s] [ 70%] Built target custom_interfaces__rosidl_typesupport_fastrtps_cpp
[8.707s] [ 70%] Built target custom_interfaces__rosidl_typesupport_fastrtps_c
[8.732s] [ 70%] Built target custom_interfaces
[8.751s] [ 74%] [34m[1mGenerating Python code for ROS interfaces[0m
[9.212s] [ 74%] Built target custom_interfaces__py
[9.242s] [ 77%] [32mBuilding C object CMakeFiles/custom_interfaces__rosidl_generator_py.dir/rosidl_generator_py/custom_interfaces/msg/_waypoint_s.c.o[0m
[9.482s] [ 80%] [32m[1mLinking C shared library rosidl_generator_py/custom_interfaces/libcustom_interfaces__rosidl_generator_py.so[0m
[9.834s] [ 80%] Built target custom_interfaces__rosidl_generator_py
[9.855s] [ 87%] [32mBuilding C object CMakeFiles/custom_interfaces__rosidl_typesupport_fastrtps_c__pyext.dir/rosidl_generator_py/custom_interfaces/_custom_interfaces_s.ep.rosidl_typesupport_fastrtps_c.c.o[0m
[9.855s] [ 87%] [32mBuilding C object CMakeFiles/custom_interfaces__rosidl_typesupport_c__pyext.dir/rosidl_generator_py/custom_interfaces/_custom_interfaces_s.ep.rosidl_typesupport_c.c.o[0m
[9.856s] [ 90%] [32mBuilding C object CMakeFiles/custom_interfaces__rosidl_typesupport_introspection_c__pyext.dir/rosidl_generator_py/custom_interfaces/_custom_interfaces_s.ep.rosidl_typesupport_introspection_c.c.o[0m
[9.949s] [ 93%] [32m[1mLinking C shared library rosidl_generator_py/custom_interfaces/custom_interfaces_s__rosidl_typesupport_c.cpython-310-x86_64-linux-gnu.so[0m
[9.954s] [100%] [32m[1mLinking C shared library rosidl_generator_py/custom_interfaces/custom_interfaces_s__rosidl_typesupport_fastrtps_c.cpython-310-x86_64-linux-gnu.so[0m
[9.954s] [100%] [32m[1mLinking C shared library rosidl_generator_py/custom_interfaces/custom_interfaces_s__rosidl_typesupport_introspection_c.cpython-310-x86_64-linux-gnu.so[0m
[10.147s] [100%] Built target custom_interfaces__rosidl_typesupport_fastrtps_c__pyext
[10.148s] [100%] Built target custom_interfaces__rosidl_typesupport_introspection_c__pyext
[10.148s] [100%] Built target custom_interfaces__rosidl_typesupport_c__pyext
[10.159s] Invoked command in '/home/klo40/ESDA_onboarding/build/custom_interfaces' returned '0': CMAKE_PREFIX_PATH=/opt/ros/humble /usr/bin/cmake --build /home/klo40/ESDA_onboarding/build/custom_interfaces -- -j8 -l8
[10.212s] Invoking command in '/home/klo40/ESDA_onboarding/build/custom_interfaces': CMAKE_PREFIX_PATH=/opt/ros/humble /usr/bin/cmake --install /home/klo40/ESDA_onboarding/build/custom_interfaces
[10.219s] -- Install configuration: ""
[10.219s] -- Installing: /home/klo40/ESDA_onboarding/install/custom_interfaces/share/ament_index/resource_index/rosidl_interfaces/custom_interfaces
[10.219s] -- Installing: /home/klo40/ESDA_onboarding/install/custom_interfaces/include/custom_interfaces/custom_interfaces
[10.219s] -- Installing: /home/klo40/ESDA_onboarding/install/custom_interfaces/include/custom_interfaces/custom_interfaces/msg
[10.220s] -- Installing: /home/klo40/ESDA_onboarding/install/custom_interfaces/include/custom_interfaces/custom_interfaces/msg/rosidl_generator_c__visibility_control.h
[10.220s] -- Installing: /home/klo40/ESDA_onboarding/install/custom_interfaces/include/custom_interfaces/custom_interfaces/msg/detail
[10.220s] -- Installing: /home/klo40/ESDA_onboarding/install/custom_interfaces/include/custom_interfaces/custom_interfaces/msg/detail/waypoint__type_support.h
[10.220s] -- Installing: /home/klo40/ESDA_onboarding/install/custom_interfaces/include/custom_interfaces/custom_interfaces/msg/detail/waypoint__functions.h
[10.220s] -- Installing: /home/klo40/ESDA_onboarding/install/custom_interfaces/include/custom_interfaces/custom_interfaces/msg/detail/waypoint__struct.h
[10.220s] -- Installing: /home/klo40/ESDA_onboarding/install/custom_interfaces/include/custom_interfaces/custom_interfaces/msg/detail/waypoint__functions.c
[10.220s] -- Installing: /home/klo40/ESDA_onboarding/install/custom_interfaces/include/custom_interfaces/custom_interfaces/msg/waypoint.h
[10.220s] -- Installing: /home/klo40/ESDA_onboarding/install/custom_interfaces/share/custom_interfaces/environment/library_path.sh
[10.220s] -- Installing: /home/klo40/ESDA_onboarding/install/custom_interfaces/share/custom_interfaces/environment/library_path.dsv
[10.220s] -- Installing: /home/klo40/ESDA_onboarding/install/custom_interfaces/lib/libcustom_interfaces__rosidl_generator_c.so
[10.221s] -- Set runtime path of "/home/klo40/ESDA_onboarding/install/custom_interfaces/lib/libcustom_interfaces__rosidl_generator_c.so" to ""
[10.221s] -- Up-to-date: /home/klo40/ESDA_onboarding/install/custom_interfaces/include/custom_interfaces/custom_interfaces
[10.221s] -- Up-to-date: /home/klo40/ESDA_onboarding/install/custom_interfaces/include/custom_interfaces/custom_interfaces/msg
[10.221s] -- Installing: /home/klo40/ESDA_onboarding/install/custom_interfaces/include/custom_interfaces/custom_interfaces/msg/rosidl_typesupport_fastrtps_c__visibility_control.h
[10.221s] -- Up-to-date: /home/klo40/ESDA_onboarding/install/custom_interfaces/include/custom_interfaces/custom_interfaces/msg/detail
[10.221s] -- Installing: /home/klo40/ESDA_onboarding/install/custom_interfaces/include/custom_interfaces/custom_interfaces/msg/detail/waypoint__rosidl_typesupport_fastrtps_c.h
[10.221s] -- Installing: /home/klo40/ESDA_onboarding/install/custom_interfaces/lib/libcustom_interfaces__rosidl_typesupport_fastrtps_c.so
[10.222s] -- Set runtime path of "/home/klo40/ESDA_onboarding/install/custom_interfaces/lib/libcustom_interfaces__rosidl_typesupport_fastrtps_c.so" to ""
[10.222s] -- Up-to-date: /home/klo40/ESDA_onboarding/install/custom_interfaces/include/custom_interfaces/custom_interfaces
[10.222s] -- Up-to-date: /home/klo40/ESDA_onboarding/install/custom_interfaces/include/custom_interfaces/custom_interfaces/msg
[10.222s] -- Installing: /home/klo40/ESDA_onboarding/install/custom_interfaces/include/custom_interfaces/custom_interfaces/msg/rosidl_typesupport_introspection_c__visibility_control.h
[10.222s] -- Up-to-date: /home/klo40/ESDA_onboarding/install/custom_interfaces/include/custom_interfaces/custom_interfaces/msg/detail
[10.223s] -- Installing: /home/klo40/ESDA_onboarding/install/custom_interfaces/include/custom_interfaces/custom_interfaces/msg/detail/waypoint__rosidl_typesupport_introspection_c.h
[10.223s] -- Installing: /home/klo40/ESDA_onboarding/install/custom_interfaces/include/custom_interfaces/custom_interfaces/msg/detail/waypoint__type_support.c
[10.223s] -- Installing: /home/klo40/ESDA_onboarding/install/custom_interfaces/lib/libcustom_interfaces__rosidl_typesupport_introspection_c.so
[10.223s] -- Set runtime path of "/home/klo40/ESDA_onboarding/install/custom_interfaces/lib/libcustom_interfaces__rosidl_typesupport_introspection_c.so" to ""
[10.223s] -- Installing: /home/klo40/ESDA_onboarding/install/custom_interfaces/lib/libcustom_interfaces__rosidl_typesupport_c.so
[10.224s] -- Set runtime path of "/home/klo40/ESDA_onboarding/install/custom_interfaces/lib/libcustom_interfaces__rosidl_typesupport_c.so" to ""
[10.224s] -- Up-to-date: /home/klo40/ESDA_onboarding/install/custom_interfaces/include/custom_interfaces/custom_interfaces
[10.224s] -- Up-to-date: /home/klo40/ESDA_onboarding/install/custom_interfaces/include/custom_interfaces/custom_interfaces/msg
[10.224s] -- Installing: /home/klo40/ESDA_onboarding/install/custom_interfaces/include/custom_interfaces/custom_interfaces/msg/waypoint.hpp
[10.224s] -- Up-to-date: /home/klo40/ESDA_onboarding/install/custom_interfaces/include/custom_interfaces/custom_interfaces/msg/detail
[10.224s] -- Installing: /home/klo40/ESDA_onboarding/install/custom_interfaces/include/custom_interfaces/custom_interfaces/msg/detail/waypoint__struct.hpp
[10.225s] -- Installing: /home/klo40/ESDA_onboarding/install/custom_interfaces/include/custom_interfaces/custom_interfaces/msg/detail/waypoint__traits.hpp
[10.225s] -- Installing: /home/klo40/ESDA_onboarding/install/custom_interfaces/include/custom_interfaces/custom_interfaces/msg/detail/waypoint__builder.hpp
[10.225s] -- Up-to-date: /home/klo40/ESDA_onboarding/install/custom_interfaces/include/custom_interfaces/custom_interfaces
[10.225s] -- Up-to-date: /home/klo40/ESDA_onboarding/install/custom_interfaces/include/custom_interfaces/custom_interfaces/msg
[10.225s] -- Installing: /home/klo40/ESDA_onboarding/install/custom_interfaces/include/custom_interfaces/custom_interfaces/msg/rosidl_typesupport_fastrtps_cpp__visibility_control.h
[10.225s] -- Up-to-date: /home/klo40/ESDA_onboarding/install/custom_interfaces/include/custom_interfaces/custom_interfaces/msg/detail
[10.225s] -- Installing: /home/klo40/ESDA_onboarding/install/custom_interfaces/include/custom_interfaces/custom_interfaces/msg/detail/dds_fastrtps
[10.225s] -- Installing: /home/klo40/ESDA_onboarding/install/custom_interfaces/include/custom_interfaces/custom_interfaces/msg/detail/waypoint__rosidl_typesupport_fastrtps_cpp.hpp
[10.226s] -- Installing: /home/klo40/ESDA_onboarding/install/custom_interfaces/lib/libcustom_interfaces__rosidl_typesupport_fastrtps_cpp.so
[10.226s] -- Set runtime path of "/home/klo40/ESDA_onboarding/install/custom_interfaces/lib/libcustom_interfaces__rosidl_typesupport_fastrtps_cpp.so" to ""
[10.226s] -- Up-to-date: /home/klo40/ESDA_onboarding/install/custom_interfaces/include/custom_interfaces/custom_interfaces
[10.226s] -- Up-to-date: /home/klo40/ESDA_onboarding/install/custom_interfaces/include/custom_interfaces/custom_interfaces/msg
[10.226s] -- Up-to-date: /home/klo40/ESDA_onboarding/install/custom_interfaces/include/custom_interfaces/custom_interfaces/msg/detail
[10.226s] -- Installing: /home/klo40/ESDA_onboarding/install/custom_interfaces/include/custom_interfaces/custom_interfaces/msg/detail/waypoint__rosidl_typesupport_introspection_cpp.hpp
[10.226s] -- Installing: /home/klo40/ESDA_onboarding/install/custom_interfaces/include/custom_interfaces/custom_interfaces/msg/detail/waypoint__type_support.cpp
[10.226s] -- Installing: /home/klo40/ESDA_onboarding/install/custom_interfaces/lib/libcustom_interfaces__rosidl_typesupport_introspection_cpp.so
[10.226s] -- Set runtime path of "/home/klo40/ESDA_onboarding/install/custom_interfaces/lib/libcustom_interfaces__rosidl_typesupport_introspection_cpp.so" to ""
[10.226s] -- Installing: /home/klo40/ESDA_onboarding/install/custom_interfaces/lib/libcustom_interfaces__rosidl_typesupport_cpp.so
[10.227s] -- Set runtime path of "/home/klo40/ESDA_onboarding/install/custom_interfaces/lib/libcustom_interfaces__rosidl_typesupport_cpp.so" to ""
[10.227s] -- Installing: /home/klo40/ESDA_onboarding/install/custom_interfaces/share/custom_interfaces/environment/pythonpath.sh
[10.227s] -- Installing: /home/klo40/ESDA_onboarding/install/custom_interfaces/share/custom_interfaces/environment/pythonpath.dsv
[10.227s] -- Installing: /home/klo40/ESDA_onboarding/install/custom_interfaces/local/lib/python3.10/dist-packages/custom_interfaces-0.0.0-py3.10.egg-info
[10.228s] -- Installing: /home/klo40/ESDA_onboarding/install/custom_interfaces/local/lib/python3.10/dist-packages/custom_interfaces-0.0.0-py3.10.egg-info/PKG-INFO
[10.228s] -- Installing: /home/klo40/ESDA_onboarding/install/custom_interfaces/local/lib/python3.10/dist-packages/custom_interfaces-0.0.0-py3.10.egg-info/top_level.txt
[10.228s] -- Installing: /home/klo40/ESDA_onboarding/install/custom_interfaces/local/lib/python3.10/dist-packages/custom_interfaces-0.0.0-py3.10.egg-info/SOURCES.txt
[10.228s] -- Installing: /home/klo40/ESDA_onboarding/install/custom_interfaces/local/lib/python3.10/dist-packages/custom_interfaces-0.0.0-py3.10.egg-info/dependency_links.txt
[10.228s] -- Installing: /home/klo40/ESDA_onboarding/install/custom_interfaces/local/lib/python3.10/dist-packages/custom_interfaces
[10.228s] -- Installing: /home/klo40/ESDA_onboarding/install/custom_interfaces/local/lib/python3.10/dist-packages/custom_interfaces/custom_interfaces_s__rosidl_typesupport_introspection_c.cpython-310-x86_64-linux-gnu.so
[10.229s] -- Installing: /home/klo40/ESDA_onboarding/install/custom_interfaces/local/lib/python3.10/dist-packages/custom_interfaces/libcustom_interfaces__rosidl_generator_py.so
[10.229s] -- Installing: /home/klo40/ESDA_onboarding/install/custom_interfaces/local/lib/python3.10/dist-packages/custom_interfaces/msg
[10.229s] -- Installing: /home/klo40/ESDA_onboarding/install/custom_interfaces/local/lib/python3.10/dist-packages/custom_interfaces/msg/_waypoint.py
[10.229s] -- Installing: /home/klo40/ESDA_onboarding/install/custom_interfaces/local/lib/python3.10/dist-packages/custom_interfaces/msg/_waypoint_s.c
[10.229s] -- Installing: /home/klo40/ESDA_onboarding/install/custom_interfaces/local/lib/python3.10/dist-packages/custom_interfaces/msg/__init__.py
[10.230s] -- Installing: /home/klo40/ESDA_onboarding/install/custom_interfaces/local/lib/python3.10/dist-packages/custom_interfaces/_custom_interfaces_s.ep.rosidl_typesupport_fastrtps_c.c
[10.230s] -- Installing: /home/klo40/ESDA_onboarding/install/custom_interfaces/local/lib/python3.10/dist-packages/custom_interfaces/_custom_interfaces_s.ep.rosidl_typesupport_introspection_c.c
[10.231s] -- Installing: /home/klo40/ESDA_onboarding/install/custom_interfaces/local/lib/python3.10/dist-packages/custom_interfaces/custom_interfaces_s__rosidl_typesupport_c.cpython-310-x86_64-linux-gnu.so
[10.231s] -- Installing: /home/klo40/ESDA_onboarding/install/custom_interfaces/local/lib/python3.10/dist-packages/custom_interfaces/_custom_interfaces_s.ep.rosidl_typesupport_c.c
[10.231s] -- Installing: /home/klo40/ESDA_onboarding/install/custom_interfaces/local/lib/python3.10/dist-packages/custom_interfaces/custom_interfaces_s__rosidl_typesupport_fastrtps_c.cpython-310-x86_64-linux-gnu.so
[10.231s] -- Installing: /home/klo40/ESDA_onboarding/install/custom_interfaces/local/lib/python3.10/dist-packages/custom_interfaces/__init__.py
[10.272s] Listing '/home/klo40/ESDA_onboarding/install/custom_interfaces/local/lib/python3.10/dist-packages/custom_interfaces'...
[10.272s] Compiling '/home/klo40/ESDA_onboarding/install/custom_interfaces/local/lib/python3.10/dist-packages/custom_interfaces/__init__.py'...
[10.272s] Listing '/home/klo40/ESDA_onboarding/install/custom_interfaces/local/lib/python3.10/dist-packages/custom_interfaces/msg'...
[10.272s] Compiling '/home/klo40/ESDA_onboarding/install/custom_interfaces/local/lib/python3.10/dist-packages/custom_interfaces/msg/__init__.py'...
[10.272s] Compiling '/home/klo40/ESDA_onboarding/install/custom_interfaces/local/lib/python3.10/dist-packages/custom_interfaces/msg/_waypoint.py'...
[10.280s] -- Installing: /home/klo40/ESDA_onboarding/install/custom_interfaces/local/lib/python3.10/dist-packages/custom_interfaces/custom_interfaces_s__rosidl_typesupport_fastrtps_c.cpython-310-x86_64-linux-gnu.so
[10.280s] -- Set runtime path of "/home/klo40/ESDA_onboarding/install/custom_interfaces/local/lib/python3.10/dist-packages/custom_interfaces/custom_interfaces_s__rosidl_typesupport_fastrtps_c.cpython-310-x86_64-linux-gnu.so" to ""
[10.281s] -- Installing: /home/klo40/ESDA_onboarding/install/custom_interfaces/local/lib/python3.10/dist-packages/custom_interfaces/custom_interfaces_s__rosidl_typesupport_introspection_c.cpython-310-x86_64-linux-gnu.so
[10.281s] -- Set runtime path of "/home/klo40/ESDA_onboarding/install/custom_interfaces/local/lib/python3.10/dist-packages/custom_interfaces/custom_interfaces_s__rosidl_typesupport_introspection_c.cpython-310-x86_64-linux-gnu.so" to ""
[10.282s] -- Installing: /home/klo40/ESDA_onboarding/install/custom_interfaces/local/lib/python3.10/dist-packages/custom_interfaces/custom_interfaces_s__rosidl_typesupport_c.cpython-310-x86_64-linux-gnu.so
[10.282s] -- Set runtime path of "/home/klo40/ESDA_onboarding/install/custom_interfaces/local/lib/python3.10/dist-packages/custom_interfaces/custom_interfaces_s__rosidl_typesupport_c.cpython-310-x86_64-linux-gnu.so" to ""
[10.282s] -- Installing: /home/klo40/ESDA_onboarding/install/custom_interfaces/lib/libcustom_interfaces__rosidl_generator_py.so
[10.283s] -- Set runtime path of "/home/klo40/ESDA_onboarding/install/custom_interfaces/lib/libcustom_interfaces__rosidl_generator_py.so" to ""
[10.283s] -- Installing: /home/klo40/ESDA_onboarding/install/custom_interfaces/share/custom_interfaces/msg/Waypoint.idl
[10.283s] -- Installing: /home/klo40/ESDA_onboarding/install/custom_interfaces/share/custom_interfaces/msg/Waypoint.msg
[10.283s] -- Installing: /home/klo40/ESDA_onboarding/install/custom_interfaces/share/ament_index/resource_index/package_run_dependencies/custom_interfaces
[10.284s] -- Installing: /home/klo40/ESDA_onboarding/install/custom_interfaces/share/ament_index/resource_index/parent_prefix_path/custom_interfaces
[10.284s] -- Installing: /home/klo40/ESDA_onboarding/install/custom_interfaces/share/custom_interfaces/environment/ament_prefix_path.sh
[10.284s] -- Installing: /home/klo40/ESDA_onboarding/install/custom_interfaces/share/custom_interfaces/environment/ament_prefix_path.dsv
[10.284s] -- Installing: /home/klo40/ESDA_onboarding/install/custom_interfaces/share/custom_interfaces/environment/path.sh
[10.285s] -- Installing: /home/klo40/ESDA_onboarding/install/custom_interfaces/share/custom_interfaces/environment/path.dsv
[10.285s] -- Installing: /home/klo40/ESDA_onboarding/install/custom_interfaces/share/custom_interfaces/local_setup.bash
[10.285s] -- Installing: /home/klo40/ESDA_onboarding/install/custom_interfaces/share/custom_interfaces/local_setup.sh
[10.285s] -- Installing: /home/klo40/ESDA_onboarding/install/custom_interfaces/share/custom_interfaces/local_setup.zsh
[10.286s] -- Installing: /home/klo40/ESDA_onboarding/install/custom_interfaces/share/custom_interfaces/local_setup.dsv
[10.286s] -- Installing: /home/klo40/ESDA_onboarding/install/custom_interfaces/share/custom_interfaces/package.dsv
[10.286s] -- Installing: /home/klo40/ESDA_onboarding/install/custom_interfaces/share/ament_index/resource_index/packages/custom_interfaces
[10.286s] -- Installing: /home/klo40/ESDA_onboarding/install/custom_interfaces/share/custom_interfaces/cmake/export_custom_interfaces__rosidl_generator_cExport.cmake
[10.286s] -- Installing: /home/klo40/ESDA_onboarding/install/custom_interfaces/share/custom_interfaces/cmake/export_custom_interfaces__rosidl_generator_cExport-noconfig.cmake
[10.287s] -- Installing: /home/klo40/ESDA_onboarding/install/custom_interfaces/share/custom_interfaces/cmake/export_custom_interfaces__rosidl_typesupport_fastrtps_cExport.cmake
[10.287s] -- Installing: /home/klo40/ESDA_onboarding/install/custom_interfaces/share/custom_interfaces/cmake/export_custom_interfaces__rosidl_typesupport_fastrtps_cExport-noconfig.cmake
[10.287s] -- Installing: /home/klo40/ESDA_onboarding/install/custom_interfaces/share/custom_interfaces/cmake/custom_interfaces__rosidl_typesupport_introspection_cExport.cmake
[10.287s] -- Installing: /home/klo40/ESDA_onboarding/install/custom_interfaces/share/custom_interfaces/cmake/custom_interfaces__rosidl_typesupport_introspection_cExport-noconfig.cmake
[10.287s] -- Installing: /home/klo40/ESDA_onboarding/install/custom_interfaces/share/custom_interfaces/cmake/custom_interfaces__rosidl_typesupport_cExport.cmake
[10.287s] -- Installing: /home/klo40/ESDA_onboarding/install/custom_interfaces/share/custom_interfaces/cmake/custom_interfaces__rosidl_typesupport_cExport-noconfig.cmake
[10.288s] -- Installing: /home/klo40/ESDA_onboarding/install/custom_interfaces/share/custom_interfaces/cmake/export_custom_interfaces__rosidl_generator_cppExport.cmake
[10.288s] -- Installing: /home/klo40/ESDA_onboarding/install/custom_interfaces/share/custom_interfaces/cmake/export_custom_interfaces__rosidl_typesupport_fastrtps_cppExport.cmake
[10.288s] -- Installing: /home/klo40/ESDA_onboarding/install/custom_interfaces/share/custom_interfaces/cmake/export_custom_interfaces__rosidl_typesupport_fastrtps_cppExport-noconfig.cmake
[10.288s] -- Installing: /home/klo40/ESDA_onboarding/install/custom_interfaces/share/custom_interfaces/cmake/custom_interfaces__rosidl_typesupport_introspection_cppExport.cmake
[10.288s] -- Installing: /home/klo40/ESDA_onboarding/install/custom_interfaces/share/custom_interfaces/cmake/custom_interfaces__rosidl_typesupport_introspection_cppExport-noconfig.cmake
[10.288s] -- Installing: /home/klo40/ESDA_onboarding/install/custom_interfaces/share/custom_interfaces/cmake/custom_interfaces__rosidl_typesupport_cppExport.cmake
[10.288s] -- Installing: /home/klo40/ESDA_onboarding/install/custom_interfaces/share/custom_interfaces/cmake/custom_interfaces__rosidl_typesupport_cppExport-noconfig.cmake
[10.289s] -- Installing: /home/klo40/ESDA_onboarding/install/custom_interfaces/share/custom_interfaces/cmake/export_custom_interfaces__rosidl_generator_pyExport.cmake
[10.289s] -- Installing: /home/klo40/ESDA_onboarding/install/custom_interfaces/share/custom_interfaces/cmake/export_custom_interfaces__rosidl_generator_pyExport-noconfig.cmake
[10.289s] -- Installing: /home/klo40/ESDA_onboarding/install/custom_interfaces/share/custom_interfaces/cmake/rosidl_cmake-extras.cmake
[10.289s] -- Installing: /home/klo40/ESDA_onboarding/install/custom_interfaces/share/custom_interfaces/cmake/ament_cmake_export_include_directories-extras.cmake
[10.289s] -- Installing: /home/klo40/ESDA_onboarding/install/custom_interfaces/share/custom_interfaces/cmake/ament_cmake_export_libraries-extras.cmake
[10.289s] -- Installing: /home/klo40/ESDA_onboarding/install/custom_interfaces/share/custom_interfaces/cmake/ament_cmake_export_targets-extras.cmake
[10.290s] -- Installing: /home/klo40/ESDA_onboarding/install/custom_interfaces/share/custom_interfaces/cmake/rosidl_cmake_export_typesupport_targets-extras.cmake
[10.290s] -- Installing: /home/klo40/ESDA_onboarding/install/custom_interfaces/share/custom_interfaces/cmake/ament_cmake_export_dependencies-extras.cmake
[10.290s] -- Installing: /home/klo40/ESDA_onboarding/install/custom_interfaces/share/custom_interfaces/cmake/rosidl_cmake_export_typesupport_libraries-extras.cmake
[10.290s] -- Installing: /home/klo40/ESDA_onboarding/install/custom_interfaces/share/custom_interfaces/cmake/custom_interfacesConfig.cmake
[10.290s] -- Installing: /home/klo40/ESDA_onboarding/install/custom_interfaces/share/custom_interfaces/cmake/custom_interfacesConfig-version.cmake
[10.290s] -- Installing: /home/klo40/ESDA_onboarding/install/custom_interfaces/share/custom_interfaces/package.xml
[10.293s] Invoked command in '/home/klo40/ESDA_onboarding/build/custom_interfaces' returned '0': CMAKE_PREFIX_PATH=/opt/ros/humble /usr/bin/cmake --install /home/klo40/ESDA_onboarding/build/custom_interfaces
