[0.719s] Invoking command in '/home/klo40/ESDA_onboarding/waypoint_pub': PYTHONPATH=/home/klo40/ESDA_onboarding/build/waypoint_pub/prefix_override:/home/klo40/ESDA_onboarding/install/waypoint_pub/lib/python3.10/site-packages:${PYTHONPATH} /usr/bin/python3 setup.py egg_info --egg-base ../build/waypoint_pub build --build-base /home/klo40/ESDA_onboarding/build/waypoint_pub/build install --record /home/klo40/ESDA_onboarding/build/waypoint_pub/install.log --single-version-externally-managed
[0.866s] running egg_info
[0.874s] writing ../build/waypoint_pub/waypoint_pub.egg-info/PKG-INFO
[0.875s] writing dependency_links to ../build/waypoint_pub/waypoint_pub.egg-info/dependency_links.txt
[0.875s] writing entry points to ../build/waypoint_pub/waypoint_pub.egg-info/entry_points.txt
[0.876s] writing requirements to ../build/waypoint_pub/waypoint_pub.egg-info/requires.txt
[0.877s] writing top-level names to ../build/waypoint_pub/waypoint_pub.egg-info/top_level.txt
[0.878s] reading manifest file '../build/waypoint_pub/waypoint_pub.egg-info/SOURCES.txt'
[0.879s] writing manifest file '../build/waypoint_pub/waypoint_pub.egg-info/SOURCES.txt'
[0.879s] running build
[0.879s] running build_py
[0.879s] running install
[0.880s] /usr/lib/python3/dist-packages/setuptools/command/install.py:34: SetuptoolsDeprecationWarning: setup.py install is deprecated. Use build and pip and other standards-based tools.
[0.880s]   warnings.warn(
[0.880s] running install_lib
[0.880s] running install_data
[0.881s] running install_egg_info
[0.899s] removing '/home/klo40/ESDA_onboarding/install/waypoint_pub/lib/python3.10/site-packages/waypoint_pub-0.0.0-py3.10.egg-info' (and everything under it)
[0.899s] Copying ../build/waypoint_pub/waypoint_pub.egg-info to /home/klo40/ESDA_onboarding/install/waypoint_pub/lib/python3.10/site-packages/waypoint_pub-0.0.0-py3.10.egg-info
[0.899s] running install_scripts
[0.911s] Installing waypoint_pub script to /home/klo40/ESDA_onboarding/install/waypoint_pub/lib/waypoint_pub
[0.911s] writing list of installed files to '/home/klo40/ESDA_onboarding/build/waypoint_pub/install.log'
[0.938s] Invoked command in '/home/klo40/ESDA_onboarding/waypoint_pub' returned '0': PYTHONPATH=/home/klo40/ESDA_onboarding/build/waypoint_pub/prefix_override:/home/klo40/ESDA_onboarding/install/waypoint_pub/lib/python3.10/site-packages:${PYTHONPATH} /usr/bin/python3 setup.py egg_info --egg-base ../build/waypoint_pub build --build-base /home/klo40/ESDA_onboarding/build/waypoint_pub/build install --record /home/klo40/ESDA_onboarding/build/waypoint_pub/install.log --single-version-externally-managed
