running egg_info
writing ../build/onboarding_task1/onboarding_task1.egg-info/PKG-INFO
writing dependency_links to ../build/onboarding_task1/onboarding_task1.egg-info/dependency_links.txt
writing entry points to ../build/onboarding_task1/onboarding_task1.egg-info/entry_points.txt
writing requirements to ../build/onboarding_task1/onboarding_task1.egg-info/requires.txt
writing top-level names to ../build/onboarding_task1/onboarding_task1.egg-info/top_level.txt
reading manifest file '../build/onboarding_task1/onboarding_task1.egg-info/SOURCES.txt'
writing manifest file '../build/onboarding_task1/onboarding_task1.egg-info/SOURCES.txt'
running build
running build_py
copying onboarding_task1/controlwaypoint.py -> /home/klo40/ESDA_onboarding/build/onboarding_task1/build/lib/onboarding_task1
running install
/usr/lib/python3/dist-packages/setuptools/command/install.py:34: SetuptoolsDeprecationWarning: setup.py install is deprecated. Use build and pip and other standards-based tools.
  warnings.warn(
Sorry: TabError: inconsistent use of tabs and spaces in indentation (controlwaypoint.py, line 48)
running install_lib
copying /home/klo40/ESDA_onboarding/build/onboarding_task1/build/lib/onboarding_task1/controlwaypoint.py -> /home/klo40/ESDA_onboarding/install/onboarding_task1/lib/python3.10/site-packages/onboarding_task1
byte-compiling /home/klo40/ESDA_onboarding/install/onboarding_task1/lib/python3.10/site-packages/onboarding_task1/controlwaypoint.py to controlwaypoint.cpython-310.pyc
running install_data
running install_egg_info
removing '/home/klo40/ESDA_onboarding/install/onboarding_task1/lib/python3.10/site-packages/onboarding_task1-0.0.0-py3.10.egg-info' (and everything under it)
Copying ../build/onboarding_task1/onboarding_task1.egg-info to /home/klo40/ESDA_onboarding/install/onboarding_task1/lib/python3.10/site-packages/onboarding_task1-0.0.0-py3.10.egg-info
running install_scripts
Installing control_publisher script to /home/klo40/ESDA_onboarding/install/onboarding_task1/lib/onboarding_task1
Installing controlwaypoint script to /home/klo40/ESDA_onboarding/install/onboarding_task1/lib/onboarding_task1
Installing laser_to_grid script to /home/klo40/ESDA_onboarding/install/onboarding_task1/lib/onboarding_task1
Installing laserscan script to /home/klo40/ESDA_onboarding/install/onboarding_task1/lib/onboarding_task1
Installing trial script to /home/klo40/ESDA_onboarding/install/onboarding_task1/lib/onboarding_task1
writing list of installed files to '/home/klo40/ESDA_onboarding/build/onboarding_task1/install.log'
