[0.631s] Invoking command in '/home/klo40/ESDA_onboarding/onboarding_task1': PYTHONPATH=/home/klo40/ESDA_onboarding/build/onboarding_task1/prefix_override:/home/klo40/ESDA_onboarding/install/onboarding_task1/lib/python3.10/site-packages:${PYTHONPATH} /usr/bin/python3 setup.py egg_info --egg-base ../build/onboarding_task1 build --build-base /home/klo40/ESDA_onboarding/build/onboarding_task1/build install --record /home/klo40/ESDA_onboarding/build/onboarding_task1/install.log --single-version-externally-managed
[0.855s] running egg_info
[0.856s] writing ../build/onboarding_task1/onboarding_task1.egg-info/PKG-INFO
[0.856s] writing dependency_links to ../build/onboarding_task1/onboarding_task1.egg-info/dependency_links.txt
[0.856s] writing entry points to ../build/onboarding_task1/onboarding_task1.egg-info/entry_points.txt
[0.856s] writing requirements to ../build/onboarding_task1/onboarding_task1.egg-info/requires.txt
[0.857s] writing top-level names to ../build/onboarding_task1/onboarding_task1.egg-info/top_level.txt
[0.858s] reading manifest file '../build/onboarding_task1/onboarding_task1.egg-info/SOURCES.txt'
[0.859s] writing manifest file '../build/onboarding_task1/onboarding_task1.egg-info/SOURCES.txt'
[0.859s] running build
[0.859s] running build_py
[0.859s] copying onboarding_task1/sense.py -> /home/klo40/ESDA_onboarding/build/onboarding_task1/build/lib/onboarding_task1
[0.860s] running install
[0.860s] /usr/lib/python3/dist-packages/setuptools/command/install.py:34: SetuptoolsDeprecationWarning: setup.py install is deprecated. Use build and pip and other standards-based tools.
[0.860s]   warnings.warn(
[0.860s] running install_lib
[0.861s] copying /home/klo40/ESDA_onboarding/build/onboarding_task1/build/lib/onboarding_task1/sense.py -> /home/klo40/ESDA_onboarding/install/onboarding_task1/lib/python3.10/site-packages/onboarding_task1
[0.861s] byte-compiling /home/klo40/ESDA_onboarding/install/onboarding_task1/lib/python3.10/site-packages/onboarding_task1/sense.py to sense.cpython-310.pyc
[0.862s] running install_data
[0.862s] running install_egg_info
[0.864s] removing '/home/klo40/ESDA_onboarding/install/onboarding_task1/lib/python3.10/site-packages/onboarding_task1-0.0.0-py3.10.egg-info' (and everything under it)
[0.864s] Copying ../build/onboarding_task1/onboarding_task1.egg-info to /home/klo40/ESDA_onboarding/install/onboarding_task1/lib/python3.10/site-packages/onboarding_task1-0.0.0-py3.10.egg-info
[0.865s] running install_scripts
[0.884s] Installing control_publisher script to /home/klo40/ESDA_onboarding/install/onboarding_task1/lib/onboarding_task1
[0.884s] Installing laserscan = onboarding_task1.sense:mainsense_publisher script to /home/klo40/ESDA_onboarding/install/onboarding_task1/lib/onboarding_task1
[0.884s] writing list of installed files to '/home/klo40/ESDA_onboarding/build/onboarding_task1/install.log'
[0.966s] Invoked command in '/home/klo40/ESDA_onboarding/onboarding_task1' returned '0': PYTHONPATH=/home/klo40/ESDA_onboarding/build/onboarding_task1/prefix_override:/home/klo40/ESDA_onboarding/install/onboarding_task1/lib/python3.10/site-packages:${PYTHONPATH} /usr/bin/python3 setup.py egg_info --egg-base ../build/onboarding_task1 build --build-base /home/klo40/ESDA_onboarding/build/onboarding_task1/build install --record /home/klo40/ESDA_onboarding/build/onboarding_task1/install.log --single-version-externally-managed
