[0.028s] Invoking command in '/home/mcav/dbat/ESDA_onboarding/build/articubot_one': CMAKE_PREFIX_PATH=/opt/ros/humble /usr/bin/cmake /home/mcav/dbat/ESDA_onboarding/articubot_one -DCMAKE_INSTALL_PREFIX=/home/mcav/dbat/ESDA_onboarding/install/articubot_one
[0.094s] -- The C compiler identification is GNU 11.4.0
[0.181s] -- The CXX compiler identification is GNU 11.4.0
[0.189s] -- Detecting C compiler ABI info
[0.292s] -- Detecting C compiler ABI info - done
[0.305s] -- Check for working C compiler: /usr/bin/cc - skipped
[0.306s] -- Detecting C compile features
[0.306s] -- Detecting C compile features - done
[0.311s] -- Detecting CXX compiler ABI info
[0.419s] -- Detecting CXX compiler ABI info - done
[0.430s] -- Check for working CXX compiler: /usr/bin/c++ - skipped
[0.430s] -- Detecting CXX compile features
[0.431s] -- Detecting CXX compile features - done
[0.433s] -- Found ament_cmake: 1.3.5 (/opt/ros/humble/share/ament_cmake/cmake)
[0.692s] -- Found Python3: /usr/bin/python3.10 (found version "3.10.12") found components: Interpreter 
[0.812s] -- Found ament_lint_auto: 0.12.7 (/opt/ros/humble/share/ament_lint_auto/cmake)
[0.905s] -- Added test 'copyright' to check source files copyright and LICENSE
[0.908s] -- Added test 'flake8' to check Python code syntax and style conventions
[0.909s] -- Added test 'lint_cmake' to check CMake code style
[0.910s] -- Added test 'pep257' to check Python code against some of the docstring style conventions in PEP 257
[0.912s] -- Added test 'xmllint' to check XML markup files
[0.914s] -- Configuring done
[0.918s] -- Generating done
[0.919s] -- Build files have been written to: /home/mcav/dbat/ESDA_onboarding/build/articubot_one
[0.925s] Invoked command in '/home/mcav/dbat/ESDA_onboarding/build/articubot_one' returned '0': CMAKE_PREFIX_PATH=/opt/ros/humble /usr/bin/cmake /home/mcav/dbat/ESDA_onboarding/articubot_one -DCMAKE_INSTALL_PREFIX=/home/mcav/dbat/ESDA_onboarding/install/articubot_one
[0.928s] Invoking command in '/home/mcav/dbat/ESDA_onboarding/build/articubot_one': CMAKE_PREFIX_PATH=/opt/ros/humble /usr/bin/cmake --build /home/mcav/dbat/ESDA_onboarding/build/articubot_one -- -j8 -l8
[0.998s] Invoked command in '/home/mcav/dbat/ESDA_onboarding/build/articubot_one' returned '0': CMAKE_PREFIX_PATH=/opt/ros/humble /usr/bin/cmake --build /home/mcav/dbat/ESDA_onboarding/build/articubot_one -- -j8 -l8
[1.046s] Invoking command in '/home/mcav/dbat/ESDA_onboarding/build/articubot_one': CMAKE_PREFIX_PATH=/opt/ros/humble /usr/bin/cmake --install /home/mcav/dbat/ESDA_onboarding/build/articubot_one
[1.061s] -- Install configuration: ""
[1.061s] -- Installing: /home/mcav/dbat/ESDA_onboarding/install/articubot_one/share/articubot_one/config
[1.062s] -- Installing: /home/mcav/dbat/ESDA_onboarding/install/articubot_one/share/articubot_one/config/drive_bot.rviz
[1.062s] -- Installing: /home/mcav/dbat/ESDA_onboarding/install/articubot_one/share/articubot_one/config/view_bot.rviz
[1.062s] -- Installing: /home/mcav/dbat/ESDA_onboarding/install/articubot_one/share/articubot_one/config/empty.yaml
[1.062s] -- Installing: /home/mcav/dbat/ESDA_onboarding/install/articubot_one/share/articubot_one/description
[1.062s] -- Installing: /home/mcav/dbat/ESDA_onboarding/install/articubot_one/share/articubot_one/description/lidar.xacro
[1.062s] -- Installing: /home/mcav/dbat/ESDA_onboarding/install/articubot_one/share/articubot_one/description/robot_core.xacro
[1.062s] -- Installing: /home/mcav/dbat/ESDA_onboarding/install/articubot_one/share/articubot_one/description/intertial_macros.xacro
[1.063s] -- Installing: /home/mcav/dbat/ESDA_onboarding/install/articubot_one/share/articubot_one/description/inertial_macros.xacro
[1.063s] -- Installing: /home/mcav/dbat/ESDA_onboarding/install/articubot_one/share/articubot_one/description/robot.urdf.xacro
[1.063s] -- Installing: /home/mcav/dbat/ESDA_onboarding/install/articubot_one/share/articubot_one/description/gazebo_control.xacro
[1.063s] -- Installing: /home/mcav/dbat/ESDA_onboarding/install/articubot_one/share/articubot_one/launch
[1.063s] -- Installing: /home/mcav/dbat/ESDA_onboarding/install/articubot_one/share/articubot_one/launch/launch_sim.launch.py
[1.063s] -- Installing: /home/mcav/dbat/ESDA_onboarding/install/articubot_one/share/articubot_one/launch/rsp.launch.py
[1.064s] -- Installing: /home/mcav/dbat/ESDA_onboarding/install/articubot_one/share/articubot_one/worlds
[1.064s] -- Installing: /home/mcav/dbat/ESDA_onboarding/install/articubot_one/share/articubot_one/worlds/empty.world
[1.064s] -- Installing: /home/mcav/dbat/ESDA_onboarding/install/articubot_one/share/articubot_one/worlds/obstacles.world
[1.064s] -- Installing: /home/mcav/dbat/ESDA_onboarding/install/articubot_one/share/articubot_one/worlds/obstacles2.world
[1.065s] -- Installing: /home/mcav/dbat/ESDA_onboarding/install/articubot_one/share/ament_index/resource_index/package_run_dependencies/articubot_one
[1.065s] -- Installing: /home/mcav/dbat/ESDA_onboarding/install/articubot_one/share/ament_index/resource_index/parent_prefix_path/articubot_one
[1.065s] -- Installing: /home/mcav/dbat/ESDA_onboarding/install/articubot_one/share/articubot_one/environment/ament_prefix_path.sh
[1.065s] -- Installing: /home/mcav/dbat/ESDA_onboarding/install/articubot_one/share/articubot_one/environment/ament_prefix_path.dsv
[1.066s] -- Installing: /home/mcav/dbat/ESDA_onboarding/install/articubot_one/share/articubot_one/environment/path.sh
[1.066s] -- Installing: /home/mcav/dbat/ESDA_onboarding/install/articubot_one/share/articubot_one/environment/path.dsv
[1.066s] -- Installing: /home/mcav/dbat/ESDA_onboarding/install/articubot_one/share/articubot_one/local_setup.bash
[1.066s] -- Installing: /home/mcav/dbat/ESDA_onboarding/install/articubot_one/share/articubot_one/local_setup.sh
[1.067s] -- Installing: /home/mcav/dbat/ESDA_onboarding/install/articubot_one/share/articubot_one/local_setup.zsh
[1.067s] -- Installing: /home/mcav/dbat/ESDA_onboarding/install/articubot_one/share/articubot_one/local_setup.dsv
[1.067s] -- Installing: /home/mcav/dbat/ESDA_onboarding/install/articubot_one/share/articubot_one/package.dsv
[1.067s] -- Installing: /home/mcav/dbat/ESDA_onboarding/install/articubot_one/share/ament_index/resource_index/packages/articubot_one
[1.067s] -- Installing: /home/mcav/dbat/ESDA_onboarding/install/articubot_one/share/articubot_one/cmake/articubot_oneConfig.cmake
[1.068s] -- Installing: /home/mcav/dbat/ESDA_onboarding/install/articubot_one/share/articubot_one/cmake/articubot_oneConfig-version.cmake
[1.068s] -- Installing: /home/mcav/dbat/ESDA_onboarding/install/articubot_one/share/articubot_one/package.xml
[1.074s] Invoked command in '/home/mcav/dbat/ESDA_onboarding/build/articubot_one' returned '0': CMAKE_PREFIX_PATH=/opt/ros/humble /usr/bin/cmake --install /home/mcav/dbat/ESDA_onboarding/build/articubot_one
