[1.098s] Invoking command in '/home/klo40/ESDA_onboarding/waypoint_pub': PYTHONPATH=/home/klo40/ESDA_onboarding/build/waypoint_pub/prefix_override:/home/klo40/ESDA_onboarding/install/waypoint_pub/lib/python3.10/site-packages:${PYTHONPATH} /usr/bin/python3 setup.py egg_info --egg-base ../build/waypoint_pub build --build-base /home/klo40/ESDA_onboarding/build/waypoint_pub/build install --record /home/klo40/ESDA_onboarding/build/waypoint_pub/install.log --single-version-externally-managed
[1.363s] running egg_info
[1.364s] writing ../build/waypoint_pub/waypoint_pub.egg-info/PKG-INFO
[1.364s] writing dependency_links to ../build/waypoint_pub/waypoint_pub.egg-info/dependency_links.txt
[1.364s] writing entry points to ../build/waypoint_pub/waypoint_pub.egg-info/entry_points.txt
[1.364s] writing requirements to ../build/waypoint_pub/waypoint_pub.egg-info/requires.txt
[1.364s] writing top-level names to ../build/waypoint_pub/waypoint_pub.egg-info/top_level.txt
[1.364s] reading manifest file '../build/waypoint_pub/waypoint_pub.egg-info/SOURCES.txt'
[1.366s] writing manifest file '../build/waypoint_pub/waypoint_pub.egg-info/SOURCES.txt'
[1.368s] running build
[1.369s] running build_py
[1.369s] /usr/lib/python3/dist-packages/setuptools/command/install.py:34: SetuptoolsDeprecationWarning: setup.py install is deprecated. Use build and pip and other standards-based tools.
[1.369s]   warnings.warn(
[1.369s] running install
[1.369s] running install_lib
[1.370s] running install_data
[1.390s] running install_egg_info
[1.390s] removing '/home/klo40/ESDA_onboarding/install/waypoint_pub/lib/python3.10/site-packages/waypoint_pub-0.0.0-py3.10.egg-info' (and everything under it)
[1.390s] Copying ../build/waypoint_pub/waypoint_pub.egg-info to /home/klo40/ESDA_onboarding/install/waypoint_pub/lib/python3.10/site-packages/waypoint_pub-0.0.0-py3.10.egg-info
[1.391s] running install_scripts
[1.439s] Installing waypoint_pub script to /home/klo40/ESDA_onboarding/install/waypoint_pub/lib/waypoint_pub
[1.492s] writing list of installed files to '/home/klo40/ESDA_onboarding/build/waypoint_pub/install.log'
[1.540s] Invoked command in '/home/klo40/ESDA_onboarding/waypoint_pub' returned '0': PYTHONPATH=/home/klo40/ESDA_onboarding/build/waypoint_pub/prefix_override:/home/klo40/ESDA_onboarding/install/waypoint_pub/lib/python3.10/site-packages:${PYTHONPATH} /usr/bin/python3 setup.py egg_info --egg-base ../build/waypoint_pub build --build-base /home/klo40/ESDA_onboarding/build/waypoint_pub/build install --record /home/klo40/ESDA_onboarding/build/waypoint_pub/install.log --single-version-externally-managed
