[0.217s] DEBUG:colcon:Command line arguments: ['/usr/bin/colcon', 'build']
[0.217s] DEBUG:colcon:Parsed command line arguments: Namespace(log_base=None, log_level=None, verb_name='build', build_base='build', install_base='install', merge_install=False, symlink_install=False, test_result_base=None, continue_on_error=False, executor='parallel', parallel_workers=4, event_handlers=None, ignore_user_meta=False, metas=['./colcon.meta'], base_paths=['.'], packages_ignore=None, packages_ignore_regex=None, paths=None, packages_up_to=None, packages_up_to_regex=None, packages_above=None, packages_above_and_dependencies=None, packages_above_depth=None, packages_select_by_dep=None, packages_skip_by_dep=None, packages_skip_up_to=None, packages_select_build_failed=False, packages_skip_build_finished=False, packages_select_test_failures=False, packages_skip_test_passed=False, packages_select=None, packages_skip=None, packages_select_regex=None, packages_skip_regex=None, packages_start=None, packages_end=None, allow_overriding=[], cmake_args=None, cmake_target=None, cmake_target_skip_unavailable=False, cmake_clean_cache=False, cmake_clean_first=False, cmake_force_configure=False, ament_cmake_args=None, catkin_cmake_args=None, catkin_skip_building_tests=False, verb_parser=<colcon_defaults.argument_parser.defaults.DefaultArgumentsDecorator object at 0x7f12fda63730>, verb_extension=<colcon_core.verb.build.BuildVerb object at 0x7f12fdbf2080>, main=<bound method BuildVerb.main of <colcon_core.verb.build.BuildVerb object at 0x7f12fdbf2080>>)
[0.241s] Level 1:colcon.colcon_core.package_discovery:discover_packages(colcon_meta) check parameters
[0.241s] Level 1:colcon.colcon_core.package_discovery:discover_packages(recursive) check parameters
[0.241s] Level 1:colcon.colcon_core.package_discovery:discover_packages(ignore) check parameters
[0.241s] Level 1:colcon.colcon_core.package_discovery:discover_packages(path) check parameters
[0.241s] Level 1:colcon.colcon_core.package_discovery:discover_packages(colcon_meta) discover
[0.241s] Level 1:colcon.colcon_core.package_discovery:discover_packages(recursive) discover
[0.241s] INFO:colcon.colcon_core.package_discovery:Crawling recursively for packages in '/home/klo40/ESDA_onboarding'
[0.241s] Level 1:colcon.colcon_core.package_identification:_identify(.) by extensions ['ignore', 'ignore_ament_install']
[0.241s] Level 1:colcon.colcon_core.package_identification:_identify(.) by extension 'ignore'
[0.241s] Level 1:colcon.colcon_core.package_identification:_identify(.) by extension 'ignore_ament_install'
[0.241s] Level 1:colcon.colcon_core.package_identification:_identify(.) by extensions ['colcon_pkg']
[0.241s] Level 1:colcon.colcon_core.package_identification:_identify(.) by extension 'colcon_pkg'
[0.241s] Level 1:colcon.colcon_core.package_identification:_identify(.) by extensions ['colcon_meta']
[0.241s] Level 1:colcon.colcon_core.package_identification:_identify(.) by extension 'colcon_meta'
[0.241s] Level 1:colcon.colcon_core.package_identification:_identify(.) by extensions ['ros']
[0.241s] Level 1:colcon.colcon_core.package_identification:_identify(.) by extension 'ros'
[0.250s] Level 1:colcon.colcon_core.package_identification:_identify(.) by extensions ['cmake', 'python']
[0.250s] Level 1:colcon.colcon_core.package_identification:_identify(.) by extension 'cmake'
[0.251s] Level 1:colcon.colcon_core.package_identification:_identify(.) by extension 'python'
[0.251s] Level 1:colcon.colcon_core.package_identification:_identify(.) by extensions ['python_setup_py']
[0.251s] Level 1:colcon.colcon_core.package_identification:_identify(.) by extension 'python_setup_py'
[0.251s] Level 1:colcon.colcon_core.package_identification:_identify(articubot_one) by extensions ['ignore', 'ignore_ament_install']
[0.251s] Level 1:colcon.colcon_core.package_identification:_identify(articubot_one) by extension 'ignore'
[0.251s] Level 1:colcon.colcon_core.package_identification:_identify(articubot_one) by extension 'ignore_ament_install'
[0.251s] Level 1:colcon.colcon_core.package_identification:_identify(articubot_one) by extensions ['colcon_pkg']
[0.251s] Level 1:colcon.colcon_core.package_identification:_identify(articubot_one) by extension 'colcon_pkg'
[0.251s] Level 1:colcon.colcon_core.package_identification:_identify(articubot_one) by extensions ['colcon_meta']
[0.251s] Level 1:colcon.colcon_core.package_identification:_identify(articubot_one) by extension 'colcon_meta'
[0.251s] Level 1:colcon.colcon_core.package_identification:_identify(articubot_one) by extensions ['ros']
[0.251s] Level 1:colcon.colcon_core.package_identification:_identify(articubot_one) by extension 'ros'
[0.252s] DEBUG:colcon.colcon_core.package_identification:Package 'articubot_one' with type 'ros.ament_cmake' and name 'articubot_one'
[0.253s] Level 1:colcon.colcon_core.package_identification:_identify(build) by extensions ['ignore', 'ignore_ament_install']
[0.253s] Level 1:colcon.colcon_core.package_identification:_identify(build) by extension 'ignore'
[0.253s] Level 1:colcon.colcon_core.package_identification:_identify(build) ignored
[0.253s] Level 1:colcon.colcon_core.package_identification:_identify(custom_interfaces) by extensions ['ignore', 'ignore_ament_install']
[0.253s] Level 1:colcon.colcon_core.package_identification:_identify(custom_interfaces) by extension 'ignore'
[0.253s] Level 1:colcon.colcon_core.package_identification:_identify(custom_interfaces) by extension 'ignore_ament_install'
[0.253s] Level 1:colcon.colcon_core.package_identification:_identify(custom_interfaces) by extensions ['colcon_pkg']
[0.253s] Level 1:colcon.colcon_core.package_identification:_identify(custom_interfaces) by extension 'colcon_pkg'
[0.253s] Level 1:colcon.colcon_core.package_identification:_identify(custom_interfaces) by extensions ['colcon_meta']
[0.253s] Level 1:colcon.colcon_core.package_identification:_identify(custom_interfaces) by extension 'colcon_meta'
[0.253s] Level 1:colcon.colcon_core.package_identification:_identify(custom_interfaces) by extensions ['ros']
[0.253s] Level 1:colcon.colcon_core.package_identification:_identify(custom_interfaces) by extension 'ros'
[0.253s] DEBUG:colcon.colcon_core.package_identification:Package 'custom_interfaces' with type 'ros.ament_cmake' and name 'custom_interfaces'
[0.253s] Level 1:colcon.colcon_core.package_identification:_identify(install) by extensions ['ignore', 'ignore_ament_install']
[0.253s] Level 1:colcon.colcon_core.package_identification:_identify(install) by extension 'ignore'
[0.253s] Level 1:colcon.colcon_core.package_identification:_identify(install) ignored
[0.253s] Level 1:colcon.colcon_core.package_identification:_identify(log) by extensions ['ignore', 'ignore_ament_install']
[0.253s] Level 1:colcon.colcon_core.package_identification:_identify(log) by extension 'ignore'
[0.253s] Level 1:colcon.colcon_core.package_identification:_identify(log) ignored
[0.254s] Level 1:colcon.colcon_core.package_identification:_identify(onboarding_task1) by extensions ['ignore', 'ignore_ament_install']
[0.254s] Level 1:colcon.colcon_core.package_identification:_identify(onboarding_task1) by extension 'ignore'
[0.254s] Level 1:colcon.colcon_core.package_identification:_identify(onboarding_task1) by extension 'ignore_ament_install'
[0.254s] Level 1:colcon.colcon_core.package_identification:_identify(onboarding_task1) by extensions ['colcon_pkg']
[0.254s] Level 1:colcon.colcon_core.package_identification:_identify(onboarding_task1) by extension 'colcon_pkg'
[0.254s] Level 1:colcon.colcon_core.package_identification:_identify(onboarding_task1) by extensions ['colcon_meta']
[0.254s] Level 1:colcon.colcon_core.package_identification:_identify(onboarding_task1) by extension 'colcon_meta'
[0.254s] Level 1:colcon.colcon_core.package_identification:_identify(onboarding_task1) by extensions ['ros']
[0.254s] Level 1:colcon.colcon_core.package_identification:_identify(onboarding_task1) by extension 'ros'
[0.254s] DEBUG:colcon.colcon_core.package_identification:Package 'onboarding_task1' with type 'ros.ament_python' and name 'onboarding_task1'
[0.254s] Level 1:colcon.colcon_core.package_identification:_identify(waypoint_pub) by extensions ['ignore', 'ignore_ament_install']
[0.254s] Level 1:colcon.colcon_core.package_identification:_identify(waypoint_pub) by extension 'ignore'
[0.254s] Level 1:colcon.colcon_core.package_identification:_identify(waypoint_pub) by extension 'ignore_ament_install'
[0.254s] Level 1:colcon.colcon_core.package_identification:_identify(waypoint_pub) by extensions ['colcon_pkg']
[0.254s] Level 1:colcon.colcon_core.package_identification:_identify(waypoint_pub) by extension 'colcon_pkg'
[0.254s] Level 1:colcon.colcon_core.package_identification:_identify(waypoint_pub) by extensions ['colcon_meta']
[0.255s] Level 1:colcon.colcon_core.package_identification:_identify(waypoint_pub) by extension 'colcon_meta'
[0.255s] Level 1:colcon.colcon_core.package_identification:_identify(waypoint_pub) by extensions ['ros']
[0.255s] Level 1:colcon.colcon_core.package_identification:_identify(waypoint_pub) by extension 'ros'
[0.255s] DEBUG:colcon.colcon_core.package_identification:Package 'waypoint_pub' with type 'ros.ament_python' and name 'waypoint_pub'
[0.255s] Level 1:colcon.colcon_core.package_discovery:discover_packages(recursive) using defaults
[0.255s] Level 1:colcon.colcon_core.package_discovery:discover_packages(ignore) discover
[0.255s] Level 1:colcon.colcon_core.package_discovery:discover_packages(ignore) using defaults
[0.255s] Level 1:colcon.colcon_core.package_discovery:discover_packages(path) discover
[0.255s] Level 1:colcon.colcon_core.package_discovery:discover_packages(path) using defaults
[0.274s] Level 1:colcon.colcon_core.package_discovery:discover_packages(prefix_path) check parameters
[0.274s] Level 1:colcon.colcon_core.package_discovery:discover_packages(prefix_path) discover
[0.276s] DEBUG:colcon.colcon_installed_package_information.package_discovery:Found 4 installed packages in /home/klo40/ESDA_onboarding/install
[0.277s] DEBUG:colcon.colcon_installed_package_information.package_discovery:Found 280 installed packages in /opt/ros/humble
[0.278s] Level 1:colcon.colcon_core.package_discovery:discover_packages(prefix_path) using defaults
[0.318s] Level 5:colcon.colcon_core.verb:set package 'articubot_one' build argument 'cmake_args' from command line to 'None'
[0.318s] Level 5:colcon.colcon_core.verb:set package 'articubot_one' build argument 'cmake_target' from command line to 'None'
[0.318s] Level 5:colcon.colcon_core.verb:set package 'articubot_one' build argument 'cmake_target_skip_unavailable' from command line to 'False'
[0.318s] Level 5:colcon.colcon_core.verb:set package 'articubot_one' build argument 'cmake_clean_cache' from command line to 'False'
[0.318s] Level 5:colcon.colcon_core.verb:set package 'articubot_one' build argument 'cmake_clean_first' from command line to 'False'
[0.318s] Level 5:colcon.colcon_core.verb:set package 'articubot_one' build argument 'cmake_force_configure' from command line to 'False'
[0.318s] Level 5:colcon.colcon_core.verb:set package 'articubot_one' build argument 'ament_cmake_args' from command line to 'None'
[0.318s] Level 5:colcon.colcon_core.verb:set package 'articubot_one' build argument 'catkin_cmake_args' from command line to 'None'
[0.318s] Level 5:colcon.colcon_core.verb:set package 'articubot_one' build argument 'catkin_skip_building_tests' from command line to 'False'
[0.318s] DEBUG:colcon.colcon_core.verb:Building package 'articubot_one' with the following arguments: {'ament_cmake_args': None, 'build_base': '/home/klo40/ESDA_onboarding/build/articubot_one', 'catkin_cmake_args': None, 'catkin_skip_building_tests': False, 'cmake_args': None, 'cmake_clean_cache': False, 'cmake_clean_first': False, 'cmake_force_configure': False, 'cmake_target': None, 'cmake_target_skip_unavailable': False, 'install_base': '/home/klo40/ESDA_onboarding/install/articubot_one', 'merge_install': False, 'path': '/home/klo40/ESDA_onboarding/articubot_one', 'symlink_install': False, 'test_result_base': None}
[0.318s] Level 5:colcon.colcon_core.verb:set package 'custom_interfaces' build argument 'cmake_args' from command line to 'None'
[0.319s] Level 5:colcon.colcon_core.verb:set package 'custom_interfaces' build argument 'cmake_target' from command line to 'None'
[0.319s] Level 5:colcon.colcon_core.verb:set package 'custom_interfaces' build argument 'cmake_target_skip_unavailable' from command line to 'False'
[0.319s] Level 5:colcon.colcon_core.verb:set package 'custom_interfaces' build argument 'cmake_clean_cache' from command line to 'False'
[0.319s] Level 5:colcon.colcon_core.verb:set package 'custom_interfaces' build argument 'cmake_clean_first' from command line to 'False'
[0.319s] Level 5:colcon.colcon_core.verb:set package 'custom_interfaces' build argument 'cmake_force_configure' from command line to 'False'
[0.319s] Level 5:colcon.colcon_core.verb:set package 'custom_interfaces' build argument 'ament_cmake_args' from command line to 'None'
[0.319s] Level 5:colcon.colcon_core.verb:set package 'custom_interfaces' build argument 'catkin_cmake_args' from command line to 'None'
[0.319s] Level 5:colcon.colcon_core.verb:set package 'custom_interfaces' build argument 'catkin_skip_building_tests' from command line to 'False'
[0.319s] DEBUG:colcon.colcon_core.verb:Building package 'custom_interfaces' with the following arguments: {'ament_cmake_args': None, 'build_base': '/home/klo40/ESDA_onboarding/build/custom_interfaces', 'catkin_cmake_args': None, 'catkin_skip_building_tests': False, 'cmake_args': None, 'cmake_clean_cache': False, 'cmake_clean_first': False, 'cmake_force_configure': False, 'cmake_target': None, 'cmake_target_skip_unavailable': False, 'install_base': '/home/klo40/ESDA_onboarding/install/custom_interfaces', 'merge_install': False, 'path': '/home/klo40/ESDA_onboarding/custom_interfaces', 'symlink_install': False, 'test_result_base': None}
[0.319s] Level 5:colcon.colcon_core.verb:set package 'onboarding_task1' build argument 'cmake_args' from command line to 'None'
[0.319s] Level 5:colcon.colcon_core.verb:set package 'onboarding_task1' build argument 'cmake_target' from command line to 'None'
[0.319s] Level 5:colcon.colcon_core.verb:set package 'onboarding_task1' build argument 'cmake_target_skip_unavailable' from command line to 'False'
[0.319s] Level 5:colcon.colcon_core.verb:set package 'onboarding_task1' build argument 'cmake_clean_cache' from command line to 'False'
[0.319s] Level 5:colcon.colcon_core.verb:set package 'onboarding_task1' build argument 'cmake_clean_first' from command line to 'False'
[0.319s] Level 5:colcon.colcon_core.verb:set package 'onboarding_task1' build argument 'cmake_force_configure' from command line to 'False'
[0.319s] Level 5:colcon.colcon_core.verb:set package 'onboarding_task1' build argument 'ament_cmake_args' from command line to 'None'
[0.319s] Level 5:colcon.colcon_core.verb:set package 'onboarding_task1' build argument 'catkin_cmake_args' from command line to 'None'
[0.319s] Level 5:colcon.colcon_core.verb:set package 'onboarding_task1' build argument 'catkin_skip_building_tests' from command line to 'False'
[0.319s] DEBUG:colcon.colcon_core.verb:Building package 'onboarding_task1' with the following arguments: {'ament_cmake_args': None, 'build_base': '/home/klo40/ESDA_onboarding/build/onboarding_task1', 'catkin_cmake_args': None, 'catkin_skip_building_tests': False, 'cmake_args': None, 'cmake_clean_cache': False, 'cmake_clean_first': False, 'cmake_force_configure': False, 'cmake_target': None, 'cmake_target_skip_unavailable': False, 'install_base': '/home/klo40/ESDA_onboarding/install/onboarding_task1', 'merge_install': False, 'path': '/home/klo40/ESDA_onboarding/onboarding_task1', 'symlink_install': False, 'test_result_base': None}
[0.320s] Level 5:colcon.colcon_core.verb:set package 'waypoint_pub' build argument 'cmake_args' from command line to 'None'
[0.320s] Level 5:colcon.colcon_core.verb:set package 'waypoint_pub' build argument 'cmake_target' from command line to 'None'
[0.320s] Level 5:colcon.colcon_core.verb:set package 'waypoint_pub' build argument 'cmake_target_skip_unavailable' from command line to 'False'
[0.320s] Level 5:colcon.colcon_core.verb:set package 'waypoint_pub' build argument 'cmake_clean_cache' from command line to 'False'
[0.320s] Level 5:colcon.colcon_core.verb:set package 'waypoint_pub' build argument 'cmake_clean_first' from command line to 'False'
[0.320s] Level 5:colcon.colcon_core.verb:set package 'waypoint_pub' build argument 'cmake_force_configure' from command line to 'False'
[0.320s] Level 5:colcon.colcon_core.verb:set package 'waypoint_pub' build argument 'ament_cmake_args' from command line to 'None'
[0.320s] Level 5:colcon.colcon_core.verb:set package 'waypoint_pub' build argument 'catkin_cmake_args' from command line to 'None'
[0.320s] Level 5:colcon.colcon_core.verb:set package 'waypoint_pub' build argument 'catkin_skip_building_tests' from command line to 'False'
[0.320s] DEBUG:colcon.colcon_core.verb:Building package 'waypoint_pub' with the following arguments: {'ament_cmake_args': None, 'build_base': '/home/klo40/ESDA_onboarding/build/waypoint_pub', 'catkin_cmake_args': None, 'catkin_skip_building_tests': False, 'cmake_args': None, 'cmake_clean_cache': False, 'cmake_clean_first': False, 'cmake_force_configure': False, 'cmake_target': None, 'cmake_target_skip_unavailable': False, 'install_base': '/home/klo40/ESDA_onboarding/install/waypoint_pub', 'merge_install': False, 'path': '/home/klo40/ESDA_onboarding/waypoint_pub', 'symlink_install': False, 'test_result_base': None}
[0.320s] INFO:colcon.colcon_core.executor:Executing jobs using 'parallel' executor
[0.325s] DEBUG:colcon.colcon_parallel_executor.executor.parallel:run_until_complete
[0.325s] INFO:colcon.colcon_ros.task.ament_cmake.build:Building ROS package in '/home/klo40/ESDA_onboarding/custom_interfaces' with build type 'ament_cmake'
[0.325s] INFO:colcon.colcon_cmake.task.cmake.build:Building CMake package in '/home/klo40/ESDA_onboarding/custom_interfaces'
[0.330s] INFO:colcon.colcon_core.plugin_system:Skipping extension 'colcon_core.shell.bat': Not used on non-Windows systems
[0.330s] INFO:colcon.colcon_core.shell:Skip shell extension 'powershell' for command environment: Not usable outside of PowerShell
[0.330s] DEBUG:colcon.colcon_core.shell:Skip shell extension 'dsv' for command environment
[0.334s] INFO:colcon.colcon_ros.task.ament_cmake.build:Building ROS package in '/home/klo40/ESDA_onboarding/articubot_one' with build type 'ament_cmake'
[0.334s] INFO:colcon.colcon_cmake.task.cmake.build:Building CMake package in '/home/klo40/ESDA_onboarding/articubot_one'
[0.335s] INFO:colcon.colcon_core.shell:Skip shell extension 'powershell' for command environment: Not usable outside of PowerShell
[0.335s] DEBUG:colcon.colcon_core.shell:Skip shell extension 'dsv' for command environment
[0.349s] DEBUG:colcon.colcon_core.event_handler.log_command:Invoking command in '/home/klo40/ESDA_onboarding/build/custom_interfaces': CMAKE_PREFIX_PATH=${CMAKE_PREFIX_PATH}:/home/klo40/ESDA_onboarding/install/waypoint_pub:/home/klo40/ESDA_onboarding/install/onboarding_task1:/opt/ros/humble /usr/bin/cmake --build /home/klo40/ESDA_onboarding/build/custom_interfaces -- -j4 -l4
[0.356s] DEBUG:colcon.colcon_core.event_handler.log_command:Invoking command in '/home/klo40/ESDA_onboarding/build/articubot_one': CMAKE_PREFIX_PATH=${CMAKE_PREFIX_PATH}:/home/klo40/ESDA_onboarding/install/waypoint_pub:/home/klo40/ESDA_onboarding/install/onboarding_task1:/opt/ros/humble /usr/bin/cmake --build /home/klo40/ESDA_onboarding/build/articubot_one -- -j4 -l4
[0.458s] DEBUG:colcon.colcon_core.event_handler.log_command:Invoked command in '/home/klo40/ESDA_onboarding/build/articubot_one' returned '0': CMAKE_PREFIX_PATH=${CMAKE_PREFIX_PATH}:/home/klo40/ESDA_onboarding/install/waypoint_pub:/home/klo40/ESDA_onboarding/install/onboarding_task1:/opt/ros/humble /usr/bin/cmake --build /home/klo40/ESDA_onboarding/build/articubot_one -- -j4 -l4
[0.631s] DEBUG:colcon.colcon_core.event_handler.log_command:Invoking command in '/home/klo40/ESDA_onboarding/build/articubot_one': CMAKE_PREFIX_PATH=${CMAKE_PREFIX_PATH}:/home/klo40/ESDA_onboarding/install/waypoint_pub:/home/klo40/ESDA_onboarding/install/onboarding_task1:/opt/ros/humble /usr/bin/cmake --install /home/klo40/ESDA_onboarding/build/articubot_one
[0.648s] Level 1:colcon.colcon_core.environment:create_environment_scripts_only(articubot_one)
[0.649s] DEBUG:colcon.colcon_core.event_handler.log_command:Invoked command in '/home/klo40/ESDA_onboarding/build/articubot_one' returned '0': CMAKE_PREFIX_PATH=${CMAKE_PREFIX_PATH}:/home/klo40/ESDA_onboarding/install/waypoint_pub:/home/klo40/ESDA_onboarding/install/onboarding_task1:/opt/ros/humble /usr/bin/cmake --install /home/klo40/ESDA_onboarding/build/articubot_one
[0.652s] Level 1:colcon.colcon_core.environment:checking '/home/klo40/ESDA_onboarding/install/articubot_one' for CMake module files
[0.652s] Level 1:colcon.colcon_core.environment:checking '/home/klo40/ESDA_onboarding/install/articubot_one' for CMake config files
[0.652s] Level 1:colcon.colcon_core.shell:create_environment_hook('articubot_one', 'cmake_prefix_path')
[0.653s] INFO:colcon.colcon_core.shell:Creating environment hook '/home/klo40/ESDA_onboarding/install/articubot_one/share/articubot_one/hook/cmake_prefix_path.ps1'
[0.654s] INFO:colcon.colcon_core.shell:Creating environment descriptor '/home/klo40/ESDA_onboarding/install/articubot_one/share/articubot_one/hook/cmake_prefix_path.dsv'
[0.655s] INFO:colcon.colcon_core.shell:Creating environment hook '/home/klo40/ESDA_onboarding/install/articubot_one/share/articubot_one/hook/cmake_prefix_path.sh'
[0.656s] Level 1:colcon.colcon_core.environment:checking '/home/klo40/ESDA_onboarding/install/articubot_one/bin'
[0.657s] Level 1:colcon.colcon_core.environment:checking '/home/klo40/ESDA_onboarding/install/articubot_one/lib/pkgconfig/articubot_one.pc'
[0.657s] Level 1:colcon.colcon_core.environment:checking '/home/klo40/ESDA_onboarding/install/articubot_one/lib/python3.10/site-packages'
[0.657s] Level 1:colcon.colcon_core.environment:checking '/home/klo40/ESDA_onboarding/install/articubot_one/bin'
[0.659s] INFO:colcon.colcon_core.shell:Creating package script '/home/klo40/ESDA_onboarding/install/articubot_one/share/articubot_one/package.ps1'
[0.660s] INFO:colcon.colcon_core.shell:Creating package descriptor '/home/klo40/ESDA_onboarding/install/articubot_one/share/articubot_one/package.dsv'
[0.660s] INFO:colcon.colcon_core.shell:Creating package script '/home/klo40/ESDA_onboarding/install/articubot_one/share/articubot_one/package.sh'
[0.661s] INFO:colcon.colcon_core.shell:Creating package script '/home/klo40/ESDA_onboarding/install/articubot_one/share/articubot_one/package.bash'
[0.662s] INFO:colcon.colcon_core.shell:Creating package script '/home/klo40/ESDA_onboarding/install/articubot_one/share/articubot_one/package.zsh'
[0.663s] Level 1:colcon.colcon_core.environment:create_file_with_runtime_dependencies(/home/klo40/ESDA_onboarding/install/articubot_one/share/colcon-core/packages/articubot_one)
[0.718s] Level 1:colcon.colcon_core.environment:create_environment_scripts_only(articubot_one)
[0.719s] Level 1:colcon.colcon_core.environment:checking '/home/klo40/ESDA_onboarding/install/articubot_one' for CMake module files
[0.720s] Level 1:colcon.colcon_core.environment:checking '/home/klo40/ESDA_onboarding/install/articubot_one' for CMake config files
[0.721s] Level 1:colcon.colcon_core.shell:create_environment_hook('articubot_one', 'cmake_prefix_path')
[0.721s] INFO:colcon.colcon_core.shell:Creating environment hook '/home/klo40/ESDA_onboarding/install/articubot_one/share/articubot_one/hook/cmake_prefix_path.ps1'
[0.722s] INFO:colcon.colcon_core.shell:Creating environment descriptor '/home/klo40/ESDA_onboarding/install/articubot_one/share/articubot_one/hook/cmake_prefix_path.dsv'
[0.723s] INFO:colcon.colcon_core.shell:Creating environment hook '/home/klo40/ESDA_onboarding/install/articubot_one/share/articubot_one/hook/cmake_prefix_path.sh'
[0.724s] Level 1:colcon.colcon_core.environment:checking '/home/klo40/ESDA_onboarding/install/articubot_one/bin'
[0.724s] Level 1:colcon.colcon_core.environment:checking '/home/klo40/ESDA_onboarding/install/articubot_one/lib/pkgconfig/articubot_one.pc'
[0.725s] Level 1:colcon.colcon_core.environment:checking '/home/klo40/ESDA_onboarding/install/articubot_one/lib/python3.10/site-packages'
[0.725s] Level 1:colcon.colcon_core.environment:checking '/home/klo40/ESDA_onboarding/install/articubot_one/bin'
[0.726s] INFO:colcon.colcon_core.shell:Creating package script '/home/klo40/ESDA_onboarding/install/articubot_one/share/articubot_one/package.ps1'
[0.726s] INFO:colcon.colcon_core.shell:Creating package descriptor '/home/klo40/ESDA_onboarding/install/articubot_one/share/articubot_one/package.dsv'
[0.727s] INFO:colcon.colcon_core.shell:Creating package script '/home/klo40/ESDA_onboarding/install/articubot_one/share/articubot_one/package.sh'
[0.727s] INFO:colcon.colcon_core.shell:Creating package script '/home/klo40/ESDA_onboarding/install/articubot_one/share/articubot_one/package.bash'
[0.728s] INFO:colcon.colcon_core.shell:Creating package script '/home/klo40/ESDA_onboarding/install/articubot_one/share/articubot_one/package.zsh'
[0.728s] Level 1:colcon.colcon_core.environment:create_file_with_runtime_dependencies(/home/klo40/ESDA_onboarding/install/articubot_one/share/colcon-core/packages/articubot_one)
[1.474s] DEBUG:colcon.colcon_core.event_handler.log_command:Invoked command in '/home/klo40/ESDA_onboarding/build/custom_interfaces' returned '0': CMAKE_PREFIX_PATH=${CMAKE_PREFIX_PATH}:/home/klo40/ESDA_onboarding/install/waypoint_pub:/home/klo40/ESDA_onboarding/install/onboarding_task1:/opt/ros/humble /usr/bin/cmake --build /home/klo40/ESDA_onboarding/build/custom_interfaces -- -j4 -l4
[1.635s] DEBUG:colcon.colcon_core.event_handler.log_command:Invoking command in '/home/klo40/ESDA_onboarding/build/custom_interfaces': CMAKE_PREFIX_PATH=${CMAKE_PREFIX_PATH}:/home/klo40/ESDA_onboarding/install/waypoint_pub:/home/klo40/ESDA_onboarding/install/onboarding_task1:/opt/ros/humble /usr/bin/cmake --install /home/klo40/ESDA_onboarding/build/custom_interfaces
[1.706s] Level 1:colcon.colcon_core.environment:create_environment_scripts_only(custom_interfaces)
[1.714s] Level 1:colcon.colcon_core.environment:checking '/home/klo40/ESDA_onboarding/install/custom_interfaces' for CMake module files
[1.719s] Level 1:colcon.colcon_core.environment:checking '/home/klo40/ESDA_onboarding/install/custom_interfaces' for CMake config files
[1.719s] Level 1:colcon.colcon_core.shell:create_environment_hook('custom_interfaces', 'cmake_prefix_path')
[1.720s] INFO:colcon.colcon_core.shell:Creating environment hook '/home/klo40/ESDA_onboarding/install/custom_interfaces/share/custom_interfaces/hook/cmake_prefix_path.ps1'
[1.725s] INFO:colcon.colcon_core.shell:Creating environment descriptor '/home/klo40/ESDA_onboarding/install/custom_interfaces/share/custom_interfaces/hook/cmake_prefix_path.dsv'
[1.726s] DEBUG:colcon.colcon_core.event_handler.log_command:Invoked command in '/home/klo40/ESDA_onboarding/build/custom_interfaces' returned '0': CMAKE_PREFIX_PATH=${CMAKE_PREFIX_PATH}:/home/klo40/ESDA_onboarding/install/waypoint_pub:/home/klo40/ESDA_onboarding/install/onboarding_task1:/opt/ros/humble /usr/bin/cmake --install /home/klo40/ESDA_onboarding/build/custom_interfaces
[1.729s] INFO:colcon.colcon_core.shell:Creating environment hook '/home/klo40/ESDA_onboarding/install/custom_interfaces/share/custom_interfaces/hook/cmake_prefix_path.sh'
[1.738s] Level 1:colcon.colcon_core.environment:checking '/home/klo40/ESDA_onboarding/install/custom_interfaces/lib'
[1.738s] Level 1:colcon.colcon_core.shell:create_environment_hook('custom_interfaces', 'ld_library_path_lib')
[1.739s] INFO:colcon.colcon_core.shell:Creating environment hook '/home/klo40/ESDA_onboarding/install/custom_interfaces/share/custom_interfaces/hook/ld_library_path_lib.ps1'
[1.751s] INFO:colcon.colcon_core.shell:Creating environment descriptor '/home/klo40/ESDA_onboarding/install/custom_interfaces/share/custom_interfaces/hook/ld_library_path_lib.dsv'
[1.752s] INFO:colcon.colcon_core.shell:Creating environment hook '/home/klo40/ESDA_onboarding/install/custom_interfaces/share/custom_interfaces/hook/ld_library_path_lib.sh'
[1.752s] Level 1:colcon.colcon_core.environment:checking '/home/klo40/ESDA_onboarding/install/custom_interfaces/bin'
[1.752s] Level 1:colcon.colcon_core.environment:checking '/home/klo40/ESDA_onboarding/install/custom_interfaces/lib/pkgconfig/custom_interfaces.pc'
[1.752s] Level 1:colcon.colcon_core.environment:checking '/home/klo40/ESDA_onboarding/install/custom_interfaces/lib/python3.10/site-packages'
[1.753s] Level 1:colcon.colcon_core.environment:checking '/home/klo40/ESDA_onboarding/install/custom_interfaces/bin'
[1.754s] INFO:colcon.colcon_core.shell:Creating package script '/home/klo40/ESDA_onboarding/install/custom_interfaces/share/custom_interfaces/package.ps1'
[1.754s] INFO:colcon.colcon_core.shell:Creating package descriptor '/home/klo40/ESDA_onboarding/install/custom_interfaces/share/custom_interfaces/package.dsv'
[1.755s] INFO:colcon.colcon_core.shell:Creating package script '/home/klo40/ESDA_onboarding/install/custom_interfaces/share/custom_interfaces/package.sh'
[1.755s] INFO:colcon.colcon_core.shell:Creating package script '/home/klo40/ESDA_onboarding/install/custom_interfaces/share/custom_interfaces/package.bash'
[1.756s] INFO:colcon.colcon_core.shell:Creating package script '/home/klo40/ESDA_onboarding/install/custom_interfaces/share/custom_interfaces/package.zsh'
[1.757s] Level 1:colcon.colcon_core.environment:create_file_with_runtime_dependencies(/home/klo40/ESDA_onboarding/install/custom_interfaces/share/colcon-core/packages/custom_interfaces)
[2.029s] Level 1:colcon.colcon_core.environment:create_environment_scripts_only(custom_interfaces)
[2.031s] Level 1:colcon.colcon_core.environment:checking '/home/klo40/ESDA_onboarding/install/custom_interfaces' for CMake module files
[2.031s] Level 1:colcon.colcon_core.environment:checking '/home/klo40/ESDA_onboarding/install/custom_interfaces' for CMake config files
[2.032s] Level 1:colcon.colcon_core.shell:create_environment_hook('custom_interfaces', 'cmake_prefix_path')
[2.033s] INFO:colcon.colcon_core.shell:Creating environment hook '/home/klo40/ESDA_onboarding/install/custom_interfaces/share/custom_interfaces/hook/cmake_prefix_path.ps1'
[2.033s] INFO:colcon.colcon_core.shell:Creating environment descriptor '/home/klo40/ESDA_onboarding/install/custom_interfaces/share/custom_interfaces/hook/cmake_prefix_path.dsv'
[2.034s] INFO:colcon.colcon_core.shell:Creating environment hook '/home/klo40/ESDA_onboarding/install/custom_interfaces/share/custom_interfaces/hook/cmake_prefix_path.sh'
[2.034s] Level 1:colcon.colcon_core.environment:checking '/home/klo40/ESDA_onboarding/install/custom_interfaces/lib'
[2.035s] Level 1:colcon.colcon_core.shell:create_environment_hook('custom_interfaces', 'ld_library_path_lib')
[2.036s] INFO:colcon.colcon_core.shell:Creating environment hook '/home/klo40/ESDA_onboarding/install/custom_interfaces/share/custom_interfaces/hook/ld_library_path_lib.ps1'
[2.036s] INFO:colcon.colcon_core.shell:Creating environment descriptor '/home/klo40/ESDA_onboarding/install/custom_interfaces/share/custom_interfaces/hook/ld_library_path_lib.dsv'
[2.036s] INFO:colcon.colcon_core.shell:Creating environment hook '/home/klo40/ESDA_onboarding/install/custom_interfaces/share/custom_interfaces/hook/ld_library_path_lib.sh'
[2.037s] Level 1:colcon.colcon_core.environment:checking '/home/klo40/ESDA_onboarding/install/custom_interfaces/bin'
[2.037s] Level 1:colcon.colcon_core.environment:checking '/home/klo40/ESDA_onboarding/install/custom_interfaces/lib/pkgconfig/custom_interfaces.pc'
[2.037s] Level 1:colcon.colcon_core.environment:checking '/home/klo40/ESDA_onboarding/install/custom_interfaces/lib/python3.10/site-packages'
[2.037s] Level 1:colcon.colcon_core.environment:checking '/home/klo40/ESDA_onboarding/install/custom_interfaces/bin'
[2.038s] INFO:colcon.colcon_core.shell:Creating package script '/home/klo40/ESDA_onboarding/install/custom_interfaces/share/custom_interfaces/package.ps1'
[2.039s] INFO:colcon.colcon_core.shell:Creating package descriptor '/home/klo40/ESDA_onboarding/install/custom_interfaces/share/custom_interfaces/package.dsv'
[2.040s] INFO:colcon.colcon_core.shell:Creating package script '/home/klo40/ESDA_onboarding/install/custom_interfaces/share/custom_interfaces/package.sh'
[2.040s] INFO:colcon.colcon_core.shell:Creating package script '/home/klo40/ESDA_onboarding/install/custom_interfaces/share/custom_interfaces/package.bash'
[2.041s] INFO:colcon.colcon_core.shell:Creating package script '/home/klo40/ESDA_onboarding/install/custom_interfaces/share/custom_interfaces/package.zsh'
[2.042s] Level 1:colcon.colcon_core.environment:create_file_with_runtime_dependencies(/home/klo40/ESDA_onboarding/install/custom_interfaces/share/colcon-core/packages/custom_interfaces)
[2.043s] INFO:colcon.colcon_ros.task.ament_python.build:Building ROS package in '/home/klo40/ESDA_onboarding/onboarding_task1' with build type 'ament_python'
[2.043s] Level 1:colcon.colcon_core.shell:create_environment_hook('onboarding_task1', 'ament_prefix_path')
[2.044s] INFO:colcon.colcon_core.shell:Creating environment hook '/home/klo40/ESDA_onboarding/install/onboarding_task1/share/onboarding_task1/hook/ament_prefix_path.ps1'
[2.045s] INFO:colcon.colcon_core.shell:Creating environment descriptor '/home/klo40/ESDA_onboarding/install/onboarding_task1/share/onboarding_task1/hook/ament_prefix_path.dsv'
[2.045s] INFO:colcon.colcon_core.shell:Creating environment hook '/home/klo40/ESDA_onboarding/install/onboarding_task1/share/onboarding_task1/hook/ament_prefix_path.sh'
[2.047s] INFO:colcon.colcon_core.shell:Skip shell extension 'powershell' for command environment: Not usable outside of PowerShell
[2.047s] DEBUG:colcon.colcon_core.shell:Skip shell extension 'dsv' for command environment
[2.051s] INFO:colcon.colcon_ros.task.ament_python.build:Building ROS package in '/home/klo40/ESDA_onboarding/waypoint_pub' with build type 'ament_python'
[2.051s] Level 1:colcon.colcon_core.shell:create_environment_hook('waypoint_pub', 'ament_prefix_path')
[2.052s] INFO:colcon.colcon_core.shell:Creating environment hook '/home/klo40/ESDA_onboarding/install/waypoint_pub/share/waypoint_pub/hook/ament_prefix_path.ps1'
[2.060s] INFO:colcon.colcon_core.shell:Creating environment descriptor '/home/klo40/ESDA_onboarding/install/waypoint_pub/share/waypoint_pub/hook/ament_prefix_path.dsv'
[2.062s] INFO:colcon.colcon_core.shell:Creating environment hook '/home/klo40/ESDA_onboarding/install/waypoint_pub/share/waypoint_pub/hook/ament_prefix_path.sh'
[2.063s] INFO:colcon.colcon_core.shell:Skip shell extension 'powershell' for command environment: Not usable outside of PowerShell
[2.063s] DEBUG:colcon.colcon_core.shell:Skip shell extension 'dsv' for command environment
[2.352s] INFO:colcon.colcon_core.task.python.build:Building Python package in '/home/klo40/ESDA_onboarding/onboarding_task1'
[2.354s] INFO:colcon.colcon_core.shell:Skip shell extension 'powershell' for command environment: Not usable outside of PowerShell
[2.354s] DEBUG:colcon.colcon_core.shell:Skip shell extension 'dsv' for command environment
[2.545s] INFO:colcon.colcon_core.task.python.build:Building Python package in '/home/klo40/ESDA_onboarding/waypoint_pub'
[2.546s] INFO:colcon.colcon_core.shell:Skip shell extension 'powershell' for command environment: Not usable outside of PowerShell
[2.546s] DEBUG:colcon.colcon_core.shell:Skip shell extension 'dsv' for command environment
[2.835s] DEBUG:colcon.colcon_core.event_handler.log_command:Invoking command in '/home/klo40/ESDA_onboarding/onboarding_task1': PYTHONPATH=/home/klo40/ESDA_onboarding/build/onboarding_task1/prefix_override:/home/klo40/ESDA_onboarding/install/onboarding_task1/lib/python3.10/site-packages:${PYTHONPATH} /usr/bin/python3 setup.py egg_info --egg-base ../build/onboarding_task1 build --build-base /home/klo40/ESDA_onboarding/build/onboarding_task1/build install --record /home/klo40/ESDA_onboarding/build/onboarding_task1/install.log --single-version-externally-managed
[2.870s] DEBUG:colcon.colcon_core.event_handler.log_command:Invoking command in '/home/klo40/ESDA_onboarding/waypoint_pub': PYTHONPATH=/home/klo40/ESDA_onboarding/build/waypoint_pub/prefix_override:/home/klo40/ESDA_onboarding/install/waypoint_pub/lib/python3.10/site-packages:${PYTHONPATH} /usr/bin/python3 setup.py egg_info --egg-base ../build/waypoint_pub build --build-base /home/klo40/ESDA_onboarding/build/waypoint_pub/build install --record /home/klo40/ESDA_onboarding/build/waypoint_pub/install.log --single-version-externally-managed
[3.118s] Level 1:colcon.colcon_core.environment:checking '/home/klo40/ESDA_onboarding/install/onboarding_task1' for CMake module files
[3.120s] Level 1:colcon.colcon_core.environment:checking '/home/klo40/ESDA_onboarding/install/onboarding_task1' for CMake config files
[3.121s] Level 1:colcon.colcon_core.environment:checking '/home/klo40/ESDA_onboarding/install/onboarding_task1/lib'
[3.121s] Level 1:colcon.colcon_core.environment:checking '/home/klo40/ESDA_onboarding/install/onboarding_task1/bin'
[3.121s] Level 1:colcon.colcon_core.environment:checking '/home/klo40/ESDA_onboarding/install/onboarding_task1/lib/pkgconfig/onboarding_task1.pc'
[3.121s] Level 1:colcon.colcon_core.environment:checking '/home/klo40/ESDA_onboarding/install/onboarding_task1/lib/python3.10/site-packages'
[3.121s] Level 1:colcon.colcon_core.shell:create_environment_hook('onboarding_task1', 'pythonpath')
[3.122s] INFO:colcon.colcon_core.shell:Creating environment hook '/home/klo40/ESDA_onboarding/install/onboarding_task1/share/onboarding_task1/hook/pythonpath.ps1'
[3.123s] INFO:colcon.colcon_core.shell:Creating environment descriptor '/home/klo40/ESDA_onboarding/install/onboarding_task1/share/onboarding_task1/hook/pythonpath.dsv'
[3.123s] INFO:colcon.colcon_core.shell:Creating environment hook '/home/klo40/ESDA_onboarding/install/onboarding_task1/share/onboarding_task1/hook/pythonpath.sh'
[3.124s] Level 1:colcon.colcon_core.environment:checking '/home/klo40/ESDA_onboarding/install/onboarding_task1/bin'
[3.124s] Level 1:colcon.colcon_core.environment:create_environment_scripts_only(onboarding_task1)
[3.125s] INFO:colcon.colcon_core.shell:Creating package script '/home/klo40/ESDA_onboarding/install/onboarding_task1/share/onboarding_task1/package.ps1'
[3.126s] INFO:colcon.colcon_core.shell:Creating package descriptor '/home/klo40/ESDA_onboarding/install/onboarding_task1/share/onboarding_task1/package.dsv'
[3.127s] DEBUG:colcon.colcon_core.event_handler.log_command:Invoked command in '/home/klo40/ESDA_onboarding/onboarding_task1' returned '0': PYTHONPATH=/home/klo40/ESDA_onboarding/build/onboarding_task1/prefix_override:/home/klo40/ESDA_onboarding/install/onboarding_task1/lib/python3.10/site-packages:${PYTHONPATH} /usr/bin/python3 setup.py egg_info --egg-base ../build/onboarding_task1 build --build-base /home/klo40/ESDA_onboarding/build/onboarding_task1/build install --record /home/klo40/ESDA_onboarding/build/onboarding_task1/install.log --single-version-externally-managed
[3.127s] INFO:colcon.colcon_core.shell:Creating package script '/home/klo40/ESDA_onboarding/install/onboarding_task1/share/onboarding_task1/package.sh'
[3.127s] INFO:colcon.colcon_core.shell:Creating package script '/home/klo40/ESDA_onboarding/install/onboarding_task1/share/onboarding_task1/package.bash'
[3.128s] INFO:colcon.colcon_core.shell:Creating package script '/home/klo40/ESDA_onboarding/install/onboarding_task1/share/onboarding_task1/package.zsh'
[3.128s] Level 1:colcon.colcon_core.environment:create_file_with_runtime_dependencies(/home/klo40/ESDA_onboarding/install/onboarding_task1/share/colcon-core/packages/onboarding_task1)
[3.142s] Level 1:colcon.colcon_core.environment:checking '/home/klo40/ESDA_onboarding/install/waypoint_pub' for CMake module files
[3.142s] DEBUG:colcon.colcon_core.event_handler.log_command:Invoked command in '/home/klo40/ESDA_onboarding/waypoint_pub' returned '0': PYTHONPATH=/home/klo40/ESDA_onboarding/build/waypoint_pub/prefix_override:/home/klo40/ESDA_onboarding/install/waypoint_pub/lib/python3.10/site-packages:${PYTHONPATH} /usr/bin/python3 setup.py egg_info --egg-base ../build/waypoint_pub build --build-base /home/klo40/ESDA_onboarding/build/waypoint_pub/build install --record /home/klo40/ESDA_onboarding/build/waypoint_pub/install.log --single-version-externally-managed
[3.148s] Level 1:colcon.colcon_core.environment:checking '/home/klo40/ESDA_onboarding/install/waypoint_pub' for CMake config files
[3.148s] Level 1:colcon.colcon_core.environment:checking '/home/klo40/ESDA_onboarding/install/waypoint_pub/lib'
[3.148s] Level 1:colcon.colcon_core.environment:checking '/home/klo40/ESDA_onboarding/install/waypoint_pub/bin'
[3.148s] Level 1:colcon.colcon_core.environment:checking '/home/klo40/ESDA_onboarding/install/waypoint_pub/lib/pkgconfig/waypoint_pub.pc'
[3.149s] Level 1:colcon.colcon_core.environment:checking '/home/klo40/ESDA_onboarding/install/waypoint_pub/lib/python3.10/site-packages'
[3.149s] Level 1:colcon.colcon_core.shell:create_environment_hook('waypoint_pub', 'pythonpath')
[3.150s] INFO:colcon.colcon_core.shell:Creating environment hook '/home/klo40/ESDA_onboarding/install/waypoint_pub/share/waypoint_pub/hook/pythonpath.ps1'
[3.162s] INFO:colcon.colcon_core.shell:Creating environment descriptor '/home/klo40/ESDA_onboarding/install/waypoint_pub/share/waypoint_pub/hook/pythonpath.dsv'
[3.173s] INFO:colcon.colcon_core.shell:Creating environment hook '/home/klo40/ESDA_onboarding/install/waypoint_pub/share/waypoint_pub/hook/pythonpath.sh'
[3.175s] Level 1:colcon.colcon_core.environment:checking '/home/klo40/ESDA_onboarding/install/waypoint_pub/bin'
[3.175s] Level 1:colcon.colcon_core.environment:create_environment_scripts_only(waypoint_pub)
[3.182s] INFO:colcon.colcon_core.shell:Creating package script '/home/klo40/ESDA_onboarding/install/waypoint_pub/share/waypoint_pub/package.ps1'
[3.193s] INFO:colcon.colcon_core.shell:Creating package descriptor '/home/klo40/ESDA_onboarding/install/waypoint_pub/share/waypoint_pub/package.dsv'
[3.197s] INFO:colcon.colcon_core.shell:Creating package script '/home/klo40/ESDA_onboarding/install/waypoint_pub/share/waypoint_pub/package.sh'
[3.200s] INFO:colcon.colcon_core.shell:Creating package script '/home/klo40/ESDA_onboarding/install/waypoint_pub/share/waypoint_pub/package.bash'
[3.205s] INFO:colcon.colcon_core.shell:Creating package script '/home/klo40/ESDA_onboarding/install/waypoint_pub/share/waypoint_pub/package.zsh'
[3.220s] Level 1:colcon.colcon_core.environment:create_file_with_runtime_dependencies(/home/klo40/ESDA_onboarding/install/waypoint_pub/share/colcon-core/packages/waypoint_pub)
[3.224s] DEBUG:colcon.colcon_parallel_executor.executor.parallel:closing loop
[3.226s] DEBUG:colcon.colcon_parallel_executor.executor.parallel:loop closed
[3.226s] DEBUG:colcon.colcon_parallel_executor.executor.parallel:run_until_complete finished with '0'
[3.226s] DEBUG:colcon.colcon_core.event_reactor:joining thread
[3.241s] INFO:colcon.colcon_core.plugin_system:Skipping extension 'colcon_notification.desktop_notification.terminal_notifier': Not used on non-Darwin systems
[3.241s] INFO:colcon.colcon_core.plugin_system:Skipping extension 'colcon_notification.desktop_notification.win32': Not used on non-Windows systems
[3.241s] INFO:colcon.colcon_notification.desktop_notification:Sending desktop notification using 'notify2'
[3.255s] DEBUG:colcon.colcon_core.event_reactor:joined thread
[3.266s] INFO:colcon.colcon_core.shell:Creating prefix script '/home/klo40/ESDA_onboarding/install/local_setup.ps1'
[3.268s] INFO:colcon.colcon_core.shell:Creating prefix util module '/home/klo40/ESDA_onboarding/install/_local_setup_util_ps1.py'
[3.269s] INFO:colcon.colcon_core.shell:Creating prefix chain script '/home/klo40/ESDA_onboarding/install/setup.ps1'
[3.270s] INFO:colcon.colcon_core.shell:Creating prefix script '/home/klo40/ESDA_onboarding/install/local_setup.sh'
[3.271s] INFO:colcon.colcon_core.shell:Creating prefix util module '/home/klo40/ESDA_onboarding/install/_local_setup_util_sh.py'
[3.293s] INFO:colcon.colcon_core.shell:Creating prefix chain script '/home/klo40/ESDA_onboarding/install/setup.sh'
[3.297s] INFO:colcon.colcon_core.shell:Creating prefix script '/home/klo40/ESDA_onboarding/install/local_setup.bash'
[3.313s] INFO:colcon.colcon_core.shell:Creating prefix chain script '/home/klo40/ESDA_onboarding/install/setup.bash'
[3.316s] INFO:colcon.colcon_core.shell:Creating prefix script '/home/klo40/ESDA_onboarding/install/local_setup.zsh'
[3.319s] INFO:colcon.colcon_core.shell:Creating prefix chain script '/home/klo40/ESDA_onboarding/install/setup.zsh'
