[0.953s] Invoking command in '/home/klo40/ESDA_onboarding/onboarding_task1': PYTHONPATH=/home/klo40/ESDA_onboarding/build/onboarding_task1/prefix_override:/home/klo40/ESDA_onboarding/install/onboarding_task1/lib/python3.10/site-packages:${PYTHONPATH} /usr/bin/python3 setup.py egg_info --egg-base ../build/onboarding_task1 build --build-base /home/klo40/ESDA_onboarding/build/onboarding_task1/build install --record /home/klo40/ESDA_onboarding/build/onboarding_task1/install.log --single-version-externally-managed
[1.297s] running egg_info
[1.298s] creating ../build/onboarding_task1/onboarding_task1.egg-info
[1.298s] writing ../build/onboarding_task1/onboarding_task1.egg-info/PKG-INFO
[1.298s] writing dependency_links to ../build/onboarding_task1/onboarding_task1.egg-info/dependency_links.txt
[1.298s] writing entry points to ../build/onboarding_task1/onboarding_task1.egg-info/entry_points.txt
[1.298s] writing requirements to ../build/onboarding_task1/onboarding_task1.egg-info/requires.txt
[1.298s] writing top-level names to ../build/onboarding_task1/onboarding_task1.egg-info/top_level.txt
[1.310s] writing manifest file '../build/onboarding_task1/onboarding_task1.egg-info/SOURCES.txt'
[1.315s] reading manifest file '../build/onboarding_task1/onboarding_task1.egg-info/SOURCES.txt'
[1.315s] writing manifest file '../build/onboarding_task1/onboarding_task1.egg-info/SOURCES.txt'
[1.315s] running build
[1.315s] running build_py
[1.315s] creating /home/klo40/ESDA_onboarding/build/onboarding_task1/build
[1.315s] creating /home/klo40/ESDA_onboarding/build/onboarding_task1/build/lib
[1.315s] creating /home/klo40/ESDA_onboarding/build/onboarding_task1/build/lib/onboarding_task1
[1.315s] copying onboarding_task1/trial.py -> /home/klo40/ESDA_onboarding/build/onboarding_task1/build/lib/onboarding_task1
[1.315s] copying onboarding_task1/control.py -> /home/klo40/ESDA_onboarding/build/onboarding_task1/build/lib/onboarding_task1
[1.315s] copying onboarding_task1/__init__.py -> /home/klo40/ESDA_onboarding/build/onboarding_task1/build/lib/onboarding_task1
[1.315s] copying onboarding_task1/sense.py -> /home/klo40/ESDA_onboarding/build/onboarding_task1/build/lib/onboarding_task1
[1.315s] copying onboarding_task1/laser_to_grid_node.py -> /home/klo40/ESDA_onboarding/build/onboarding_task1/build/lib/onboarding_task1
[1.315s] running install
[1.321s] /usr/lib/python3/dist-packages/setuptools/command/install.py:34: SetuptoolsDeprecationWarning: setup.py install is deprecated. Use build and pip and other standards-based tools.
[1.322s]   warnings.warn(
[1.323s] running install_lib
[1.323s] creating /home/klo40/ESDA_onboarding/install/onboarding_task1/lib/python3.10/site-packages/onboarding_task1
[1.323s] copying /home/klo40/ESDA_onboarding/build/onboarding_task1/build/lib/onboarding_task1/trial.py -> /home/klo40/ESDA_onboarding/install/onboarding_task1/lib/python3.10/site-packages/onboarding_task1
[1.323s] copying /home/klo40/ESDA_onboarding/build/onboarding_task1/build/lib/onboarding_task1/control.py -> /home/klo40/ESDA_onboarding/install/onboarding_task1/lib/python3.10/site-packages/onboarding_task1
[1.323s] copying /home/klo40/ESDA_onboarding/build/onboarding_task1/build/lib/onboarding_task1/__init__.py -> /home/klo40/ESDA_onboarding/install/onboarding_task1/lib/python3.10/site-packages/onboarding_task1
[1.323s] copying /home/klo40/ESDA_onboarding/build/onboarding_task1/build/lib/onboarding_task1/sense.py -> /home/klo40/ESDA_onboarding/install/onboarding_task1/lib/python3.10/site-packages/onboarding_task1
[1.323s] copying /home/klo40/ESDA_onboarding/build/onboarding_task1/build/lib/onboarding_task1/laser_to_grid_node.py -> /home/klo40/ESDA_onboarding/install/onboarding_task1/lib/python3.10/site-packages/onboarding_task1
[1.324s] byte-compiling /home/klo40/ESDA_onboarding/install/onboarding_task1/lib/python3.10/site-packages/onboarding_task1/trial.py to trial.cpython-310.pyc
[1.325s] byte-compiling /home/klo40/ESDA_onboarding/install/onboarding_task1/lib/python3.10/site-packages/onboarding_task1/control.py to control.cpython-310.pyc
[1.326s] byte-compiling /home/klo40/ESDA_onboarding/install/onboarding_task1/lib/python3.10/site-packages/onboarding_task1/__init__.py to __init__.cpython-310.pyc
[1.326s] byte-compiling /home/klo40/ESDA_onboarding/install/onboarding_task1/lib/python3.10/site-packages/onboarding_task1/sense.py to sense.cpython-310.pyc
[1.326s] byte-compiling /home/klo40/ESDA_onboarding/install/onboarding_task1/lib/python3.10/site-packages/onboarding_task1/laser_to_grid_node.py to laser_to_grid_node.cpython-310.pyc
[1.327s] running install_data
[1.328s] creating /home/klo40/ESDA_onboarding/install/onboarding_task1/share/ament_index
[1.328s] creating /home/klo40/ESDA_onboarding/install/onboarding_task1/share/ament_index/resource_index
[1.328s] creating /home/klo40/ESDA_onboarding/install/onboarding_task1/share/ament_index/resource_index/packages
[1.328s] copying resource/onboarding_task1 -> /home/klo40/ESDA_onboarding/install/onboarding_task1/share/ament_index/resource_index/packages
[1.328s] copying package.xml -> /home/klo40/ESDA_onboarding/install/onboarding_task1/share/onboarding_task1
[1.328s] running install_egg_info
[1.330s] Copying ../build/onboarding_task1/onboarding_task1.egg-info to /home/klo40/ESDA_onboarding/install/onboarding_task1/lib/python3.10/site-packages/onboarding_task1-0.0.0-py3.10.egg-info
[1.331s] running install_scripts
[1.355s] Installing control_publisher script to /home/klo40/ESDA_onboarding/install/onboarding_task1/lib/onboarding_task1
[1.355s] Installing laser_to_grid script to /home/klo40/ESDA_onboarding/install/onboarding_task1/lib/onboarding_task1
[1.355s] Installing laserscan script to /home/klo40/ESDA_onboarding/install/onboarding_task1/lib/onboarding_task1
[1.355s] Installing trial script to /home/klo40/ESDA_onboarding/install/onboarding_task1/lib/onboarding_task1
[1.355s] writing list of installed files to '/home/klo40/ESDA_onboarding/build/onboarding_task1/install.log'
[1.398s] Invoked command in '/home/klo40/ESDA_onboarding/onboarding_task1' returned '0': PYTHONPATH=/home/klo40/ESDA_onboarding/build/onboarding_task1/prefix_override:/home/klo40/ESDA_onboarding/install/onboarding_task1/lib/python3.10/site-packages:${PYTHONPATH} /usr/bin/python3 setup.py egg_info --egg-base ../build/onboarding_task1 build --build-base /home/klo40/ESDA_onboarding/build/onboarding_task1/build install --record /home/klo40/ESDA_onboarding/build/onboarding_task1/install.log --single-version-externally-managed
