/home/klo40/ESDA_onboarding/install/onboarding_task1/lib/python3.10/site-packages/onboarding_task1/control.py
/home/klo40/ESDA_onboarding/install/onboarding_task1/lib/python3.10/site-packages/onboarding_task1/sense.py
/home/klo40/ESDA_onboarding/install/onboarding_task1/lib/python3.10/site-packages/onboarding_task1/trial.py
/home/klo40/ESDA_onboarding/install/onboarding_task1/lib/python3.10/site-packages/onboarding_task1/__init__.py
/home/klo40/ESDA_onboarding/install/onboarding_task1/lib/python3.10/site-packages/onboarding_task1/__pycache__/control.cpython-310.pyc
/home/klo40/ESDA_onboarding/install/onboarding_task1/lib/python3.10/site-packages/onboarding_task1/__pycache__/sense.cpython-310.pyc
/home/klo40/ESDA_onboarding/install/onboarding_task1/lib/python3.10/site-packages/onboarding_task1/__pycache__/trial.cpython-310.pyc
/home/klo40/ESDA_onboarding/install/onboarding_task1/lib/python3.10/site-packages/onboarding_task1/__pycache__/__init__.cpython-310.pyc
/home/klo40/ESDA_onboarding/install/onboarding_task1/share/ament_index/resource_index/packages/onboarding_task1
/home/klo40/ESDA_onboarding/install/onboarding_task1/share/onboarding_task1/package.xml
/home/klo40/ESDA_onboarding/install/onboarding_task1/lib/python3.10/site-packages/onboarding_task1-0.0.0-py3.10.egg-info/zip-safe
/home/klo40/ESDA_onboarding/install/onboarding_task1/lib/python3.10/site-packages/onboarding_task1-0.0.0-py3.10.egg-info/PKG-INFO
/home/klo40/ESDA_onboarding/install/onboarding_task1/lib/python3.10/site-packages/onboarding_task1-0.0.0-py3.10.egg-info/top_level.txt
/home/klo40/ESDA_onboarding/install/onboarding_task1/lib/python3.10/site-packages/onboarding_task1-0.0.0-py3.10.egg-info/SOURCES.txt
/home/klo40/ESDA_onboarding/install/onboarding_task1/lib/python3.10/site-packages/onboarding_task1-0.0.0-py3.10.egg-info/entry_points.txt
/home/klo40/ESDA_onboarding/install/onboarding_task1/lib/python3.10/site-packages/onboarding_task1-0.0.0-py3.10.egg-info/requires.txt
/home/klo40/ESDA_onboarding/install/onboarding_task1/lib/python3.10/site-packages/onboarding_task1-0.0.0-py3.10.egg-info/dependency_links.txt
/home/klo40/ESDA_onboarding/install/onboarding_task1/lib/onboarding_task1/control_publisher
/home/klo40/ESDA_onboarding/install/onboarding_task1/lib/onboarding_task1/laserscan
/home/klo40/ESDA_onboarding/install/onboarding_task1/lib/onboarding_task1/trial
