[0.720s] Invoking command in '/home/klo40/ESDA_onboarding/onboarding_task1': PYTHONPATH=/home/klo40/ESDA_onboarding/build/onboarding_task1/prefix_override:/home/klo40/ESDA_onboarding/install/onboarding_task1/lib/python3.10/site-packages:${PYTHONPATH} /usr/bin/python3 setup.py egg_info --egg-base ../build/onboarding_task1 build --build-base /home/klo40/ESDA_onboarding/build/onboarding_task1/build install --record /home/klo40/ESDA_onboarding/build/onboarding_task1/install.log --single-version-externally-managed
[0.943s] running egg_info
[0.944s] writing ../build/onboarding_task1/onboarding_task1.egg-info/PKG-INFO
[0.944s] writing dependency_links to ../build/onboarding_task1/onboarding_task1.egg-info/dependency_links.txt
[0.944s] writing entry points to ../build/onboarding_task1/onboarding_task1.egg-info/entry_points.txt
[0.945s] writing requirements to ../build/onboarding_task1/onboarding_task1.egg-info/requires.txt
[0.945s] writing top-level names to ../build/onboarding_task1/onboarding_task1.egg-info/top_level.txt
[0.947s] reading manifest file '../build/onboarding_task1/onboarding_task1.egg-info/SOURCES.txt'
[0.948s] writing manifest file '../build/onboarding_task1/onboarding_task1.egg-info/SOURCES.txt'
[0.949s] running build
[0.949s] running build_py
[0.951s] running install
[0.951s] /usr/lib/python3/dist-packages/setuptools/command/install.py:34: SetuptoolsDeprecationWarning: setup.py install is deprecated. Use build and pip and other standards-based tools.
[0.951s]   warnings.warn(
[0.951s] running install_lib
[0.953s] running install_data
[0.953s] running install_egg_info
[0.955s] removing '/home/klo40/ESDA_onboarding/install/onboarding_task1/lib/python3.10/site-packages/onboarding_task1-0.0.0-py3.10.egg-info' (and everything under it)
[0.956s] Copying ../build/onboarding_task1/onboarding_task1.egg-info to /home/klo40/ESDA_onboarding/install/onboarding_task1/lib/python3.10/site-packages/onboarding_task1-0.0.0-py3.10.egg-info
[0.957s] running install_scripts
[0.984s] Installing control_publisher script to /home/klo40/ESDA_onboarding/install/onboarding_task1/lib/onboarding_task1
[0.984s] Installing laserscan = onboarding_task1.sense:mainsense_publisher script to /home/klo40/ESDA_onboarding/install/onboarding_task1/lib/onboarding_task1
[0.984s] writing list of installed files to '/home/klo40/ESDA_onboarding/build/onboarding_task1/install.log'
[1.047s] Invoked command in '/home/klo40/ESDA_onboarding/onboarding_task1' returned '0': PYTHONPATH=/home/klo40/ESDA_onboarding/build/onboarding_task1/prefix_override:/home/klo40/ESDA_onboarding/install/onboarding_task1/lib/python3.10/site-packages:${PYTHONPATH} /usr/bin/python3 setup.py egg_info --egg-base ../build/onboarding_task1 build --build-base /home/klo40/ESDA_onboarding/build/onboarding_task1/build install --record /home/klo40/ESDA_onboarding/build/onboarding_task1/install.log --single-version-externally-managed
