[0.036s] Invoking command in '/home/mcav/dbat/ESDA_onboarding/build/custom_interfaces': CMAKE_PREFIX_PATH=/opt/ros/humble /usr/bin/cmake /home/mcav/dbat/ESDA_onboarding/custom_interfaces -DCMAKE_INSTALL_PREFIX=/home/mcav/dbat/ESDA_onboarding/install/custom_interfaces
[0.114s] -- The C compiler identification is GNU 11.4.0
[0.198s] -- The CXX compiler identification is GNU 11.4.0
[0.206s] -- Detecting C compiler ABI info
[0.307s] -- Detecting C compiler ABI info - done
[0.319s] -- Check for working C compiler: /usr/bin/cc - skipped
[0.320s] -- Detecting C compile features
[0.320s] -- Detecting C compile features - done
[0.326s] -- Detecting CXX compiler ABI info
[0.431s] -- Detecting CXX compiler ABI info - done
[0.440s] -- Check for working CXX compiler: /usr/bin/c++ - skipped
[0.441s] -- Detecting CXX compile features
[0.442s] -- Detecting CXX compile features - done
[0.446s] -- Found ament_cmake: 1.3.5 (/opt/ros/humble/share/ament_cmake/cmake)
[0.701s] -- Found Python3: /usr/bin/python3.10 (found version "3.10.12") found components: Interpreter 
[0.824s] -- Found rosidl_default_generators: 1.2.0 (/opt/ros/humble/share/rosidl_default_generators/cmake)
[0.828s] -- Using all available rosidl_typesupport_c: rosidl_typesupport_fastrtps_c;rosidl_typesupport_introspection_c
[0.835s] -- Found rosidl_adapter: 3.1.5 (/opt/ros/humble/share/rosidl_adapter/cmake)
[0.883s] -- Using all available rosidl_typesupport_cpp: rosidl_typesupport_fastrtps_cpp;rosidl_typesupport_introspection_cpp
[1.324s] -- Found ament_cmake_ros: 0.10.0 (/opt/ros/humble/share/ament_cmake_ros/cmake)
[1.570s] -- Using all available rosidl_typesupport_c: rosidl_typesupport_fastrtps_c;rosidl_typesupport_introspection_c
[1.865s] -- Using all available rosidl_typesupport_cpp: rosidl_typesupport_fastrtps_cpp;rosidl_typesupport_introspection_cpp
[1.886s] -- Found PythonInterp: /usr/bin/python3 (found suitable version "3.10.12", minimum required is "3.6") 
[1.887s] -- Found python_cmake_module: 0.10.0 (/opt/ros/humble/share/python_cmake_module/cmake)
[1.915s] -- Found PythonLibs: /usr/lib/x86_64-linux-gnu/libpython3.10.so (found suitable version "3.10.12", minimum required is "3.5") 
[1.915s] -- Using PYTHON_EXECUTABLE: /usr/bin/python3
[1.915s] -- Using PYTHON_INCLUDE_DIRS: /usr/include/python3.10
[1.915s] -- Using PYTHON_LIBRARIES: /usr/lib/x86_64-linux-gnu/libpython3.10.so
[1.934s] -- Found PythonExtra: .so  
[1.961s] -- Found ament_lint_auto: 0.12.7 (/opt/ros/humble/share/ament_lint_auto/cmake)
[1.977s] -- Added test 'lint_cmake' to check CMake code style
[1.978s] -- Added test 'xmllint' to check XML markup files
[1.980s] -- Configuring done
[2.013s] -- Generating done
[2.016s] -- Build files have been written to: /home/mcav/dbat/ESDA_onboarding/build/custom_interfaces
[2.030s] Invoked command in '/home/mcav/dbat/ESDA_onboarding/build/custom_interfaces' returned '0': CMAKE_PREFIX_PATH=/opt/ros/humble /usr/bin/cmake /home/mcav/dbat/ESDA_onboarding/custom_interfaces -DCMAKE_INSTALL_PREFIX=/home/mcav/dbat/ESDA_onboarding/install/custom_interfaces
[2.031s] Invoking command in '/home/mcav/dbat/ESDA_onboarding/build/custom_interfaces': CMAKE_PREFIX_PATH=/opt/ros/humble /usr/bin/cmake --build /home/mcav/dbat/ESDA_onboarding/build/custom_interfaces -- -j8 -l8
[2.089s] [  3%] [34m[1mGenerating C code for ROS interfaces[0m
[2.100s] [  6%] [34m[1mGenerating C++ code for ROS interfaces[0m
[2.109s] [  6%] Built target ament_cmake_python_copy_custom_interfaces
[2.480s] [  6%] Built target custom_interfaces__cpp
[2.492s] [  9%] [34m[1mGenerating C++ type support for eProsima Fast-RTPS[0m
[2.492s] [ 12%] [34m[1mGenerating C++ introspection for ROS interfaces[0m
[2.496s] [ 16%] [34m[1mGenerating C++ type support dispatch for ROS interfaces[0m
[2.607s] [ 19%] [32mBuilding C object CMakeFiles/custom_interfaces__rosidl_generator_c.dir/rosidl_generator_c/custom_interfaces/msg/detail/waypoint__functions.c.o[0m
[2.610s] running egg_info
[2.611s] creating custom_interfaces.egg-info
[2.612s] writing custom_interfaces.egg-info/PKG-INFO
[2.612s] writing dependency_links to custom_interfaces.egg-info/dependency_links.txt
[2.612s] writing top-level names to custom_interfaces.egg-info/top_level.txt
[2.612s] writing manifest file 'custom_interfaces.egg-info/SOURCES.txt'
[2.615s] reading manifest file 'custom_interfaces.egg-info/SOURCES.txt'
[2.617s] writing manifest file 'custom_interfaces.egg-info/SOURCES.txt'
[2.672s] [ 22%] [32m[1mLinking C shared library libcustom_interfaces__rosidl_generator_c.so[0m
[2.676s] [ 22%] Built target ament_cmake_python_build_custom_interfaces_egg
[2.741s] [ 22%] Built target custom_interfaces__rosidl_generator_c
[2.758s] [ 25%] [34m[1mGenerating C type support for eProsima Fast-RTPS[0m
[2.759s] [ 29%] [34m[1mGenerating C introspection for ROS interfaces[0m
[2.766s] [ 32%] [34m[1mGenerating C type support dispatch for ROS interfaces[0m
[2.879s] [ 35%] [32mBuilding CXX object CMakeFiles/custom_interfaces__rosidl_typesupport_cpp.dir/rosidl_typesupport_cpp/custom_interfaces/msg/waypoint__type_support.cpp.o[0m
[2.899s] [ 38%] [32mBuilding CXX object CMakeFiles/custom_interfaces__rosidl_typesupport_introspection_cpp.dir/rosidl_typesupport_introspection_cpp/custom_interfaces/msg/detail/waypoint__type_support.cpp.o[0m
[2.924s] [ 41%] [32mBuilding CXX object CMakeFiles/custom_interfaces__rosidl_typesupport_fastrtps_cpp.dir/rosidl_typesupport_fastrtps_cpp/custom_interfaces/msg/detail/dds_fastrtps/waypoint__type_support.cpp.o[0m
[3.216s] [ 45%] [32mBuilding CXX object CMakeFiles/custom_interfaces__rosidl_typesupport_c.dir/rosidl_typesupport_c/custom_interfaces/msg/waypoint__type_support.cpp.o[0m
[3.257s] [ 48%] [32mBuilding CXX object CMakeFiles/custom_interfaces__rosidl_typesupport_fastrtps_c.dir/rosidl_typesupport_fastrtps_c/custom_interfaces/msg/detail/waypoint__type_support_c.cpp.o[0m
[3.266s] [ 51%] [32mBuilding C object CMakeFiles/custom_interfaces__rosidl_typesupport_introspection_c.dir/rosidl_typesupport_introspection_c/custom_interfaces/msg/detail/waypoint__type_support.c.o[0m
[3.267s] [ 54%] [32m[1mLinking CXX shared library libcustom_interfaces__rosidl_typesupport_c.so[0m
[3.325s] [ 58%] [32m[1mLinking C shared library libcustom_interfaces__rosidl_typesupport_introspection_c.so[0m
[3.356s] [ 58%] Built target custom_interfaces__rosidl_typesupport_c
[3.388s] [ 58%] Built target custom_interfaces__rosidl_typesupport_introspection_c
[3.404s] [ 61%] [32m[1mLinking CXX shared library libcustom_interfaces__rosidl_typesupport_cpp.so[0m
[3.465s] [ 61%] Built target custom_interfaces__rosidl_typesupport_cpp
[3.529s] [ 64%] [32m[1mLinking CXX shared library libcustom_interfaces__rosidl_typesupport_fastrtps_cpp.so[0m
[3.635s] [ 67%] [32m[1mLinking CXX shared library libcustom_interfaces__rosidl_typesupport_introspection_cpp.so[0m
[3.663s] [ 67%] Built target custom_interfaces__rosidl_typesupport_fastrtps_cpp
[3.693s] [ 67%] Built target custom_interfaces__rosidl_typesupport_introspection_cpp
[3.777s] [ 70%] [32m[1mLinking CXX shared library libcustom_interfaces__rosidl_typesupport_fastrtps_c.so[0m
[3.883s] [ 70%] Built target custom_interfaces__rosidl_typesupport_fastrtps_c
[3.904s] [ 70%] Built target custom_interfaces
[3.925s] [ 74%] [34m[1mGenerating Python code for ROS interfaces[0m
[4.278s] [ 74%] Built target custom_interfaces__py
[4.307s] [ 77%] [32mBuilding C object CMakeFiles/custom_interfaces__rosidl_generator_py.dir/rosidl_generator_py/custom_interfaces/msg/_waypoint_s.c.o[0m
[4.420s] [ 80%] [32m[1mLinking C shared library rosidl_generator_py/custom_interfaces/libcustom_interfaces__rosidl_generator_py.so[0m
[4.480s] [ 80%] Built target custom_interfaces__rosidl_generator_py
[4.504s] [ 83%] [32mBuilding C object CMakeFiles/custom_interfaces__rosidl_typesupport_c__pyext.dir/rosidl_generator_py/custom_interfaces/_custom_interfaces_s.ep.rosidl_typesupport_c.c.o[0m
[4.504s] [ 87%] [32mBuilding C object CMakeFiles/custom_interfaces__rosidl_typesupport_introspection_c__pyext.dir/rosidl_generator_py/custom_interfaces/_custom_interfaces_s.ep.rosidl_typesupport_introspection_c.c.o[0m
[4.504s] [ 90%] [32mBuilding C object CMakeFiles/custom_interfaces__rosidl_typesupport_fastrtps_c__pyext.dir/rosidl_generator_py/custom_interfaces/_custom_interfaces_s.ep.rosidl_typesupport_fastrtps_c.c.o[0m
[4.623s] [ 93%] [32m[1mLinking C shared library rosidl_generator_py/custom_interfaces/custom_interfaces_s__rosidl_typesupport_c.cpython-310-x86_64-linux-gnu.so[0m
[4.626s] [ 96%] [32m[1mLinking C shared library rosidl_generator_py/custom_interfaces/custom_interfaces_s__rosidl_typesupport_introspection_c.cpython-310-x86_64-linux-gnu.so[0m
[4.627s] [100%] [32m[1mLinking C shared library rosidl_generator_py/custom_interfaces/custom_interfaces_s__rosidl_typesupport_fastrtps_c.cpython-310-x86_64-linux-gnu.so[0m
[4.670s] [100%] Built target custom_interfaces__rosidl_typesupport_c__pyext
[4.674s] [100%] Built target custom_interfaces__rosidl_typesupport_introspection_c__pyext
[4.676s] [100%] Built target custom_interfaces__rosidl_typesupport_fastrtps_c__pyext
[4.690s] Invoked command in '/home/mcav/dbat/ESDA_onboarding/build/custom_interfaces' returned '0': CMAKE_PREFIX_PATH=/opt/ros/humble /usr/bin/cmake --build /home/mcav/dbat/ESDA_onboarding/build/custom_interfaces -- -j8 -l8
[4.765s] Invoking command in '/home/mcav/dbat/ESDA_onboarding/build/custom_interfaces': CMAKE_PREFIX_PATH=/opt/ros/humble /usr/bin/cmake --install /home/mcav/dbat/ESDA_onboarding/build/custom_interfaces
[4.773s] -- Install configuration: ""
[4.774s] -- Installing: /home/mcav/dbat/ESDA_onboarding/install/custom_interfaces/share/ament_index/resource_index/rosidl_interfaces/custom_interfaces
[4.774s] -- Installing: /home/mcav/dbat/ESDA_onboarding/install/custom_interfaces/include/custom_interfaces/custom_interfaces
[4.774s] -- Installing: /home/mcav/dbat/ESDA_onboarding/install/custom_interfaces/include/custom_interfaces/custom_interfaces/msg
[4.774s] -- Installing: /home/mcav/dbat/ESDA_onboarding/install/custom_interfaces/include/custom_interfaces/custom_interfaces/msg/waypoint.h
[4.774s] -- Installing: /home/mcav/dbat/ESDA_onboarding/install/custom_interfaces/include/custom_interfaces/custom_interfaces/msg/detail
[4.774s] -- Installing: /home/mcav/dbat/ESDA_onboarding/install/custom_interfaces/include/custom_interfaces/custom_interfaces/msg/detail/waypoint__functions.h
[4.774s] -- Installing: /home/mcav/dbat/ESDA_onboarding/install/custom_interfaces/include/custom_interfaces/custom_interfaces/msg/detail/waypoint__struct.h
[4.775s] -- Installing: /home/mcav/dbat/ESDA_onboarding/install/custom_interfaces/include/custom_interfaces/custom_interfaces/msg/detail/waypoint__type_support.h
[4.775s] -- Installing: /home/mcav/dbat/ESDA_onboarding/install/custom_interfaces/include/custom_interfaces/custom_interfaces/msg/detail/waypoint__functions.c
[4.775s] -- Installing: /home/mcav/dbat/ESDA_onboarding/install/custom_interfaces/include/custom_interfaces/custom_interfaces/msg/rosidl_generator_c__visibility_control.h
[4.775s] -- Installing: /home/mcav/dbat/ESDA_onboarding/install/custom_interfaces/share/custom_interfaces/environment/library_path.sh
[4.775s] -- Installing: /home/mcav/dbat/ESDA_onboarding/install/custom_interfaces/share/custom_interfaces/environment/library_path.dsv
[4.775s] -- Installing: /home/mcav/dbat/ESDA_onboarding/install/custom_interfaces/lib/libcustom_interfaces__rosidl_generator_c.so
[4.775s] -- Set runtime path of "/home/mcav/dbat/ESDA_onboarding/install/custom_interfaces/lib/libcustom_interfaces__rosidl_generator_c.so" to ""
[4.776s] -- Up-to-date: /home/mcav/dbat/ESDA_onboarding/install/custom_interfaces/include/custom_interfaces/custom_interfaces
[4.776s] -- Up-to-date: /home/mcav/dbat/ESDA_onboarding/install/custom_interfaces/include/custom_interfaces/custom_interfaces/msg
[4.776s] -- Installing: /home/mcav/dbat/ESDA_onboarding/install/custom_interfaces/include/custom_interfaces/custom_interfaces/msg/rosidl_typesupport_fastrtps_c__visibility_control.h
[4.776s] -- Up-to-date: /home/mcav/dbat/ESDA_onboarding/install/custom_interfaces/include/custom_interfaces/custom_interfaces/msg/detail
[4.776s] -- Installing: /home/mcav/dbat/ESDA_onboarding/install/custom_interfaces/include/custom_interfaces/custom_interfaces/msg/detail/waypoint__rosidl_typesupport_fastrtps_c.h
[4.776s] -- Installing: /home/mcav/dbat/ESDA_onboarding/install/custom_interfaces/lib/libcustom_interfaces__rosidl_typesupport_fastrtps_c.so
[4.776s] -- Set runtime path of "/home/mcav/dbat/ESDA_onboarding/install/custom_interfaces/lib/libcustom_interfaces__rosidl_typesupport_fastrtps_c.so" to ""
[4.777s] -- Up-to-date: /home/mcav/dbat/ESDA_onboarding/install/custom_interfaces/include/custom_interfaces/custom_interfaces
[4.777s] -- Up-to-date: /home/mcav/dbat/ESDA_onboarding/install/custom_interfaces/include/custom_interfaces/custom_interfaces/msg
[4.777s] -- Up-to-date: /home/mcav/dbat/ESDA_onboarding/install/custom_interfaces/include/custom_interfaces/custom_interfaces/msg/detail
[4.778s] -- Installing: /home/mcav/dbat/ESDA_onboarding/install/custom_interfaces/include/custom_interfaces/custom_interfaces/msg/detail/waypoint__type_support.c
[4.778s] -- Installing: /home/mcav/dbat/ESDA_onboarding/install/custom_interfaces/include/custom_interfaces/custom_interfaces/msg/detail/waypoint__rosidl_typesupport_introspection_c.h
[4.778s] -- Installing: /home/mcav/dbat/ESDA_onboarding/install/custom_interfaces/include/custom_interfaces/custom_interfaces/msg/rosidl_typesupport_introspection_c__visibility_control.h
[4.778s] -- Installing: /home/mcav/dbat/ESDA_onboarding/install/custom_interfaces/lib/libcustom_interfaces__rosidl_typesupport_introspection_c.so
[4.779s] -- Set runtime path of "/home/mcav/dbat/ESDA_onboarding/install/custom_interfaces/lib/libcustom_interfaces__rosidl_typesupport_introspection_c.so" to ""
[4.779s] -- Installing: /home/mcav/dbat/ESDA_onboarding/install/custom_interfaces/lib/libcustom_interfaces__rosidl_typesupport_c.so
[4.779s] -- Set runtime path of "/home/mcav/dbat/ESDA_onboarding/install/custom_interfaces/lib/libcustom_interfaces__rosidl_typesupport_c.so" to ""
[4.779s] -- Up-to-date: /home/mcav/dbat/ESDA_onboarding/install/custom_interfaces/include/custom_interfaces/custom_interfaces
[4.779s] -- Up-to-date: /home/mcav/dbat/ESDA_onboarding/install/custom_interfaces/include/custom_interfaces/custom_interfaces/msg
[4.780s] -- Up-to-date: /home/mcav/dbat/ESDA_onboarding/install/custom_interfaces/include/custom_interfaces/custom_interfaces/msg/detail
[4.780s] -- Installing: /home/mcav/dbat/ESDA_onboarding/install/custom_interfaces/include/custom_interfaces/custom_interfaces/msg/detail/waypoint__struct.hpp
[4.780s] -- Installing: /home/mcav/dbat/ESDA_onboarding/install/custom_interfaces/include/custom_interfaces/custom_interfaces/msg/detail/waypoint__builder.hpp
[4.780s] -- Installing: /home/mcav/dbat/ESDA_onboarding/install/custom_interfaces/include/custom_interfaces/custom_interfaces/msg/detail/waypoint__traits.hpp
[4.780s] -- Installing: /home/mcav/dbat/ESDA_onboarding/install/custom_interfaces/include/custom_interfaces/custom_interfaces/msg/waypoint.hpp
[4.780s] -- Up-to-date: /home/mcav/dbat/ESDA_onboarding/install/custom_interfaces/include/custom_interfaces/custom_interfaces
[4.780s] -- Up-to-date: /home/mcav/dbat/ESDA_onboarding/install/custom_interfaces/include/custom_interfaces/custom_interfaces/msg
[4.780s] -- Up-to-date: /home/mcav/dbat/ESDA_onboarding/install/custom_interfaces/include/custom_interfaces/custom_interfaces/msg/detail
[4.781s] -- Installing: /home/mcav/dbat/ESDA_onboarding/install/custom_interfaces/include/custom_interfaces/custom_interfaces/msg/detail/dds_fastrtps
[4.781s] -- Installing: /home/mcav/dbat/ESDA_onboarding/install/custom_interfaces/include/custom_interfaces/custom_interfaces/msg/detail/waypoint__rosidl_typesupport_fastrtps_cpp.hpp
[4.781s] -- Installing: /home/mcav/dbat/ESDA_onboarding/install/custom_interfaces/include/custom_interfaces/custom_interfaces/msg/rosidl_typesupport_fastrtps_cpp__visibility_control.h
[4.781s] -- Installing: /home/mcav/dbat/ESDA_onboarding/install/custom_interfaces/lib/libcustom_interfaces__rosidl_typesupport_fastrtps_cpp.so
[4.781s] -- Set runtime path of "/home/mcav/dbat/ESDA_onboarding/install/custom_interfaces/lib/libcustom_interfaces__rosidl_typesupport_fastrtps_cpp.so" to ""
[4.781s] -- Up-to-date: /home/mcav/dbat/ESDA_onboarding/install/custom_interfaces/include/custom_interfaces/custom_interfaces
[4.781s] -- Up-to-date: /home/mcav/dbat/ESDA_onboarding/install/custom_interfaces/include/custom_interfaces/custom_interfaces/msg
[4.781s] -- Up-to-date: /home/mcav/dbat/ESDA_onboarding/install/custom_interfaces/include/custom_interfaces/custom_interfaces/msg/detail
[4.781s] -- Installing: /home/mcav/dbat/ESDA_onboarding/install/custom_interfaces/include/custom_interfaces/custom_interfaces/msg/detail/waypoint__rosidl_typesupport_introspection_cpp.hpp
[4.782s] -- Installing: /home/mcav/dbat/ESDA_onboarding/install/custom_interfaces/include/custom_interfaces/custom_interfaces/msg/detail/waypoint__type_support.cpp
[4.782s] -- Installing: /home/mcav/dbat/ESDA_onboarding/install/custom_interfaces/lib/libcustom_interfaces__rosidl_typesupport_introspection_cpp.so
[4.782s] -- Set runtime path of "/home/mcav/dbat/ESDA_onboarding/install/custom_interfaces/lib/libcustom_interfaces__rosidl_typesupport_introspection_cpp.so" to ""
[4.782s] -- Installing: /home/mcav/dbat/ESDA_onboarding/install/custom_interfaces/lib/libcustom_interfaces__rosidl_typesupport_cpp.so
[4.782s] -- Set runtime path of "/home/mcav/dbat/ESDA_onboarding/install/custom_interfaces/lib/libcustom_interfaces__rosidl_typesupport_cpp.so" to ""
[4.782s] -- Installing: /home/mcav/dbat/ESDA_onboarding/install/custom_interfaces/share/custom_interfaces/environment/pythonpath.sh
[4.782s] -- Installing: /home/mcav/dbat/ESDA_onboarding/install/custom_interfaces/share/custom_interfaces/environment/pythonpath.dsv
[4.782s] -- Installing: /home/mcav/dbat/ESDA_onboarding/install/custom_interfaces/local/lib/python3.10/dist-packages/custom_interfaces-0.0.0-py3.10.egg-info
[4.783s] -- Installing: /home/mcav/dbat/ESDA_onboarding/install/custom_interfaces/local/lib/python3.10/dist-packages/custom_interfaces-0.0.0-py3.10.egg-info/SOURCES.txt
[4.783s] -- Installing: /home/mcav/dbat/ESDA_onboarding/install/custom_interfaces/local/lib/python3.10/dist-packages/custom_interfaces-0.0.0-py3.10.egg-info/PKG-INFO
[4.783s] -- Installing: /home/mcav/dbat/ESDA_onboarding/install/custom_interfaces/local/lib/python3.10/dist-packages/custom_interfaces-0.0.0-py3.10.egg-info/top_level.txt
[4.783s] -- Installing: /home/mcav/dbat/ESDA_onboarding/install/custom_interfaces/local/lib/python3.10/dist-packages/custom_interfaces-0.0.0-py3.10.egg-info/dependency_links.txt
[4.783s] -- Installing: /home/mcav/dbat/ESDA_onboarding/install/custom_interfaces/local/lib/python3.10/dist-packages/custom_interfaces
[4.783s] -- Installing: /home/mcav/dbat/ESDA_onboarding/install/custom_interfaces/local/lib/python3.10/dist-packages/custom_interfaces/_custom_interfaces_s.ep.rosidl_typesupport_introspection_c.c
[4.783s] -- Installing: /home/mcav/dbat/ESDA_onboarding/install/custom_interfaces/local/lib/python3.10/dist-packages/custom_interfaces/msg
[4.783s] -- Installing: /home/mcav/dbat/ESDA_onboarding/install/custom_interfaces/local/lib/python3.10/dist-packages/custom_interfaces/msg/_waypoint.py
[4.783s] -- Installing: /home/mcav/dbat/ESDA_onboarding/install/custom_interfaces/local/lib/python3.10/dist-packages/custom_interfaces/msg/_waypoint_s.c
[4.783s] -- Installing: /home/mcav/dbat/ESDA_onboarding/install/custom_interfaces/local/lib/python3.10/dist-packages/custom_interfaces/msg/__init__.py
[4.784s] -- Installing: /home/mcav/dbat/ESDA_onboarding/install/custom_interfaces/local/lib/python3.10/dist-packages/custom_interfaces/custom_interfaces_s__rosidl_typesupport_introspection_c.cpython-310-x86_64-linux-gnu.so
[4.784s] -- Installing: /home/mcav/dbat/ESDA_onboarding/install/custom_interfaces/local/lib/python3.10/dist-packages/custom_interfaces/libcustom_interfaces__rosidl_generator_py.so
[4.784s] -- Installing: /home/mcav/dbat/ESDA_onboarding/install/custom_interfaces/local/lib/python3.10/dist-packages/custom_interfaces/_custom_interfaces_s.ep.rosidl_typesupport_fastrtps_c.c
[4.784s] -- Installing: /home/mcav/dbat/ESDA_onboarding/install/custom_interfaces/local/lib/python3.10/dist-packages/custom_interfaces/custom_interfaces_s__rosidl_typesupport_fastrtps_c.cpython-310-x86_64-linux-gnu.so
[4.784s] -- Installing: /home/mcav/dbat/ESDA_onboarding/install/custom_interfaces/local/lib/python3.10/dist-packages/custom_interfaces/custom_interfaces_s__rosidl_typesupport_c.cpython-310-x86_64-linux-gnu.so
[4.784s] -- Installing: /home/mcav/dbat/ESDA_onboarding/install/custom_interfaces/local/lib/python3.10/dist-packages/custom_interfaces/_custom_interfaces_s.ep.rosidl_typesupport_c.c
[4.784s] -- Installing: /home/mcav/dbat/ESDA_onboarding/install/custom_interfaces/local/lib/python3.10/dist-packages/custom_interfaces/__init__.py
[4.822s] Listing '/home/mcav/dbat/ESDA_onboarding/install/custom_interfaces/local/lib/python3.10/dist-packages/custom_interfaces'...
[4.822s] Compiling '/home/mcav/dbat/ESDA_onboarding/install/custom_interfaces/local/lib/python3.10/dist-packages/custom_interfaces/__init__.py'...
[4.822s] Listing '/home/mcav/dbat/ESDA_onboarding/install/custom_interfaces/local/lib/python3.10/dist-packages/custom_interfaces/msg'...
[4.822s] Compiling '/home/mcav/dbat/ESDA_onboarding/install/custom_interfaces/local/lib/python3.10/dist-packages/custom_interfaces/msg/__init__.py'...
[4.822s] Compiling '/home/mcav/dbat/ESDA_onboarding/install/custom_interfaces/local/lib/python3.10/dist-packages/custom_interfaces/msg/_waypoint.py'...
[4.830s] -- Installing: /home/mcav/dbat/ESDA_onboarding/install/custom_interfaces/local/lib/python3.10/dist-packages/custom_interfaces/custom_interfaces_s__rosidl_typesupport_fastrtps_c.cpython-310-x86_64-linux-gnu.so
[4.830s] -- Set runtime path of "/home/mcav/dbat/ESDA_onboarding/install/custom_interfaces/local/lib/python3.10/dist-packages/custom_interfaces/custom_interfaces_s__rosidl_typesupport_fastrtps_c.cpython-310-x86_64-linux-gnu.so" to ""
[4.830s] -- Installing: /home/mcav/dbat/ESDA_onboarding/install/custom_interfaces/local/lib/python3.10/dist-packages/custom_interfaces/custom_interfaces_s__rosidl_typesupport_introspection_c.cpython-310-x86_64-linux-gnu.so
[4.831s] -- Set runtime path of "/home/mcav/dbat/ESDA_onboarding/install/custom_interfaces/local/lib/python3.10/dist-packages/custom_interfaces/custom_interfaces_s__rosidl_typesupport_introspection_c.cpython-310-x86_64-linux-gnu.so" to ""
[4.831s] -- Installing: /home/mcav/dbat/ESDA_onboarding/install/custom_interfaces/local/lib/python3.10/dist-packages/custom_interfaces/custom_interfaces_s__rosidl_typesupport_c.cpython-310-x86_64-linux-gnu.so
[4.832s] -- Set runtime path of "/home/mcav/dbat/ESDA_onboarding/install/custom_interfaces/local/lib/python3.10/dist-packages/custom_interfaces/custom_interfaces_s__rosidl_typesupport_c.cpython-310-x86_64-linux-gnu.so" to ""
[4.832s] -- Installing: /home/mcav/dbat/ESDA_onboarding/install/custom_interfaces/lib/libcustom_interfaces__rosidl_generator_py.so
[4.832s] -- Set runtime path of "/home/mcav/dbat/ESDA_onboarding/install/custom_interfaces/lib/libcustom_interfaces__rosidl_generator_py.so" to ""
[4.833s] -- Installing: /home/mcav/dbat/ESDA_onboarding/install/custom_interfaces/share/custom_interfaces/msg/Waypoint.idl
[4.833s] -- Installing: /home/mcav/dbat/ESDA_onboarding/install/custom_interfaces/share/custom_interfaces/msg/Waypoint.msg
[4.833s] -- Installing: /home/mcav/dbat/ESDA_onboarding/install/custom_interfaces/share/ament_index/resource_index/package_run_dependencies/custom_interfaces
[4.833s] -- Installing: /home/mcav/dbat/ESDA_onboarding/install/custom_interfaces/share/ament_index/resource_index/parent_prefix_path/custom_interfaces
[4.833s] -- Installing: /home/mcav/dbat/ESDA_onboarding/install/custom_interfaces/share/custom_interfaces/environment/ament_prefix_path.sh
[4.834s] -- Installing: /home/mcav/dbat/ESDA_onboarding/install/custom_interfaces/share/custom_interfaces/environment/ament_prefix_path.dsv
[4.834s] -- Installing: /home/mcav/dbat/ESDA_onboarding/install/custom_interfaces/share/custom_interfaces/environment/path.sh
[4.834s] -- Installing: /home/mcav/dbat/ESDA_onboarding/install/custom_interfaces/share/custom_interfaces/environment/path.dsv
[4.834s] -- Installing: /home/mcav/dbat/ESDA_onboarding/install/custom_interfaces/share/custom_interfaces/local_setup.bash
[4.834s] -- Installing: /home/mcav/dbat/ESDA_onboarding/install/custom_interfaces/share/custom_interfaces/local_setup.sh
[4.834s] -- Installing: /home/mcav/dbat/ESDA_onboarding/install/custom_interfaces/share/custom_interfaces/local_setup.zsh
[4.834s] -- Installing: /home/mcav/dbat/ESDA_onboarding/install/custom_interfaces/share/custom_interfaces/local_setup.dsv
[4.835s] -- Installing: /home/mcav/dbat/ESDA_onboarding/install/custom_interfaces/share/custom_interfaces/package.dsv
[4.835s] -- Installing: /home/mcav/dbat/ESDA_onboarding/install/custom_interfaces/share/ament_index/resource_index/packages/custom_interfaces
[4.835s] -- Installing: /home/mcav/dbat/ESDA_onboarding/install/custom_interfaces/share/custom_interfaces/cmake/export_custom_interfaces__rosidl_generator_cExport.cmake
[4.835s] -- Installing: /home/mcav/dbat/ESDA_onboarding/install/custom_interfaces/share/custom_interfaces/cmake/export_custom_interfaces__rosidl_generator_cExport-noconfig.cmake
[4.835s] -- Installing: /home/mcav/dbat/ESDA_onboarding/install/custom_interfaces/share/custom_interfaces/cmake/export_custom_interfaces__rosidl_typesupport_fastrtps_cExport.cmake
[4.835s] -- Installing: /home/mcav/dbat/ESDA_onboarding/install/custom_interfaces/share/custom_interfaces/cmake/export_custom_interfaces__rosidl_typesupport_fastrtps_cExport-noconfig.cmake
[4.835s] -- Installing: /home/mcav/dbat/ESDA_onboarding/install/custom_interfaces/share/custom_interfaces/cmake/custom_interfaces__rosidl_typesupport_introspection_cExport.cmake
[4.836s] -- Installing: /home/mcav/dbat/ESDA_onboarding/install/custom_interfaces/share/custom_interfaces/cmake/custom_interfaces__rosidl_typesupport_introspection_cExport-noconfig.cmake
[4.836s] -- Installing: /home/mcav/dbat/ESDA_onboarding/install/custom_interfaces/share/custom_interfaces/cmake/custom_interfaces__rosidl_typesupport_cExport.cmake
[4.836s] -- Installing: /home/mcav/dbat/ESDA_onboarding/install/custom_interfaces/share/custom_interfaces/cmake/custom_interfaces__rosidl_typesupport_cExport-noconfig.cmake
[4.836s] -- Installing: /home/mcav/dbat/ESDA_onboarding/install/custom_interfaces/share/custom_interfaces/cmake/export_custom_interfaces__rosidl_generator_cppExport.cmake
[4.836s] -- Installing: /home/mcav/dbat/ESDA_onboarding/install/custom_interfaces/share/custom_interfaces/cmake/export_custom_interfaces__rosidl_typesupport_fastrtps_cppExport.cmake
[4.836s] -- Installing: /home/mcav/dbat/ESDA_onboarding/install/custom_interfaces/share/custom_interfaces/cmake/export_custom_interfaces__rosidl_typesupport_fastrtps_cppExport-noconfig.cmake
[4.837s] -- Installing: /home/mcav/dbat/ESDA_onboarding/install/custom_interfaces/share/custom_interfaces/cmake/custom_interfaces__rosidl_typesupport_introspection_cppExport.cmake
[4.837s] -- Installing: /home/mcav/dbat/ESDA_onboarding/install/custom_interfaces/share/custom_interfaces/cmake/custom_interfaces__rosidl_typesupport_introspection_cppExport-noconfig.cmake
[4.837s] -- Installing: /home/mcav/dbat/ESDA_onboarding/install/custom_interfaces/share/custom_interfaces/cmake/custom_interfaces__rosidl_typesupport_cppExport.cmake
[4.837s] -- Installing: /home/mcav/dbat/ESDA_onboarding/install/custom_interfaces/share/custom_interfaces/cmake/custom_interfaces__rosidl_typesupport_cppExport-noconfig.cmake
[4.837s] -- Installing: /home/mcav/dbat/ESDA_onboarding/install/custom_interfaces/share/custom_interfaces/cmake/export_custom_interfaces__rosidl_generator_pyExport.cmake
[4.837s] -- Installing: /home/mcav/dbat/ESDA_onboarding/install/custom_interfaces/share/custom_interfaces/cmake/export_custom_interfaces__rosidl_generator_pyExport-noconfig.cmake
[4.838s] -- Installing: /home/mcav/dbat/ESDA_onboarding/install/custom_interfaces/share/custom_interfaces/cmake/rosidl_cmake-extras.cmake
[4.838s] -- Installing: /home/mcav/dbat/ESDA_onboarding/install/custom_interfaces/share/custom_interfaces/cmake/ament_cmake_export_include_directories-extras.cmake
[4.838s] -- Installing: /home/mcav/dbat/ESDA_onboarding/install/custom_interfaces/share/custom_interfaces/cmake/ament_cmake_export_libraries-extras.cmake
[4.838s] -- Installing: /home/mcav/dbat/ESDA_onboarding/install/custom_interfaces/share/custom_interfaces/cmake/ament_cmake_export_targets-extras.cmake
[4.838s] -- Installing: /home/mcav/dbat/ESDA_onboarding/install/custom_interfaces/share/custom_interfaces/cmake/rosidl_cmake_export_typesupport_targets-extras.cmake
[4.838s] -- Installing: /home/mcav/dbat/ESDA_onboarding/install/custom_interfaces/share/custom_interfaces/cmake/ament_cmake_export_dependencies-extras.cmake
[4.838s] -- Installing: /home/mcav/dbat/ESDA_onboarding/install/custom_interfaces/share/custom_interfaces/cmake/rosidl_cmake_export_typesupport_libraries-extras.cmake
[4.839s] -- Installing: /home/mcav/dbat/ESDA_onboarding/install/custom_interfaces/share/custom_interfaces/cmake/custom_interfacesConfig.cmake
[4.839s] -- Installing: /home/mcav/dbat/ESDA_onboarding/install/custom_interfaces/share/custom_interfaces/cmake/custom_interfacesConfig-version.cmake
[4.839s] -- Installing: /home/mcav/dbat/ESDA_onboarding/install/custom_interfaces/share/custom_interfaces/package.xml
[4.844s] Invoked command in '/home/mcav/dbat/ESDA_onboarding/build/custom_interfaces' returned '0': CMAKE_PREFIX_PATH=/opt/ros/humble /usr/bin/cmake --install /home/mcav/dbat/ESDA_onboarding/build/custom_interfaces
