[0.720s] Invoking command in '/home/mcav/jpan/ESDA_onboarding/src/onboarding_task': PYTHONPATH=/home/mcav/jpan/ESDA_onboarding/build/onboarding_task/prefix_override:/home/mcav/jpan/ESDA_onboarding/install/onboarding_task/lib/python3.10/site-packages:${PYTHONPATH} /usr/bin/python3 setup.py egg_info --egg-base ../../build/onboarding_task build --build-base /home/mcav/jpan/ESDA_onboarding/build/onboarding_task/build install --record /home/mcav/jpan/ESDA_onboarding/build/onboarding_task/install.log --single-version-externally-managed
[0.964s] running egg_info
[0.965s] creating ../../build/onboarding_task/onboarding_task.egg-info
[0.965s] writing ../../build/onboarding_task/onboarding_task.egg-info/PKG-INFO
[0.965s] writing dependency_links to ../../build/onboarding_task/onboarding_task.egg-info/dependency_links.txt
[0.966s] writing entry points to ../../build/onboarding_task/onboarding_task.egg-info/entry_points.txt
[0.966s] writing requirements to ../../build/onboarding_task/onboarding_task.egg-info/requires.txt
[0.966s] writing top-level names to ../../build/onboarding_task/onboarding_task.egg-info/top_level.txt
[0.966s] writing manifest file '../../build/onboarding_task/onboarding_task.egg-info/SOURCES.txt'
[0.967s] reading manifest file '../../build/onboarding_task/onboarding_task.egg-info/SOURCES.txt'
[0.968s] writing manifest file '../../build/onboarding_task/onboarding_task.egg-info/SOURCES.txt'
[0.969s] running build
[0.969s] running build_py
[0.969s] creating /home/mcav/jpan/ESDA_onboarding/build/onboarding_task/build
[0.969s] creating /home/mcav/jpan/ESDA_onboarding/build/onboarding_task/build/lib
[0.969s] creating /home/mcav/jpan/ESDA_onboarding/build/onboarding_task/build/lib/onboarding_task
[0.969s] copying onboarding_task/control.py -> /home/mcav/jpan/ESDA_onboarding/build/onboarding_task/build/lib/onboarding_task
[0.969s] copying onboarding_task/__init__.py -> /home/mcav/jpan/ESDA_onboarding/build/onboarding_task/build/lib/onboarding_task
[0.969s] running install
[0.969s] /usr/lib/python3/dist-packages/setuptools/command/install.py:34: SetuptoolsDeprecationWarning: setup.py install is deprecated. Use build and pip and other standards-based tools.
[0.969s]   warnings.warn(
[0.969s] running install_lib
[0.970s] creating /home/mcav/jpan/ESDA_onboarding/install/onboarding_task/lib/python3.10/site-packages/onboarding_task
[0.970s] copying /home/mcav/jpan/ESDA_onboarding/build/onboarding_task/build/lib/onboarding_task/control.py -> /home/mcav/jpan/ESDA_onboarding/install/onboarding_task/lib/python3.10/site-packages/onboarding_task
[0.970s] copying /home/mcav/jpan/ESDA_onboarding/build/onboarding_task/build/lib/onboarding_task/__init__.py -> /home/mcav/jpan/ESDA_onboarding/install/onboarding_task/lib/python3.10/site-packages/onboarding_task
[0.971s] byte-compiling /home/mcav/jpan/ESDA_onboarding/install/onboarding_task/lib/python3.10/site-packages/onboarding_task/control.py to control.cpython-310.pyc
[0.971s] byte-compiling /home/mcav/jpan/ESDA_onboarding/install/onboarding_task/lib/python3.10/site-packages/onboarding_task/__init__.py to __init__.cpython-310.pyc
[0.972s] running install_data
[0.972s] creating /home/mcav/jpan/ESDA_onboarding/install/onboarding_task/share/ament_index
[0.973s] creating /home/mcav/jpan/ESDA_onboarding/install/onboarding_task/share/ament_index/resource_index
[0.973s] creating /home/mcav/jpan/ESDA_onboarding/install/onboarding_task/share/ament_index/resource_index/packages
[0.973s] copying resource/onboarding_task -> /home/mcav/jpan/ESDA_onboarding/install/onboarding_task/share/ament_index/resource_index/packages
[0.973s] copying package.xml -> /home/mcav/jpan/ESDA_onboarding/install/onboarding_task/share/onboarding_task
[0.973s] running install_egg_info
[0.974s] Copying ../../build/onboarding_task/onboarding_task.egg-info to /home/mcav/jpan/ESDA_onboarding/install/onboarding_task/lib/python3.10/site-packages/onboarding_task-0.0.0-py3.10.egg-info
[0.975s] running install_scripts
[0.997s] writing list of installed files to '/home/mcav/jpan/ESDA_onboarding/build/onboarding_task/install.log'
[1.022s] Invoked command in '/home/mcav/jpan/ESDA_onboarding/src/onboarding_task' returned '0': PYTHONPATH=/home/mcav/jpan/ESDA_onboarding/build/onboarding_task/prefix_override:/home/mcav/jpan/ESDA_onboarding/install/onboarding_task/lib/python3.10/site-packages:${PYTHONPATH} /usr/bin/python3 setup.py egg_info --egg-base ../../build/onboarding_task build --build-base /home/mcav/jpan/ESDA_onboarding/build/onboarding_task/build install --record /home/mcav/jpan/ESDA_onboarding/build/onboarding_task/install.log --single-version-externally-managed
