[0.040s] Invoking command in '/home/klo40/ESDA_onboarding/build/custom_interfaces': CMAKE_PREFIX_PATH=${CMAKE_PREFIX_PATH}:/home/klo40/ESDA_onboarding/install/waypoint_pub:/home/klo40/ESDA_onboarding/install/onboarding_task1:/opt/ros/humble /usr/bin/cmake --build /home/klo40/ESDA_onboarding/build/custom_interfaces -- -j8 -l8
[0.095s] [  9%] Built target custom_interfaces__rosidl_generator_c
[0.096s] [ 12%] Built target custom_interfaces__cpp
[0.114s] [ 12%] Built target ament_cmake_python_copy_custom_interfaces
[0.129s] [ 22%] Built target custom_interfaces__rosidl_typesupport_introspection_c
[0.132s] [ 32%] Built target custom_interfaces__rosidl_typesupport_fastrtps_c
[0.137s] [ 41%] Built target custom_interfaces__rosidl_typesupport_c
[0.138s] [ 51%] Built target custom_interfaces__rosidl_typesupport_introspection_cpp
[0.140s] [ 61%] Built target custom_interfaces__rosidl_typesupport_fastrtps_cpp
[0.151s] [ 70%] Built target custom_interfaces__rosidl_typesupport_cpp
[0.183s] [ 70%] Built target custom_interfaces
[0.210s] [ 74%] Built target custom_interfaces__py
[0.235s] [ 80%] Built target custom_interfaces__rosidl_generator_py
[0.266s] [ 87%] Built target custom_interfaces__rosidl_typesupport_fastrtps_c__pyext
[0.268s] [ 93%] Built target custom_interfaces__rosidl_typesupport_c__pyext
[0.270s] [100%] Built target custom_interfaces__rosidl_typesupport_introspection_c__pyext
[0.549s] running egg_info
[0.551s] writing custom_interfaces.egg-info/PKG-INFO
[0.551s] writing dependency_links to custom_interfaces.egg-info/dependency_links.txt
[0.551s] writing top-level names to custom_interfaces.egg-info/top_level.txt
[0.555s] reading manifest file 'custom_interfaces.egg-info/SOURCES.txt'
[0.561s] writing manifest file 'custom_interfaces.egg-info/SOURCES.txt'
[0.620s] [100%] Built target ament_cmake_python_build_custom_interfaces_egg
[0.657s] Invoked command in '/home/klo40/ESDA_onboarding/build/custom_interfaces' returned '0': CMAKE_PREFIX_PATH=${CMAKE_PREFIX_PATH}:/home/klo40/ESDA_onboarding/install/waypoint_pub:/home/klo40/ESDA_onboarding/install/onboarding_task1:/opt/ros/humble /usr/bin/cmake --build /home/klo40/ESDA_onboarding/build/custom_interfaces -- -j8 -l8
[0.729s] Invoking command in '/home/klo40/ESDA_onboarding/build/custom_interfaces': CMAKE_PREFIX_PATH=${CMAKE_PREFIX_PATH}:/home/klo40/ESDA_onboarding/install/waypoint_pub:/home/klo40/ESDA_onboarding/install/onboarding_task1:/opt/ros/humble /usr/bin/cmake --install /home/klo40/ESDA_onboarding/build/custom_interfaces
[0.740s] -- Install configuration: ""
[0.740s] -- Up-to-date: /home/klo40/ESDA_onboarding/install/custom_interfaces/share/ament_index/resource_index/rosidl_interfaces/custom_interfaces
[0.740s] -- Up-to-date: /home/klo40/ESDA_onboarding/install/custom_interfaces/include/custom_interfaces/custom_interfaces
[0.741s] -- Up-to-date: /home/klo40/ESDA_onboarding/install/custom_interfaces/include/custom_interfaces/custom_interfaces/msg
[0.741s] -- Up-to-date: /home/klo40/ESDA_onboarding/install/custom_interfaces/include/custom_interfaces/custom_interfaces/msg/rosidl_generator_c__visibility_control.h
[0.741s] -- Up-to-date: /home/klo40/ESDA_onboarding/install/custom_interfaces/include/custom_interfaces/custom_interfaces/msg/detail
[0.742s] -- Up-to-date: /home/klo40/ESDA_onboarding/install/custom_interfaces/include/custom_interfaces/custom_interfaces/msg/detail/waypoint__type_support.h
[0.742s] -- Up-to-date: /home/klo40/ESDA_onboarding/install/custom_interfaces/include/custom_interfaces/custom_interfaces/msg/detail/waypoint__functions.h
[0.742s] -- Up-to-date: /home/klo40/ESDA_onboarding/install/custom_interfaces/include/custom_interfaces/custom_interfaces/msg/detail/waypoint__struct.h
[0.742s] -- Up-to-date: /home/klo40/ESDA_onboarding/install/custom_interfaces/include/custom_interfaces/custom_interfaces/msg/detail/waypoint__functions.c
[0.743s] -- Up-to-date: /home/klo40/ESDA_onboarding/install/custom_interfaces/include/custom_interfaces/custom_interfaces/msg/waypoint.h
[0.743s] -- Up-to-date: /home/klo40/ESDA_onboarding/install/custom_interfaces/share/custom_interfaces/environment/library_path.sh
[0.743s] -- Up-to-date: /home/klo40/ESDA_onboarding/install/custom_interfaces/share/custom_interfaces/environment/library_path.dsv
[0.743s] -- Up-to-date: /home/klo40/ESDA_onboarding/install/custom_interfaces/lib/libcustom_interfaces__rosidl_generator_c.so
[0.744s] -- Up-to-date: /home/klo40/ESDA_onboarding/install/custom_interfaces/include/custom_interfaces/custom_interfaces
[0.744s] -- Up-to-date: /home/klo40/ESDA_onboarding/install/custom_interfaces/include/custom_interfaces/custom_interfaces/msg
[0.744s] -- Up-to-date: /home/klo40/ESDA_onboarding/install/custom_interfaces/include/custom_interfaces/custom_interfaces/msg/rosidl_typesupport_fastrtps_c__visibility_control.h
[0.744s] -- Up-to-date: /home/klo40/ESDA_onboarding/install/custom_interfaces/include/custom_interfaces/custom_interfaces/msg/detail
[0.744s] -- Up-to-date: /home/klo40/ESDA_onboarding/install/custom_interfaces/include/custom_interfaces/custom_interfaces/msg/detail/waypoint__rosidl_typesupport_fastrtps_c.h
[0.745s] -- Up-to-date: /home/klo40/ESDA_onboarding/install/custom_interfaces/lib/libcustom_interfaces__rosidl_typesupport_fastrtps_c.so
[0.745s] -- Up-to-date: /home/klo40/ESDA_onboarding/install/custom_interfaces/include/custom_interfaces/custom_interfaces
[0.746s] -- Up-to-date: /home/klo40/ESDA_onboarding/install/custom_interfaces/include/custom_interfaces/custom_interfaces/msg
[0.746s] -- Up-to-date: /home/klo40/ESDA_onboarding/install/custom_interfaces/include/custom_interfaces/custom_interfaces/msg/rosidl_typesupport_introspection_c__visibility_control.h
[0.746s] -- Up-to-date: /home/klo40/ESDA_onboarding/install/custom_interfaces/include/custom_interfaces/custom_interfaces/msg/detail
[0.747s] -- Up-to-date: /home/klo40/ESDA_onboarding/install/custom_interfaces/include/custom_interfaces/custom_interfaces/msg/detail/waypoint__rosidl_typesupport_introspection_c.h
[0.747s] -- Up-to-date: /home/klo40/ESDA_onboarding/install/custom_interfaces/include/custom_interfaces/custom_interfaces/msg/detail/waypoint__type_support.c
[0.747s] -- Up-to-date: /home/klo40/ESDA_onboarding/install/custom_interfaces/lib/libcustom_interfaces__rosidl_typesupport_introspection_c.so
[0.748s] -- Up-to-date: /home/klo40/ESDA_onboarding/install/custom_interfaces/lib/libcustom_interfaces__rosidl_typesupport_c.so
[0.748s] -- Up-to-date: /home/klo40/ESDA_onboarding/install/custom_interfaces/include/custom_interfaces/custom_interfaces
[0.748s] -- Up-to-date: /home/klo40/ESDA_onboarding/install/custom_interfaces/include/custom_interfaces/custom_interfaces/msg
[0.748s] -- Up-to-date: /home/klo40/ESDA_onboarding/install/custom_interfaces/include/custom_interfaces/custom_interfaces/msg/waypoint.hpp
[0.748s] -- Up-to-date: /home/klo40/ESDA_onboarding/install/custom_interfaces/include/custom_interfaces/custom_interfaces/msg/detail
[0.748s] -- Up-to-date: /home/klo40/ESDA_onboarding/install/custom_interfaces/include/custom_interfaces/custom_interfaces/msg/detail/waypoint__struct.hpp
[0.748s] -- Up-to-date: /home/klo40/ESDA_onboarding/install/custom_interfaces/include/custom_interfaces/custom_interfaces/msg/detail/waypoint__traits.hpp
[0.748s] -- Up-to-date: /home/klo40/ESDA_onboarding/install/custom_interfaces/include/custom_interfaces/custom_interfaces/msg/detail/waypoint__builder.hpp
[0.748s] -- Up-to-date: /home/klo40/ESDA_onboarding/install/custom_interfaces/include/custom_interfaces/custom_interfaces
[0.748s] -- Up-to-date: /home/klo40/ESDA_onboarding/install/custom_interfaces/include/custom_interfaces/custom_interfaces/msg
[0.749s] -- Up-to-date: /home/klo40/ESDA_onboarding/install/custom_interfaces/include/custom_interfaces/custom_interfaces/msg/rosidl_typesupport_fastrtps_cpp__visibility_control.h
[0.749s] -- Up-to-date: /home/klo40/ESDA_onboarding/install/custom_interfaces/include/custom_interfaces/custom_interfaces/msg/detail
[0.749s] -- Up-to-date: /home/klo40/ESDA_onboarding/install/custom_interfaces/include/custom_interfaces/custom_interfaces/msg/detail/dds_fastrtps
[0.750s] -- Up-to-date: /home/klo40/ESDA_onboarding/install/custom_interfaces/include/custom_interfaces/custom_interfaces/msg/detail/waypoint__rosidl_typesupport_fastrtps_cpp.hpp
[0.750s] -- Up-to-date: /home/klo40/ESDA_onboarding/install/custom_interfaces/lib/libcustom_interfaces__rosidl_typesupport_fastrtps_cpp.so
[0.750s] -- Up-to-date: /home/klo40/ESDA_onboarding/install/custom_interfaces/include/custom_interfaces/custom_interfaces
[0.750s] -- Up-to-date: /home/klo40/ESDA_onboarding/install/custom_interfaces/include/custom_interfaces/custom_interfaces/msg
[0.751s] -- Up-to-date: /home/klo40/ESDA_onboarding/install/custom_interfaces/include/custom_interfaces/custom_interfaces/msg/detail
[0.751s] -- Up-to-date: /home/klo40/ESDA_onboarding/install/custom_interfaces/include/custom_interfaces/custom_interfaces/msg/detail/waypoint__rosidl_typesupport_introspection_cpp.hpp
[0.751s] -- Up-to-date: /home/klo40/ESDA_onboarding/install/custom_interfaces/include/custom_interfaces/custom_interfaces/msg/detail/waypoint__type_support.cpp
[0.751s] -- Up-to-date: /home/klo40/ESDA_onboarding/install/custom_interfaces/lib/libcustom_interfaces__rosidl_typesupport_introspection_cpp.so
[0.752s] -- Up-to-date: /home/klo40/ESDA_onboarding/install/custom_interfaces/lib/libcustom_interfaces__rosidl_typesupport_cpp.so
[0.752s] -- Up-to-date: /home/klo40/ESDA_onboarding/install/custom_interfaces/share/custom_interfaces/environment/pythonpath.sh
[0.752s] -- Up-to-date: /home/klo40/ESDA_onboarding/install/custom_interfaces/share/custom_interfaces/environment/pythonpath.dsv
[0.752s] -- Up-to-date: /home/klo40/ESDA_onboarding/install/custom_interfaces/local/lib/python3.10/dist-packages/custom_interfaces-0.0.0-py3.10.egg-info
[0.752s] -- Installing: /home/klo40/ESDA_onboarding/install/custom_interfaces/local/lib/python3.10/dist-packages/custom_interfaces-0.0.0-py3.10.egg-info/PKG-INFO
[0.753s] -- Installing: /home/klo40/ESDA_onboarding/install/custom_interfaces/local/lib/python3.10/dist-packages/custom_interfaces-0.0.0-py3.10.egg-info/top_level.txt
[0.753s] -- Installing: /home/klo40/ESDA_onboarding/install/custom_interfaces/local/lib/python3.10/dist-packages/custom_interfaces-0.0.0-py3.10.egg-info/SOURCES.txt
[0.753s] -- Installing: /home/klo40/ESDA_onboarding/install/custom_interfaces/local/lib/python3.10/dist-packages/custom_interfaces-0.0.0-py3.10.egg-info/dependency_links.txt
[0.753s] -- Up-to-date: /home/klo40/ESDA_onboarding/install/custom_interfaces/local/lib/python3.10/dist-packages/custom_interfaces
[0.753s] -- Up-to-date: /home/klo40/ESDA_onboarding/install/custom_interfaces/local/lib/python3.10/dist-packages/custom_interfaces/custom_interfaces_s__rosidl_typesupport_introspection_c.cpython-310-x86_64-linux-gnu.so
[0.753s] -- Up-to-date: /home/klo40/ESDA_onboarding/install/custom_interfaces/local/lib/python3.10/dist-packages/custom_interfaces/libcustom_interfaces__rosidl_generator_py.so
[0.753s] -- Up-to-date: /home/klo40/ESDA_onboarding/install/custom_interfaces/local/lib/python3.10/dist-packages/custom_interfaces/msg
[0.753s] -- Up-to-date: /home/klo40/ESDA_onboarding/install/custom_interfaces/local/lib/python3.10/dist-packages/custom_interfaces/msg/_waypoint.py
[0.753s] -- Up-to-date: /home/klo40/ESDA_onboarding/install/custom_interfaces/local/lib/python3.10/dist-packages/custom_interfaces/msg/_waypoint_s.c
[0.753s] -- Up-to-date: /home/klo40/ESDA_onboarding/install/custom_interfaces/local/lib/python3.10/dist-packages/custom_interfaces/msg/__init__.py
[0.754s] -- Up-to-date: /home/klo40/ESDA_onboarding/install/custom_interfaces/local/lib/python3.10/dist-packages/custom_interfaces/_custom_interfaces_s.ep.rosidl_typesupport_fastrtps_c.c
[0.754s] -- Up-to-date: /home/klo40/ESDA_onboarding/install/custom_interfaces/local/lib/python3.10/dist-packages/custom_interfaces/_custom_interfaces_s.ep.rosidl_typesupport_introspection_c.c
[0.754s] -- Up-to-date: /home/klo40/ESDA_onboarding/install/custom_interfaces/local/lib/python3.10/dist-packages/custom_interfaces/custom_interfaces_s__rosidl_typesupport_c.cpython-310-x86_64-linux-gnu.so
[0.754s] -- Up-to-date: /home/klo40/ESDA_onboarding/install/custom_interfaces/local/lib/python3.10/dist-packages/custom_interfaces/_custom_interfaces_s.ep.rosidl_typesupport_c.c
[0.754s] -- Up-to-date: /home/klo40/ESDA_onboarding/install/custom_interfaces/local/lib/python3.10/dist-packages/custom_interfaces/custom_interfaces_s__rosidl_typesupport_fastrtps_c.cpython-310-x86_64-linux-gnu.so
[0.754s] -- Up-to-date: /home/klo40/ESDA_onboarding/install/custom_interfaces/local/lib/python3.10/dist-packages/custom_interfaces/__init__.py
[0.795s] Listing '/home/klo40/ESDA_onboarding/install/custom_interfaces/local/lib/python3.10/dist-packages/custom_interfaces'...
[0.795s] Listing '/home/klo40/ESDA_onboarding/install/custom_interfaces/local/lib/python3.10/dist-packages/custom_interfaces/msg'...
[0.802s] -- Up-to-date: /home/klo40/ESDA_onboarding/install/custom_interfaces/local/lib/python3.10/dist-packages/custom_interfaces/custom_interfaces_s__rosidl_typesupport_fastrtps_c.cpython-310-x86_64-linux-gnu.so
[0.803s] -- Up-to-date: /home/klo40/ESDA_onboarding/install/custom_interfaces/local/lib/python3.10/dist-packages/custom_interfaces/custom_interfaces_s__rosidl_typesupport_introspection_c.cpython-310-x86_64-linux-gnu.so
[0.803s] -- Up-to-date: /home/klo40/ESDA_onboarding/install/custom_interfaces/local/lib/python3.10/dist-packages/custom_interfaces/custom_interfaces_s__rosidl_typesupport_c.cpython-310-x86_64-linux-gnu.so
[0.803s] -- Up-to-date: /home/klo40/ESDA_onboarding/install/custom_interfaces/lib/libcustom_interfaces__rosidl_generator_py.so
[0.803s] -- Up-to-date: /home/klo40/ESDA_onboarding/install/custom_interfaces/share/custom_interfaces/msg/Waypoint.idl
[0.804s] -- Up-to-date: /home/klo40/ESDA_onboarding/install/custom_interfaces/share/custom_interfaces/msg/Waypoint.msg
[0.804s] -- Up-to-date: /home/klo40/ESDA_onboarding/install/custom_interfaces/share/ament_index/resource_index/package_run_dependencies/custom_interfaces
[0.804s] -- Up-to-date: /home/klo40/ESDA_onboarding/install/custom_interfaces/share/ament_index/resource_index/parent_prefix_path/custom_interfaces
[0.805s] -- Up-to-date: /home/klo40/ESDA_onboarding/install/custom_interfaces/share/custom_interfaces/environment/ament_prefix_path.sh
[0.805s] -- Up-to-date: /home/klo40/ESDA_onboarding/install/custom_interfaces/share/custom_interfaces/environment/ament_prefix_path.dsv
[0.805s] -- Up-to-date: /home/klo40/ESDA_onboarding/install/custom_interfaces/share/custom_interfaces/environment/path.sh
[0.805s] -- Up-to-date: /home/klo40/ESDA_onboarding/install/custom_interfaces/share/custom_interfaces/environment/path.dsv
[0.805s] -- Up-to-date: /home/klo40/ESDA_onboarding/install/custom_interfaces/share/custom_interfaces/local_setup.bash
[0.806s] -- Up-to-date: /home/klo40/ESDA_onboarding/install/custom_interfaces/share/custom_interfaces/local_setup.sh
[0.806s] -- Up-to-date: /home/klo40/ESDA_onboarding/install/custom_interfaces/share/custom_interfaces/local_setup.zsh
[0.806s] -- Up-to-date: /home/klo40/ESDA_onboarding/install/custom_interfaces/share/custom_interfaces/local_setup.dsv
[0.806s] -- Installing: /home/klo40/ESDA_onboarding/install/custom_interfaces/share/custom_interfaces/package.dsv
[0.806s] -- Up-to-date: /home/klo40/ESDA_onboarding/install/custom_interfaces/share/ament_index/resource_index/packages/custom_interfaces
[0.806s] -- Up-to-date: /home/klo40/ESDA_onboarding/install/custom_interfaces/share/custom_interfaces/cmake/export_custom_interfaces__rosidl_generator_cExport.cmake
[0.807s] -- Up-to-date: /home/klo40/ESDA_onboarding/install/custom_interfaces/share/custom_interfaces/cmake/export_custom_interfaces__rosidl_generator_cExport-noconfig.cmake
[0.807s] -- Up-to-date: /home/klo40/ESDA_onboarding/install/custom_interfaces/share/custom_interfaces/cmake/export_custom_interfaces__rosidl_typesupport_fastrtps_cExport.cmake
[0.807s] -- Up-to-date: /home/klo40/ESDA_onboarding/install/custom_interfaces/share/custom_interfaces/cmake/export_custom_interfaces__rosidl_typesupport_fastrtps_cExport-noconfig.cmake
[0.808s] -- Up-to-date: /home/klo40/ESDA_onboarding/install/custom_interfaces/share/custom_interfaces/cmake/custom_interfaces__rosidl_typesupport_introspection_cExport.cmake
[0.808s] -- Up-to-date: /home/klo40/ESDA_onboarding/install/custom_interfaces/share/custom_interfaces/cmake/custom_interfaces__rosidl_typesupport_introspection_cExport-noconfig.cmake
[0.808s] -- Up-to-date: /home/klo40/ESDA_onboarding/install/custom_interfaces/share/custom_interfaces/cmake/custom_interfaces__rosidl_typesupport_cExport.cmake
[0.808s] -- Up-to-date: /home/klo40/ESDA_onboarding/install/custom_interfaces/share/custom_interfaces/cmake/custom_interfaces__rosidl_typesupport_cExport-noconfig.cmake
[0.808s] -- Up-to-date: /home/klo40/ESDA_onboarding/install/custom_interfaces/share/custom_interfaces/cmake/export_custom_interfaces__rosidl_generator_cppExport.cmake
[0.808s] -- Up-to-date: /home/klo40/ESDA_onboarding/install/custom_interfaces/share/custom_interfaces/cmake/export_custom_interfaces__rosidl_typesupport_fastrtps_cppExport.cmake
[0.808s] -- Up-to-date: /home/klo40/ESDA_onboarding/install/custom_interfaces/share/custom_interfaces/cmake/export_custom_interfaces__rosidl_typesupport_fastrtps_cppExport-noconfig.cmake
[0.808s] -- Up-to-date: /home/klo40/ESDA_onboarding/install/custom_interfaces/share/custom_interfaces/cmake/custom_interfaces__rosidl_typesupport_introspection_cppExport.cmake
[0.808s] -- Up-to-date: /home/klo40/ESDA_onboarding/install/custom_interfaces/share/custom_interfaces/cmake/custom_interfaces__rosidl_typesupport_introspection_cppExport-noconfig.cmake
[0.808s] -- Up-to-date: /home/klo40/ESDA_onboarding/install/custom_interfaces/share/custom_interfaces/cmake/custom_interfaces__rosidl_typesupport_cppExport.cmake
[0.808s] -- Up-to-date: /home/klo40/ESDA_onboarding/install/custom_interfaces/share/custom_interfaces/cmake/custom_interfaces__rosidl_typesupport_cppExport-noconfig.cmake
[0.808s] -- Up-to-date: /home/klo40/ESDA_onboarding/install/custom_interfaces/share/custom_interfaces/cmake/export_custom_interfaces__rosidl_generator_pyExport.cmake
[0.808s] -- Up-to-date: /home/klo40/ESDA_onboarding/install/custom_interfaces/share/custom_interfaces/cmake/export_custom_interfaces__rosidl_generator_pyExport-noconfig.cmake
[0.808s] -- Up-to-date: /home/klo40/ESDA_onboarding/install/custom_interfaces/share/custom_interfaces/cmake/rosidl_cmake-extras.cmake
[0.809s] -- Up-to-date: /home/klo40/ESDA_onboarding/install/custom_interfaces/share/custom_interfaces/cmake/ament_cmake_export_include_directories-extras.cmake
[0.809s] -- Up-to-date: /home/klo40/ESDA_onboarding/install/custom_interfaces/share/custom_interfaces/cmake/ament_cmake_export_libraries-extras.cmake
[0.809s] -- Up-to-date: /home/klo40/ESDA_onboarding/install/custom_interfaces/share/custom_interfaces/cmake/ament_cmake_export_targets-extras.cmake
[0.809s] -- Up-to-date: /home/klo40/ESDA_onboarding/install/custom_interfaces/share/custom_interfaces/cmake/rosidl_cmake_export_typesupport_targets-extras.cmake
[0.809s] -- Up-to-date: /home/klo40/ESDA_onboarding/install/custom_interfaces/share/custom_interfaces/cmake/ament_cmake_export_dependencies-extras.cmake
[0.809s] -- Up-to-date: /home/klo40/ESDA_onboarding/install/custom_interfaces/share/custom_interfaces/cmake/rosidl_cmake_export_typesupport_libraries-extras.cmake
[0.809s] -- Up-to-date: /home/klo40/ESDA_onboarding/install/custom_interfaces/share/custom_interfaces/cmake/custom_interfacesConfig.cmake
[0.809s] -- Up-to-date: /home/klo40/ESDA_onboarding/install/custom_interfaces/share/custom_interfaces/cmake/custom_interfacesConfig-version.cmake
[0.809s] -- Up-to-date: /home/klo40/ESDA_onboarding/install/custom_interfaces/share/custom_interfaces/package.xml
[0.811s] Invoked command in '/home/klo40/ESDA_onboarding/build/custom_interfaces' returned '0': CMAKE_PREFIX_PATH=${CMAKE_PREFIX_PATH}:/home/klo40/ESDA_onboarding/install/waypoint_pub:/home/klo40/ESDA_onboarding/install/onboarding_task1:/opt/ros/humble /usr/bin/cmake --install /home/klo40/ESDA_onboarding/build/custom_interfaces
