[0.600s] Invoking command in '/home/mcav/jpan/ESDA_onboarding/waypoint_pub': AMENT_PREFIX_PATH=/home/mcav/jpan/ESDA_onboarding/install/custom_interfaces:${AMENT_PREFIX_PATH} CMAKE_PREFIX_PATH=/home/mcav/jpan/ESDA_onboarding/install/custom_interfaces LD_LIBRARY_PATH=/home/mcav/jpan/ESDA_onboarding/install/custom_interfaces/lib:${LD_LIBRARY_PATH} PYTHONPATH=/home/mcav/jpan/ESDA_onboarding/build/waypoint_pub/prefix_override:/home/mcav/jpan/ESDA_onboarding/install/waypoint_pub/lib/python3.10/site-packages:/home/mcav/jpan/ESDA_onboarding/install/custom_interfaces/local/lib/python3.10/dist-packages:${PYTHONPATH} /usr/bin/python3 setup.py egg_info --egg-base ../build/waypoint_pub build --build-base /home/mcav/jpan/ESDA_onboarding/build/waypoint_pub/build install --record /home/mcav/jpan/ESDA_onboarding/build/waypoint_pub/install.log --single-version-externally-managed
[0.806s] running egg_info
[0.806s] creating ../build/waypoint_pub/waypoint_pub.egg-info
[0.807s] writing ../build/waypoint_pub/waypoint_pub.egg-info/PKG-INFO
[0.807s] writing dependency_links to ../build/waypoint_pub/waypoint_pub.egg-info/dependency_links.txt
[0.807s] writing entry points to ../build/waypoint_pub/waypoint_pub.egg-info/entry_points.txt
[0.807s] writing requirements to ../build/waypoint_pub/waypoint_pub.egg-info/requires.txt
[0.807s] writing top-level names to ../build/waypoint_pub/waypoint_pub.egg-info/top_level.txt
[0.807s] writing manifest file '../build/waypoint_pub/waypoint_pub.egg-info/SOURCES.txt'
[0.808s] reading manifest file '../build/waypoint_pub/waypoint_pub.egg-info/SOURCES.txt'
[0.809s] writing manifest file '../build/waypoint_pub/waypoint_pub.egg-info/SOURCES.txt'
[0.809s] running build
[0.809s] running build_py
[0.810s] creating /home/mcav/jpan/ESDA_onboarding/build/waypoint_pub/build
[0.810s] creating /home/mcav/jpan/ESDA_onboarding/build/waypoint_pub/build/lib
[0.810s] creating /home/mcav/jpan/ESDA_onboarding/build/waypoint_pub/build/lib/waypoint_pub
[0.810s] copying waypoint_pub/waypoint_publisher.py -> /home/mcav/jpan/ESDA_onboarding/build/waypoint_pub/build/lib/waypoint_pub
[0.810s] copying waypoint_pub/__init__.py -> /home/mcav/jpan/ESDA_onboarding/build/waypoint_pub/build/lib/waypoint_pub
[0.810s] running install
[0.810s] /usr/lib/python3/dist-packages/setuptools/command/install.py:34: SetuptoolsDeprecationWarning: setup.py install is deprecated. Use build and pip and other standards-based tools.
[0.810s]   warnings.warn(
[0.810s] running install_lib
[0.811s] creating /home/mcav/jpan/ESDA_onboarding/install/waypoint_pub/lib/python3.10/site-packages/waypoint_pub
[0.811s] copying /home/mcav/jpan/ESDA_onboarding/build/waypoint_pub/build/lib/waypoint_pub/waypoint_publisher.py -> /home/mcav/jpan/ESDA_onboarding/install/waypoint_pub/lib/python3.10/site-packages/waypoint_pub
[0.811s] copying /home/mcav/jpan/ESDA_onboarding/build/waypoint_pub/build/lib/waypoint_pub/__init__.py -> /home/mcav/jpan/ESDA_onboarding/install/waypoint_pub/lib/python3.10/site-packages/waypoint_pub
[0.812s] byte-compiling /home/mcav/jpan/ESDA_onboarding/install/waypoint_pub/lib/python3.10/site-packages/waypoint_pub/waypoint_publisher.py to waypoint_publisher.cpython-310.pyc
[0.812s] byte-compiling /home/mcav/jpan/ESDA_onboarding/install/waypoint_pub/lib/python3.10/site-packages/waypoint_pub/__init__.py to __init__.cpython-310.pyc
[0.812s] running install_data
[0.813s] creating /home/mcav/jpan/ESDA_onboarding/install/waypoint_pub/share/ament_index
[0.813s] creating /home/mcav/jpan/ESDA_onboarding/install/waypoint_pub/share/ament_index/resource_index
[0.813s] creating /home/mcav/jpan/ESDA_onboarding/install/waypoint_pub/share/ament_index/resource_index/packages
[0.813s] copying resource/waypoint_pub -> /home/mcav/jpan/ESDA_onboarding/install/waypoint_pub/share/ament_index/resource_index/packages
[0.813s] copying package.xml -> /home/mcav/jpan/ESDA_onboarding/install/waypoint_pub/share/waypoint_pub
[0.813s] running install_egg_info
[0.814s] Copying ../build/waypoint_pub/waypoint_pub.egg-info to /home/mcav/jpan/ESDA_onboarding/install/waypoint_pub/lib/python3.10/site-packages/waypoint_pub-0.0.0-py3.10.egg-info
[0.815s] running install_scripts
[0.832s] Installing waypoint_pub script to /home/mcav/jpan/ESDA_onboarding/install/waypoint_pub/lib/waypoint_pub
[0.832s] writing list of installed files to '/home/mcav/jpan/ESDA_onboarding/build/waypoint_pub/install.log'
[0.851s] Invoked command in '/home/mcav/jpan/ESDA_onboarding/waypoint_pub' returned '0': AMENT_PREFIX_PATH=/home/mcav/jpan/ESDA_onboarding/install/custom_interfaces:${AMENT_PREFIX_PATH} CMAKE_PREFIX_PATH=/home/mcav/jpan/ESDA_onboarding/install/custom_interfaces LD_LIBRARY_PATH=/home/mcav/jpan/ESDA_onboarding/install/custom_interfaces/lib:${LD_LIBRARY_PATH} PYTHONPATH=/home/mcav/jpan/ESDA_onboarding/build/waypoint_pub/prefix_override:/home/mcav/jpan/ESDA_onboarding/install/waypoint_pub/lib/python3.10/site-packages:/home/mcav/jpan/ESDA_onboarding/install/custom_interfaces/local/lib/python3.10/dist-packages:${PYTHONPATH} /usr/bin/python3 setup.py egg_info --egg-base ../build/waypoint_pub build --build-base /home/mcav/jpan/ESDA_onboarding/build/waypoint_pub/build install --record /home/mcav/jpan/ESDA_onboarding/build/waypoint_pub/install.log --single-version-externally-managed
