[0.094s] Invoking command in '/home/klo40/ESDA_onboarding/build/articubot_one': CMAKE_PREFIX_PATH=/opt/ros/humble /usr/bin/cmake --build /home/klo40/ESDA_onboarding/build/articubot_one -- -j4 -l4
[0.220s] Invoked command in '/home/klo40/ESDA_onboarding/build/articubot_one' returned '0': CMAKE_PREFIX_PATH=/opt/ros/humble /usr/bin/cmake --build /home/klo40/ESDA_onboarding/build/articubot_one -- -j4 -l4
[0.328s] Invoking command in '/home/klo40/ESDA_onboarding/build/articubot_one': CMAKE_PREFIX_PATH=/opt/ros/humble /usr/bin/cmake --install /home/klo40/ESDA_onboarding/build/articubot_one
[0.371s] -- Install configuration: ""
[0.374s] -- Up-to-date: /home/klo40/ESDA_onboarding/install/articubot_one/share/articubot_one/config
[0.376s] -- Up-to-date: /home/klo40/ESDA_onboarding/install/articubot_one/share/articubot_one/config/view_bot.rviz
[0.376s] -- Up-to-date: /home/klo40/ESDA_onboarding/install/articubot_one/share/articubot_one/config/empty.yaml
[0.376s] -- Up-to-date: /home/klo40/ESDA_onboarding/install/articubot_one/share/articubot_one/config/drive_bot.rviz
[0.377s] -- Up-to-date: /home/klo40/ESDA_onboarding/install/articubot_one/share/articubot_one/description
[0.377s] -- Up-to-date: /home/klo40/ESDA_onboarding/install/articubot_one/share/articubot_one/description/lidar.xacro
[0.377s] -- Up-to-date: /home/klo40/ESDA_onboarding/install/articubot_one/share/articubot_one/description/robot_core.xacro
[0.377s] -- Up-to-date: /home/klo40/ESDA_onboarding/install/articubot_one/share/articubot_one/description/robot.urdf.xacro
[0.377s] -- Up-to-date: /home/klo40/ESDA_onboarding/install/articubot_one/share/articubot_one/description/intertial_macros.xacro
[0.377s] -- Up-to-date: /home/klo40/ESDA_onboarding/install/articubot_one/share/articubot_one/description/inertial_macros.xacro
[0.377s] -- Up-to-date: /home/klo40/ESDA_onboarding/install/articubot_one/share/articubot_one/description/gazebo_control.xacro
[0.377s] -- Up-to-date: /home/klo40/ESDA_onboarding/install/articubot_one/share/articubot_one/launch
[0.379s] -- Up-to-date: /home/klo40/ESDA_onboarding/install/articubot_one/share/articubot_one/launch/rsp.launch.py
[0.379s] -- Up-to-date: /home/klo40/ESDA_onboarding/install/articubot_one/share/articubot_one/launch/launch_sim.launch.py
[0.380s] -- Up-to-date: /home/klo40/ESDA_onboarding/install/articubot_one/share/articubot_one/worlds
[0.381s] -- Up-to-date: /home/klo40/ESDA_onboarding/install/articubot_one/share/articubot_one/worlds/obstacles.world
[0.381s] -- Up-to-date: /home/klo40/ESDA_onboarding/install/articubot_one/share/articubot_one/worlds/obstacles2.world
[0.381s] -- Up-to-date: /home/klo40/ESDA_onboarding/install/articubot_one/share/articubot_one/worlds/empty.world
[0.382s] -- Up-to-date: /home/klo40/ESDA_onboarding/install/articubot_one/share/ament_index/resource_index/package_run_dependencies/articubot_one
[0.383s] -- Up-to-date: /home/klo40/ESDA_onboarding/install/articubot_one/share/ament_index/resource_index/parent_prefix_path/articubot_one
[0.384s] -- Up-to-date: /home/klo40/ESDA_onboarding/install/articubot_one/share/articubot_one/environment/ament_prefix_path.sh
[0.384s] -- Up-to-date: /home/klo40/ESDA_onboarding/install/articubot_one/share/articubot_one/environment/ament_prefix_path.dsv
[0.384s] -- Up-to-date: /home/klo40/ESDA_onboarding/install/articubot_one/share/articubot_one/environment/path.sh
[0.384s] -- Up-to-date: /home/klo40/ESDA_onboarding/install/articubot_one/share/articubot_one/environment/path.dsv
[0.384s] -- Up-to-date: /home/klo40/ESDA_onboarding/install/articubot_one/share/articubot_one/local_setup.bash
[0.385s] -- Up-to-date: /home/klo40/ESDA_onboarding/install/articubot_one/share/articubot_one/local_setup.sh
[0.386s] -- Up-to-date: /home/klo40/ESDA_onboarding/install/articubot_one/share/articubot_one/local_setup.zsh
[0.386s] -- Up-to-date: /home/klo40/ESDA_onboarding/install/articubot_one/share/articubot_one/local_setup.dsv
[0.386s] -- Installing: /home/klo40/ESDA_onboarding/install/articubot_one/share/articubot_one/package.dsv
[0.388s] -- Up-to-date: /home/klo40/ESDA_onboarding/install/articubot_one/share/ament_index/resource_index/packages/articubot_one
[0.389s] -- Up-to-date: /home/klo40/ESDA_onboarding/install/articubot_one/share/articubot_one/cmake/articubot_oneConfig.cmake
[0.389s] -- Up-to-date: /home/klo40/ESDA_onboarding/install/articubot_one/share/articubot_one/cmake/articubot_oneConfig-version.cmake
[0.389s] -- Up-to-date: /home/klo40/ESDA_onboarding/install/articubot_one/share/articubot_one/package.xml
[0.395s] Invoked command in '/home/klo40/ESDA_onboarding/build/articubot_one' returned '0': CMAKE_PREFIX_PATH=/opt/ros/humble /usr/bin/cmake --install /home/klo40/ESDA_onboarding/build/articubot_one
