[0.102s] Invoking command in '/home/klo40/ESDA_onboarding/build/custom_interfaces': CMAKE_PREFIX_PATH=/opt/ros/humble /usr/bin/cmake --build /home/klo40/ESDA_onboarding/build/custom_interfaces -- -j4 -l4
[0.572s] [  3%] Built target custom_interfaces__cpp
[0.574s] [ 12%] Built target custom_interfaces__rosidl_generator_c
[0.585s] [ 12%] Built target ament_cmake_python_copy_custom_interfaces
[0.684s] [ 22%] Built target custom_interfaces__rosidl_typesupport_cpp
[0.689s] [ 32%] Built target custom_interfaces__rosidl_typesupport_fastrtps_c
[0.697s] [ 41%] Built target custom_interfaces__rosidl_typesupport_introspection_cpp
[0.712s] [ 51%] Built target custom_interfaces__rosidl_typesupport_fastrtps_cpp
[0.732s] [ 61%] Built target custom_interfaces__rosidl_typesupport_c
[0.734s] [ 70%] Built target custom_interfaces__rosidl_typesupport_introspection_c
[0.801s] [ 70%] Built target custom_interfaces
[0.852s] [ 74%] Built target custom_interfaces__py
[0.896s] [ 80%] Built target custom_interfaces__rosidl_generator_py
[0.938s] [ 87%] Built target custom_interfaces__rosidl_typesupport_introspection_c__pyext
[0.943s] [ 93%] Built target custom_interfaces__rosidl_typesupport_c__pyext
[0.944s] [100%] Built target custom_interfaces__rosidl_typesupport_fastrtps_c__pyext
[1.016s] running egg_info
[1.019s] writing custom_interfaces.egg-info/PKG-INFO
[1.020s] writing dependency_links to custom_interfaces.egg-info/dependency_links.txt
[1.020s] writing top-level names to custom_interfaces.egg-info/top_level.txt
[1.024s] reading manifest file 'custom_interfaces.egg-info/SOURCES.txt'
[1.025s] writing manifest file 'custom_interfaces.egg-info/SOURCES.txt'
[1.053s] [100%] Built target ament_cmake_python_build_custom_interfaces_egg
[1.102s] Invoked command in '/home/klo40/ESDA_onboarding/build/custom_interfaces' returned '0': CMAKE_PREFIX_PATH=/opt/ros/humble /usr/bin/cmake --build /home/klo40/ESDA_onboarding/build/custom_interfaces -- -j4 -l4
[1.251s] Invoking command in '/home/klo40/ESDA_onboarding/build/custom_interfaces': CMAKE_PREFIX_PATH=/opt/ros/humble /usr/bin/cmake --install /home/klo40/ESDA_onboarding/build/custom_interfaces
[1.261s] -- Install configuration: ""
[1.264s] -- Up-to-date: /home/klo40/ESDA_onboarding/install/custom_interfaces/share/ament_index/resource_index/rosidl_interfaces/custom_interfaces
[1.264s] -- Up-to-date: /home/klo40/ESDA_onboarding/install/custom_interfaces/include/custom_interfaces/custom_interfaces
[1.266s] -- Up-to-date: /home/klo40/ESDA_onboarding/install/custom_interfaces/include/custom_interfaces/custom_interfaces/msg
[1.267s] -- Up-to-date: /home/klo40/ESDA_onboarding/install/custom_interfaces/include/custom_interfaces/custom_interfaces/msg/rosidl_generator_c__visibility_control.h
[1.267s] -- Up-to-date: /home/klo40/ESDA_onboarding/install/custom_interfaces/include/custom_interfaces/custom_interfaces/msg/detail
[1.267s] -- Up-to-date: /home/klo40/ESDA_onboarding/install/custom_interfaces/include/custom_interfaces/custom_interfaces/msg/detail/waypoint__type_support.h
[1.267s] -- Up-to-date: /home/klo40/ESDA_onboarding/install/custom_interfaces/include/custom_interfaces/custom_interfaces/msg/detail/waypoint__functions.c
[1.268s] -- Up-to-date: /home/klo40/ESDA_onboarding/install/custom_interfaces/include/custom_interfaces/custom_interfaces/msg/detail/waypoint__functions.h
[1.268s] -- Up-to-date: /home/klo40/ESDA_onboarding/install/custom_interfaces/include/custom_interfaces/custom_interfaces/msg/detail/waypoint__struct.h
[1.271s] -- Up-to-date: /home/klo40/ESDA_onboarding/install/custom_interfaces/include/custom_interfaces/custom_interfaces/msg/waypoint.h
[1.272s] -- Up-to-date: /home/klo40/ESDA_onboarding/install/custom_interfaces/share/custom_interfaces/environment/library_path.sh
[1.272s] -- Up-to-date: /home/klo40/ESDA_onboarding/install/custom_interfaces/share/custom_interfaces/environment/library_path.dsv
[1.293s] -- Up-to-date: /home/klo40/ESDA_onboarding/install/custom_interfaces/lib/libcustom_interfaces__rosidl_generator_c.so
[1.294s] -- Up-to-date: /home/klo40/ESDA_onboarding/install/custom_interfaces/include/custom_interfaces/custom_interfaces
[1.294s] -- Up-to-date: /home/klo40/ESDA_onboarding/install/custom_interfaces/include/custom_interfaces/custom_interfaces/msg
[1.294s] -- Up-to-date: /home/klo40/ESDA_onboarding/install/custom_interfaces/include/custom_interfaces/custom_interfaces/msg/detail
[1.295s] -- Up-to-date: /home/klo40/ESDA_onboarding/install/custom_interfaces/include/custom_interfaces/custom_interfaces/msg/detail/waypoint__rosidl_typesupport_fastrtps_c.h
[1.296s] -- Up-to-date: /home/klo40/ESDA_onboarding/install/custom_interfaces/include/custom_interfaces/custom_interfaces/msg/rosidl_typesupport_fastrtps_c__visibility_control.h
[1.296s] -- Up-to-date: /home/klo40/ESDA_onboarding/install/custom_interfaces/lib/libcustom_interfaces__rosidl_typesupport_fastrtps_c.so
[1.296s] -- Up-to-date: /home/klo40/ESDA_onboarding/install/custom_interfaces/include/custom_interfaces/custom_interfaces
[1.296s] -- Up-to-date: /home/klo40/ESDA_onboarding/install/custom_interfaces/include/custom_interfaces/custom_interfaces/msg
[1.296s] -- Up-to-date: /home/klo40/ESDA_onboarding/install/custom_interfaces/include/custom_interfaces/custom_interfaces/msg/detail
[1.296s] -- Up-to-date: /home/klo40/ESDA_onboarding/install/custom_interfaces/include/custom_interfaces/custom_interfaces/msg/detail/waypoint__rosidl_typesupport_introspection_c.h
[1.296s] -- Up-to-date: /home/klo40/ESDA_onboarding/install/custom_interfaces/include/custom_interfaces/custom_interfaces/msg/detail/waypoint__type_support.c
[1.297s] -- Up-to-date: /home/klo40/ESDA_onboarding/install/custom_interfaces/include/custom_interfaces/custom_interfaces/msg/rosidl_typesupport_introspection_c__visibility_control.h
[1.297s] -- Up-to-date: /home/klo40/ESDA_onboarding/install/custom_interfaces/lib/libcustom_interfaces__rosidl_typesupport_introspection_c.so
[1.298s] -- Up-to-date: /home/klo40/ESDA_onboarding/install/custom_interfaces/lib/libcustom_interfaces__rosidl_typesupport_c.so
[1.298s] -- Up-to-date: /home/klo40/ESDA_onboarding/install/custom_interfaces/include/custom_interfaces/custom_interfaces
[1.299s] -- Up-to-date: /home/klo40/ESDA_onboarding/install/custom_interfaces/include/custom_interfaces/custom_interfaces/msg
[1.299s] -- Up-to-date: /home/klo40/ESDA_onboarding/install/custom_interfaces/include/custom_interfaces/custom_interfaces/msg/detail
[1.299s] -- Up-to-date: /home/klo40/ESDA_onboarding/install/custom_interfaces/include/custom_interfaces/custom_interfaces/msg/detail/waypoint__builder.hpp
[1.299s] -- Up-to-date: /home/klo40/ESDA_onboarding/install/custom_interfaces/include/custom_interfaces/custom_interfaces/msg/detail/waypoint__struct.hpp
[1.299s] -- Up-to-date: /home/klo40/ESDA_onboarding/install/custom_interfaces/include/custom_interfaces/custom_interfaces/msg/detail/waypoint__traits.hpp
[1.299s] -- Up-to-date: /home/klo40/ESDA_onboarding/install/custom_interfaces/include/custom_interfaces/custom_interfaces/msg/waypoint.hpp
[1.300s] -- Up-to-date: /home/klo40/ESDA_onboarding/install/custom_interfaces/include/custom_interfaces/custom_interfaces
[1.300s] -- Up-to-date: /home/klo40/ESDA_onboarding/install/custom_interfaces/include/custom_interfaces/custom_interfaces/msg
[1.300s] -- Up-to-date: /home/klo40/ESDA_onboarding/install/custom_interfaces/include/custom_interfaces/custom_interfaces/msg/detail
[1.300s] -- Up-to-date: /home/klo40/ESDA_onboarding/install/custom_interfaces/include/custom_interfaces/custom_interfaces/msg/detail/dds_fastrtps
[1.300s] -- Up-to-date: /home/klo40/ESDA_onboarding/install/custom_interfaces/include/custom_interfaces/custom_interfaces/msg/detail/waypoint__rosidl_typesupport_fastrtps_cpp.hpp
[1.300s] -- Up-to-date: /home/klo40/ESDA_onboarding/install/custom_interfaces/include/custom_interfaces/custom_interfaces/msg/rosidl_typesupport_fastrtps_cpp__visibility_control.h
[1.301s] -- Up-to-date: /home/klo40/ESDA_onboarding/install/custom_interfaces/lib/libcustom_interfaces__rosidl_typesupport_fastrtps_cpp.so
[1.301s] -- Up-to-date: /home/klo40/ESDA_onboarding/install/custom_interfaces/include/custom_interfaces/custom_interfaces
[1.301s] -- Up-to-date: /home/klo40/ESDA_onboarding/install/custom_interfaces/include/custom_interfaces/custom_interfaces/msg
[1.301s] -- Up-to-date: /home/klo40/ESDA_onboarding/install/custom_interfaces/include/custom_interfaces/custom_interfaces/msg/detail
[1.301s] -- Up-to-date: /home/klo40/ESDA_onboarding/install/custom_interfaces/include/custom_interfaces/custom_interfaces/msg/detail/waypoint__type_support.cpp
[1.301s] -- Up-to-date: /home/klo40/ESDA_onboarding/install/custom_interfaces/include/custom_interfaces/custom_interfaces/msg/detail/waypoint__rosidl_typesupport_introspection_cpp.hpp
[1.303s] -- Up-to-date: /home/klo40/ESDA_onboarding/install/custom_interfaces/lib/libcustom_interfaces__rosidl_typesupport_introspection_cpp.so
[1.304s] -- Up-to-date: /home/klo40/ESDA_onboarding/install/custom_interfaces/lib/libcustom_interfaces__rosidl_typesupport_cpp.so
[1.304s] -- Up-to-date: /home/klo40/ESDA_onboarding/install/custom_interfaces/share/custom_interfaces/environment/pythonpath.sh
[1.304s] -- Up-to-date: /home/klo40/ESDA_onboarding/install/custom_interfaces/share/custom_interfaces/environment/pythonpath.dsv
[1.307s] -- Up-to-date: /home/klo40/ESDA_onboarding/install/custom_interfaces/local/lib/python3.10/dist-packages/custom_interfaces-0.0.0-py3.10.egg-info
[1.307s] -- Installing: /home/klo40/ESDA_onboarding/install/custom_interfaces/local/lib/python3.10/dist-packages/custom_interfaces-0.0.0-py3.10.egg-info/dependency_links.txt
[1.308s] -- Installing: /home/klo40/ESDA_onboarding/install/custom_interfaces/local/lib/python3.10/dist-packages/custom_interfaces-0.0.0-py3.10.egg-info/SOURCES.txt
[1.308s] -- Installing: /home/klo40/ESDA_onboarding/install/custom_interfaces/local/lib/python3.10/dist-packages/custom_interfaces-0.0.0-py3.10.egg-info/PKG-INFO
[1.308s] -- Installing: /home/klo40/ESDA_onboarding/install/custom_interfaces/local/lib/python3.10/dist-packages/custom_interfaces-0.0.0-py3.10.egg-info/top_level.txt
[1.309s] -- Up-to-date: /home/klo40/ESDA_onboarding/install/custom_interfaces/local/lib/python3.10/dist-packages/custom_interfaces
[1.309s] -- Up-to-date: /home/klo40/ESDA_onboarding/install/custom_interfaces/local/lib/python3.10/dist-packages/custom_interfaces/_custom_interfaces_s.ep.rosidl_typesupport_fastrtps_c.c
[1.309s] -- Up-to-date: /home/klo40/ESDA_onboarding/install/custom_interfaces/local/lib/python3.10/dist-packages/custom_interfaces/custom_interfaces_s__rosidl_typesupport_introspection_c.cpython-310-x86_64-linux-gnu.so
[1.309s] -- Up-to-date: /home/klo40/ESDA_onboarding/install/custom_interfaces/local/lib/python3.10/dist-packages/custom_interfaces/_custom_interfaces_s.ep.rosidl_typesupport_c.c
[1.309s] -- Up-to-date: /home/klo40/ESDA_onboarding/install/custom_interfaces/local/lib/python3.10/dist-packages/custom_interfaces/custom_interfaces_s__rosidl_typesupport_c.cpython-310-x86_64-linux-gnu.so
[1.309s] -- Up-to-date: /home/klo40/ESDA_onboarding/install/custom_interfaces/local/lib/python3.10/dist-packages/custom_interfaces/__init__.py
[1.309s] -- Up-to-date: /home/klo40/ESDA_onboarding/install/custom_interfaces/local/lib/python3.10/dist-packages/custom_interfaces/msg
[1.310s] -- Up-to-date: /home/klo40/ESDA_onboarding/install/custom_interfaces/local/lib/python3.10/dist-packages/custom_interfaces/msg/_waypoint.py
[1.310s] -- Up-to-date: /home/klo40/ESDA_onboarding/install/custom_interfaces/local/lib/python3.10/dist-packages/custom_interfaces/msg/__init__.py
[1.310s] -- Up-to-date: /home/klo40/ESDA_onboarding/install/custom_interfaces/local/lib/python3.10/dist-packages/custom_interfaces/msg/_waypoint_s.c
[1.310s] -- Up-to-date: /home/klo40/ESDA_onboarding/install/custom_interfaces/local/lib/python3.10/dist-packages/custom_interfaces/libcustom_interfaces__rosidl_generator_py.so
[1.310s] -- Up-to-date: /home/klo40/ESDA_onboarding/install/custom_interfaces/local/lib/python3.10/dist-packages/custom_interfaces/custom_interfaces_s__rosidl_typesupport_fastrtps_c.cpython-310-x86_64-linux-gnu.so
[1.310s] -- Up-to-date: /home/klo40/ESDA_onboarding/install/custom_interfaces/local/lib/python3.10/dist-packages/custom_interfaces/_custom_interfaces_s.ep.rosidl_typesupport_introspection_c.c
[1.338s] Listing '/home/klo40/ESDA_onboarding/install/custom_interfaces/local/lib/python3.10/dist-packages/custom_interfaces'...
[1.338s] Listing '/home/klo40/ESDA_onboarding/install/custom_interfaces/local/lib/python3.10/dist-packages/custom_interfaces/msg'...
[1.343s] -- Up-to-date: /home/klo40/ESDA_onboarding/install/custom_interfaces/local/lib/python3.10/dist-packages/custom_interfaces/custom_interfaces_s__rosidl_typesupport_fastrtps_c.cpython-310-x86_64-linux-gnu.so
[1.345s] -- Up-to-date: /home/klo40/ESDA_onboarding/install/custom_interfaces/local/lib/python3.10/dist-packages/custom_interfaces/custom_interfaces_s__rosidl_typesupport_introspection_c.cpython-310-x86_64-linux-gnu.so
[1.346s] -- Up-to-date: /home/klo40/ESDA_onboarding/install/custom_interfaces/local/lib/python3.10/dist-packages/custom_interfaces/custom_interfaces_s__rosidl_typesupport_c.cpython-310-x86_64-linux-gnu.so
[1.348s] -- Up-to-date: /home/klo40/ESDA_onboarding/install/custom_interfaces/lib/libcustom_interfaces__rosidl_generator_py.so
[1.348s] -- Up-to-date: /home/klo40/ESDA_onboarding/install/custom_interfaces/share/custom_interfaces/msg/Waypoint.idl
[1.348s] -- Up-to-date: /home/klo40/ESDA_onboarding/install/custom_interfaces/share/custom_interfaces/msg/Waypoint.msg
[1.349s] -- Up-to-date: /home/klo40/ESDA_onboarding/install/custom_interfaces/share/ament_index/resource_index/package_run_dependencies/custom_interfaces
[1.350s] -- Up-to-date: /home/klo40/ESDA_onboarding/install/custom_interfaces/share/ament_index/resource_index/parent_prefix_path/custom_interfaces
[1.351s] -- Up-to-date: /home/klo40/ESDA_onboarding/install/custom_interfaces/share/custom_interfaces/environment/ament_prefix_path.sh
[1.351s] -- Up-to-date: /home/klo40/ESDA_onboarding/install/custom_interfaces/share/custom_interfaces/environment/ament_prefix_path.dsv
[1.351s] -- Up-to-date: /home/klo40/ESDA_onboarding/install/custom_interfaces/share/custom_interfaces/environment/path.sh
[1.351s] -- Up-to-date: /home/klo40/ESDA_onboarding/install/custom_interfaces/share/custom_interfaces/environment/path.dsv
[1.351s] -- Up-to-date: /home/klo40/ESDA_onboarding/install/custom_interfaces/share/custom_interfaces/local_setup.bash
[1.351s] -- Up-to-date: /home/klo40/ESDA_onboarding/install/custom_interfaces/share/custom_interfaces/local_setup.sh
[1.351s] -- Up-to-date: /home/klo40/ESDA_onboarding/install/custom_interfaces/share/custom_interfaces/local_setup.zsh
[1.351s] -- Up-to-date: /home/klo40/ESDA_onboarding/install/custom_interfaces/share/custom_interfaces/local_setup.dsv
[1.352s] -- Installing: /home/klo40/ESDA_onboarding/install/custom_interfaces/share/custom_interfaces/package.dsv
[1.352s] -- Up-to-date: /home/klo40/ESDA_onboarding/install/custom_interfaces/share/ament_index/resource_index/packages/custom_interfaces
[1.360s] -- Up-to-date: /home/klo40/ESDA_onboarding/install/custom_interfaces/share/custom_interfaces/cmake/export_custom_interfaces__rosidl_generator_cExport.cmake
[1.361s] -- Up-to-date: /home/klo40/ESDA_onboarding/install/custom_interfaces/share/custom_interfaces/cmake/export_custom_interfaces__rosidl_generator_cExport-noconfig.cmake
[1.366s] -- Up-to-date: /home/klo40/ESDA_onboarding/install/custom_interfaces/share/custom_interfaces/cmake/export_custom_interfaces__rosidl_typesupport_fastrtps_cExport.cmake
[1.367s] -- Up-to-date: /home/klo40/ESDA_onboarding/install/custom_interfaces/share/custom_interfaces/cmake/export_custom_interfaces__rosidl_typesupport_fastrtps_cExport-noconfig.cmake
[1.376s] -- Up-to-date: /home/klo40/ESDA_onboarding/install/custom_interfaces/share/custom_interfaces/cmake/custom_interfaces__rosidl_typesupport_introspection_cExport.cmake
[1.377s] -- Up-to-date: /home/klo40/ESDA_onboarding/install/custom_interfaces/share/custom_interfaces/cmake/custom_interfaces__rosidl_typesupport_introspection_cExport-noconfig.cmake
[1.378s] -- Up-to-date: /home/klo40/ESDA_onboarding/install/custom_interfaces/share/custom_interfaces/cmake/custom_interfaces__rosidl_typesupport_cExport.cmake
[1.379s] -- Up-to-date: /home/klo40/ESDA_onboarding/install/custom_interfaces/share/custom_interfaces/cmake/custom_interfaces__rosidl_typesupport_cExport-noconfig.cmake
[1.381s] -- Up-to-date: /home/klo40/ESDA_onboarding/install/custom_interfaces/share/custom_interfaces/cmake/export_custom_interfaces__rosidl_generator_cppExport.cmake
[1.382s] -- Up-to-date: /home/klo40/ESDA_onboarding/install/custom_interfaces/share/custom_interfaces/cmake/export_custom_interfaces__rosidl_typesupport_fastrtps_cppExport.cmake
[1.382s] -- Up-to-date: /home/klo40/ESDA_onboarding/install/custom_interfaces/share/custom_interfaces/cmake/export_custom_interfaces__rosidl_typesupport_fastrtps_cppExport-noconfig.cmake
[1.383s] -- Up-to-date: /home/klo40/ESDA_onboarding/install/custom_interfaces/share/custom_interfaces/cmake/custom_interfaces__rosidl_typesupport_introspection_cppExport.cmake
[1.383s] -- Up-to-date: /home/klo40/ESDA_onboarding/install/custom_interfaces/share/custom_interfaces/cmake/custom_interfaces__rosidl_typesupport_introspection_cppExport-noconfig.cmake
[1.385s] -- Up-to-date: /home/klo40/ESDA_onboarding/install/custom_interfaces/share/custom_interfaces/cmake/custom_interfaces__rosidl_typesupport_cppExport.cmake
[1.385s] -- Up-to-date: /home/klo40/ESDA_onboarding/install/custom_interfaces/share/custom_interfaces/cmake/custom_interfaces__rosidl_typesupport_cppExport-noconfig.cmake
[1.386s] -- Up-to-date: /home/klo40/ESDA_onboarding/install/custom_interfaces/share/custom_interfaces/cmake/export_custom_interfaces__rosidl_generator_pyExport.cmake
[1.386s] -- Up-to-date: /home/klo40/ESDA_onboarding/install/custom_interfaces/share/custom_interfaces/cmake/export_custom_interfaces__rosidl_generator_pyExport-noconfig.cmake
[1.387s] -- Up-to-date: /home/klo40/ESDA_onboarding/install/custom_interfaces/share/custom_interfaces/cmake/rosidl_cmake-extras.cmake
[1.387s] -- Up-to-date: /home/klo40/ESDA_onboarding/install/custom_interfaces/share/custom_interfaces/cmake/ament_cmake_export_include_directories-extras.cmake
[1.388s] -- Up-to-date: /home/klo40/ESDA_onboarding/install/custom_interfaces/share/custom_interfaces/cmake/ament_cmake_export_libraries-extras.cmake
[1.388s] -- Up-to-date: /home/klo40/ESDA_onboarding/install/custom_interfaces/share/custom_interfaces/cmake/ament_cmake_export_targets-extras.cmake
[1.388s] -- Up-to-date: /home/klo40/ESDA_onboarding/install/custom_interfaces/share/custom_interfaces/cmake/rosidl_cmake_export_typesupport_targets-extras.cmake
[1.388s] -- Up-to-date: /home/klo40/ESDA_onboarding/install/custom_interfaces/share/custom_interfaces/cmake/ament_cmake_export_dependencies-extras.cmake
[1.388s] -- Up-to-date: /home/klo40/ESDA_onboarding/install/custom_interfaces/share/custom_interfaces/cmake/rosidl_cmake_export_typesupport_libraries-extras.cmake
[1.389s] -- Up-to-date: /home/klo40/ESDA_onboarding/install/custom_interfaces/share/custom_interfaces/cmake/custom_interfacesConfig.cmake
[1.389s] -- Up-to-date: /home/klo40/ESDA_onboarding/install/custom_interfaces/share/custom_interfaces/cmake/custom_interfacesConfig-version.cmake
[1.389s] -- Up-to-date: /home/klo40/ESDA_onboarding/install/custom_interfaces/share/custom_interfaces/package.xml
[1.393s] Invoked command in '/home/klo40/ESDA_onboarding/build/custom_interfaces' returned '0': CMAKE_PREFIX_PATH=/opt/ros/humble /usr/bin/cmake --install /home/klo40/ESDA_onboarding/build/custom_interfaces
