[0.358s] Invoking command in '/home/yentung-yen/mcav/ESDA_onboarding/waypoint_pub': PYTHONPATH=/home/yentung-yen/mcav/ESDA_onboarding/build/waypoint_pub/prefix_override:/home/yentung-yen/mcav/ESDA_onboarding/install/waypoint_pub/lib/python3.10/site-packages:${PYTHONPATH} /usr/bin/python3 setup.py egg_info --egg-base ../build/waypoint_pub build --build-base /home/yentung-yen/mcav/ESDA_onboarding/build/waypoint_pub/build install --record /home/yentung-yen/mcav/ESDA_onboarding/build/waypoint_pub/install.log --single-version-externally-managed
[0.497s] running egg_info
[0.497s] writing ../build/waypoint_pub/waypoint_pub.egg-info/PKG-INFO
[0.497s] writing dependency_links to ../build/waypoint_pub/waypoint_pub.egg-info/dependency_links.txt
[0.497s] writing entry points to ../build/waypoint_pub/waypoint_pub.egg-info/entry_points.txt
[0.497s] writing requirements to ../build/waypoint_pub/waypoint_pub.egg-info/requires.txt
[0.497s] writing top-level names to ../build/waypoint_pub/waypoint_pub.egg-info/top_level.txt
[0.499s] reading manifest file '../build/waypoint_pub/waypoint_pub.egg-info/SOURCES.txt'
[0.499s] writing manifest file '../build/waypoint_pub/waypoint_pub.egg-info/SOURCES.txt'
[0.499s] running build
[0.499s] running build_py
[0.499s] running install
[0.499s] /usr/lib/python3/dist-packages/setuptools/command/install.py:34: SetuptoolsDeprecationWarning: setup.py install is deprecated. Use build and pip and other standards-based tools.
[0.499s]   warnings.warn(
[0.499s] running install_lib
[0.500s] running install_data
[0.500s] running install_egg_info
[0.501s] removing '/home/yentung-yen/mcav/ESDA_onboarding/install/waypoint_pub/lib/python3.10/site-packages/waypoint_pub-0.0.0-py3.10.egg-info' (and everything under it)
[0.501s] Copying ../build/waypoint_pub/waypoint_pub.egg-info to /home/yentung-yen/mcav/ESDA_onboarding/install/waypoint_pub/lib/python3.10/site-packages/waypoint_pub-0.0.0-py3.10.egg-info
[0.502s] running install_scripts
[0.516s] Installing waypoint_pub script to /home/yentung-yen/mcav/ESDA_onboarding/install/waypoint_pub/lib/waypoint_pub
[0.516s] writing list of installed files to '/home/yentung-yen/mcav/ESDA_onboarding/build/waypoint_pub/install.log'
[0.533s] Invoked command in '/home/yentung-yen/mcav/ESDA_onboarding/waypoint_pub' returned '0': PYTHONPATH=/home/yentung-yen/mcav/ESDA_onboarding/build/waypoint_pub/prefix_override:/home/yentung-yen/mcav/ESDA_onboarding/install/waypoint_pub/lib/python3.10/site-packages:${PYTHONPATH} /usr/bin/python3 setup.py egg_info --egg-base ../build/waypoint_pub build --build-base /home/yentung-yen/mcav/ESDA_onboarding/build/waypoint_pub/build install --record /home/yentung-yen/mcav/ESDA_onboarding/build/waypoint_pub/install.log --single-version-externally-managed
