[0.084s] Invoking command in '/home/klo40/ESDA_onboarding/build/custom_interfaces': CMAKE_PREFIX_PATH=${CMAKE_PREFIX_PATH}:/home/klo40/ESDA_onboarding/install/waypoint_pub:/home/klo40/ESDA_onboarding/install/onboarding_task1:/opt/ros/humble /usr/bin/cmake --build /home/klo40/ESDA_onboarding/build/custom_interfaces -- -j4 -l4
[0.333s] [  3%] Built target custom_interfaces__cpp
[0.418s] [  3%] Built target ament_cmake_python_copy_custom_interfaces
[0.457s] [ 12%] Built target custom_interfaces__rosidl_typesupport_introspection_cpp
[0.507s] [ 22%] Built target custom_interfaces__rosidl_typesupport_cpp
[0.678s] running egg_info
[0.679s] writing custom_interfaces.egg-info/PKG-INFO
[0.679s] writing dependency_links to custom_interfaces.egg-info/dependency_links.txt
[0.684s] writing top-level names to custom_interfaces.egg-info/top_level.txt
[0.687s] reading manifest file 'custom_interfaces.egg-info/SOURCES.txt'
[0.688s] writing manifest file 'custom_interfaces.egg-info/SOURCES.txt'
[0.758s] [ 22%] Built target ament_cmake_python_build_custom_interfaces_egg
[0.812s] [ 32%] Built target custom_interfaces__rosidl_typesupport_fastrtps_cpp
[0.861s] [ 41%] Built target custom_interfaces__rosidl_generator_c
[0.887s] [ 51%] Built target custom_interfaces__rosidl_typesupport_fastrtps_c
[0.931s] [ 61%] Built target custom_interfaces__rosidl_typesupport_c
[0.986s] [ 70%] Built target custom_interfaces__rosidl_typesupport_introspection_c
[1.018s] [ 70%] Built target custom_interfaces
[1.074s] [ 74%] Built target custom_interfaces__py
[1.100s] [ 80%] Built target custom_interfaces__rosidl_generator_py
[1.134s] [ 87%] Built target custom_interfaces__rosidl_typesupport_fastrtps_c__pyext
[1.159s] [ 93%] Built target custom_interfaces__rosidl_typesupport_c__pyext
[1.185s] [100%] Built target custom_interfaces__rosidl_typesupport_introspection_c__pyext
[1.197s] Invoked command in '/home/klo40/ESDA_onboarding/build/custom_interfaces' returned '0': CMAKE_PREFIX_PATH=${CMAKE_PREFIX_PATH}:/home/klo40/ESDA_onboarding/install/waypoint_pub:/home/klo40/ESDA_onboarding/install/onboarding_task1:/opt/ros/humble /usr/bin/cmake --build /home/klo40/ESDA_onboarding/build/custom_interfaces -- -j4 -l4
[1.404s] Invoking command in '/home/klo40/ESDA_onboarding/build/custom_interfaces': CMAKE_PREFIX_PATH=${CMAKE_PREFIX_PATH}:/home/klo40/ESDA_onboarding/install/waypoint_pub:/home/klo40/ESDA_onboarding/install/onboarding_task1:/opt/ros/humble /usr/bin/cmake --install /home/klo40/ESDA_onboarding/build/custom_interfaces
[1.438s] -- Install configuration: ""
[1.438s] -- Up-to-date: /home/klo40/ESDA_onboarding/install/custom_interfaces/share/ament_index/resource_index/rosidl_interfaces/custom_interfaces
[1.438s] -- Up-to-date: /home/klo40/ESDA_onboarding/install/custom_interfaces/include/custom_interfaces/custom_interfaces
[1.438s] -- Up-to-date: /home/klo40/ESDA_onboarding/install/custom_interfaces/include/custom_interfaces/custom_interfaces/msg
[1.438s] -- Up-to-date: /home/klo40/ESDA_onboarding/install/custom_interfaces/include/custom_interfaces/custom_interfaces/msg/rosidl_generator_c__visibility_control.h
[1.438s] -- Up-to-date: /home/klo40/ESDA_onboarding/install/custom_interfaces/include/custom_interfaces/custom_interfaces/msg/detail
[1.438s] -- Up-to-date: /home/klo40/ESDA_onboarding/install/custom_interfaces/include/custom_interfaces/custom_interfaces/msg/detail/waypoint__type_support.h
[1.438s] -- Up-to-date: /home/klo40/ESDA_onboarding/install/custom_interfaces/include/custom_interfaces/custom_interfaces/msg/detail/waypoint__functions.c
[1.438s] -- Up-to-date: /home/klo40/ESDA_onboarding/install/custom_interfaces/include/custom_interfaces/custom_interfaces/msg/detail/waypoint__functions.h
[1.439s] -- Up-to-date: /home/klo40/ESDA_onboarding/install/custom_interfaces/include/custom_interfaces/custom_interfaces/msg/detail/waypoint__struct.h
[1.439s] -- Up-to-date: /home/klo40/ESDA_onboarding/install/custom_interfaces/include/custom_interfaces/custom_interfaces/msg/waypoint.h
[1.439s] -- Up-to-date: /home/klo40/ESDA_onboarding/install/custom_interfaces/share/custom_interfaces/environment/library_path.sh
[1.439s] -- Up-to-date: /home/klo40/ESDA_onboarding/install/custom_interfaces/share/custom_interfaces/environment/library_path.dsv
[1.439s] -- Up-to-date: /home/klo40/ESDA_onboarding/install/custom_interfaces/lib/libcustom_interfaces__rosidl_generator_c.so
[1.439s] -- Up-to-date: /home/klo40/ESDA_onboarding/install/custom_interfaces/include/custom_interfaces/custom_interfaces
[1.439s] -- Up-to-date: /home/klo40/ESDA_onboarding/install/custom_interfaces/include/custom_interfaces/custom_interfaces/msg
[1.439s] -- Up-to-date: /home/klo40/ESDA_onboarding/install/custom_interfaces/include/custom_interfaces/custom_interfaces/msg/detail
[1.439s] -- Up-to-date: /home/klo40/ESDA_onboarding/install/custom_interfaces/include/custom_interfaces/custom_interfaces/msg/detail/waypoint__rosidl_typesupport_fastrtps_c.h
[1.439s] -- Up-to-date: /home/klo40/ESDA_onboarding/install/custom_interfaces/include/custom_interfaces/custom_interfaces/msg/rosidl_typesupport_fastrtps_c__visibility_control.h
[1.439s] -- Up-to-date: /home/klo40/ESDA_onboarding/install/custom_interfaces/lib/libcustom_interfaces__rosidl_typesupport_fastrtps_c.so
[1.439s] -- Up-to-date: /home/klo40/ESDA_onboarding/install/custom_interfaces/include/custom_interfaces/custom_interfaces
[1.439s] -- Up-to-date: /home/klo40/ESDA_onboarding/install/custom_interfaces/include/custom_interfaces/custom_interfaces/msg
[1.439s] -- Up-to-date: /home/klo40/ESDA_onboarding/install/custom_interfaces/include/custom_interfaces/custom_interfaces/msg/detail
[1.439s] -- Up-to-date: /home/klo40/ESDA_onboarding/install/custom_interfaces/include/custom_interfaces/custom_interfaces/msg/detail/waypoint__rosidl_typesupport_introspection_c.h
[1.439s] -- Up-to-date: /home/klo40/ESDA_onboarding/install/custom_interfaces/include/custom_interfaces/custom_interfaces/msg/detail/waypoint__type_support.c
[1.439s] -- Up-to-date: /home/klo40/ESDA_onboarding/install/custom_interfaces/include/custom_interfaces/custom_interfaces/msg/rosidl_typesupport_introspection_c__visibility_control.h
[1.439s] -- Up-to-date: /home/klo40/ESDA_onboarding/install/custom_interfaces/lib/libcustom_interfaces__rosidl_typesupport_introspection_c.so
[1.439s] -- Up-to-date: /home/klo40/ESDA_onboarding/install/custom_interfaces/lib/libcustom_interfaces__rosidl_typesupport_c.so
[1.439s] -- Up-to-date: /home/klo40/ESDA_onboarding/install/custom_interfaces/include/custom_interfaces/custom_interfaces
[1.439s] -- Up-to-date: /home/klo40/ESDA_onboarding/install/custom_interfaces/include/custom_interfaces/custom_interfaces/msg
[1.439s] -- Up-to-date: /home/klo40/ESDA_onboarding/install/custom_interfaces/include/custom_interfaces/custom_interfaces/msg/detail
[1.450s] -- Up-to-date: /home/klo40/ESDA_onboarding/install/custom_interfaces/include/custom_interfaces/custom_interfaces/msg/detail/waypoint__builder.hpp
[1.450s] -- Up-to-date: /home/klo40/ESDA_onboarding/install/custom_interfaces/include/custom_interfaces/custom_interfaces/msg/detail/waypoint__struct.hpp
[1.451s] -- Up-to-date: /home/klo40/ESDA_onboarding/install/custom_interfaces/include/custom_interfaces/custom_interfaces/msg/detail/waypoint__traits.hpp
[1.451s] -- Up-to-date: /home/klo40/ESDA_onboarding/install/custom_interfaces/include/custom_interfaces/custom_interfaces/msg/waypoint.hpp
[1.451s] -- Up-to-date: /home/klo40/ESDA_onboarding/install/custom_interfaces/include/custom_interfaces/custom_interfaces
[1.451s] -- Up-to-date: /home/klo40/ESDA_onboarding/install/custom_interfaces/include/custom_interfaces/custom_interfaces/msg
[1.451s] -- Up-to-date: /home/klo40/ESDA_onboarding/install/custom_interfaces/include/custom_interfaces/custom_interfaces/msg/detail
[1.451s] -- Up-to-date: /home/klo40/ESDA_onboarding/install/custom_interfaces/include/custom_interfaces/custom_interfaces/msg/detail/dds_fastrtps
[1.451s] -- Up-to-date: /home/klo40/ESDA_onboarding/install/custom_interfaces/include/custom_interfaces/custom_interfaces/msg/detail/waypoint__rosidl_typesupport_fastrtps_cpp.hpp
[1.451s] -- Up-to-date: /home/klo40/ESDA_onboarding/install/custom_interfaces/include/custom_interfaces/custom_interfaces/msg/rosidl_typesupport_fastrtps_cpp__visibility_control.h
[1.451s] -- Up-to-date: /home/klo40/ESDA_onboarding/install/custom_interfaces/lib/libcustom_interfaces__rosidl_typesupport_fastrtps_cpp.so
[1.451s] -- Up-to-date: /home/klo40/ESDA_onboarding/install/custom_interfaces/include/custom_interfaces/custom_interfaces
[1.451s] -- Up-to-date: /home/klo40/ESDA_onboarding/install/custom_interfaces/include/custom_interfaces/custom_interfaces/msg
[1.453s] -- Up-to-date: /home/klo40/ESDA_onboarding/install/custom_interfaces/include/custom_interfaces/custom_interfaces/msg/detail
[1.453s] -- Up-to-date: /home/klo40/ESDA_onboarding/install/custom_interfaces/include/custom_interfaces/custom_interfaces/msg/detail/waypoint__type_support.cpp
[1.453s] -- Up-to-date: /home/klo40/ESDA_onboarding/install/custom_interfaces/include/custom_interfaces/custom_interfaces/msg/detail/waypoint__rosidl_typesupport_introspection_cpp.hpp
[1.453s] -- Up-to-date: /home/klo40/ESDA_onboarding/install/custom_interfaces/lib/libcustom_interfaces__rosidl_typesupport_introspection_cpp.so
[1.454s] -- Up-to-date: /home/klo40/ESDA_onboarding/install/custom_interfaces/lib/libcustom_interfaces__rosidl_typesupport_cpp.so
[1.454s] -- Up-to-date: /home/klo40/ESDA_onboarding/install/custom_interfaces/share/custom_interfaces/environment/pythonpath.sh
[1.454s] -- Up-to-date: /home/klo40/ESDA_onboarding/install/custom_interfaces/share/custom_interfaces/environment/pythonpath.dsv
[1.454s] -- Up-to-date: /home/klo40/ESDA_onboarding/install/custom_interfaces/local/lib/python3.10/dist-packages/custom_interfaces-0.0.0-py3.10.egg-info
[1.454s] -- Installing: /home/klo40/ESDA_onboarding/install/custom_interfaces/local/lib/python3.10/dist-packages/custom_interfaces-0.0.0-py3.10.egg-info/dependency_links.txt
[1.454s] -- Installing: /home/klo40/ESDA_onboarding/install/custom_interfaces/local/lib/python3.10/dist-packages/custom_interfaces-0.0.0-py3.10.egg-info/SOURCES.txt
[1.454s] -- Installing: /home/klo40/ESDA_onboarding/install/custom_interfaces/local/lib/python3.10/dist-packages/custom_interfaces-0.0.0-py3.10.egg-info/PKG-INFO
[1.454s] -- Installing: /home/klo40/ESDA_onboarding/install/custom_interfaces/local/lib/python3.10/dist-packages/custom_interfaces-0.0.0-py3.10.egg-info/top_level.txt
[1.454s] -- Up-to-date: /home/klo40/ESDA_onboarding/install/custom_interfaces/local/lib/python3.10/dist-packages/custom_interfaces
[1.454s] -- Up-to-date: /home/klo40/ESDA_onboarding/install/custom_interfaces/local/lib/python3.10/dist-packages/custom_interfaces/_custom_interfaces_s.ep.rosidl_typesupport_fastrtps_c.c
[1.454s] -- Up-to-date: /home/klo40/ESDA_onboarding/install/custom_interfaces/local/lib/python3.10/dist-packages/custom_interfaces/custom_interfaces_s__rosidl_typesupport_introspection_c.cpython-310-x86_64-linux-gnu.so
[1.454s] -- Up-to-date: /home/klo40/ESDA_onboarding/install/custom_interfaces/local/lib/python3.10/dist-packages/custom_interfaces/_custom_interfaces_s.ep.rosidl_typesupport_c.c
[1.454s] -- Up-to-date: /home/klo40/ESDA_onboarding/install/custom_interfaces/local/lib/python3.10/dist-packages/custom_interfaces/custom_interfaces_s__rosidl_typesupport_c.cpython-310-x86_64-linux-gnu.so
[1.454s] -- Up-to-date: /home/klo40/ESDA_onboarding/install/custom_interfaces/local/lib/python3.10/dist-packages/custom_interfaces/__init__.py
[1.454s] -- Up-to-date: /home/klo40/ESDA_onboarding/install/custom_interfaces/local/lib/python3.10/dist-packages/custom_interfaces/msg
[1.454s] -- Up-to-date: /home/klo40/ESDA_onboarding/install/custom_interfaces/local/lib/python3.10/dist-packages/custom_interfaces/msg/_waypoint.py
[1.454s] -- Up-to-date: /home/klo40/ESDA_onboarding/install/custom_interfaces/local/lib/python3.10/dist-packages/custom_interfaces/msg/__init__.py
[1.454s] -- Up-to-date: /home/klo40/ESDA_onboarding/install/custom_interfaces/local/lib/python3.10/dist-packages/custom_interfaces/msg/_waypoint_s.c
[1.454s] -- Up-to-date: /home/klo40/ESDA_onboarding/install/custom_interfaces/local/lib/python3.10/dist-packages/custom_interfaces/libcustom_interfaces__rosidl_generator_py.so
[1.454s] -- Up-to-date: /home/klo40/ESDA_onboarding/install/custom_interfaces/local/lib/python3.10/dist-packages/custom_interfaces/custom_interfaces_s__rosidl_typesupport_fastrtps_c.cpython-310-x86_64-linux-gnu.so
[1.454s] -- Up-to-date: /home/klo40/ESDA_onboarding/install/custom_interfaces/local/lib/python3.10/dist-packages/custom_interfaces/_custom_interfaces_s.ep.rosidl_typesupport_introspection_c.c
[1.478s] Listing '/home/klo40/ESDA_onboarding/install/custom_interfaces/local/lib/python3.10/dist-packages/custom_interfaces'...
[1.479s] Listing '/home/klo40/ESDA_onboarding/install/custom_interfaces/local/lib/python3.10/dist-packages/custom_interfaces/msg'...
[1.481s] -- Up-to-date: /home/klo40/ESDA_onboarding/install/custom_interfaces/local/lib/python3.10/dist-packages/custom_interfaces/custom_interfaces_s__rosidl_typesupport_fastrtps_c.cpython-310-x86_64-linux-gnu.so
[1.482s] -- Up-to-date: /home/klo40/ESDA_onboarding/install/custom_interfaces/local/lib/python3.10/dist-packages/custom_interfaces/custom_interfaces_s__rosidl_typesupport_introspection_c.cpython-310-x86_64-linux-gnu.so
[1.482s] -- Up-to-date: /home/klo40/ESDA_onboarding/install/custom_interfaces/local/lib/python3.10/dist-packages/custom_interfaces/custom_interfaces_s__rosidl_typesupport_c.cpython-310-x86_64-linux-gnu.so
[1.482s] -- Up-to-date: /home/klo40/ESDA_onboarding/install/custom_interfaces/lib/libcustom_interfaces__rosidl_generator_py.so
[1.482s] -- Up-to-date: /home/klo40/ESDA_onboarding/install/custom_interfaces/share/custom_interfaces/msg/Waypoint.idl
[1.482s] -- Up-to-date: /home/klo40/ESDA_onboarding/install/custom_interfaces/share/custom_interfaces/msg/Waypoint.msg
[1.482s] -- Up-to-date: /home/klo40/ESDA_onboarding/install/custom_interfaces/share/ament_index/resource_index/package_run_dependencies/custom_interfaces
[1.482s] -- Up-to-date: /home/klo40/ESDA_onboarding/install/custom_interfaces/share/ament_index/resource_index/parent_prefix_path/custom_interfaces
[1.483s] -- Up-to-date: /home/klo40/ESDA_onboarding/install/custom_interfaces/share/custom_interfaces/environment/ament_prefix_path.sh
[1.483s] -- Up-to-date: /home/klo40/ESDA_onboarding/install/custom_interfaces/share/custom_interfaces/environment/ament_prefix_path.dsv
[1.483s] -- Up-to-date: /home/klo40/ESDA_onboarding/install/custom_interfaces/share/custom_interfaces/environment/path.sh
[1.483s] -- Up-to-date: /home/klo40/ESDA_onboarding/install/custom_interfaces/share/custom_interfaces/environment/path.dsv
[1.483s] -- Up-to-date: /home/klo40/ESDA_onboarding/install/custom_interfaces/share/custom_interfaces/local_setup.bash
[1.483s] -- Up-to-date: /home/klo40/ESDA_onboarding/install/custom_interfaces/share/custom_interfaces/local_setup.sh
[1.483s] -- Up-to-date: /home/klo40/ESDA_onboarding/install/custom_interfaces/share/custom_interfaces/local_setup.zsh
[1.483s] -- Up-to-date: /home/klo40/ESDA_onboarding/install/custom_interfaces/share/custom_interfaces/local_setup.dsv
[1.483s] -- Installing: /home/klo40/ESDA_onboarding/install/custom_interfaces/share/custom_interfaces/package.dsv
[1.484s] -- Up-to-date: /home/klo40/ESDA_onboarding/install/custom_interfaces/share/ament_index/resource_index/packages/custom_interfaces
[1.484s] -- Up-to-date: /home/klo40/ESDA_onboarding/install/custom_interfaces/share/custom_interfaces/cmake/export_custom_interfaces__rosidl_generator_cExport.cmake
[1.484s] -- Up-to-date: /home/klo40/ESDA_onboarding/install/custom_interfaces/share/custom_interfaces/cmake/export_custom_interfaces__rosidl_generator_cExport-noconfig.cmake
[1.484s] -- Up-to-date: /home/klo40/ESDA_onboarding/install/custom_interfaces/share/custom_interfaces/cmake/export_custom_interfaces__rosidl_typesupport_fastrtps_cExport.cmake
[1.484s] -- Up-to-date: /home/klo40/ESDA_onboarding/install/custom_interfaces/share/custom_interfaces/cmake/export_custom_interfaces__rosidl_typesupport_fastrtps_cExport-noconfig.cmake
[1.484s] -- Up-to-date: /home/klo40/ESDA_onboarding/install/custom_interfaces/share/custom_interfaces/cmake/custom_interfaces__rosidl_typesupport_introspection_cExport.cmake
[1.484s] -- Up-to-date: /home/klo40/ESDA_onboarding/install/custom_interfaces/share/custom_interfaces/cmake/custom_interfaces__rosidl_typesupport_introspection_cExport-noconfig.cmake
[1.484s] -- Up-to-date: /home/klo40/ESDA_onboarding/install/custom_interfaces/share/custom_interfaces/cmake/custom_interfaces__rosidl_typesupport_cExport.cmake
[1.484s] -- Up-to-date: /home/klo40/ESDA_onboarding/install/custom_interfaces/share/custom_interfaces/cmake/custom_interfaces__rosidl_typesupport_cExport-noconfig.cmake
[1.484s] -- Up-to-date: /home/klo40/ESDA_onboarding/install/custom_interfaces/share/custom_interfaces/cmake/export_custom_interfaces__rosidl_generator_cppExport.cmake
[1.484s] -- Up-to-date: /home/klo40/ESDA_onboarding/install/custom_interfaces/share/custom_interfaces/cmake/export_custom_interfaces__rosidl_typesupport_fastrtps_cppExport.cmake
[1.484s] -- Up-to-date: /home/klo40/ESDA_onboarding/install/custom_interfaces/share/custom_interfaces/cmake/export_custom_interfaces__rosidl_typesupport_fastrtps_cppExport-noconfig.cmake
[1.484s] -- Up-to-date: /home/klo40/ESDA_onboarding/install/custom_interfaces/share/custom_interfaces/cmake/custom_interfaces__rosidl_typesupport_introspection_cppExport.cmake
[1.484s] -- Up-to-date: /home/klo40/ESDA_onboarding/install/custom_interfaces/share/custom_interfaces/cmake/custom_interfaces__rosidl_typesupport_introspection_cppExport-noconfig.cmake
[1.485s] -- Up-to-date: /home/klo40/ESDA_onboarding/install/custom_interfaces/share/custom_interfaces/cmake/custom_interfaces__rosidl_typesupport_cppExport.cmake
[1.485s] -- Up-to-date: /home/klo40/ESDA_onboarding/install/custom_interfaces/share/custom_interfaces/cmake/custom_interfaces__rosidl_typesupport_cppExport-noconfig.cmake
[1.485s] -- Up-to-date: /home/klo40/ESDA_onboarding/install/custom_interfaces/share/custom_interfaces/cmake/export_custom_interfaces__rosidl_generator_pyExport.cmake
[1.485s] -- Up-to-date: /home/klo40/ESDA_onboarding/install/custom_interfaces/share/custom_interfaces/cmake/export_custom_interfaces__rosidl_generator_pyExport-noconfig.cmake
[1.485s] -- Up-to-date: /home/klo40/ESDA_onboarding/install/custom_interfaces/share/custom_interfaces/cmake/rosidl_cmake-extras.cmake
[1.485s] -- Up-to-date: /home/klo40/ESDA_onboarding/install/custom_interfaces/share/custom_interfaces/cmake/ament_cmake_export_include_directories-extras.cmake
[1.485s] -- Up-to-date: /home/klo40/ESDA_onboarding/install/custom_interfaces/share/custom_interfaces/cmake/ament_cmake_export_libraries-extras.cmake
[1.485s] -- Up-to-date: /home/klo40/ESDA_onboarding/install/custom_interfaces/share/custom_interfaces/cmake/ament_cmake_export_targets-extras.cmake
[1.485s] -- Up-to-date: /home/klo40/ESDA_onboarding/install/custom_interfaces/share/custom_interfaces/cmake/rosidl_cmake_export_typesupport_targets-extras.cmake
[1.485s] -- Up-to-date: /home/klo40/ESDA_onboarding/install/custom_interfaces/share/custom_interfaces/cmake/ament_cmake_export_dependencies-extras.cmake
[1.485s] -- Up-to-date: /home/klo40/ESDA_onboarding/install/custom_interfaces/share/custom_interfaces/cmake/rosidl_cmake_export_typesupport_libraries-extras.cmake
[1.485s] -- Up-to-date: /home/klo40/ESDA_onboarding/install/custom_interfaces/share/custom_interfaces/cmake/custom_interfacesConfig.cmake
[1.485s] -- Up-to-date: /home/klo40/ESDA_onboarding/install/custom_interfaces/share/custom_interfaces/cmake/custom_interfacesConfig-version.cmake
[1.485s] -- Up-to-date: /home/klo40/ESDA_onboarding/install/custom_interfaces/share/custom_interfaces/package.xml
[1.489s] Invoked command in '/home/klo40/ESDA_onboarding/build/custom_interfaces' returned '0': CMAKE_PREFIX_PATH=${CMAKE_PREFIX_PATH}:/home/klo40/ESDA_onboarding/install/waypoint_pub:/home/klo40/ESDA_onboarding/install/onboarding_task1:/opt/ros/humble /usr/bin/cmake --install /home/klo40/ESDA_onboarding/build/custom_interfaces
