[0.366s] DEBUG:colcon:Command line arguments: ['/usr/bin/colcon', 'build']
[0.366s] DEBUG:colcon:Parsed command line arguments: Namespace(log_base=None, log_level=None, verb_name='build', build_base='build', install_base='install', merge_install=False, symlink_install=False, test_result_base=None, continue_on_error=False, executor='parallel', parallel_workers=4, event_handlers=None, ignore_user_meta=False, metas=['./colcon.meta'], base_paths=['.'], packages_ignore=None, packages_ignore_regex=None, paths=None, packages_up_to=None, packages_up_to_regex=None, packages_above=None, packages_above_and_dependencies=None, packages_above_depth=None, packages_select_by_dep=None, packages_skip_by_dep=None, packages_skip_up_to=None, packages_select_build_failed=False, packages_skip_build_finished=False, packages_select_test_failures=False, packages_skip_test_passed=False, packages_select=None, packages_skip=None, packages_select_regex=None, packages_skip_regex=None, packages_start=None, packages_end=None, allow_overriding=[], cmake_args=None, cmake_target=None, cmake_target_skip_unavailable=False, cmake_clean_cache=False, cmake_clean_first=False, cmake_force_configure=False, ament_cmake_args=None, catkin_cmake_args=None, catkin_skip_building_tests=False, verb_parser=<colcon_defaults.argument_parser.defaults.DefaultArgumentsDecorator object at 0x7f2c18c63880>, verb_extension=<colcon_core.verb.build.BuildVerb object at 0x7f2c18df21a0>, main=<bound method BuildVerb.main of <colcon_core.verb.build.BuildVerb object at 0x7f2c18df21a0>>)
[0.391s] Level 1:colcon.colcon_core.package_discovery:discover_packages(colcon_meta) check parameters
[0.391s] Level 1:colcon.colcon_core.package_discovery:discover_packages(recursive) check parameters
[0.391s] Level 1:colcon.colcon_core.package_discovery:discover_packages(ignore) check parameters
[0.392s] Level 1:colcon.colcon_core.package_discovery:discover_packages(path) check parameters
[0.392s] Level 1:colcon.colcon_core.package_discovery:discover_packages(colcon_meta) discover
[0.392s] Level 1:colcon.colcon_core.package_discovery:discover_packages(recursive) discover
[0.392s] INFO:colcon.colcon_core.package_discovery:Crawling recursively for packages in '/home/klo40/ESDA_onboarding'
[0.392s] Level 1:colcon.colcon_core.package_identification:_identify(.) by extensions ['ignore', 'ignore_ament_install']
[0.392s] Level 1:colcon.colcon_core.package_identification:_identify(.) by extension 'ignore'
[0.392s] Level 1:colcon.colcon_core.package_identification:_identify(.) by extension 'ignore_ament_install'
[0.392s] Level 1:colcon.colcon_core.package_identification:_identify(.) by extensions ['colcon_pkg']
[0.392s] Level 1:colcon.colcon_core.package_identification:_identify(.) by extension 'colcon_pkg'
[0.392s] Level 1:colcon.colcon_core.package_identification:_identify(.) by extensions ['colcon_meta']
[0.392s] Level 1:colcon.colcon_core.package_identification:_identify(.) by extension 'colcon_meta'
[0.392s] Level 1:colcon.colcon_core.package_identification:_identify(.) by extensions ['ros']
[0.392s] Level 1:colcon.colcon_core.package_identification:_identify(.) by extension 'ros'
[0.401s] Level 1:colcon.colcon_core.package_identification:_identify(.) by extensions ['cmake', 'python']
[0.402s] Level 1:colcon.colcon_core.package_identification:_identify(.) by extension 'cmake'
[0.402s] Level 1:colcon.colcon_core.package_identification:_identify(.) by extension 'python'
[0.402s] Level 1:colcon.colcon_core.package_identification:_identify(.) by extensions ['python_setup_py']
[0.402s] Level 1:colcon.colcon_core.package_identification:_identify(.) by extension 'python_setup_py'
[0.402s] Level 1:colcon.colcon_core.package_identification:_identify(articubot_one) by extensions ['ignore', 'ignore_ament_install']
[0.402s] Level 1:colcon.colcon_core.package_identification:_identify(articubot_one) by extension 'ignore'
[0.402s] Level 1:colcon.colcon_core.package_identification:_identify(articubot_one) by extension 'ignore_ament_install'
[0.402s] Level 1:colcon.colcon_core.package_identification:_identify(articubot_one) by extensions ['colcon_pkg']
[0.402s] Level 1:colcon.colcon_core.package_identification:_identify(articubot_one) by extension 'colcon_pkg'
[0.402s] Level 1:colcon.colcon_core.package_identification:_identify(articubot_one) by extensions ['colcon_meta']
[0.402s] Level 1:colcon.colcon_core.package_identification:_identify(articubot_one) by extension 'colcon_meta'
[0.402s] Level 1:colcon.colcon_core.package_identification:_identify(articubot_one) by extensions ['ros']
[0.402s] Level 1:colcon.colcon_core.package_identification:_identify(articubot_one) by extension 'ros'
[0.404s] DEBUG:colcon.colcon_core.package_identification:Package 'articubot_one' with type 'ros.ament_cmake' and name 'articubot_one'
[0.404s] Level 1:colcon.colcon_core.package_identification:_identify(build) by extensions ['ignore', 'ignore_ament_install']
[0.404s] Level 1:colcon.colcon_core.package_identification:_identify(build) by extension 'ignore'
[0.404s] Level 1:colcon.colcon_core.package_identification:_identify(build) ignored
[0.404s] Level 1:colcon.colcon_core.package_identification:_identify(custom_interfaces) by extensions ['ignore', 'ignore_ament_install']
[0.404s] Level 1:colcon.colcon_core.package_identification:_identify(custom_interfaces) by extension 'ignore'
[0.404s] Level 1:colcon.colcon_core.package_identification:_identify(custom_interfaces) by extension 'ignore_ament_install'
[0.404s] Level 1:colcon.colcon_core.package_identification:_identify(custom_interfaces) by extensions ['colcon_pkg']
[0.404s] Level 1:colcon.colcon_core.package_identification:_identify(custom_interfaces) by extension 'colcon_pkg'
[0.404s] Level 1:colcon.colcon_core.package_identification:_identify(custom_interfaces) by extensions ['colcon_meta']
[0.404s] Level 1:colcon.colcon_core.package_identification:_identify(custom_interfaces) by extension 'colcon_meta'
[0.404s] Level 1:colcon.colcon_core.package_identification:_identify(custom_interfaces) by extensions ['ros']
[0.404s] Level 1:colcon.colcon_core.package_identification:_identify(custom_interfaces) by extension 'ros'
[0.405s] DEBUG:colcon.colcon_core.package_identification:Package 'custom_interfaces' with type 'ros.ament_cmake' and name 'custom_interfaces'
[0.405s] Level 1:colcon.colcon_core.package_identification:_identify(install) by extensions ['ignore', 'ignore_ament_install']
[0.405s] Level 1:colcon.colcon_core.package_identification:_identify(install) by extension 'ignore'
[0.405s] Level 1:colcon.colcon_core.package_identification:_identify(install) ignored
[0.405s] Level 1:colcon.colcon_core.package_identification:_identify(log) by extensions ['ignore', 'ignore_ament_install']
[0.405s] Level 1:colcon.colcon_core.package_identification:_identify(log) by extension 'ignore'
[0.405s] Level 1:colcon.colcon_core.package_identification:_identify(log) ignored
[0.405s] Level 1:colcon.colcon_core.package_identification:_identify(onboarding_task1) by extensions ['ignore', 'ignore_ament_install']
[0.405s] Level 1:colcon.colcon_core.package_identification:_identify(onboarding_task1) by extension 'ignore'
[0.405s] Level 1:colcon.colcon_core.package_identification:_identify(onboarding_task1) by extension 'ignore_ament_install'
[0.405s] Level 1:colcon.colcon_core.package_identification:_identify(onboarding_task1) by extensions ['colcon_pkg']
[0.405s] Level 1:colcon.colcon_core.package_identification:_identify(onboarding_task1) by extension 'colcon_pkg'
[0.405s] Level 1:colcon.colcon_core.package_identification:_identify(onboarding_task1) by extensions ['colcon_meta']
[0.405s] Level 1:colcon.colcon_core.package_identification:_identify(onboarding_task1) by extension 'colcon_meta'
[0.405s] Level 1:colcon.colcon_core.package_identification:_identify(onboarding_task1) by extensions ['ros']
[0.405s] Level 1:colcon.colcon_core.package_identification:_identify(onboarding_task1) by extension 'ros'
[0.406s] DEBUG:colcon.colcon_core.package_identification:Package 'onboarding_task1' with type 'ros.ament_python' and name 'onboarding_task1'
[0.406s] Level 1:colcon.colcon_core.package_identification:_identify(waypoint_pub) by extensions ['ignore', 'ignore_ament_install']
[0.406s] Level 1:colcon.colcon_core.package_identification:_identify(waypoint_pub) by extension 'ignore'
[0.406s] Level 1:colcon.colcon_core.package_identification:_identify(waypoint_pub) by extension 'ignore_ament_install'
[0.406s] Level 1:colcon.colcon_core.package_identification:_identify(waypoint_pub) by extensions ['colcon_pkg']
[0.406s] Level 1:colcon.colcon_core.package_identification:_identify(waypoint_pub) by extension 'colcon_pkg'
[0.406s] Level 1:colcon.colcon_core.package_identification:_identify(waypoint_pub) by extensions ['colcon_meta']
[0.406s] Level 1:colcon.colcon_core.package_identification:_identify(waypoint_pub) by extension 'colcon_meta'
[0.406s] Level 1:colcon.colcon_core.package_identification:_identify(waypoint_pub) by extensions ['ros']
[0.406s] Level 1:colcon.colcon_core.package_identification:_identify(waypoint_pub) by extension 'ros'
[0.406s] DEBUG:colcon.colcon_core.package_identification:Package 'waypoint_pub' with type 'ros.ament_python' and name 'waypoint_pub'
[0.406s] Level 1:colcon.colcon_core.package_discovery:discover_packages(recursive) using defaults
[0.406s] Level 1:colcon.colcon_core.package_discovery:discover_packages(ignore) discover
[0.406s] Level 1:colcon.colcon_core.package_discovery:discover_packages(ignore) using defaults
[0.406s] Level 1:colcon.colcon_core.package_discovery:discover_packages(path) discover
[0.406s] Level 1:colcon.colcon_core.package_discovery:discover_packages(path) using defaults
[0.423s] Level 1:colcon.colcon_core.package_discovery:discover_packages(prefix_path) check parameters
[0.423s] Level 1:colcon.colcon_core.package_discovery:discover_packages(prefix_path) discover
[0.425s] DEBUG:colcon.colcon_installed_package_information.package_discovery:Found 4 installed packages in /home/klo40/ESDA_onboarding/install
[0.426s] DEBUG:colcon.colcon_installed_package_information.package_discovery:Found 280 installed packages in /opt/ros/humble
[0.427s] Level 1:colcon.colcon_core.package_discovery:discover_packages(prefix_path) using defaults
[0.466s] Level 5:colcon.colcon_core.verb:set package 'articubot_one' build argument 'cmake_args' from command line to 'None'
[0.466s] Level 5:colcon.colcon_core.verb:set package 'articubot_one' build argument 'cmake_target' from command line to 'None'
[0.466s] Level 5:colcon.colcon_core.verb:set package 'articubot_one' build argument 'cmake_target_skip_unavailable' from command line to 'False'
[0.466s] Level 5:colcon.colcon_core.verb:set package 'articubot_one' build argument 'cmake_clean_cache' from command line to 'False'
[0.466s] Level 5:colcon.colcon_core.verb:set package 'articubot_one' build argument 'cmake_clean_first' from command line to 'False'
[0.466s] Level 5:colcon.colcon_core.verb:set package 'articubot_one' build argument 'cmake_force_configure' from command line to 'False'
[0.466s] Level 5:colcon.colcon_core.verb:set package 'articubot_one' build argument 'ament_cmake_args' from command line to 'None'
[0.466s] Level 5:colcon.colcon_core.verb:set package 'articubot_one' build argument 'catkin_cmake_args' from command line to 'None'
[0.466s] Level 5:colcon.colcon_core.verb:set package 'articubot_one' build argument 'catkin_skip_building_tests' from command line to 'False'
[0.466s] DEBUG:colcon.colcon_core.verb:Building package 'articubot_one' with the following arguments: {'ament_cmake_args': None, 'build_base': '/home/klo40/ESDA_onboarding/build/articubot_one', 'catkin_cmake_args': None, 'catkin_skip_building_tests': False, 'cmake_args': None, 'cmake_clean_cache': False, 'cmake_clean_first': False, 'cmake_force_configure': False, 'cmake_target': None, 'cmake_target_skip_unavailable': False, 'install_base': '/home/klo40/ESDA_onboarding/install/articubot_one', 'merge_install': False, 'path': '/home/klo40/ESDA_onboarding/articubot_one', 'symlink_install': False, 'test_result_base': None}
[0.467s] Level 5:colcon.colcon_core.verb:set package 'custom_interfaces' build argument 'cmake_args' from command line to 'None'
[0.467s] Level 5:colcon.colcon_core.verb:set package 'custom_interfaces' build argument 'cmake_target' from command line to 'None'
[0.467s] Level 5:colcon.colcon_core.verb:set package 'custom_interfaces' build argument 'cmake_target_skip_unavailable' from command line to 'False'
[0.467s] Level 5:colcon.colcon_core.verb:set package 'custom_interfaces' build argument 'cmake_clean_cache' from command line to 'False'
[0.467s] Level 5:colcon.colcon_core.verb:set package 'custom_interfaces' build argument 'cmake_clean_first' from command line to 'False'
[0.467s] Level 5:colcon.colcon_core.verb:set package 'custom_interfaces' build argument 'cmake_force_configure' from command line to 'False'
[0.467s] Level 5:colcon.colcon_core.verb:set package 'custom_interfaces' build argument 'ament_cmake_args' from command line to 'None'
[0.467s] Level 5:colcon.colcon_core.verb:set package 'custom_interfaces' build argument 'catkin_cmake_args' from command line to 'None'
[0.467s] Level 5:colcon.colcon_core.verb:set package 'custom_interfaces' build argument 'catkin_skip_building_tests' from command line to 'False'
[0.467s] DEBUG:colcon.colcon_core.verb:Building package 'custom_interfaces' with the following arguments: {'ament_cmake_args': None, 'build_base': '/home/klo40/ESDA_onboarding/build/custom_interfaces', 'catkin_cmake_args': None, 'catkin_skip_building_tests': False, 'cmake_args': None, 'cmake_clean_cache': False, 'cmake_clean_first': False, 'cmake_force_configure': False, 'cmake_target': None, 'cmake_target_skip_unavailable': False, 'install_base': '/home/klo40/ESDA_onboarding/install/custom_interfaces', 'merge_install': False, 'path': '/home/klo40/ESDA_onboarding/custom_interfaces', 'symlink_install': False, 'test_result_base': None}
[0.468s] Level 5:colcon.colcon_core.verb:set package 'onboarding_task1' build argument 'cmake_args' from command line to 'None'
[0.468s] Level 5:colcon.colcon_core.verb:set package 'onboarding_task1' build argument 'cmake_target' from command line to 'None'
[0.468s] Level 5:colcon.colcon_core.verb:set package 'onboarding_task1' build argument 'cmake_target_skip_unavailable' from command line to 'False'
[0.468s] Level 5:colcon.colcon_core.verb:set package 'onboarding_task1' build argument 'cmake_clean_cache' from command line to 'False'
[0.468s] Level 5:colcon.colcon_core.verb:set package 'onboarding_task1' build argument 'cmake_clean_first' from command line to 'False'
[0.468s] Level 5:colcon.colcon_core.verb:set package 'onboarding_task1' build argument 'cmake_force_configure' from command line to 'False'
[0.468s] Level 5:colcon.colcon_core.verb:set package 'onboarding_task1' build argument 'ament_cmake_args' from command line to 'None'
[0.468s] Level 5:colcon.colcon_core.verb:set package 'onboarding_task1' build argument 'catkin_cmake_args' from command line to 'None'
[0.468s] Level 5:colcon.colcon_core.verb:set package 'onboarding_task1' build argument 'catkin_skip_building_tests' from command line to 'False'
[0.468s] DEBUG:colcon.colcon_core.verb:Building package 'onboarding_task1' with the following arguments: {'ament_cmake_args': None, 'build_base': '/home/klo40/ESDA_onboarding/build/onboarding_task1', 'catkin_cmake_args': None, 'catkin_skip_building_tests': False, 'cmake_args': None, 'cmake_clean_cache': False, 'cmake_clean_first': False, 'cmake_force_configure': False, 'cmake_target': None, 'cmake_target_skip_unavailable': False, 'install_base': '/home/klo40/ESDA_onboarding/install/onboarding_task1', 'merge_install': False, 'path': '/home/klo40/ESDA_onboarding/onboarding_task1', 'symlink_install': False, 'test_result_base': None}
[0.469s] Level 5:colcon.colcon_core.verb:set package 'waypoint_pub' build argument 'cmake_args' from command line to 'None'
[0.469s] Level 5:colcon.colcon_core.verb:set package 'waypoint_pub' build argument 'cmake_target' from command line to 'None'
[0.469s] Level 5:colcon.colcon_core.verb:set package 'waypoint_pub' build argument 'cmake_target_skip_unavailable' from command line to 'False'
[0.469s] Level 5:colcon.colcon_core.verb:set package 'waypoint_pub' build argument 'cmake_clean_cache' from command line to 'False'
[0.469s] Level 5:colcon.colcon_core.verb:set package 'waypoint_pub' build argument 'cmake_clean_first' from command line to 'False'
[0.469s] Level 5:colcon.colcon_core.verb:set package 'waypoint_pub' build argument 'cmake_force_configure' from command line to 'False'
[0.469s] Level 5:colcon.colcon_core.verb:set package 'waypoint_pub' build argument 'ament_cmake_args' from command line to 'None'
[0.469s] Level 5:colcon.colcon_core.verb:set package 'waypoint_pub' build argument 'catkin_cmake_args' from command line to 'None'
[0.469s] Level 5:colcon.colcon_core.verb:set package 'waypoint_pub' build argument 'catkin_skip_building_tests' from command line to 'False'
[0.469s] DEBUG:colcon.colcon_core.verb:Building package 'waypoint_pub' with the following arguments: {'ament_cmake_args': None, 'build_base': '/home/klo40/ESDA_onboarding/build/waypoint_pub', 'catkin_cmake_args': None, 'catkin_skip_building_tests': False, 'cmake_args': None, 'cmake_clean_cache': False, 'cmake_clean_first': False, 'cmake_force_configure': False, 'cmake_target': None, 'cmake_target_skip_unavailable': False, 'install_base': '/home/klo40/ESDA_onboarding/install/waypoint_pub', 'merge_install': False, 'path': '/home/klo40/ESDA_onboarding/waypoint_pub', 'symlink_install': False, 'test_result_base': None}
[0.470s] INFO:colcon.colcon_core.executor:Executing jobs using 'parallel' executor
[0.473s] DEBUG:colcon.colcon_parallel_executor.executor.parallel:run_until_complete
[0.473s] INFO:colcon.colcon_ros.task.ament_cmake.build:Building ROS package in '/home/klo40/ESDA_onboarding/custom_interfaces' with build type 'ament_cmake'
[0.474s] INFO:colcon.colcon_cmake.task.cmake.build:Building CMake package in '/home/klo40/ESDA_onboarding/custom_interfaces'
[0.482s] INFO:colcon.colcon_core.plugin_system:Skipping extension 'colcon_core.shell.bat': Not used on non-Windows systems
[0.482s] INFO:colcon.colcon_core.shell:Skip shell extension 'powershell' for command environment: Not usable outside of PowerShell
[0.482s] DEBUG:colcon.colcon_core.shell:Skip shell extension 'dsv' for command environment
[0.487s] INFO:colcon.colcon_ros.task.ament_cmake.build:Building ROS package in '/home/klo40/ESDA_onboarding/articubot_one' with build type 'ament_cmake'
[0.487s] INFO:colcon.colcon_cmake.task.cmake.build:Building CMake package in '/home/klo40/ESDA_onboarding/articubot_one'
[0.488s] INFO:colcon.colcon_core.shell:Skip shell extension 'powershell' for command environment: Not usable outside of PowerShell
[0.488s] DEBUG:colcon.colcon_core.shell:Skip shell extension 'dsv' for command environment
[0.507s] DEBUG:colcon.colcon_core.event_handler.log_command:Invoking command in '/home/klo40/ESDA_onboarding/build/custom_interfaces': CMAKE_PREFIX_PATH=${CMAKE_PREFIX_PATH}:/home/klo40/ESDA_onboarding/install/waypoint_pub:/home/klo40/ESDA_onboarding/install/onboarding_task1:/opt/ros/humble /usr/bin/cmake --build /home/klo40/ESDA_onboarding/build/custom_interfaces -- -j4 -l4
[0.536s] DEBUG:colcon.colcon_core.event_handler.log_command:Invoking command in '/home/klo40/ESDA_onboarding/build/articubot_one': CMAKE_PREFIX_PATH=${CMAKE_PREFIX_PATH}:/home/klo40/ESDA_onboarding/install/waypoint_pub:/home/klo40/ESDA_onboarding/install/onboarding_task1:/opt/ros/humble /usr/bin/cmake --build /home/klo40/ESDA_onboarding/build/articubot_one -- -j4 -l4
[0.663s] DEBUG:colcon.colcon_core.event_handler.log_command:Invoked command in '/home/klo40/ESDA_onboarding/build/articubot_one' returned '0': CMAKE_PREFIX_PATH=${CMAKE_PREFIX_PATH}:/home/klo40/ESDA_onboarding/install/waypoint_pub:/home/klo40/ESDA_onboarding/install/onboarding_task1:/opt/ros/humble /usr/bin/cmake --build /home/klo40/ESDA_onboarding/build/articubot_one -- -j4 -l4
[0.766s] DEBUG:colcon.colcon_core.event_handler.log_command:Invoking command in '/home/klo40/ESDA_onboarding/build/articubot_one': CMAKE_PREFIX_PATH=${CMAKE_PREFIX_PATH}:/home/klo40/ESDA_onboarding/install/waypoint_pub:/home/klo40/ESDA_onboarding/install/onboarding_task1:/opt/ros/humble /usr/bin/cmake --install /home/klo40/ESDA_onboarding/build/articubot_one
[0.779s] Level 1:colcon.colcon_core.environment:create_environment_scripts_only(articubot_one)
[0.782s] Level 1:colcon.colcon_core.environment:checking '/home/klo40/ESDA_onboarding/install/articubot_one' for CMake module files
[0.782s] Level 1:colcon.colcon_core.environment:checking '/home/klo40/ESDA_onboarding/install/articubot_one' for CMake config files
[0.783s] Level 1:colcon.colcon_core.shell:create_environment_hook('articubot_one', 'cmake_prefix_path')
[0.784s] INFO:colcon.colcon_core.shell:Creating environment hook '/home/klo40/ESDA_onboarding/install/articubot_one/share/articubot_one/hook/cmake_prefix_path.ps1'
[0.784s] INFO:colcon.colcon_core.shell:Creating environment descriptor '/home/klo40/ESDA_onboarding/install/articubot_one/share/articubot_one/hook/cmake_prefix_path.dsv'
[0.786s] DEBUG:colcon.colcon_core.event_handler.log_command:Invoked command in '/home/klo40/ESDA_onboarding/build/articubot_one' returned '0': CMAKE_PREFIX_PATH=${CMAKE_PREFIX_PATH}:/home/klo40/ESDA_onboarding/install/waypoint_pub:/home/klo40/ESDA_onboarding/install/onboarding_task1:/opt/ros/humble /usr/bin/cmake --install /home/klo40/ESDA_onboarding/build/articubot_one
[0.787s] INFO:colcon.colcon_core.shell:Creating environment hook '/home/klo40/ESDA_onboarding/install/articubot_one/share/articubot_one/hook/cmake_prefix_path.sh'
[0.788s] Level 1:colcon.colcon_core.environment:checking '/home/klo40/ESDA_onboarding/install/articubot_one/bin'
[0.788s] Level 1:colcon.colcon_core.environment:checking '/home/klo40/ESDA_onboarding/install/articubot_one/lib/pkgconfig/articubot_one.pc'
[0.788s] Level 1:colcon.colcon_core.environment:checking '/home/klo40/ESDA_onboarding/install/articubot_one/lib/python3.10/site-packages'
[0.789s] Level 1:colcon.colcon_core.environment:checking '/home/klo40/ESDA_onboarding/install/articubot_one/bin'
[0.790s] INFO:colcon.colcon_core.shell:Creating package script '/home/klo40/ESDA_onboarding/install/articubot_one/share/articubot_one/package.ps1'
[0.790s] INFO:colcon.colcon_core.shell:Creating package descriptor '/home/klo40/ESDA_onboarding/install/articubot_one/share/articubot_one/package.dsv'
[0.791s] INFO:colcon.colcon_core.shell:Creating package script '/home/klo40/ESDA_onboarding/install/articubot_one/share/articubot_one/package.sh'
[0.792s] INFO:colcon.colcon_core.shell:Creating package script '/home/klo40/ESDA_onboarding/install/articubot_one/share/articubot_one/package.bash'
[0.792s] INFO:colcon.colcon_core.shell:Creating package script '/home/klo40/ESDA_onboarding/install/articubot_one/share/articubot_one/package.zsh'
[0.794s] Level 1:colcon.colcon_core.environment:create_file_with_runtime_dependencies(/home/klo40/ESDA_onboarding/install/articubot_one/share/colcon-core/packages/articubot_one)
[0.837s] Level 1:colcon.colcon_core.environment:create_environment_scripts_only(articubot_one)
[0.839s] Level 1:colcon.colcon_core.environment:checking '/home/klo40/ESDA_onboarding/install/articubot_one' for CMake module files
[0.839s] Level 1:colcon.colcon_core.environment:checking '/home/klo40/ESDA_onboarding/install/articubot_one' for CMake config files
[0.839s] Level 1:colcon.colcon_core.shell:create_environment_hook('articubot_one', 'cmake_prefix_path')
[0.840s] INFO:colcon.colcon_core.shell:Creating environment hook '/home/klo40/ESDA_onboarding/install/articubot_one/share/articubot_one/hook/cmake_prefix_path.ps1'
[0.840s] INFO:colcon.colcon_core.shell:Creating environment descriptor '/home/klo40/ESDA_onboarding/install/articubot_one/share/articubot_one/hook/cmake_prefix_path.dsv'
[0.841s] INFO:colcon.colcon_core.shell:Creating environment hook '/home/klo40/ESDA_onboarding/install/articubot_one/share/articubot_one/hook/cmake_prefix_path.sh'
[0.842s] Level 1:colcon.colcon_core.environment:checking '/home/klo40/ESDA_onboarding/install/articubot_one/bin'
[0.842s] Level 1:colcon.colcon_core.environment:checking '/home/klo40/ESDA_onboarding/install/articubot_one/lib/pkgconfig/articubot_one.pc'
[0.843s] Level 1:colcon.colcon_core.environment:checking '/home/klo40/ESDA_onboarding/install/articubot_one/lib/python3.10/site-packages'
[0.843s] Level 1:colcon.colcon_core.environment:checking '/home/klo40/ESDA_onboarding/install/articubot_one/bin'
[0.844s] INFO:colcon.colcon_core.shell:Creating package script '/home/klo40/ESDA_onboarding/install/articubot_one/share/articubot_one/package.ps1'
[0.845s] INFO:colcon.colcon_core.shell:Creating package descriptor '/home/klo40/ESDA_onboarding/install/articubot_one/share/articubot_one/package.dsv'
[0.846s] INFO:colcon.colcon_core.shell:Creating package script '/home/klo40/ESDA_onboarding/install/articubot_one/share/articubot_one/package.sh'
[0.846s] INFO:colcon.colcon_core.shell:Creating package script '/home/klo40/ESDA_onboarding/install/articubot_one/share/articubot_one/package.bash'
[0.847s] INFO:colcon.colcon_core.shell:Creating package script '/home/klo40/ESDA_onboarding/install/articubot_one/share/articubot_one/package.zsh'
[0.847s] Level 1:colcon.colcon_core.environment:create_file_with_runtime_dependencies(/home/klo40/ESDA_onboarding/install/articubot_one/share/colcon-core/packages/articubot_one)
[1.042s] DEBUG:colcon.colcon_core.event_handler.log_command:Invoked command in '/home/klo40/ESDA_onboarding/build/custom_interfaces' returned '0': CMAKE_PREFIX_PATH=${CMAKE_PREFIX_PATH}:/home/klo40/ESDA_onboarding/install/waypoint_pub:/home/klo40/ESDA_onboarding/install/onboarding_task1:/opt/ros/humble /usr/bin/cmake --build /home/klo40/ESDA_onboarding/build/custom_interfaces -- -j4 -l4
[1.284s] DEBUG:colcon.colcon_core.event_handler.log_command:Invoking command in '/home/klo40/ESDA_onboarding/build/custom_interfaces': CMAKE_PREFIX_PATH=${CMAKE_PREFIX_PATH}:/home/klo40/ESDA_onboarding/install/waypoint_pub:/home/klo40/ESDA_onboarding/install/onboarding_task1:/opt/ros/humble /usr/bin/cmake --install /home/klo40/ESDA_onboarding/build/custom_interfaces
[1.339s] Level 1:colcon.colcon_core.environment:create_environment_scripts_only(custom_interfaces)
[1.341s] Level 1:colcon.colcon_core.environment:checking '/home/klo40/ESDA_onboarding/install/custom_interfaces' for CMake module files
[1.342s] DEBUG:colcon.colcon_core.event_handler.log_command:Invoked command in '/home/klo40/ESDA_onboarding/build/custom_interfaces' returned '0': CMAKE_PREFIX_PATH=${CMAKE_PREFIX_PATH}:/home/klo40/ESDA_onboarding/install/waypoint_pub:/home/klo40/ESDA_onboarding/install/onboarding_task1:/opt/ros/humble /usr/bin/cmake --install /home/klo40/ESDA_onboarding/build/custom_interfaces
[1.343s] Level 1:colcon.colcon_core.environment:checking '/home/klo40/ESDA_onboarding/install/custom_interfaces' for CMake config files
[1.343s] Level 1:colcon.colcon_core.shell:create_environment_hook('custom_interfaces', 'cmake_prefix_path')
[1.344s] INFO:colcon.colcon_core.shell:Creating environment hook '/home/klo40/ESDA_onboarding/install/custom_interfaces/share/custom_interfaces/hook/cmake_prefix_path.ps1'
[1.344s] INFO:colcon.colcon_core.shell:Creating environment descriptor '/home/klo40/ESDA_onboarding/install/custom_interfaces/share/custom_interfaces/hook/cmake_prefix_path.dsv'
[1.345s] INFO:colcon.colcon_core.shell:Creating environment hook '/home/klo40/ESDA_onboarding/install/custom_interfaces/share/custom_interfaces/hook/cmake_prefix_path.sh'
[1.346s] Level 1:colcon.colcon_core.environment:checking '/home/klo40/ESDA_onboarding/install/custom_interfaces/lib'
[1.346s] Level 1:colcon.colcon_core.shell:create_environment_hook('custom_interfaces', 'ld_library_path_lib')
[1.347s] INFO:colcon.colcon_core.shell:Creating environment hook '/home/klo40/ESDA_onboarding/install/custom_interfaces/share/custom_interfaces/hook/ld_library_path_lib.ps1'
[1.348s] INFO:colcon.colcon_core.shell:Creating environment descriptor '/home/klo40/ESDA_onboarding/install/custom_interfaces/share/custom_interfaces/hook/ld_library_path_lib.dsv'
[1.348s] INFO:colcon.colcon_core.shell:Creating environment hook '/home/klo40/ESDA_onboarding/install/custom_interfaces/share/custom_interfaces/hook/ld_library_path_lib.sh'
[1.349s] Level 1:colcon.colcon_core.environment:checking '/home/klo40/ESDA_onboarding/install/custom_interfaces/bin'
[1.349s] Level 1:colcon.colcon_core.environment:checking '/home/klo40/ESDA_onboarding/install/custom_interfaces/lib/pkgconfig/custom_interfaces.pc'
[1.349s] Level 1:colcon.colcon_core.environment:checking '/home/klo40/ESDA_onboarding/install/custom_interfaces/lib/python3.10/site-packages'
[1.349s] Level 1:colcon.colcon_core.environment:checking '/home/klo40/ESDA_onboarding/install/custom_interfaces/bin'
[1.350s] INFO:colcon.colcon_core.shell:Creating package script '/home/klo40/ESDA_onboarding/install/custom_interfaces/share/custom_interfaces/package.ps1'
[1.351s] INFO:colcon.colcon_core.shell:Creating package descriptor '/home/klo40/ESDA_onboarding/install/custom_interfaces/share/custom_interfaces/package.dsv'
[1.351s] INFO:colcon.colcon_core.shell:Creating package script '/home/klo40/ESDA_onboarding/install/custom_interfaces/share/custom_interfaces/package.sh'
[1.352s] INFO:colcon.colcon_core.shell:Creating package script '/home/klo40/ESDA_onboarding/install/custom_interfaces/share/custom_interfaces/package.bash'
[1.352s] INFO:colcon.colcon_core.shell:Creating package script '/home/klo40/ESDA_onboarding/install/custom_interfaces/share/custom_interfaces/package.zsh'
[1.352s] Level 1:colcon.colcon_core.environment:create_file_with_runtime_dependencies(/home/klo40/ESDA_onboarding/install/custom_interfaces/share/colcon-core/packages/custom_interfaces)
[1.541s] Level 1:colcon.colcon_core.environment:create_environment_scripts_only(custom_interfaces)
[1.543s] Level 1:colcon.colcon_core.environment:checking '/home/klo40/ESDA_onboarding/install/custom_interfaces' for CMake module files
[1.543s] Level 1:colcon.colcon_core.environment:checking '/home/klo40/ESDA_onboarding/install/custom_interfaces' for CMake config files
[1.543s] Level 1:colcon.colcon_core.shell:create_environment_hook('custom_interfaces', 'cmake_prefix_path')
[1.544s] INFO:colcon.colcon_core.shell:Creating environment hook '/home/klo40/ESDA_onboarding/install/custom_interfaces/share/custom_interfaces/hook/cmake_prefix_path.ps1'
[1.548s] INFO:colcon.colcon_core.shell:Creating environment descriptor '/home/klo40/ESDA_onboarding/install/custom_interfaces/share/custom_interfaces/hook/cmake_prefix_path.dsv'
[1.549s] INFO:colcon.colcon_core.shell:Creating environment hook '/home/klo40/ESDA_onboarding/install/custom_interfaces/share/custom_interfaces/hook/cmake_prefix_path.sh'
[1.549s] Level 1:colcon.colcon_core.environment:checking '/home/klo40/ESDA_onboarding/install/custom_interfaces/lib'
[1.550s] Level 1:colcon.colcon_core.shell:create_environment_hook('custom_interfaces', 'ld_library_path_lib')
[1.551s] INFO:colcon.colcon_core.shell:Creating environment hook '/home/klo40/ESDA_onboarding/install/custom_interfaces/share/custom_interfaces/hook/ld_library_path_lib.ps1'
[1.551s] INFO:colcon.colcon_core.shell:Creating environment descriptor '/home/klo40/ESDA_onboarding/install/custom_interfaces/share/custom_interfaces/hook/ld_library_path_lib.dsv'
[1.552s] INFO:colcon.colcon_core.shell:Creating environment hook '/home/klo40/ESDA_onboarding/install/custom_interfaces/share/custom_interfaces/hook/ld_library_path_lib.sh'
[1.552s] Level 1:colcon.colcon_core.environment:checking '/home/klo40/ESDA_onboarding/install/custom_interfaces/bin'
[1.552s] Level 1:colcon.colcon_core.environment:checking '/home/klo40/ESDA_onboarding/install/custom_interfaces/lib/pkgconfig/custom_interfaces.pc'
[1.553s] Level 1:colcon.colcon_core.environment:checking '/home/klo40/ESDA_onboarding/install/custom_interfaces/lib/python3.10/site-packages'
[1.553s] Level 1:colcon.colcon_core.environment:checking '/home/klo40/ESDA_onboarding/install/custom_interfaces/bin'
[1.554s] INFO:colcon.colcon_core.shell:Creating package script '/home/klo40/ESDA_onboarding/install/custom_interfaces/share/custom_interfaces/package.ps1'
[1.554s] INFO:colcon.colcon_core.shell:Creating package descriptor '/home/klo40/ESDA_onboarding/install/custom_interfaces/share/custom_interfaces/package.dsv'
[1.555s] INFO:colcon.colcon_core.shell:Creating package script '/home/klo40/ESDA_onboarding/install/custom_interfaces/share/custom_interfaces/package.sh'
[1.555s] INFO:colcon.colcon_core.shell:Creating package script '/home/klo40/ESDA_onboarding/install/custom_interfaces/share/custom_interfaces/package.bash'
[1.556s] INFO:colcon.colcon_core.shell:Creating package script '/home/klo40/ESDA_onboarding/install/custom_interfaces/share/custom_interfaces/package.zsh'
[1.557s] Level 1:colcon.colcon_core.environment:create_file_with_runtime_dependencies(/home/klo40/ESDA_onboarding/install/custom_interfaces/share/colcon-core/packages/custom_interfaces)
[1.558s] INFO:colcon.colcon_ros.task.ament_python.build:Building ROS package in '/home/klo40/ESDA_onboarding/onboarding_task1' with build type 'ament_python'
[1.558s] Level 1:colcon.colcon_core.shell:create_environment_hook('onboarding_task1', 'ament_prefix_path')
[1.559s] INFO:colcon.colcon_core.shell:Creating environment hook '/home/klo40/ESDA_onboarding/install/onboarding_task1/share/onboarding_task1/hook/ament_prefix_path.ps1'
[1.560s] INFO:colcon.colcon_core.shell:Creating environment descriptor '/home/klo40/ESDA_onboarding/install/onboarding_task1/share/onboarding_task1/hook/ament_prefix_path.dsv'
[1.561s] INFO:colcon.colcon_core.shell:Creating environment hook '/home/klo40/ESDA_onboarding/install/onboarding_task1/share/onboarding_task1/hook/ament_prefix_path.sh'
[1.563s] INFO:colcon.colcon_core.shell:Skip shell extension 'powershell' for command environment: Not usable outside of PowerShell
[1.563s] DEBUG:colcon.colcon_core.shell:Skip shell extension 'dsv' for command environment
[1.568s] INFO:colcon.colcon_ros.task.ament_python.build:Building ROS package in '/home/klo40/ESDA_onboarding/waypoint_pub' with build type 'ament_python'
[1.568s] Level 1:colcon.colcon_core.shell:create_environment_hook('waypoint_pub', 'ament_prefix_path')
[1.569s] INFO:colcon.colcon_core.shell:Creating environment hook '/home/klo40/ESDA_onboarding/install/waypoint_pub/share/waypoint_pub/hook/ament_prefix_path.ps1'
[1.574s] INFO:colcon.colcon_core.shell:Creating environment descriptor '/home/klo40/ESDA_onboarding/install/waypoint_pub/share/waypoint_pub/hook/ament_prefix_path.dsv'
[1.576s] INFO:colcon.colcon_core.shell:Creating environment hook '/home/klo40/ESDA_onboarding/install/waypoint_pub/share/waypoint_pub/hook/ament_prefix_path.sh'
[1.581s] INFO:colcon.colcon_core.shell:Skip shell extension 'powershell' for command environment: Not usable outside of PowerShell
[1.581s] DEBUG:colcon.colcon_core.shell:Skip shell extension 'dsv' for command environment
[1.969s] INFO:colcon.colcon_core.task.python.build:Building Python package in '/home/klo40/ESDA_onboarding/onboarding_task1'
[1.970s] INFO:colcon.colcon_core.shell:Skip shell extension 'powershell' for command environment: Not usable outside of PowerShell
[1.970s] DEBUG:colcon.colcon_core.shell:Skip shell extension 'dsv' for command environment
[2.175s] INFO:colcon.colcon_core.task.python.build:Building Python package in '/home/klo40/ESDA_onboarding/waypoint_pub'
[2.176s] INFO:colcon.colcon_core.shell:Skip shell extension 'powershell' for command environment: Not usable outside of PowerShell
[2.176s] DEBUG:colcon.colcon_core.shell:Skip shell extension 'dsv' for command environment
[2.431s] DEBUG:colcon.colcon_core.event_handler.log_command:Invoking command in '/home/klo40/ESDA_onboarding/waypoint_pub': PYTHONPATH=/home/klo40/ESDA_onboarding/build/waypoint_pub/prefix_override:/home/klo40/ESDA_onboarding/install/waypoint_pub/lib/python3.10/site-packages:${PYTHONPATH} /usr/bin/python3 setup.py egg_info --egg-base ../build/waypoint_pub build --build-base /home/klo40/ESDA_onboarding/build/waypoint_pub/build install --record /home/klo40/ESDA_onboarding/build/waypoint_pub/install.log --single-version-externally-managed
[2.434s] DEBUG:colcon.colcon_core.event_handler.log_command:Invoking command in '/home/klo40/ESDA_onboarding/onboarding_task1': PYTHONPATH=/home/klo40/ESDA_onboarding/build/onboarding_task1/prefix_override:/home/klo40/ESDA_onboarding/install/onboarding_task1/lib/python3.10/site-packages:${PYTHONPATH} /usr/bin/python3 setup.py egg_info --egg-base ../build/onboarding_task1 build --build-base /home/klo40/ESDA_onboarding/build/onboarding_task1/build install --record /home/klo40/ESDA_onboarding/build/onboarding_task1/install.log --single-version-externally-managed
[2.689s] Level 1:colcon.colcon_core.environment:checking '/home/klo40/ESDA_onboarding/install/waypoint_pub' for CMake module files
[2.691s] DEBUG:colcon.colcon_core.event_handler.log_command:Invoked command in '/home/klo40/ESDA_onboarding/waypoint_pub' returned '0': PYTHONPATH=/home/klo40/ESDA_onboarding/build/waypoint_pub/prefix_override:/home/klo40/ESDA_onboarding/install/waypoint_pub/lib/python3.10/site-packages:${PYTHONPATH} /usr/bin/python3 setup.py egg_info --egg-base ../build/waypoint_pub build --build-base /home/klo40/ESDA_onboarding/build/waypoint_pub/build install --record /home/klo40/ESDA_onboarding/build/waypoint_pub/install.log --single-version-externally-managed
[2.692s] Level 1:colcon.colcon_core.environment:checking '/home/klo40/ESDA_onboarding/install/waypoint_pub' for CMake config files
[2.692s] Level 1:colcon.colcon_core.environment:checking '/home/klo40/ESDA_onboarding/install/waypoint_pub/lib'
[2.692s] Level 1:colcon.colcon_core.environment:checking '/home/klo40/ESDA_onboarding/install/waypoint_pub/bin'
[2.692s] Level 1:colcon.colcon_core.environment:checking '/home/klo40/ESDA_onboarding/install/waypoint_pub/lib/pkgconfig/waypoint_pub.pc'
[2.693s] Level 1:colcon.colcon_core.environment:checking '/home/klo40/ESDA_onboarding/install/waypoint_pub/lib/python3.10/site-packages'
[2.693s] Level 1:colcon.colcon_core.shell:create_environment_hook('waypoint_pub', 'pythonpath')
[2.694s] INFO:colcon.colcon_core.shell:Creating environment hook '/home/klo40/ESDA_onboarding/install/waypoint_pub/share/waypoint_pub/hook/pythonpath.ps1'
[2.694s] INFO:colcon.colcon_core.shell:Creating environment descriptor '/home/klo40/ESDA_onboarding/install/waypoint_pub/share/waypoint_pub/hook/pythonpath.dsv'
[2.695s] INFO:colcon.colcon_core.shell:Creating environment hook '/home/klo40/ESDA_onboarding/install/waypoint_pub/share/waypoint_pub/hook/pythonpath.sh'
[2.695s] Level 1:colcon.colcon_core.environment:checking '/home/klo40/ESDA_onboarding/install/waypoint_pub/bin'
[2.696s] Level 1:colcon.colcon_core.environment:create_environment_scripts_only(waypoint_pub)
[2.697s] INFO:colcon.colcon_core.shell:Creating package script '/home/klo40/ESDA_onboarding/install/waypoint_pub/share/waypoint_pub/package.ps1'
[2.697s] INFO:colcon.colcon_core.shell:Creating package descriptor '/home/klo40/ESDA_onboarding/install/waypoint_pub/share/waypoint_pub/package.dsv'
[2.698s] INFO:colcon.colcon_core.shell:Creating package script '/home/klo40/ESDA_onboarding/install/waypoint_pub/share/waypoint_pub/package.sh'
[2.698s] INFO:colcon.colcon_core.shell:Creating package script '/home/klo40/ESDA_onboarding/install/waypoint_pub/share/waypoint_pub/package.bash'
[2.699s] INFO:colcon.colcon_core.shell:Creating package script '/home/klo40/ESDA_onboarding/install/waypoint_pub/share/waypoint_pub/package.zsh'
[2.699s] Level 1:colcon.colcon_core.environment:create_file_with_runtime_dependencies(/home/klo40/ESDA_onboarding/install/waypoint_pub/share/colcon-core/packages/waypoint_pub)
[2.774s] Level 1:colcon.colcon_core.environment:checking '/home/klo40/ESDA_onboarding/install/onboarding_task1' for CMake module files
[2.775s] DEBUG:colcon.colcon_core.event_handler.log_command:Invoked command in '/home/klo40/ESDA_onboarding/onboarding_task1' returned '0': PYTHONPATH=/home/klo40/ESDA_onboarding/build/onboarding_task1/prefix_override:/home/klo40/ESDA_onboarding/install/onboarding_task1/lib/python3.10/site-packages:${PYTHONPATH} /usr/bin/python3 setup.py egg_info --egg-base ../build/onboarding_task1 build --build-base /home/klo40/ESDA_onboarding/build/onboarding_task1/build install --record /home/klo40/ESDA_onboarding/build/onboarding_task1/install.log --single-version-externally-managed
[2.776s] Level 1:colcon.colcon_core.environment:checking '/home/klo40/ESDA_onboarding/install/onboarding_task1' for CMake config files
[2.776s] Level 1:colcon.colcon_core.environment:checking '/home/klo40/ESDA_onboarding/install/onboarding_task1/lib'
[2.776s] Level 1:colcon.colcon_core.environment:checking '/home/klo40/ESDA_onboarding/install/onboarding_task1/bin'
[2.776s] Level 1:colcon.colcon_core.environment:checking '/home/klo40/ESDA_onboarding/install/onboarding_task1/lib/pkgconfig/onboarding_task1.pc'
[2.777s] Level 1:colcon.colcon_core.environment:checking '/home/klo40/ESDA_onboarding/install/onboarding_task1/lib/python3.10/site-packages'
[2.777s] Level 1:colcon.colcon_core.shell:create_environment_hook('onboarding_task1', 'pythonpath')
[2.778s] INFO:colcon.colcon_core.shell:Creating environment hook '/home/klo40/ESDA_onboarding/install/onboarding_task1/share/onboarding_task1/hook/pythonpath.ps1'
[2.779s] INFO:colcon.colcon_core.shell:Creating environment descriptor '/home/klo40/ESDA_onboarding/install/onboarding_task1/share/onboarding_task1/hook/pythonpath.dsv'
[2.779s] INFO:colcon.colcon_core.shell:Creating environment hook '/home/klo40/ESDA_onboarding/install/onboarding_task1/share/onboarding_task1/hook/pythonpath.sh'
[2.780s] Level 1:colcon.colcon_core.environment:checking '/home/klo40/ESDA_onboarding/install/onboarding_task1/bin'
[2.780s] Level 1:colcon.colcon_core.environment:create_environment_scripts_only(onboarding_task1)
[2.781s] INFO:colcon.colcon_core.shell:Creating package script '/home/klo40/ESDA_onboarding/install/onboarding_task1/share/onboarding_task1/package.ps1'
[2.782s] INFO:colcon.colcon_core.shell:Creating package descriptor '/home/klo40/ESDA_onboarding/install/onboarding_task1/share/onboarding_task1/package.dsv'
[2.782s] INFO:colcon.colcon_core.shell:Creating package script '/home/klo40/ESDA_onboarding/install/onboarding_task1/share/onboarding_task1/package.sh'
[2.783s] INFO:colcon.colcon_core.shell:Creating package script '/home/klo40/ESDA_onboarding/install/onboarding_task1/share/onboarding_task1/package.bash'
[2.783s] INFO:colcon.colcon_core.shell:Creating package script '/home/klo40/ESDA_onboarding/install/onboarding_task1/share/onboarding_task1/package.zsh'
[2.784s] Level 1:colcon.colcon_core.environment:create_file_with_runtime_dependencies(/home/klo40/ESDA_onboarding/install/onboarding_task1/share/colcon-core/packages/onboarding_task1)
[2.784s] DEBUG:colcon.colcon_parallel_executor.executor.parallel:closing loop
[2.785s] DEBUG:colcon.colcon_parallel_executor.executor.parallel:loop closed
[2.785s] DEBUG:colcon.colcon_parallel_executor.executor.parallel:run_until_complete finished with '0'
[2.785s] DEBUG:colcon.colcon_core.event_reactor:joining thread
[2.791s] INFO:colcon.colcon_core.plugin_system:Skipping extension 'colcon_notification.desktop_notification.terminal_notifier': Not used on non-Darwin systems
[2.791s] INFO:colcon.colcon_core.plugin_system:Skipping extension 'colcon_notification.desktop_notification.win32': Not used on non-Windows systems
[2.791s] INFO:colcon.colcon_notification.desktop_notification:Sending desktop notification using 'notify2'
[2.809s] DEBUG:colcon.colcon_core.event_reactor:joined thread
[2.810s] INFO:colcon.colcon_core.shell:Creating prefix script '/home/klo40/ESDA_onboarding/install/local_setup.ps1'
[2.812s] INFO:colcon.colcon_core.shell:Creating prefix util module '/home/klo40/ESDA_onboarding/install/_local_setup_util_ps1.py'
[2.814s] INFO:colcon.colcon_core.shell:Creating prefix chain script '/home/klo40/ESDA_onboarding/install/setup.ps1'
[2.816s] INFO:colcon.colcon_core.shell:Creating prefix script '/home/klo40/ESDA_onboarding/install/local_setup.sh'
[2.817s] INFO:colcon.colcon_core.shell:Creating prefix util module '/home/klo40/ESDA_onboarding/install/_local_setup_util_sh.py'
[2.817s] INFO:colcon.colcon_core.shell:Creating prefix chain script '/home/klo40/ESDA_onboarding/install/setup.sh'
[2.819s] INFO:colcon.colcon_core.shell:Creating prefix script '/home/klo40/ESDA_onboarding/install/local_setup.bash'
[2.819s] INFO:colcon.colcon_core.shell:Creating prefix chain script '/home/klo40/ESDA_onboarding/install/setup.bash'
[2.820s] INFO:colcon.colcon_core.shell:Creating prefix script '/home/klo40/ESDA_onboarding/install/local_setup.zsh'
[2.821s] INFO:colcon.colcon_core.shell:Creating prefix chain script '/home/klo40/ESDA_onboarding/install/setup.zsh'
