running egg_info
writing ../../build/onboarding_task/onboarding_task.egg-info/PKG-INFO
writing dependency_links to ../../build/onboarding_task/onboarding_task.egg-info/dependency_links.txt
writing entry points to ../../build/onboarding_task/onboarding_task.egg-info/entry_points.txt
writing requirements to ../../build/onboarding_task/onboarding_task.egg-info/requires.txt
writing top-level names to ../../build/onboarding_task/onboarding_task.egg-info/top_level.txt
reading manifest file '../../build/onboarding_task/onboarding_task.egg-info/SOURCES.txt'
writing manifest file '../../build/onboarding_task/onboarding_task.egg-info/SOURCES.txt'
running build
running build_py
copying onboarding_task/control.py -> /home/mcav/jpan/ESDA_onboarding/build/onboarding_task/build/lib/onboarding_task
running install
/usr/lib/python3/dist-packages/setuptools/command/install.py:34: SetuptoolsDeprecationWarning: setup.py install is deprecated. Use build and pip and other standards-based tools.
  warnings.warn(
running install_lib
copying /home/mcav/jpan/ESDA_onboarding/build/onboarding_task/build/lib/onboarding_task/control.py -> /home/mcav/jpan/ESDA_onboarding/install/onboarding_task/lib/python3.10/site-packages/onboarding_task
byte-compiling /home/mcav/jpan/ESDA_onboarding/install/onboarding_task/lib/python3.10/site-packages/onboarding_task/control.py to control.cpython-310.pyc
running install_data
running install_egg_info
removing '/home/mcav/jpan/ESDA_onboarding/install/onboarding_task/lib/python3.10/site-packages/onboarding_task-0.0.0-py3.10.egg-info' (and everything under it)
Copying ../../build/onboarding_task/onboarding_task.egg-info to /home/mcav/jpan/ESDA_onboarding/install/onboarding_task/lib/python3.10/site-packages/onboarding_task-0.0.0-py3.10.egg-info
running install_scripts
Installing control script to /home/mcav/jpan/ESDA_onboarding/install/onboarding_task/lib/onboarding_task
writing list of installed files to '/home/mcav/jpan/ESDA_onboarding/build/onboarding_task/install.log'
