[0.019s] Invoking command in '/home/yentung-yen/mcav/ESDA_onboarding/build/custom_interfaces': CMAKE_PREFIX_PATH=${CMAKE_PREFIX_PATH}:/home/yentung-yen/mcav/ESDA_onboarding/install/waypoint_pub:/home/yentung-yen/mcav/ESDA_onboarding/install/onboarding_task1:/opt/ros/humble /usr/bin/cmake --build /home/yentung-yen/mcav/ESDA_onboarding/build/custom_interfaces -- -j16 -l16
[0.046s] [35m[1mConsolidate compiler generated dependencies of target custom_interfaces__rosidl_generator_c[0m
[0.052s] [  3%] Built target custom_interfaces__cpp
[0.053s] [ 12%] Built target custom_interfaces__rosidl_generator_c
[0.059s] [ 12%] Built target ament_cmake_python_copy_custom_interfaces
[0.061s] [35m[1mConsolidate compiler generated dependencies of target custom_interfaces__rosidl_typesupport_fastrtps_cpp[0m
[0.061s] [35m[1mConsolidate compiler generated dependencies of target custom_interfaces__rosidl_typesupport_cpp[0m
[0.062s] [35m[1mConsolidate compiler generated dependencies of target custom_interfaces__rosidl_typesupport_introspection_cpp[0m
[0.062s] [35m[1mConsolidate compiler generated dependencies of target custom_interfaces__rosidl_typesupport_fastrtps_c[0m
[0.068s] [35m[1mConsolidate compiler generated dependencies of target custom_interfaces__rosidl_typesupport_c[0m
[0.068s] [35m[1mConsolidate compiler generated dependencies of target custom_interfaces__rosidl_typesupport_introspection_c[0m
[0.073s] [ 22%] Built target custom_interfaces__rosidl_typesupport_fastrtps_cpp
[0.073s] [ 48%] Built target custom_interfaces__rosidl_typesupport_introspection_cpp
[0.073s] [ 48%] Built target custom_interfaces__rosidl_typesupport_fastrtps_c
[0.073s] [ 51%] Built target custom_interfaces__rosidl_typesupport_cpp
[0.078s] [ 61%] Built target custom_interfaces__rosidl_typesupport_introspection_c
[0.080s] [ 70%] Built target custom_interfaces__rosidl_typesupport_c
[0.092s] [ 70%] Built target custom_interfaces
[0.104s] [ 74%] Built target custom_interfaces__py
[0.111s] [35m[1mConsolidate compiler generated dependencies of target custom_interfaces__rosidl_generator_py[0m
[0.121s] [ 80%] Built target custom_interfaces__rosidl_generator_py
[0.128s] [35m[1mConsolidate compiler generated dependencies of target custom_interfaces__rosidl_typesupport_c__pyext[0m
[0.128s] [35m[1mConsolidate compiler generated dependencies of target custom_interfaces__rosidl_typesupport_fastrtps_c__pyext[0m
[0.128s] [35m[1mConsolidate compiler generated dependencies of target custom_interfaces__rosidl_typesupport_introspection_c__pyext[0m
[0.137s] [100%] Built target custom_interfaces__rosidl_typesupport_fastrtps_c__pyext
[0.137s] [100%] Built target custom_interfaces__rosidl_typesupport_c__pyext
[0.137s] [100%] Built target custom_interfaces__rosidl_typesupport_introspection_c__pyext
[0.227s] running egg_info
[0.228s] writing custom_interfaces.egg-info/PKG-INFO
[0.228s] writing dependency_links to custom_interfaces.egg-info/dependency_links.txt
[0.228s] writing top-level names to custom_interfaces.egg-info/top_level.txt
[0.230s] reading manifest file 'custom_interfaces.egg-info/SOURCES.txt'
[0.230s] writing manifest file 'custom_interfaces.egg-info/SOURCES.txt'
[0.249s] [100%] Built target ament_cmake_python_build_custom_interfaces_egg
[0.256s] Invoked command in '/home/yentung-yen/mcav/ESDA_onboarding/build/custom_interfaces' returned '0': CMAKE_PREFIX_PATH=${CMAKE_PREFIX_PATH}:/home/yentung-yen/mcav/ESDA_onboarding/install/waypoint_pub:/home/yentung-yen/mcav/ESDA_onboarding/install/onboarding_task1:/opt/ros/humble /usr/bin/cmake --build /home/yentung-yen/mcav/ESDA_onboarding/build/custom_interfaces -- -j16 -l16
[0.289s] Invoking command in '/home/yentung-yen/mcav/ESDA_onboarding/build/custom_interfaces': CMAKE_PREFIX_PATH=${CMAKE_PREFIX_PATH}:/home/yentung-yen/mcav/ESDA_onboarding/install/waypoint_pub:/home/yentung-yen/mcav/ESDA_onboarding/install/onboarding_task1:/opt/ros/humble /usr/bin/cmake --install /home/yentung-yen/mcav/ESDA_onboarding/build/custom_interfaces
[0.295s] -- Install configuration: ""
[0.295s] -- Up-to-date: /home/yentung-yen/mcav/ESDA_onboarding/install/custom_interfaces/share/ament_index/resource_index/rosidl_interfaces/custom_interfaces
[0.295s] -- Up-to-date: /home/yentung-yen/mcav/ESDA_onboarding/install/custom_interfaces/include/custom_interfaces/custom_interfaces
[0.295s] -- Up-to-date: /home/yentung-yen/mcav/ESDA_onboarding/install/custom_interfaces/include/custom_interfaces/custom_interfaces/msg
[0.295s] -- Up-to-date: /home/yentung-yen/mcav/ESDA_onboarding/install/custom_interfaces/include/custom_interfaces/custom_interfaces/msg/rosidl_generator_c__visibility_control.h
[0.295s] -- Up-to-date: /home/yentung-yen/mcav/ESDA_onboarding/install/custom_interfaces/include/custom_interfaces/custom_interfaces/msg/detail
[0.295s] -- Up-to-date: /home/yentung-yen/mcav/ESDA_onboarding/install/custom_interfaces/include/custom_interfaces/custom_interfaces/msg/detail/waypoint__type_support.h
[0.295s] -- Up-to-date: /home/yentung-yen/mcav/ESDA_onboarding/install/custom_interfaces/include/custom_interfaces/custom_interfaces/msg/detail/waypoint__functions.c
[0.295s] -- Up-to-date: /home/yentung-yen/mcav/ESDA_onboarding/install/custom_interfaces/include/custom_interfaces/custom_interfaces/msg/detail/waypoint__struct.h
[0.295s] -- Up-to-date: /home/yentung-yen/mcav/ESDA_onboarding/install/custom_interfaces/include/custom_interfaces/custom_interfaces/msg/detail/waypoint__functions.h
[0.296s] -- Up-to-date: /home/yentung-yen/mcav/ESDA_onboarding/install/custom_interfaces/include/custom_interfaces/custom_interfaces/msg/waypoint.h
[0.296s] -- Up-to-date: /home/yentung-yen/mcav/ESDA_onboarding/install/custom_interfaces/share/custom_interfaces/environment/library_path.sh
[0.296s] -- Up-to-date: /home/yentung-yen/mcav/ESDA_onboarding/install/custom_interfaces/share/custom_interfaces/environment/library_path.dsv
[0.296s] -- Up-to-date: /home/yentung-yen/mcav/ESDA_onboarding/install/custom_interfaces/lib/libcustom_interfaces__rosidl_generator_c.so
[0.296s] -- Up-to-date: /home/yentung-yen/mcav/ESDA_onboarding/install/custom_interfaces/include/custom_interfaces/custom_interfaces
[0.296s] -- Up-to-date: /home/yentung-yen/mcav/ESDA_onboarding/install/custom_interfaces/include/custom_interfaces/custom_interfaces/msg
[0.296s] -- Up-to-date: /home/yentung-yen/mcav/ESDA_onboarding/install/custom_interfaces/include/custom_interfaces/custom_interfaces/msg/detail
[0.296s] -- Up-to-date: /home/yentung-yen/mcav/ESDA_onboarding/install/custom_interfaces/include/custom_interfaces/custom_interfaces/msg/detail/waypoint__rosidl_typesupport_fastrtps_c.h
[0.296s] -- Up-to-date: /home/yentung-yen/mcav/ESDA_onboarding/install/custom_interfaces/include/custom_interfaces/custom_interfaces/msg/rosidl_typesupport_fastrtps_c__visibility_control.h
[0.296s] -- Up-to-date: /home/yentung-yen/mcav/ESDA_onboarding/install/custom_interfaces/lib/libcustom_interfaces__rosidl_typesupport_fastrtps_c.so
[0.296s] -- Up-to-date: /home/yentung-yen/mcav/ESDA_onboarding/install/custom_interfaces/include/custom_interfaces/custom_interfaces
[0.296s] -- Up-to-date: /home/yentung-yen/mcav/ESDA_onboarding/install/custom_interfaces/include/custom_interfaces/custom_interfaces/msg
[0.296s] -- Up-to-date: /home/yentung-yen/mcav/ESDA_onboarding/install/custom_interfaces/include/custom_interfaces/custom_interfaces/msg/detail
[0.296s] -- Up-to-date: /home/yentung-yen/mcav/ESDA_onboarding/install/custom_interfaces/include/custom_interfaces/custom_interfaces/msg/detail/waypoint__rosidl_typesupport_introspection_c.h
[0.296s] -- Up-to-date: /home/yentung-yen/mcav/ESDA_onboarding/install/custom_interfaces/include/custom_interfaces/custom_interfaces/msg/detail/waypoint__type_support.c
[0.296s] -- Up-to-date: /home/yentung-yen/mcav/ESDA_onboarding/install/custom_interfaces/include/custom_interfaces/custom_interfaces/msg/rosidl_typesupport_introspection_c__visibility_control.h
[0.296s] -- Up-to-date: /home/yentung-yen/mcav/ESDA_onboarding/install/custom_interfaces/lib/libcustom_interfaces__rosidl_typesupport_introspection_c.so
[0.296s] -- Up-to-date: /home/yentung-yen/mcav/ESDA_onboarding/install/custom_interfaces/lib/libcustom_interfaces__rosidl_typesupport_c.so
[0.296s] -- Up-to-date: /home/yentung-yen/mcav/ESDA_onboarding/install/custom_interfaces/include/custom_interfaces/custom_interfaces
[0.296s] -- Up-to-date: /home/yentung-yen/mcav/ESDA_onboarding/install/custom_interfaces/include/custom_interfaces/custom_interfaces/msg
[0.296s] -- Up-to-date: /home/yentung-yen/mcav/ESDA_onboarding/install/custom_interfaces/include/custom_interfaces/custom_interfaces/msg/detail
[0.296s] -- Up-to-date: /home/yentung-yen/mcav/ESDA_onboarding/install/custom_interfaces/include/custom_interfaces/custom_interfaces/msg/detail/waypoint__builder.hpp
[0.296s] -- Up-to-date: /home/yentung-yen/mcav/ESDA_onboarding/install/custom_interfaces/include/custom_interfaces/custom_interfaces/msg/detail/waypoint__traits.hpp
[0.296s] -- Up-to-date: /home/yentung-yen/mcav/ESDA_onboarding/install/custom_interfaces/include/custom_interfaces/custom_interfaces/msg/detail/waypoint__struct.hpp
[0.296s] -- Up-to-date: /home/yentung-yen/mcav/ESDA_onboarding/install/custom_interfaces/include/custom_interfaces/custom_interfaces/msg/waypoint.hpp
[0.296s] -- Up-to-date: /home/yentung-yen/mcav/ESDA_onboarding/install/custom_interfaces/include/custom_interfaces/custom_interfaces
[0.296s] -- Up-to-date: /home/yentung-yen/mcav/ESDA_onboarding/install/custom_interfaces/include/custom_interfaces/custom_interfaces/msg
[0.297s] -- Up-to-date: /home/yentung-yen/mcav/ESDA_onboarding/install/custom_interfaces/include/custom_interfaces/custom_interfaces/msg/rosidl_typesupport_fastrtps_cpp__visibility_control.h
[0.297s] -- Up-to-date: /home/yentung-yen/mcav/ESDA_onboarding/install/custom_interfaces/include/custom_interfaces/custom_interfaces/msg/detail
[0.297s] -- Up-to-date: /home/yentung-yen/mcav/ESDA_onboarding/install/custom_interfaces/include/custom_interfaces/custom_interfaces/msg/detail/waypoint__rosidl_typesupport_fastrtps_cpp.hpp
[0.297s] -- Up-to-date: /home/yentung-yen/mcav/ESDA_onboarding/install/custom_interfaces/include/custom_interfaces/custom_interfaces/msg/detail/dds_fastrtps
[0.297s] -- Up-to-date: /home/yentung-yen/mcav/ESDA_onboarding/install/custom_interfaces/lib/libcustom_interfaces__rosidl_typesupport_fastrtps_cpp.so
[0.297s] -- Up-to-date: /home/yentung-yen/mcav/ESDA_onboarding/install/custom_interfaces/include/custom_interfaces/custom_interfaces
[0.297s] -- Up-to-date: /home/yentung-yen/mcav/ESDA_onboarding/install/custom_interfaces/include/custom_interfaces/custom_interfaces/msg
[0.297s] -- Up-to-date: /home/yentung-yen/mcav/ESDA_onboarding/install/custom_interfaces/include/custom_interfaces/custom_interfaces/msg/detail
[0.297s] -- Up-to-date: /home/yentung-yen/mcav/ESDA_onboarding/install/custom_interfaces/include/custom_interfaces/custom_interfaces/msg/detail/waypoint__type_support.cpp
[0.297s] -- Up-to-date: /home/yentung-yen/mcav/ESDA_onboarding/install/custom_interfaces/include/custom_interfaces/custom_interfaces/msg/detail/waypoint__rosidl_typesupport_introspection_cpp.hpp
[0.297s] -- Up-to-date: /home/yentung-yen/mcav/ESDA_onboarding/install/custom_interfaces/lib/libcustom_interfaces__rosidl_typesupport_introspection_cpp.so
[0.297s] -- Up-to-date: /home/yentung-yen/mcav/ESDA_onboarding/install/custom_interfaces/lib/libcustom_interfaces__rosidl_typesupport_cpp.so
[0.297s] -- Up-to-date: /home/yentung-yen/mcav/ESDA_onboarding/install/custom_interfaces/share/custom_interfaces/environment/pythonpath.sh
[0.297s] -- Up-to-date: /home/yentung-yen/mcav/ESDA_onboarding/install/custom_interfaces/share/custom_interfaces/environment/pythonpath.dsv
[0.297s] -- Up-to-date: /home/yentung-yen/mcav/ESDA_onboarding/install/custom_interfaces/local/lib/python3.10/dist-packages/custom_interfaces-0.0.0-py3.10.egg-info
[0.297s] -- Installing: /home/yentung-yen/mcav/ESDA_onboarding/install/custom_interfaces/local/lib/python3.10/dist-packages/custom_interfaces-0.0.0-py3.10.egg-info/SOURCES.txt
[0.297s] -- Installing: /home/yentung-yen/mcav/ESDA_onboarding/install/custom_interfaces/local/lib/python3.10/dist-packages/custom_interfaces-0.0.0-py3.10.egg-info/top_level.txt
[0.297s] -- Installing: /home/yentung-yen/mcav/ESDA_onboarding/install/custom_interfaces/local/lib/python3.10/dist-packages/custom_interfaces-0.0.0-py3.10.egg-info/dependency_links.txt
[0.297s] -- Installing: /home/yentung-yen/mcav/ESDA_onboarding/install/custom_interfaces/local/lib/python3.10/dist-packages/custom_interfaces-0.0.0-py3.10.egg-info/PKG-INFO
[0.297s] -- Up-to-date: /home/yentung-yen/mcav/ESDA_onboarding/install/custom_interfaces/local/lib/python3.10/dist-packages/custom_interfaces
[0.297s] -- Up-to-date: /home/yentung-yen/mcav/ESDA_onboarding/install/custom_interfaces/local/lib/python3.10/dist-packages/custom_interfaces/__init__.py
[0.297s] -- Up-to-date: /home/yentung-yen/mcav/ESDA_onboarding/install/custom_interfaces/local/lib/python3.10/dist-packages/custom_interfaces/libcustom_interfaces__rosidl_generator_py.so
[0.297s] -- Up-to-date: /home/yentung-yen/mcav/ESDA_onboarding/install/custom_interfaces/local/lib/python3.10/dist-packages/custom_interfaces/custom_interfaces_s__rosidl_typesupport_introspection_c.cpython-310-x86_64-linux-gnu.so
[0.297s] -- Up-to-date: /home/yentung-yen/mcav/ESDA_onboarding/install/custom_interfaces/local/lib/python3.10/dist-packages/custom_interfaces/custom_interfaces_s__rosidl_typesupport_fastrtps_c.cpython-310-x86_64-linux-gnu.so
[0.297s] -- Up-to-date: /home/yentung-yen/mcav/ESDA_onboarding/install/custom_interfaces/local/lib/python3.10/dist-packages/custom_interfaces/msg
[0.297s] -- Up-to-date: /home/yentung-yen/mcav/ESDA_onboarding/install/custom_interfaces/local/lib/python3.10/dist-packages/custom_interfaces/msg/__init__.py
[0.297s] -- Up-to-date: /home/yentung-yen/mcav/ESDA_onboarding/install/custom_interfaces/local/lib/python3.10/dist-packages/custom_interfaces/msg/_waypoint_s.c
[0.297s] -- Up-to-date: /home/yentung-yen/mcav/ESDA_onboarding/install/custom_interfaces/local/lib/python3.10/dist-packages/custom_interfaces/msg/_waypoint.py
[0.297s] -- Up-to-date: /home/yentung-yen/mcav/ESDA_onboarding/install/custom_interfaces/local/lib/python3.10/dist-packages/custom_interfaces/_custom_interfaces_s.ep.rosidl_typesupport_fastrtps_c.c
[0.298s] -- Up-to-date: /home/yentung-yen/mcav/ESDA_onboarding/install/custom_interfaces/local/lib/python3.10/dist-packages/custom_interfaces/_custom_interfaces_s.ep.rosidl_typesupport_introspection_c.c
[0.298s] -- Up-to-date: /home/yentung-yen/mcav/ESDA_onboarding/install/custom_interfaces/local/lib/python3.10/dist-packages/custom_interfaces/_custom_interfaces_s.ep.rosidl_typesupport_c.c
[0.298s] -- Up-to-date: /home/yentung-yen/mcav/ESDA_onboarding/install/custom_interfaces/local/lib/python3.10/dist-packages/custom_interfaces/custom_interfaces_s__rosidl_typesupport_c.cpython-310-x86_64-linux-gnu.so
[0.320s] Listing '/home/yentung-yen/mcav/ESDA_onboarding/install/custom_interfaces/local/lib/python3.10/dist-packages/custom_interfaces'...
[0.320s] Listing '/home/yentung-yen/mcav/ESDA_onboarding/install/custom_interfaces/local/lib/python3.10/dist-packages/custom_interfaces/msg'...
[0.323s] -- Up-to-date: /home/yentung-yen/mcav/ESDA_onboarding/install/custom_interfaces/local/lib/python3.10/dist-packages/custom_interfaces/custom_interfaces_s__rosidl_typesupport_fastrtps_c.cpython-310-x86_64-linux-gnu.so
[0.323s] -- Up-to-date: /home/yentung-yen/mcav/ESDA_onboarding/install/custom_interfaces/local/lib/python3.10/dist-packages/custom_interfaces/custom_interfaces_s__rosidl_typesupport_introspection_c.cpython-310-x86_64-linux-gnu.so
[0.324s] -- Up-to-date: /home/yentung-yen/mcav/ESDA_onboarding/install/custom_interfaces/local/lib/python3.10/dist-packages/custom_interfaces/custom_interfaces_s__rosidl_typesupport_c.cpython-310-x86_64-linux-gnu.so
[0.324s] -- Up-to-date: /home/yentung-yen/mcav/ESDA_onboarding/install/custom_interfaces/lib/libcustom_interfaces__rosidl_generator_py.so
[0.324s] -- Up-to-date: /home/yentung-yen/mcav/ESDA_onboarding/install/custom_interfaces/share/custom_interfaces/msg/Waypoint.idl
[0.324s] -- Up-to-date: /home/yentung-yen/mcav/ESDA_onboarding/install/custom_interfaces/share/custom_interfaces/msg/Waypoint.msg
[0.324s] -- Up-to-date: /home/yentung-yen/mcav/ESDA_onboarding/install/custom_interfaces/share/ament_index/resource_index/package_run_dependencies/custom_interfaces
[0.324s] -- Up-to-date: /home/yentung-yen/mcav/ESDA_onboarding/install/custom_interfaces/share/ament_index/resource_index/parent_prefix_path/custom_interfaces
[0.324s] -- Up-to-date: /home/yentung-yen/mcav/ESDA_onboarding/install/custom_interfaces/share/custom_interfaces/environment/ament_prefix_path.sh
[0.324s] -- Up-to-date: /home/yentung-yen/mcav/ESDA_onboarding/install/custom_interfaces/share/custom_interfaces/environment/ament_prefix_path.dsv
[0.324s] -- Up-to-date: /home/yentung-yen/mcav/ESDA_onboarding/install/custom_interfaces/share/custom_interfaces/environment/path.sh
[0.325s] -- Up-to-date: /home/yentung-yen/mcav/ESDA_onboarding/install/custom_interfaces/share/custom_interfaces/environment/path.dsv
[0.325s] -- Up-to-date: /home/yentung-yen/mcav/ESDA_onboarding/install/custom_interfaces/share/custom_interfaces/local_setup.bash
[0.325s] -- Up-to-date: /home/yentung-yen/mcav/ESDA_onboarding/install/custom_interfaces/share/custom_interfaces/local_setup.sh
[0.325s] -- Up-to-date: /home/yentung-yen/mcav/ESDA_onboarding/install/custom_interfaces/share/custom_interfaces/local_setup.zsh
[0.325s] -- Up-to-date: /home/yentung-yen/mcav/ESDA_onboarding/install/custom_interfaces/share/custom_interfaces/local_setup.dsv
[0.325s] -- Installing: /home/yentung-yen/mcav/ESDA_onboarding/install/custom_interfaces/share/custom_interfaces/package.dsv
[0.325s] -- Up-to-date: /home/yentung-yen/mcav/ESDA_onboarding/install/custom_interfaces/share/ament_index/resource_index/packages/custom_interfaces
[0.325s] -- Up-to-date: /home/yentung-yen/mcav/ESDA_onboarding/install/custom_interfaces/share/custom_interfaces/cmake/export_custom_interfaces__rosidl_generator_cExport.cmake
[0.325s] -- Up-to-date: /home/yentung-yen/mcav/ESDA_onboarding/install/custom_interfaces/share/custom_interfaces/cmake/export_custom_interfaces__rosidl_generator_cExport-noconfig.cmake
[0.326s] -- Up-to-date: /home/yentung-yen/mcav/ESDA_onboarding/install/custom_interfaces/share/custom_interfaces/cmake/export_custom_interfaces__rosidl_typesupport_fastrtps_cExport.cmake
[0.326s] -- Up-to-date: /home/yentung-yen/mcav/ESDA_onboarding/install/custom_interfaces/share/custom_interfaces/cmake/export_custom_interfaces__rosidl_typesupport_fastrtps_cExport-noconfig.cmake
[0.326s] -- Up-to-date: /home/yentung-yen/mcav/ESDA_onboarding/install/custom_interfaces/share/custom_interfaces/cmake/custom_interfaces__rosidl_typesupport_introspection_cExport.cmake
[0.326s] -- Up-to-date: /home/yentung-yen/mcav/ESDA_onboarding/install/custom_interfaces/share/custom_interfaces/cmake/custom_interfaces__rosidl_typesupport_introspection_cExport-noconfig.cmake
[0.326s] -- Up-to-date: /home/yentung-yen/mcav/ESDA_onboarding/install/custom_interfaces/share/custom_interfaces/cmake/custom_interfaces__rosidl_typesupport_cExport.cmake
[0.326s] -- Up-to-date: /home/yentung-yen/mcav/ESDA_onboarding/install/custom_interfaces/share/custom_interfaces/cmake/custom_interfaces__rosidl_typesupport_cExport-noconfig.cmake
[0.326s] -- Up-to-date: /home/yentung-yen/mcav/ESDA_onboarding/install/custom_interfaces/share/custom_interfaces/cmake/export_custom_interfaces__rosidl_generator_cppExport.cmake
[0.326s] -- Up-to-date: /home/yentung-yen/mcav/ESDA_onboarding/install/custom_interfaces/share/custom_interfaces/cmake/export_custom_interfaces__rosidl_typesupport_fastrtps_cppExport.cmake
[0.326s] -- Up-to-date: /home/yentung-yen/mcav/ESDA_onboarding/install/custom_interfaces/share/custom_interfaces/cmake/export_custom_interfaces__rosidl_typesupport_fastrtps_cppExport-noconfig.cmake
[0.326s] -- Up-to-date: /home/yentung-yen/mcav/ESDA_onboarding/install/custom_interfaces/share/custom_interfaces/cmake/custom_interfaces__rosidl_typesupport_introspection_cppExport.cmake
[0.327s] -- Up-to-date: /home/yentung-yen/mcav/ESDA_onboarding/install/custom_interfaces/share/custom_interfaces/cmake/custom_interfaces__rosidl_typesupport_introspection_cppExport-noconfig.cmake
[0.328s] -- Up-to-date: /home/yentung-yen/mcav/ESDA_onboarding/install/custom_interfaces/share/custom_interfaces/cmake/custom_interfaces__rosidl_typesupport_cppExport.cmake
[0.328s] -- Up-to-date: /home/yentung-yen/mcav/ESDA_onboarding/install/custom_interfaces/share/custom_interfaces/cmake/custom_interfaces__rosidl_typesupport_cppExport-noconfig.cmake
[0.329s] -- Up-to-date: /home/yentung-yen/mcav/ESDA_onboarding/install/custom_interfaces/share/custom_interfaces/cmake/export_custom_interfaces__rosidl_generator_pyExport.cmake
[0.329s] -- Up-to-date: /home/yentung-yen/mcav/ESDA_onboarding/install/custom_interfaces/share/custom_interfaces/cmake/export_custom_interfaces__rosidl_generator_pyExport-noconfig.cmake
[0.329s] -- Up-to-date: /home/yentung-yen/mcav/ESDA_onboarding/install/custom_interfaces/share/custom_interfaces/cmake/rosidl_cmake-extras.cmake
[0.329s] -- Up-to-date: /home/yentung-yen/mcav/ESDA_onboarding/install/custom_interfaces/share/custom_interfaces/cmake/ament_cmake_export_include_directories-extras.cmake
[0.329s] -- Up-to-date: /home/yentung-yen/mcav/ESDA_onboarding/install/custom_interfaces/share/custom_interfaces/cmake/ament_cmake_export_libraries-extras.cmake
[0.329s] -- Up-to-date: /home/yentung-yen/mcav/ESDA_onboarding/install/custom_interfaces/share/custom_interfaces/cmake/ament_cmake_export_targets-extras.cmake
[0.330s] -- Up-to-date: /home/yentung-yen/mcav/ESDA_onboarding/install/custom_interfaces/share/custom_interfaces/cmake/rosidl_cmake_export_typesupport_targets-extras.cmake
[0.330s] -- Up-to-date: /home/yentung-yen/mcav/ESDA_onboarding/install/custom_interfaces/share/custom_interfaces/cmake/ament_cmake_export_dependencies-extras.cmake
[0.330s] -- Up-to-date: /home/yentung-yen/mcav/ESDA_onboarding/install/custom_interfaces/share/custom_interfaces/cmake/rosidl_cmake_export_typesupport_libraries-extras.cmake
[0.330s] -- Up-to-date: /home/yentung-yen/mcav/ESDA_onboarding/install/custom_interfaces/share/custom_interfaces/cmake/custom_interfacesConfig.cmake
[0.330s] -- Up-to-date: /home/yentung-yen/mcav/ESDA_onboarding/install/custom_interfaces/share/custom_interfaces/cmake/custom_interfacesConfig-version.cmake
[0.330s] -- Up-to-date: /home/yentung-yen/mcav/ESDA_onboarding/install/custom_interfaces/share/custom_interfaces/package.xml
[0.330s] Invoked command in '/home/yentung-yen/mcav/ESDA_onboarding/build/custom_interfaces' returned '0': CMAKE_PREFIX_PATH=${CMAKE_PREFIX_PATH}:/home/yentung-yen/mcav/ESDA_onboarding/install/waypoint_pub:/home/yentung-yen/mcav/ESDA_onboarding/install/onboarding_task1:/opt/ros/humble /usr/bin/cmake --install /home/yentung-yen/mcav/ESDA_onboarding/build/custom_interfaces
