[0.815s] Invoking command in '/home/mcav/dbat/ESDA_onboarding/waypoint_pub': AMENT_PREFIX_PATH=/home/mcav/dbat/ESDA_onboarding/install/custom_interfaces:${AMENT_PREFIX_PATH} CMAKE_PREFIX_PATH=/home/mcav/dbat/ESDA_onboarding/install/custom_interfaces LD_LIBRARY_PATH=/home/mcav/dbat/ESDA_onboarding/install/custom_interfaces/lib:${LD_LIBRARY_PATH} PYTHONPATH=/home/mcav/dbat/ESDA_onboarding/build/waypoint_pub/prefix_override:/home/mcav/dbat/ESDA_onboarding/install/waypoint_pub/lib/python3.10/site-packages:/home/mcav/dbat/ESDA_onboarding/install/custom_interfaces/local/lib/python3.10/dist-packages:${PYTHONPATH} /usr/bin/python3 setup.py egg_info --egg-base ../build/waypoint_pub build --build-base /home/mcav/dbat/ESDA_onboarding/build/waypoint_pub/build install --record /home/mcav/dbat/ESDA_onboarding/build/waypoint_pub/install.log --single-version-externally-managed
[1.057s] running egg_info
[1.059s] creating ../build/waypoint_pub/waypoint_pub.egg-info
[1.059s] writing ../build/waypoint_pub/waypoint_pub.egg-info/PKG-INFO
[1.059s] writing dependency_links to ../build/waypoint_pub/waypoint_pub.egg-info/dependency_links.txt
[1.060s] writing entry points to ../build/waypoint_pub/waypoint_pub.egg-info/entry_points.txt
[1.060s] writing requirements to ../build/waypoint_pub/waypoint_pub.egg-info/requires.txt
[1.060s] writing top-level names to ../build/waypoint_pub/waypoint_pub.egg-info/top_level.txt
[1.060s] writing manifest file '../build/waypoint_pub/waypoint_pub.egg-info/SOURCES.txt'
[1.062s] reading manifest file '../build/waypoint_pub/waypoint_pub.egg-info/SOURCES.txt'
[1.063s] writing manifest file '../build/waypoint_pub/waypoint_pub.egg-info/SOURCES.txt'
[1.064s] running build
[1.064s] running build_py
[1.064s] creating /home/mcav/dbat/ESDA_onboarding/build/waypoint_pub/build
[1.064s] creating /home/mcav/dbat/ESDA_onboarding/build/waypoint_pub/build/lib
[1.064s] creating /home/mcav/dbat/ESDA_onboarding/build/waypoint_pub/build/lib/waypoint_pub
[1.064s] copying waypoint_pub/waypoint_publisher.py -> /home/mcav/dbat/ESDA_onboarding/build/waypoint_pub/build/lib/waypoint_pub
[1.064s] copying waypoint_pub/__init__.py -> /home/mcav/dbat/ESDA_onboarding/build/waypoint_pub/build/lib/waypoint_pub
[1.064s] running install
[1.064s] /usr/lib/python3/dist-packages/setuptools/command/install.py:34: SetuptoolsDeprecationWarning: setup.py install is deprecated. Use build and pip and other standards-based tools.
[1.064s]   warnings.warn(
[1.065s] running install_lib
[1.066s] creating /home/mcav/dbat/ESDA_onboarding/install/waypoint_pub/lib/python3.10/site-packages/waypoint_pub
[1.066s] copying /home/mcav/dbat/ESDA_onboarding/build/waypoint_pub/build/lib/waypoint_pub/waypoint_publisher.py -> /home/mcav/dbat/ESDA_onboarding/install/waypoint_pub/lib/python3.10/site-packages/waypoint_pub
[1.066s] copying /home/mcav/dbat/ESDA_onboarding/build/waypoint_pub/build/lib/waypoint_pub/__init__.py -> /home/mcav/dbat/ESDA_onboarding/install/waypoint_pub/lib/python3.10/site-packages/waypoint_pub
[1.067s] byte-compiling /home/mcav/dbat/ESDA_onboarding/install/waypoint_pub/lib/python3.10/site-packages/waypoint_pub/waypoint_publisher.py to waypoint_publisher.cpython-310.pyc
[1.067s] byte-compiling /home/mcav/dbat/ESDA_onboarding/install/waypoint_pub/lib/python3.10/site-packages/waypoint_pub/__init__.py to __init__.cpython-310.pyc
[1.067s] running install_data
[1.068s] creating /home/mcav/dbat/ESDA_onboarding/install/waypoint_pub/share/ament_index
[1.068s] creating /home/mcav/dbat/ESDA_onboarding/install/waypoint_pub/share/ament_index/resource_index
[1.068s] creating /home/mcav/dbat/ESDA_onboarding/install/waypoint_pub/share/ament_index/resource_index/packages
[1.068s] copying resource/waypoint_pub -> /home/mcav/dbat/ESDA_onboarding/install/waypoint_pub/share/ament_index/resource_index/packages
[1.068s] copying package.xml -> /home/mcav/dbat/ESDA_onboarding/install/waypoint_pub/share/waypoint_pub
[1.068s] running install_egg_info
[1.070s] Copying ../build/waypoint_pub/waypoint_pub.egg-info to /home/mcav/dbat/ESDA_onboarding/install/waypoint_pub/lib/python3.10/site-packages/waypoint_pub-0.0.0-py3.10.egg-info
[1.071s] running install_scripts
[1.105s] Installing waypoint_pub script to /home/mcav/dbat/ESDA_onboarding/install/waypoint_pub/lib/waypoint_pub
[1.105s] writing list of installed files to '/home/mcav/dbat/ESDA_onboarding/build/waypoint_pub/install.log'
[1.129s] Invoked command in '/home/mcav/dbat/ESDA_onboarding/waypoint_pub' returned '0': AMENT_PREFIX_PATH=/home/mcav/dbat/ESDA_onboarding/install/custom_interfaces:${AMENT_PREFIX_PATH} CMAKE_PREFIX_PATH=/home/mcav/dbat/ESDA_onboarding/install/custom_interfaces LD_LIBRARY_PATH=/home/mcav/dbat/ESDA_onboarding/install/custom_interfaces/lib:${LD_LIBRARY_PATH} PYTHONPATH=/home/mcav/dbat/ESDA_onboarding/build/waypoint_pub/prefix_override:/home/mcav/dbat/ESDA_onboarding/install/waypoint_pub/lib/python3.10/site-packages:/home/mcav/dbat/ESDA_onboarding/install/custom_interfaces/local/lib/python3.10/dist-packages:${PYTHONPATH} /usr/bin/python3 setup.py egg_info --egg-base ../build/waypoint_pub build --build-base /home/mcav/dbat/ESDA_onboarding/build/waypoint_pub/build install --record /home/mcav/dbat/ESDA_onboarding/build/waypoint_pub/install.log --single-version-externally-managed
