[1.361s] Invoking command in '/home/klo40/ESDA_onboarding/waypoint_pub': AMENT_PREFIX_PATH=/home/klo40/ESDA_onboarding/install/custom_interfaces:${AMENT_PREFIX_PATH} CMAKE_PREFIX_PATH=/home/klo40/ESDA_onboarding/install/custom_interfaces LD_LIBRARY_PATH=/home/klo40/ESDA_onboarding/install/custom_interfaces/lib:${LD_LIBRARY_PATH} PYTHONPATH=/home/klo40/ESDA_onboarding/build/waypoint_pub/prefix_override:/home/klo40/ESDA_onboarding/install/waypoint_pub/lib/python3.10/site-packages:/home/klo40/ESDA_onboarding/install/custom_interfaces/local/lib/python3.10/dist-packages:${PYTHONPATH} /usr/bin/python3 setup.py egg_info --egg-base ../build/waypoint_pub build --build-base /home/klo40/ESDA_onboarding/build/waypoint_pub/build install --record /home/klo40/ESDA_onboarding/build/waypoint_pub/install.log --single-version-externally-managed
[1.630s] running egg_info
[1.630s] creating ../build/waypoint_pub/waypoint_pub.egg-info
[1.631s] writing ../build/waypoint_pub/waypoint_pub.egg-info/PKG-INFO
[1.631s] writing dependency_links to ../build/waypoint_pub/waypoint_pub.egg-info/dependency_links.txt
[1.632s] writing entry points to ../build/waypoint_pub/waypoint_pub.egg-info/entry_points.txt
[1.632s] writing requirements to ../build/waypoint_pub/waypoint_pub.egg-info/requires.txt
[1.632s] writing top-level names to ../build/waypoint_pub/waypoint_pub.egg-info/top_level.txt
[1.633s] writing manifest file '../build/waypoint_pub/waypoint_pub.egg-info/SOURCES.txt'
[1.637s] reading manifest file '../build/waypoint_pub/waypoint_pub.egg-info/SOURCES.txt'
[1.638s] writing manifest file '../build/waypoint_pub/waypoint_pub.egg-info/SOURCES.txt'
[1.638s] running build
[1.638s] running build_py
[1.639s] creating /home/klo40/ESDA_onboarding/build/waypoint_pub/build
[1.639s] creating /home/klo40/ESDA_onboarding/build/waypoint_pub/build/lib
[1.639s] creating /home/klo40/ESDA_onboarding/build/waypoint_pub/build/lib/waypoint_pub
[1.639s] copying waypoint_pub/waypoint_publisher.py -> /home/klo40/ESDA_onboarding/build/waypoint_pub/build/lib/waypoint_pub
[1.639s] copying waypoint_pub/__init__.py -> /home/klo40/ESDA_onboarding/build/waypoint_pub/build/lib/waypoint_pub
[1.639s] running install
[1.640s] /usr/lib/python3/dist-packages/setuptools/command/install.py:34: SetuptoolsDeprecationWarning: setup.py install is deprecated. Use build and pip and other standards-based tools.
[1.640s]   warnings.warn(
[1.640s] running install_lib
[1.642s] creating /home/klo40/ESDA_onboarding/install/waypoint_pub/lib/python3.10/site-packages/waypoint_pub
[1.642s] copying /home/klo40/ESDA_onboarding/build/waypoint_pub/build/lib/waypoint_pub/waypoint_publisher.py -> /home/klo40/ESDA_onboarding/install/waypoint_pub/lib/python3.10/site-packages/waypoint_pub
[1.642s] copying /home/klo40/ESDA_onboarding/build/waypoint_pub/build/lib/waypoint_pub/__init__.py -> /home/klo40/ESDA_onboarding/install/waypoint_pub/lib/python3.10/site-packages/waypoint_pub
[1.643s] byte-compiling /home/klo40/ESDA_onboarding/install/waypoint_pub/lib/python3.10/site-packages/waypoint_pub/waypoint_publisher.py to waypoint_publisher.cpython-310.pyc
[1.644s] byte-compiling /home/klo40/ESDA_onboarding/install/waypoint_pub/lib/python3.10/site-packages/waypoint_pub/__init__.py to __init__.cpython-310.pyc
[1.644s] running install_data
[1.645s] creating /home/klo40/ESDA_onboarding/install/waypoint_pub/share/ament_index
[1.645s] creating /home/klo40/ESDA_onboarding/install/waypoint_pub/share/ament_index/resource_index
[1.645s] creating /home/klo40/ESDA_onboarding/install/waypoint_pub/share/ament_index/resource_index/packages
[1.645s] copying resource/waypoint_pub -> /home/klo40/ESDA_onboarding/install/waypoint_pub/share/ament_index/resource_index/packages
[1.645s] copying package.xml -> /home/klo40/ESDA_onboarding/install/waypoint_pub/share/waypoint_pub
[1.645s] running install_egg_info
[1.646s] Copying ../build/waypoint_pub/waypoint_pub.egg-info to /home/klo40/ESDA_onboarding/install/waypoint_pub/lib/python3.10/site-packages/waypoint_pub-0.0.0-py3.10.egg-info
[1.647s] running install_scripts
[1.675s] Installing waypoint_pub script to /home/klo40/ESDA_onboarding/install/waypoint_pub/lib/waypoint_pub
[1.677s] writing list of installed files to '/home/klo40/ESDA_onboarding/build/waypoint_pub/install.log'
[1.720s] Invoked command in '/home/klo40/ESDA_onboarding/waypoint_pub' returned '0': AMENT_PREFIX_PATH=/home/klo40/ESDA_onboarding/install/custom_interfaces:${AMENT_PREFIX_PATH} CMAKE_PREFIX_PATH=/home/klo40/ESDA_onboarding/install/custom_interfaces LD_LIBRARY_PATH=/home/klo40/ESDA_onboarding/install/custom_interfaces/lib:${LD_LIBRARY_PATH} PYTHONPATH=/home/klo40/ESDA_onboarding/build/waypoint_pub/prefix_override:/home/klo40/ESDA_onboarding/install/waypoint_pub/lib/python3.10/site-packages:/home/klo40/ESDA_onboarding/install/custom_interfaces/local/lib/python3.10/dist-packages:${PYTHONPATH} /usr/bin/python3 setup.py egg_info --egg-base ../build/waypoint_pub build --build-base /home/klo40/ESDA_onboarding/build/waypoint_pub/build install --record /home/klo40/ESDA_onboarding/build/waypoint_pub/install.log --single-version-externally-managed
