[0.753s] Invoking command in '/home/klo40/ESDA_onboarding/waypoint_pub': PYTHONPATH=/home/klo40/ESDA_onboarding/build/waypoint_pub/prefix_override:/home/klo40/ESDA_onboarding/install/waypoint_pub/lib/python3.10/site-packages:${PYTHONPATH} /usr/bin/python3 setup.py egg_info --egg-base ../build/waypoint_pub build --build-base /home/klo40/ESDA_onboarding/build/waypoint_pub/build install --record /home/klo40/ESDA_onboarding/build/waypoint_pub/install.log --single-version-externally-managed
[0.963s] running egg_info
[0.963s] writing ../build/waypoint_pub/waypoint_pub.egg-info/PKG-INFO
[0.963s] writing dependency_links to ../build/waypoint_pub/waypoint_pub.egg-info/dependency_links.txt
[0.964s] writing entry points to ../build/waypoint_pub/waypoint_pub.egg-info/entry_points.txt
[0.966s] writing requirements to ../build/waypoint_pub/waypoint_pub.egg-info/requires.txt
[0.966s] writing top-level names to ../build/waypoint_pub/waypoint_pub.egg-info/top_level.txt
[0.967s] reading manifest file '../build/waypoint_pub/waypoint_pub.egg-info/SOURCES.txt'
[0.967s] writing manifest file '../build/waypoint_pub/waypoint_pub.egg-info/SOURCES.txt'
[0.967s] running build
[0.967s] running build_py
[0.968s] running install
[0.968s] /usr/lib/python3/dist-packages/setuptools/command/install.py:34: SetuptoolsDeprecationWarning: setup.py install is deprecated. Use build and pip and other standards-based tools.
[0.968s]   warnings.warn(
[0.968s] running install_lib
[0.970s] running install_data
[0.970s] running install_egg_info
[0.984s] removing '/home/klo40/ESDA_onboarding/install/waypoint_pub/lib/python3.10/site-packages/waypoint_pub-0.0.0-py3.10.egg-info' (and everything under it)
[0.984s] Copying ../build/waypoint_pub/waypoint_pub.egg-info to /home/klo40/ESDA_onboarding/install/waypoint_pub/lib/python3.10/site-packages/waypoint_pub-0.0.0-py3.10.egg-info
[0.985s] running install_scripts
[1.024s] Installing waypoint_pub script to /home/klo40/ESDA_onboarding/install/waypoint_pub/lib/waypoint_pub
[1.037s] writing list of installed files to '/home/klo40/ESDA_onboarding/build/waypoint_pub/install.log'
[1.086s] Invoked command in '/home/klo40/ESDA_onboarding/waypoint_pub' returned '0': PYTHONPATH=/home/klo40/ESDA_onboarding/build/waypoint_pub/prefix_override:/home/klo40/ESDA_onboarding/install/waypoint_pub/lib/python3.10/site-packages:${PYTHONPATH} /usr/bin/python3 setup.py egg_info --egg-base ../build/waypoint_pub build --build-base /home/klo40/ESDA_onboarding/build/waypoint_pub/build install --record /home/klo40/ESDA_onboarding/build/waypoint_pub/install.log --single-version-externally-managed
