[0.044s] Invoking command in '/home/yentung-yen/mcav/ESDA_onboarding/build/custom_interfaces': CMAKE_PREFIX_PATH=${CMAKE_PREFIX_PATH}:/home/yentung-yen/mcav/ESDA_onboarding/install/waypoint_pub:/home/yentung-yen/mcav/ESDA_onboarding/install/onboarding_task1:/opt/ros/humble /usr/bin/cmake --build /home/yentung-yen/mcav/ESDA_onboarding/build/custom_interfaces -- -j16 -l16
[0.093s] [  3%] Built target custom_interfaces__cpp
[0.094s] [ 12%] Built target custom_interfaces__rosidl_generator_c
[0.102s] [ 12%] Built target ament_cmake_python_copy_custom_interfaces
[0.110s] [ 22%] Built target custom_interfaces__rosidl_typesupport_introspection_cpp
[0.110s] [ 32%] Built target custom_interfaces__rosidl_typesupport_fastrtps_cpp
[0.110s] [ 41%] Built target custom_interfaces__rosidl_typesupport_cpp
[0.110s] [ 51%] Built target custom_interfaces__rosidl_typesupport_fastrtps_c
[0.116s] [ 67%] Built target custom_interfaces__rosidl_typesupport_c
[0.116s] [ 70%] Built target custom_interfaces__rosidl_typesupport_introspection_c
[0.133s] [ 70%] Built target custom_interfaces
[0.149s] [ 74%] Built target custom_interfaces__py
[0.167s] [ 80%] Built target custom_interfaces__rosidl_generator_py
[0.186s] [ 93%] Built target custom_interfaces__rosidl_typesupport_fastrtps_c__pyext
[0.186s] [ 93%] Built target custom_interfaces__rosidl_typesupport_introspection_c__pyext
[0.187s] [100%] Built target custom_interfaces__rosidl_typesupport_c__pyext
[0.310s] running egg_info
[0.311s] writing custom_interfaces.egg-info/PKG-INFO
[0.311s] writing dependency_links to custom_interfaces.egg-info/dependency_links.txt
[0.311s] writing top-level names to custom_interfaces.egg-info/top_level.txt
[0.313s] reading manifest file 'custom_interfaces.egg-info/SOURCES.txt'
[0.314s] writing manifest file 'custom_interfaces.egg-info/SOURCES.txt'
[0.344s] [100%] Built target ament_cmake_python_build_custom_interfaces_egg
[0.352s] Invoked command in '/home/yentung-yen/mcav/ESDA_onboarding/build/custom_interfaces' returned '0': CMAKE_PREFIX_PATH=${CMAKE_PREFIX_PATH}:/home/yentung-yen/mcav/ESDA_onboarding/install/waypoint_pub:/home/yentung-yen/mcav/ESDA_onboarding/install/onboarding_task1:/opt/ros/humble /usr/bin/cmake --build /home/yentung-yen/mcav/ESDA_onboarding/build/custom_interfaces -- -j16 -l16
[0.398s] Invoking command in '/home/yentung-yen/mcav/ESDA_onboarding/build/custom_interfaces': CMAKE_PREFIX_PATH=${CMAKE_PREFIX_PATH}:/home/yentung-yen/mcav/ESDA_onboarding/install/waypoint_pub:/home/yentung-yen/mcav/ESDA_onboarding/install/onboarding_task1:/opt/ros/humble /usr/bin/cmake --install /home/yentung-yen/mcav/ESDA_onboarding/build/custom_interfaces
[0.405s] -- Install configuration: ""
[0.405s] -- Up-to-date: /home/yentung-yen/mcav/ESDA_onboarding/install/custom_interfaces/share/ament_index/resource_index/rosidl_interfaces/custom_interfaces
[0.406s] -- Up-to-date: /home/yentung-yen/mcav/ESDA_onboarding/install/custom_interfaces/include/custom_interfaces/custom_interfaces
[0.406s] -- Up-to-date: /home/yentung-yen/mcav/ESDA_onboarding/install/custom_interfaces/include/custom_interfaces/custom_interfaces/msg
[0.406s] -- Up-to-date: /home/yentung-yen/mcav/ESDA_onboarding/install/custom_interfaces/include/custom_interfaces/custom_interfaces/msg/rosidl_generator_c__visibility_control.h
[0.406s] -- Up-to-date: /home/yentung-yen/mcav/ESDA_onboarding/install/custom_interfaces/include/custom_interfaces/custom_interfaces/msg/detail
[0.406s] -- Up-to-date: /home/yentung-yen/mcav/ESDA_onboarding/install/custom_interfaces/include/custom_interfaces/custom_interfaces/msg/detail/waypoint__type_support.h
[0.406s] -- Up-to-date: /home/yentung-yen/mcav/ESDA_onboarding/install/custom_interfaces/include/custom_interfaces/custom_interfaces/msg/detail/waypoint__functions.c
[0.406s] -- Up-to-date: /home/yentung-yen/mcav/ESDA_onboarding/install/custom_interfaces/include/custom_interfaces/custom_interfaces/msg/detail/waypoint__struct.h
[0.406s] -- Up-to-date: /home/yentung-yen/mcav/ESDA_onboarding/install/custom_interfaces/include/custom_interfaces/custom_interfaces/msg/detail/waypoint__functions.h
[0.406s] -- Up-to-date: /home/yentung-yen/mcav/ESDA_onboarding/install/custom_interfaces/include/custom_interfaces/custom_interfaces/msg/waypoint.h
[0.406s] -- Up-to-date: /home/yentung-yen/mcav/ESDA_onboarding/install/custom_interfaces/share/custom_interfaces/environment/library_path.sh
[0.406s] -- Up-to-date: /home/yentung-yen/mcav/ESDA_onboarding/install/custom_interfaces/share/custom_interfaces/environment/library_path.dsv
[0.406s] -- Up-to-date: /home/yentung-yen/mcav/ESDA_onboarding/install/custom_interfaces/lib/libcustom_interfaces__rosidl_generator_c.so
[0.407s] -- Up-to-date: /home/yentung-yen/mcav/ESDA_onboarding/install/custom_interfaces/include/custom_interfaces/custom_interfaces
[0.407s] -- Up-to-date: /home/yentung-yen/mcav/ESDA_onboarding/install/custom_interfaces/include/custom_interfaces/custom_interfaces/msg
[0.407s] -- Up-to-date: /home/yentung-yen/mcav/ESDA_onboarding/install/custom_interfaces/include/custom_interfaces/custom_interfaces/msg/detail
[0.407s] -- Up-to-date: /home/yentung-yen/mcav/ESDA_onboarding/install/custom_interfaces/include/custom_interfaces/custom_interfaces/msg/detail/waypoint__rosidl_typesupport_fastrtps_c.h
[0.407s] -- Up-to-date: /home/yentung-yen/mcav/ESDA_onboarding/install/custom_interfaces/include/custom_interfaces/custom_interfaces/msg/rosidl_typesupport_fastrtps_c__visibility_control.h
[0.407s] -- Up-to-date: /home/yentung-yen/mcav/ESDA_onboarding/install/custom_interfaces/lib/libcustom_interfaces__rosidl_typesupport_fastrtps_c.so
[0.408s] -- Up-to-date: /home/yentung-yen/mcav/ESDA_onboarding/install/custom_interfaces/include/custom_interfaces/custom_interfaces
[0.408s] -- Up-to-date: /home/yentung-yen/mcav/ESDA_onboarding/install/custom_interfaces/include/custom_interfaces/custom_interfaces/msg
[0.408s] -- Up-to-date: /home/yentung-yen/mcav/ESDA_onboarding/install/custom_interfaces/include/custom_interfaces/custom_interfaces/msg/detail
[0.408s] -- Up-to-date: /home/yentung-yen/mcav/ESDA_onboarding/install/custom_interfaces/include/custom_interfaces/custom_interfaces/msg/detail/waypoint__rosidl_typesupport_introspection_c.h
[0.408s] -- Up-to-date: /home/yentung-yen/mcav/ESDA_onboarding/install/custom_interfaces/include/custom_interfaces/custom_interfaces/msg/detail/waypoint__type_support.c
[0.408s] -- Up-to-date: /home/yentung-yen/mcav/ESDA_onboarding/install/custom_interfaces/include/custom_interfaces/custom_interfaces/msg/rosidl_typesupport_introspection_c__visibility_control.h
[0.408s] -- Up-to-date: /home/yentung-yen/mcav/ESDA_onboarding/install/custom_interfaces/lib/libcustom_interfaces__rosidl_typesupport_introspection_c.so
[0.408s] -- Up-to-date: /home/yentung-yen/mcav/ESDA_onboarding/install/custom_interfaces/lib/libcustom_interfaces__rosidl_typesupport_c.so
[0.408s] -- Up-to-date: /home/yentung-yen/mcav/ESDA_onboarding/install/custom_interfaces/include/custom_interfaces/custom_interfaces
[0.408s] -- Up-to-date: /home/yentung-yen/mcav/ESDA_onboarding/install/custom_interfaces/include/custom_interfaces/custom_interfaces/msg
[0.408s] -- Up-to-date: /home/yentung-yen/mcav/ESDA_onboarding/install/custom_interfaces/include/custom_interfaces/custom_interfaces/msg/detail
[0.408s] -- Up-to-date: /home/yentung-yen/mcav/ESDA_onboarding/install/custom_interfaces/include/custom_interfaces/custom_interfaces/msg/detail/waypoint__builder.hpp
[0.409s] -- Up-to-date: /home/yentung-yen/mcav/ESDA_onboarding/install/custom_interfaces/include/custom_interfaces/custom_interfaces/msg/detail/waypoint__traits.hpp
[0.409s] -- Up-to-date: /home/yentung-yen/mcav/ESDA_onboarding/install/custom_interfaces/include/custom_interfaces/custom_interfaces/msg/detail/waypoint__struct.hpp
[0.409s] -- Up-to-date: /home/yentung-yen/mcav/ESDA_onboarding/install/custom_interfaces/include/custom_interfaces/custom_interfaces/msg/waypoint.hpp
[0.409s] -- Up-to-date: /home/yentung-yen/mcav/ESDA_onboarding/install/custom_interfaces/include/custom_interfaces/custom_interfaces
[0.409s] -- Up-to-date: /home/yentung-yen/mcav/ESDA_onboarding/install/custom_interfaces/include/custom_interfaces/custom_interfaces/msg
[0.409s] -- Up-to-date: /home/yentung-yen/mcav/ESDA_onboarding/install/custom_interfaces/include/custom_interfaces/custom_interfaces/msg/rosidl_typesupport_fastrtps_cpp__visibility_control.h
[0.409s] -- Up-to-date: /home/yentung-yen/mcav/ESDA_onboarding/install/custom_interfaces/include/custom_interfaces/custom_interfaces/msg/detail
[0.409s] -- Up-to-date: /home/yentung-yen/mcav/ESDA_onboarding/install/custom_interfaces/include/custom_interfaces/custom_interfaces/msg/detail/waypoint__rosidl_typesupport_fastrtps_cpp.hpp
[0.409s] -- Up-to-date: /home/yentung-yen/mcav/ESDA_onboarding/install/custom_interfaces/include/custom_interfaces/custom_interfaces/msg/detail/dds_fastrtps
[0.410s] -- Up-to-date: /home/yentung-yen/mcav/ESDA_onboarding/install/custom_interfaces/lib/libcustom_interfaces__rosidl_typesupport_fastrtps_cpp.so
[0.410s] -- Up-to-date: /home/yentung-yen/mcav/ESDA_onboarding/install/custom_interfaces/include/custom_interfaces/custom_interfaces
[0.410s] -- Up-to-date: /home/yentung-yen/mcav/ESDA_onboarding/install/custom_interfaces/include/custom_interfaces/custom_interfaces/msg
[0.410s] -- Up-to-date: /home/yentung-yen/mcav/ESDA_onboarding/install/custom_interfaces/include/custom_interfaces/custom_interfaces/msg/detail
[0.410s] -- Up-to-date: /home/yentung-yen/mcav/ESDA_onboarding/install/custom_interfaces/include/custom_interfaces/custom_interfaces/msg/detail/waypoint__type_support.cpp
[0.410s] -- Up-to-date: /home/yentung-yen/mcav/ESDA_onboarding/install/custom_interfaces/include/custom_interfaces/custom_interfaces/msg/detail/waypoint__rosidl_typesupport_introspection_cpp.hpp
[0.410s] -- Up-to-date: /home/yentung-yen/mcav/ESDA_onboarding/install/custom_interfaces/lib/libcustom_interfaces__rosidl_typesupport_introspection_cpp.so
[0.410s] -- Up-to-date: /home/yentung-yen/mcav/ESDA_onboarding/install/custom_interfaces/lib/libcustom_interfaces__rosidl_typesupport_cpp.so
[0.410s] -- Up-to-date: /home/yentung-yen/mcav/ESDA_onboarding/install/custom_interfaces/share/custom_interfaces/environment/pythonpath.sh
[0.410s] -- Up-to-date: /home/yentung-yen/mcav/ESDA_onboarding/install/custom_interfaces/share/custom_interfaces/environment/pythonpath.dsv
[0.410s] -- Up-to-date: /home/yentung-yen/mcav/ESDA_onboarding/install/custom_interfaces/local/lib/python3.10/dist-packages/custom_interfaces-0.0.0-py3.10.egg-info
[0.410s] -- Installing: /home/yentung-yen/mcav/ESDA_onboarding/install/custom_interfaces/local/lib/python3.10/dist-packages/custom_interfaces-0.0.0-py3.10.egg-info/SOURCES.txt
[0.410s] -- Installing: /home/yentung-yen/mcav/ESDA_onboarding/install/custom_interfaces/local/lib/python3.10/dist-packages/custom_interfaces-0.0.0-py3.10.egg-info/top_level.txt
[0.411s] -- Installing: /home/yentung-yen/mcav/ESDA_onboarding/install/custom_interfaces/local/lib/python3.10/dist-packages/custom_interfaces-0.0.0-py3.10.egg-info/dependency_links.txt
[0.411s] -- Installing: /home/yentung-yen/mcav/ESDA_onboarding/install/custom_interfaces/local/lib/python3.10/dist-packages/custom_interfaces-0.0.0-py3.10.egg-info/PKG-INFO
[0.411s] -- Up-to-date: /home/yentung-yen/mcav/ESDA_onboarding/install/custom_interfaces/local/lib/python3.10/dist-packages/custom_interfaces
[0.411s] -- Up-to-date: /home/yentung-yen/mcav/ESDA_onboarding/install/custom_interfaces/local/lib/python3.10/dist-packages/custom_interfaces/__init__.py
[0.411s] -- Up-to-date: /home/yentung-yen/mcav/ESDA_onboarding/install/custom_interfaces/local/lib/python3.10/dist-packages/custom_interfaces/libcustom_interfaces__rosidl_generator_py.so
[0.411s] -- Up-to-date: /home/yentung-yen/mcav/ESDA_onboarding/install/custom_interfaces/local/lib/python3.10/dist-packages/custom_interfaces/custom_interfaces_s__rosidl_typesupport_introspection_c.cpython-310-x86_64-linux-gnu.so
[0.411s] -- Up-to-date: /home/yentung-yen/mcav/ESDA_onboarding/install/custom_interfaces/local/lib/python3.10/dist-packages/custom_interfaces/custom_interfaces_s__rosidl_typesupport_fastrtps_c.cpython-310-x86_64-linux-gnu.so
[0.411s] -- Up-to-date: /home/yentung-yen/mcav/ESDA_onboarding/install/custom_interfaces/local/lib/python3.10/dist-packages/custom_interfaces/msg
[0.411s] -- Up-to-date: /home/yentung-yen/mcav/ESDA_onboarding/install/custom_interfaces/local/lib/python3.10/dist-packages/custom_interfaces/msg/__init__.py
[0.411s] -- Up-to-date: /home/yentung-yen/mcav/ESDA_onboarding/install/custom_interfaces/local/lib/python3.10/dist-packages/custom_interfaces/msg/_waypoint_s.c
[0.411s] -- Up-to-date: /home/yentung-yen/mcav/ESDA_onboarding/install/custom_interfaces/local/lib/python3.10/dist-packages/custom_interfaces/msg/_waypoint.py
[0.411s] -- Up-to-date: /home/yentung-yen/mcav/ESDA_onboarding/install/custom_interfaces/local/lib/python3.10/dist-packages/custom_interfaces/_custom_interfaces_s.ep.rosidl_typesupport_fastrtps_c.c
[0.411s] -- Up-to-date: /home/yentung-yen/mcav/ESDA_onboarding/install/custom_interfaces/local/lib/python3.10/dist-packages/custom_interfaces/_custom_interfaces_s.ep.rosidl_typesupport_introspection_c.c
[0.411s] -- Up-to-date: /home/yentung-yen/mcav/ESDA_onboarding/install/custom_interfaces/local/lib/python3.10/dist-packages/custom_interfaces/_custom_interfaces_s.ep.rosidl_typesupport_c.c
[0.411s] -- Up-to-date: /home/yentung-yen/mcav/ESDA_onboarding/install/custom_interfaces/local/lib/python3.10/dist-packages/custom_interfaces/custom_interfaces_s__rosidl_typesupport_c.cpython-310-x86_64-linux-gnu.so
[0.440s] Listing '/home/yentung-yen/mcav/ESDA_onboarding/install/custom_interfaces/local/lib/python3.10/dist-packages/custom_interfaces'...
[0.440s] Listing '/home/yentung-yen/mcav/ESDA_onboarding/install/custom_interfaces/local/lib/python3.10/dist-packages/custom_interfaces/msg'...
[0.445s] -- Up-to-date: /home/yentung-yen/mcav/ESDA_onboarding/install/custom_interfaces/local/lib/python3.10/dist-packages/custom_interfaces/custom_interfaces_s__rosidl_typesupport_fastrtps_c.cpython-310-x86_64-linux-gnu.so
[0.445s] -- Up-to-date: /home/yentung-yen/mcav/ESDA_onboarding/install/custom_interfaces/local/lib/python3.10/dist-packages/custom_interfaces/custom_interfaces_s__rosidl_typesupport_introspection_c.cpython-310-x86_64-linux-gnu.so
[0.445s] -- Up-to-date: /home/yentung-yen/mcav/ESDA_onboarding/install/custom_interfaces/local/lib/python3.10/dist-packages/custom_interfaces/custom_interfaces_s__rosidl_typesupport_c.cpython-310-x86_64-linux-gnu.so
[0.446s] -- Up-to-date: /home/yentung-yen/mcav/ESDA_onboarding/install/custom_interfaces/lib/libcustom_interfaces__rosidl_generator_py.so
[0.446s] -- Up-to-date: /home/yentung-yen/mcav/ESDA_onboarding/install/custom_interfaces/share/custom_interfaces/msg/Waypoint.idl
[0.446s] -- Up-to-date: /home/yentung-yen/mcav/ESDA_onboarding/install/custom_interfaces/share/custom_interfaces/msg/Waypoint.msg
[0.446s] -- Up-to-date: /home/yentung-yen/mcav/ESDA_onboarding/install/custom_interfaces/share/ament_index/resource_index/package_run_dependencies/custom_interfaces
[0.446s] -- Up-to-date: /home/yentung-yen/mcav/ESDA_onboarding/install/custom_interfaces/share/ament_index/resource_index/parent_prefix_path/custom_interfaces
[0.446s] -- Up-to-date: /home/yentung-yen/mcav/ESDA_onboarding/install/custom_interfaces/share/custom_interfaces/environment/ament_prefix_path.sh
[0.446s] -- Up-to-date: /home/yentung-yen/mcav/ESDA_onboarding/install/custom_interfaces/share/custom_interfaces/environment/ament_prefix_path.dsv
[0.446s] -- Up-to-date: /home/yentung-yen/mcav/ESDA_onboarding/install/custom_interfaces/share/custom_interfaces/environment/path.sh
[0.446s] -- Up-to-date: /home/yentung-yen/mcav/ESDA_onboarding/install/custom_interfaces/share/custom_interfaces/environment/path.dsv
[0.446s] -- Up-to-date: /home/yentung-yen/mcav/ESDA_onboarding/install/custom_interfaces/share/custom_interfaces/local_setup.bash
[0.447s] -- Up-to-date: /home/yentung-yen/mcav/ESDA_onboarding/install/custom_interfaces/share/custom_interfaces/local_setup.sh
[0.447s] -- Up-to-date: /home/yentung-yen/mcav/ESDA_onboarding/install/custom_interfaces/share/custom_interfaces/local_setup.zsh
[0.447s] -- Up-to-date: /home/yentung-yen/mcav/ESDA_onboarding/install/custom_interfaces/share/custom_interfaces/local_setup.dsv
[0.447s] -- Installing: /home/yentung-yen/mcav/ESDA_onboarding/install/custom_interfaces/share/custom_interfaces/package.dsv
[0.447s] -- Up-to-date: /home/yentung-yen/mcav/ESDA_onboarding/install/custom_interfaces/share/ament_index/resource_index/packages/custom_interfaces
[0.447s] -- Up-to-date: /home/yentung-yen/mcav/ESDA_onboarding/install/custom_interfaces/share/custom_interfaces/cmake/export_custom_interfaces__rosidl_generator_cExport.cmake
[0.447s] -- Up-to-date: /home/yentung-yen/mcav/ESDA_onboarding/install/custom_interfaces/share/custom_interfaces/cmake/export_custom_interfaces__rosidl_generator_cExport-noconfig.cmake
[0.447s] -- Up-to-date: /home/yentung-yen/mcav/ESDA_onboarding/install/custom_interfaces/share/custom_interfaces/cmake/export_custom_interfaces__rosidl_typesupport_fastrtps_cExport.cmake
[0.447s] -- Up-to-date: /home/yentung-yen/mcav/ESDA_onboarding/install/custom_interfaces/share/custom_interfaces/cmake/export_custom_interfaces__rosidl_typesupport_fastrtps_cExport-noconfig.cmake
[0.448s] -- Up-to-date: /home/yentung-yen/mcav/ESDA_onboarding/install/custom_interfaces/share/custom_interfaces/cmake/custom_interfaces__rosidl_typesupport_introspection_cExport.cmake
[0.448s] -- Up-to-date: /home/yentung-yen/mcav/ESDA_onboarding/install/custom_interfaces/share/custom_interfaces/cmake/custom_interfaces__rosidl_typesupport_introspection_cExport-noconfig.cmake
[0.448s] -- Up-to-date: /home/yentung-yen/mcav/ESDA_onboarding/install/custom_interfaces/share/custom_interfaces/cmake/custom_interfaces__rosidl_typesupport_cExport.cmake
[0.448s] -- Up-to-date: /home/yentung-yen/mcav/ESDA_onboarding/install/custom_interfaces/share/custom_interfaces/cmake/custom_interfaces__rosidl_typesupport_cExport-noconfig.cmake
[0.448s] -- Up-to-date: /home/yentung-yen/mcav/ESDA_onboarding/install/custom_interfaces/share/custom_interfaces/cmake/export_custom_interfaces__rosidl_generator_cppExport.cmake
[0.448s] -- Up-to-date: /home/yentung-yen/mcav/ESDA_onboarding/install/custom_interfaces/share/custom_interfaces/cmake/export_custom_interfaces__rosidl_typesupport_fastrtps_cppExport.cmake
[0.448s] -- Up-to-date: /home/yentung-yen/mcav/ESDA_onboarding/install/custom_interfaces/share/custom_interfaces/cmake/export_custom_interfaces__rosidl_typesupport_fastrtps_cppExport-noconfig.cmake
[0.448s] -- Up-to-date: /home/yentung-yen/mcav/ESDA_onboarding/install/custom_interfaces/share/custom_interfaces/cmake/custom_interfaces__rosidl_typesupport_introspection_cppExport.cmake
[0.448s] -- Up-to-date: /home/yentung-yen/mcav/ESDA_onboarding/install/custom_interfaces/share/custom_interfaces/cmake/custom_interfaces__rosidl_typesupport_introspection_cppExport-noconfig.cmake
[0.448s] -- Up-to-date: /home/yentung-yen/mcav/ESDA_onboarding/install/custom_interfaces/share/custom_interfaces/cmake/custom_interfaces__rosidl_typesupport_cppExport.cmake
[0.448s] -- Up-to-date: /home/yentung-yen/mcav/ESDA_onboarding/install/custom_interfaces/share/custom_interfaces/cmake/custom_interfaces__rosidl_typesupport_cppExport-noconfig.cmake
[0.449s] -- Up-to-date: /home/yentung-yen/mcav/ESDA_onboarding/install/custom_interfaces/share/custom_interfaces/cmake/export_custom_interfaces__rosidl_generator_pyExport.cmake
[0.449s] -- Up-to-date: /home/yentung-yen/mcav/ESDA_onboarding/install/custom_interfaces/share/custom_interfaces/cmake/export_custom_interfaces__rosidl_generator_pyExport-noconfig.cmake
[0.449s] -- Up-to-date: /home/yentung-yen/mcav/ESDA_onboarding/install/custom_interfaces/share/custom_interfaces/cmake/rosidl_cmake-extras.cmake
[0.449s] -- Up-to-date: /home/yentung-yen/mcav/ESDA_onboarding/install/custom_interfaces/share/custom_interfaces/cmake/ament_cmake_export_include_directories-extras.cmake
[0.449s] -- Up-to-date: /home/yentung-yen/mcav/ESDA_onboarding/install/custom_interfaces/share/custom_interfaces/cmake/ament_cmake_export_libraries-extras.cmake
[0.449s] -- Up-to-date: /home/yentung-yen/mcav/ESDA_onboarding/install/custom_interfaces/share/custom_interfaces/cmake/ament_cmake_export_targets-extras.cmake
[0.449s] -- Up-to-date: /home/yentung-yen/mcav/ESDA_onboarding/install/custom_interfaces/share/custom_interfaces/cmake/rosidl_cmake_export_typesupport_targets-extras.cmake
[0.449s] -- Up-to-date: /home/yentung-yen/mcav/ESDA_onboarding/install/custom_interfaces/share/custom_interfaces/cmake/ament_cmake_export_dependencies-extras.cmake
[0.449s] -- Up-to-date: /home/yentung-yen/mcav/ESDA_onboarding/install/custom_interfaces/share/custom_interfaces/cmake/rosidl_cmake_export_typesupport_libraries-extras.cmake
[0.449s] -- Up-to-date: /home/yentung-yen/mcav/ESDA_onboarding/install/custom_interfaces/share/custom_interfaces/cmake/custom_interfacesConfig.cmake
[0.450s] -- Up-to-date: /home/yentung-yen/mcav/ESDA_onboarding/install/custom_interfaces/share/custom_interfaces/cmake/custom_interfacesConfig-version.cmake
[0.450s] -- Up-to-date: /home/yentung-yen/mcav/ESDA_onboarding/install/custom_interfaces/share/custom_interfaces/package.xml
[0.450s] Invoked command in '/home/yentung-yen/mcav/ESDA_onboarding/build/custom_interfaces' returned '0': CMAKE_PREFIX_PATH=${CMAKE_PREFIX_PATH}:/home/yentung-yen/mcav/ESDA_onboarding/install/waypoint_pub:/home/yentung-yen/mcav/ESDA_onboarding/install/onboarding_task1:/opt/ros/humble /usr/bin/cmake --install /home/yentung-yen/mcav/ESDA_onboarding/build/custom_interfaces
