[0.198s] DEBUG:colcon:Command line arguments: ['/usr/bin/colcon', 'build']
[0.198s] DEBUG:colcon:Parsed command line arguments: Namespace(log_base=None, log_level=None, verb_name='build', build_base='build', install_base='install', merge_install=False, symlink_install=False, test_result_base=None, continue_on_error=False, executor='parallel', parallel_workers=4, event_handlers=None, ignore_user_meta=False, metas=['./colcon.meta'], base_paths=['.'], packages_ignore=None, packages_ignore_regex=None, paths=None, packages_up_to=None, packages_up_to_regex=None, packages_above=None, packages_above_and_dependencies=None, packages_above_depth=None, packages_select_by_dep=None, packages_skip_by_dep=None, packages_skip_up_to=None, packages_select_build_failed=False, packages_skip_build_finished=False, packages_select_test_failures=False, packages_skip_test_passed=False, packages_select=None, packages_skip=None, packages_select_regex=None, packages_skip_regex=None, packages_start=None, packages_end=None, allow_overriding=[], cmake_args=None, cmake_target=None, cmake_target_skip_unavailable=False, cmake_clean_cache=False, cmake_clean_first=False, cmake_force_configure=False, ament_cmake_args=None, catkin_cmake_args=None, catkin_skip_building_tests=False, verb_parser=<colcon_defaults.argument_parser.defaults.DefaultArgumentsDecorator object at 0x7f853314b7c0>, verb_extension=<colcon_core.verb.build.BuildVerb object at 0x7f85332fa110>, main=<bound method BuildVerb.main of <colcon_core.verb.build.BuildVerb object at 0x7f85332fa110>>)
[0.221s] Level 1:colcon.colcon_core.package_discovery:discover_packages(colcon_meta) check parameters
[0.221s] Level 1:colcon.colcon_core.package_discovery:discover_packages(recursive) check parameters
[0.221s] Level 1:colcon.colcon_core.package_discovery:discover_packages(ignore) check parameters
[0.221s] Level 1:colcon.colcon_core.package_discovery:discover_packages(path) check parameters
[0.221s] Level 1:colcon.colcon_core.package_discovery:discover_packages(colcon_meta) discover
[0.221s] Level 1:colcon.colcon_core.package_discovery:discover_packages(recursive) discover
[0.221s] INFO:colcon.colcon_core.package_discovery:Crawling recursively for packages in '/home/klo40/ESDA_onboarding'
[0.221s] Level 1:colcon.colcon_core.package_identification:_identify(.) by extensions ['ignore', 'ignore_ament_install']
[0.221s] Level 1:colcon.colcon_core.package_identification:_identify(.) by extension 'ignore'
[0.221s] Level 1:colcon.colcon_core.package_identification:_identify(.) by extension 'ignore_ament_install'
[0.221s] Level 1:colcon.colcon_core.package_identification:_identify(.) by extensions ['colcon_pkg']
[0.221s] Level 1:colcon.colcon_core.package_identification:_identify(.) by extension 'colcon_pkg'
[0.221s] Level 1:colcon.colcon_core.package_identification:_identify(.) by extensions ['colcon_meta']
[0.221s] Level 1:colcon.colcon_core.package_identification:_identify(.) by extension 'colcon_meta'
[0.221s] Level 1:colcon.colcon_core.package_identification:_identify(.) by extensions ['ros']
[0.221s] Level 1:colcon.colcon_core.package_identification:_identify(.) by extension 'ros'
[0.229s] Level 1:colcon.colcon_core.package_identification:_identify(.) by extensions ['cmake', 'python']
[0.229s] Level 1:colcon.colcon_core.package_identification:_identify(.) by extension 'cmake'
[0.229s] Level 1:colcon.colcon_core.package_identification:_identify(.) by extension 'python'
[0.229s] Level 1:colcon.colcon_core.package_identification:_identify(.) by extensions ['python_setup_py']
[0.229s] Level 1:colcon.colcon_core.package_identification:_identify(.) by extension 'python_setup_py'
[0.229s] Level 1:colcon.colcon_core.package_identification:_identify(articubot_one) by extensions ['ignore', 'ignore_ament_install']
[0.229s] Level 1:colcon.colcon_core.package_identification:_identify(articubot_one) by extension 'ignore'
[0.229s] Level 1:colcon.colcon_core.package_identification:_identify(articubot_one) by extension 'ignore_ament_install'
[0.229s] Level 1:colcon.colcon_core.package_identification:_identify(articubot_one) by extensions ['colcon_pkg']
[0.229s] Level 1:colcon.colcon_core.package_identification:_identify(articubot_one) by extension 'colcon_pkg'
[0.229s] Level 1:colcon.colcon_core.package_identification:_identify(articubot_one) by extensions ['colcon_meta']
[0.229s] Level 1:colcon.colcon_core.package_identification:_identify(articubot_one) by extension 'colcon_meta'
[0.229s] Level 1:colcon.colcon_core.package_identification:_identify(articubot_one) by extensions ['ros']
[0.229s] Level 1:colcon.colcon_core.package_identification:_identify(articubot_one) by extension 'ros'
[0.231s] DEBUG:colcon.colcon_core.package_identification:Package 'articubot_one' with type 'ros.ament_cmake' and name 'articubot_one'
[0.231s] Level 1:colcon.colcon_core.package_identification:_identify(build) by extensions ['ignore', 'ignore_ament_install']
[0.231s] Level 1:colcon.colcon_core.package_identification:_identify(build) by extension 'ignore'
[0.231s] Level 1:colcon.colcon_core.package_identification:_identify(build) ignored
[0.231s] Level 1:colcon.colcon_core.package_identification:_identify(custom_interfaces) by extensions ['ignore', 'ignore_ament_install']
[0.231s] Level 1:colcon.colcon_core.package_identification:_identify(custom_interfaces) by extension 'ignore'
[0.231s] Level 1:colcon.colcon_core.package_identification:_identify(custom_interfaces) by extension 'ignore_ament_install'
[0.231s] Level 1:colcon.colcon_core.package_identification:_identify(custom_interfaces) by extensions ['colcon_pkg']
[0.231s] Level 1:colcon.colcon_core.package_identification:_identify(custom_interfaces) by extension 'colcon_pkg'
[0.231s] Level 1:colcon.colcon_core.package_identification:_identify(custom_interfaces) by extensions ['colcon_meta']
[0.231s] Level 1:colcon.colcon_core.package_identification:_identify(custom_interfaces) by extension 'colcon_meta'
[0.231s] Level 1:colcon.colcon_core.package_identification:_identify(custom_interfaces) by extensions ['ros']
[0.231s] Level 1:colcon.colcon_core.package_identification:_identify(custom_interfaces) by extension 'ros'
[0.232s] DEBUG:colcon.colcon_core.package_identification:Package 'custom_interfaces' with type 'ros.ament_cmake' and name 'custom_interfaces'
[0.232s] Level 1:colcon.colcon_core.package_identification:_identify(install) by extensions ['ignore', 'ignore_ament_install']
[0.232s] Level 1:colcon.colcon_core.package_identification:_identify(install) by extension 'ignore'
[0.232s] Level 1:colcon.colcon_core.package_identification:_identify(install) ignored
[0.232s] Level 1:colcon.colcon_core.package_identification:_identify(log) by extensions ['ignore', 'ignore_ament_install']
[0.232s] Level 1:colcon.colcon_core.package_identification:_identify(log) by extension 'ignore'
[0.232s] Level 1:colcon.colcon_core.package_identification:_identify(log) ignored
[0.232s] Level 1:colcon.colcon_core.package_identification:_identify(onboarding_task1) by extensions ['ignore', 'ignore_ament_install']
[0.232s] Level 1:colcon.colcon_core.package_identification:_identify(onboarding_task1) by extension 'ignore'
[0.232s] Level 1:colcon.colcon_core.package_identification:_identify(onboarding_task1) by extension 'ignore_ament_install'
[0.232s] Level 1:colcon.colcon_core.package_identification:_identify(onboarding_task1) by extensions ['colcon_pkg']
[0.232s] Level 1:colcon.colcon_core.package_identification:_identify(onboarding_task1) by extension 'colcon_pkg'
[0.232s] Level 1:colcon.colcon_core.package_identification:_identify(onboarding_task1) by extensions ['colcon_meta']
[0.232s] Level 1:colcon.colcon_core.package_identification:_identify(onboarding_task1) by extension 'colcon_meta'
[0.232s] Level 1:colcon.colcon_core.package_identification:_identify(onboarding_task1) by extensions ['ros']
[0.232s] Level 1:colcon.colcon_core.package_identification:_identify(onboarding_task1) by extension 'ros'
[0.232s] DEBUG:colcon.colcon_core.package_identification:Package 'onboarding_task1' with type 'ros.ament_python' and name 'onboarding_task1'
[0.233s] Level 1:colcon.colcon_core.package_identification:_identify(waypoint_pub) by extensions ['ignore', 'ignore_ament_install']
[0.233s] Level 1:colcon.colcon_core.package_identification:_identify(waypoint_pub) by extension 'ignore'
[0.233s] Level 1:colcon.colcon_core.package_identification:_identify(waypoint_pub) by extension 'ignore_ament_install'
[0.233s] Level 1:colcon.colcon_core.package_identification:_identify(waypoint_pub) by extensions ['colcon_pkg']
[0.233s] Level 1:colcon.colcon_core.package_identification:_identify(waypoint_pub) by extension 'colcon_pkg'
[0.233s] Level 1:colcon.colcon_core.package_identification:_identify(waypoint_pub) by extensions ['colcon_meta']
[0.233s] Level 1:colcon.colcon_core.package_identification:_identify(waypoint_pub) by extension 'colcon_meta'
[0.233s] Level 1:colcon.colcon_core.package_identification:_identify(waypoint_pub) by extensions ['ros']
[0.233s] Level 1:colcon.colcon_core.package_identification:_identify(waypoint_pub) by extension 'ros'
[0.233s] DEBUG:colcon.colcon_core.package_identification:Package 'waypoint_pub' with type 'ros.ament_python' and name 'waypoint_pub'
[0.233s] Level 1:colcon.colcon_core.package_discovery:discover_packages(recursive) using defaults
[0.233s] Level 1:colcon.colcon_core.package_discovery:discover_packages(ignore) discover
[0.233s] Level 1:colcon.colcon_core.package_discovery:discover_packages(ignore) using defaults
[0.233s] Level 1:colcon.colcon_core.package_discovery:discover_packages(path) discover
[0.233s] Level 1:colcon.colcon_core.package_discovery:discover_packages(path) using defaults
[0.249s] Level 1:colcon.colcon_core.package_discovery:discover_packages(prefix_path) check parameters
[0.249s] Level 1:colcon.colcon_core.package_discovery:discover_packages(prefix_path) discover
[0.251s] DEBUG:colcon.colcon_installed_package_information.package_discovery:Found 4 installed packages in /home/klo40/ESDA_onboarding/install
[0.252s] DEBUG:colcon.colcon_installed_package_information.package_discovery:Found 280 installed packages in /opt/ros/humble
[0.253s] Level 1:colcon.colcon_core.package_discovery:discover_packages(prefix_path) using defaults
[0.288s] Level 5:colcon.colcon_core.verb:set package 'articubot_one' build argument 'cmake_args' from command line to 'None'
[0.288s] Level 5:colcon.colcon_core.verb:set package 'articubot_one' build argument 'cmake_target' from command line to 'None'
[0.288s] Level 5:colcon.colcon_core.verb:set package 'articubot_one' build argument 'cmake_target_skip_unavailable' from command line to 'False'
[0.288s] Level 5:colcon.colcon_core.verb:set package 'articubot_one' build argument 'cmake_clean_cache' from command line to 'False'
[0.288s] Level 5:colcon.colcon_core.verb:set package 'articubot_one' build argument 'cmake_clean_first' from command line to 'False'
[0.288s] Level 5:colcon.colcon_core.verb:set package 'articubot_one' build argument 'cmake_force_configure' from command line to 'False'
[0.288s] Level 5:colcon.colcon_core.verb:set package 'articubot_one' build argument 'ament_cmake_args' from command line to 'None'
[0.288s] Level 5:colcon.colcon_core.verb:set package 'articubot_one' build argument 'catkin_cmake_args' from command line to 'None'
[0.288s] Level 5:colcon.colcon_core.verb:set package 'articubot_one' build argument 'catkin_skip_building_tests' from command line to 'False'
[0.288s] DEBUG:colcon.colcon_core.verb:Building package 'articubot_one' with the following arguments: {'ament_cmake_args': None, 'build_base': '/home/klo40/ESDA_onboarding/build/articubot_one', 'catkin_cmake_args': None, 'catkin_skip_building_tests': False, 'cmake_args': None, 'cmake_clean_cache': False, 'cmake_clean_first': False, 'cmake_force_configure': False, 'cmake_target': None, 'cmake_target_skip_unavailable': False, 'install_base': '/home/klo40/ESDA_onboarding/install/articubot_one', 'merge_install': False, 'path': '/home/klo40/ESDA_onboarding/articubot_one', 'symlink_install': False, 'test_result_base': None}
[0.289s] Level 5:colcon.colcon_core.verb:set package 'custom_interfaces' build argument 'cmake_args' from command line to 'None'
[0.289s] Level 5:colcon.colcon_core.verb:set package 'custom_interfaces' build argument 'cmake_target' from command line to 'None'
[0.289s] Level 5:colcon.colcon_core.verb:set package 'custom_interfaces' build argument 'cmake_target_skip_unavailable' from command line to 'False'
[0.289s] Level 5:colcon.colcon_core.verb:set package 'custom_interfaces' build argument 'cmake_clean_cache' from command line to 'False'
[0.289s] Level 5:colcon.colcon_core.verb:set package 'custom_interfaces' build argument 'cmake_clean_first' from command line to 'False'
[0.289s] Level 5:colcon.colcon_core.verb:set package 'custom_interfaces' build argument 'cmake_force_configure' from command line to 'False'
[0.289s] Level 5:colcon.colcon_core.verb:set package 'custom_interfaces' build argument 'ament_cmake_args' from command line to 'None'
[0.289s] Level 5:colcon.colcon_core.verb:set package 'custom_interfaces' build argument 'catkin_cmake_args' from command line to 'None'
[0.289s] Level 5:colcon.colcon_core.verb:set package 'custom_interfaces' build argument 'catkin_skip_building_tests' from command line to 'False'
[0.289s] DEBUG:colcon.colcon_core.verb:Building package 'custom_interfaces' with the following arguments: {'ament_cmake_args': None, 'build_base': '/home/klo40/ESDA_onboarding/build/custom_interfaces', 'catkin_cmake_args': None, 'catkin_skip_building_tests': False, 'cmake_args': None, 'cmake_clean_cache': False, 'cmake_clean_first': False, 'cmake_force_configure': False, 'cmake_target': None, 'cmake_target_skip_unavailable': False, 'install_base': '/home/klo40/ESDA_onboarding/install/custom_interfaces', 'merge_install': False, 'path': '/home/klo40/ESDA_onboarding/custom_interfaces', 'symlink_install': False, 'test_result_base': None}
[0.290s] Level 5:colcon.colcon_core.verb:set package 'onboarding_task1' build argument 'cmake_args' from command line to 'None'
[0.290s] Level 5:colcon.colcon_core.verb:set package 'onboarding_task1' build argument 'cmake_target' from command line to 'None'
[0.290s] Level 5:colcon.colcon_core.verb:set package 'onboarding_task1' build argument 'cmake_target_skip_unavailable' from command line to 'False'
[0.290s] Level 5:colcon.colcon_core.verb:set package 'onboarding_task1' build argument 'cmake_clean_cache' from command line to 'False'
[0.290s] Level 5:colcon.colcon_core.verb:set package 'onboarding_task1' build argument 'cmake_clean_first' from command line to 'False'
[0.290s] Level 5:colcon.colcon_core.verb:set package 'onboarding_task1' build argument 'cmake_force_configure' from command line to 'False'
[0.290s] Level 5:colcon.colcon_core.verb:set package 'onboarding_task1' build argument 'ament_cmake_args' from command line to 'None'
[0.290s] Level 5:colcon.colcon_core.verb:set package 'onboarding_task1' build argument 'catkin_cmake_args' from command line to 'None'
[0.290s] Level 5:colcon.colcon_core.verb:set package 'onboarding_task1' build argument 'catkin_skip_building_tests' from command line to 'False'
[0.290s] DEBUG:colcon.colcon_core.verb:Building package 'onboarding_task1' with the following arguments: {'ament_cmake_args': None, 'build_base': '/home/klo40/ESDA_onboarding/build/onboarding_task1', 'catkin_cmake_args': None, 'catkin_skip_building_tests': False, 'cmake_args': None, 'cmake_clean_cache': False, 'cmake_clean_first': False, 'cmake_force_configure': False, 'cmake_target': None, 'cmake_target_skip_unavailable': False, 'install_base': '/home/klo40/ESDA_onboarding/install/onboarding_task1', 'merge_install': False, 'path': '/home/klo40/ESDA_onboarding/onboarding_task1', 'symlink_install': False, 'test_result_base': None}
[0.290s] Level 5:colcon.colcon_core.verb:set package 'waypoint_pub' build argument 'cmake_args' from command line to 'None'
[0.291s] Level 5:colcon.colcon_core.verb:set package 'waypoint_pub' build argument 'cmake_target' from command line to 'None'
[0.291s] Level 5:colcon.colcon_core.verb:set package 'waypoint_pub' build argument 'cmake_target_skip_unavailable' from command line to 'False'
[0.291s] Level 5:colcon.colcon_core.verb:set package 'waypoint_pub' build argument 'cmake_clean_cache' from command line to 'False'
[0.291s] Level 5:colcon.colcon_core.verb:set package 'waypoint_pub' build argument 'cmake_clean_first' from command line to 'False'
[0.291s] Level 5:colcon.colcon_core.verb:set package 'waypoint_pub' build argument 'cmake_force_configure' from command line to 'False'
[0.291s] Level 5:colcon.colcon_core.verb:set package 'waypoint_pub' build argument 'ament_cmake_args' from command line to 'None'
[0.291s] Level 5:colcon.colcon_core.verb:set package 'waypoint_pub' build argument 'catkin_cmake_args' from command line to 'None'
[0.291s] Level 5:colcon.colcon_core.verb:set package 'waypoint_pub' build argument 'catkin_skip_building_tests' from command line to 'False'
[0.291s] DEBUG:colcon.colcon_core.verb:Building package 'waypoint_pub' with the following arguments: {'ament_cmake_args': None, 'build_base': '/home/klo40/ESDA_onboarding/build/waypoint_pub', 'catkin_cmake_args': None, 'catkin_skip_building_tests': False, 'cmake_args': None, 'cmake_clean_cache': False, 'cmake_clean_first': False, 'cmake_force_configure': False, 'cmake_target': None, 'cmake_target_skip_unavailable': False, 'install_base': '/home/klo40/ESDA_onboarding/install/waypoint_pub', 'merge_install': False, 'path': '/home/klo40/ESDA_onboarding/waypoint_pub', 'symlink_install': False, 'test_result_base': None}
[0.291s] INFO:colcon.colcon_core.executor:Executing jobs using 'parallel' executor
[0.324s] DEBUG:colcon.colcon_parallel_executor.executor.parallel:run_until_complete
[0.324s] INFO:colcon.colcon_ros.task.ament_cmake.build:Building ROS package in '/home/klo40/ESDA_onboarding/custom_interfaces' with build type 'ament_cmake'
[0.324s] INFO:colcon.colcon_cmake.task.cmake.build:Building CMake package in '/home/klo40/ESDA_onboarding/custom_interfaces'
[0.328s] INFO:colcon.colcon_core.plugin_system:Skipping extension 'colcon_core.shell.bat': Not used on non-Windows systems
[0.328s] INFO:colcon.colcon_core.shell:Skip shell extension 'powershell' for command environment: Not usable outside of PowerShell
[0.328s] DEBUG:colcon.colcon_core.shell:Skip shell extension 'dsv' for command environment
[0.333s] INFO:colcon.colcon_ros.task.ament_cmake.build:Building ROS package in '/home/klo40/ESDA_onboarding/articubot_one' with build type 'ament_cmake'
[0.333s] INFO:colcon.colcon_cmake.task.cmake.build:Building CMake package in '/home/klo40/ESDA_onboarding/articubot_one'
[0.336s] INFO:colcon.colcon_core.shell:Skip shell extension 'powershell' for command environment: Not usable outside of PowerShell
[0.336s] DEBUG:colcon.colcon_core.shell:Skip shell extension 'dsv' for command environment
[0.392s] DEBUG:colcon.colcon_core.event_handler.log_command:Invoking command in '/home/klo40/ESDA_onboarding/build/custom_interfaces': CMAKE_PREFIX_PATH=${CMAKE_PREFIX_PATH}:/home/klo40/ESDA_onboarding/install/waypoint_pub:/home/klo40/ESDA_onboarding/install/onboarding_task1:/opt/ros/humble /usr/bin/cmake --build /home/klo40/ESDA_onboarding/build/custom_interfaces -- -j4 -l4
[0.428s] DEBUG:colcon.colcon_core.event_handler.log_command:Invoking command in '/home/klo40/ESDA_onboarding/build/articubot_one': CMAKE_PREFIX_PATH=${CMAKE_PREFIX_PATH}:/home/klo40/ESDA_onboarding/install/waypoint_pub:/home/klo40/ESDA_onboarding/install/onboarding_task1:/opt/ros/humble /usr/bin/cmake --build /home/klo40/ESDA_onboarding/build/articubot_one -- -j4 -l4
[0.568s] DEBUG:colcon.colcon_core.event_handler.log_command:Invoked command in '/home/klo40/ESDA_onboarding/build/articubot_one' returned '0': CMAKE_PREFIX_PATH=${CMAKE_PREFIX_PATH}:/home/klo40/ESDA_onboarding/install/waypoint_pub:/home/klo40/ESDA_onboarding/install/onboarding_task1:/opt/ros/humble /usr/bin/cmake --build /home/klo40/ESDA_onboarding/build/articubot_one -- -j4 -l4
[0.710s] DEBUG:colcon.colcon_core.event_handler.log_command:Invoking command in '/home/klo40/ESDA_onboarding/build/articubot_one': CMAKE_PREFIX_PATH=${CMAKE_PREFIX_PATH}:/home/klo40/ESDA_onboarding/install/waypoint_pub:/home/klo40/ESDA_onboarding/install/onboarding_task1:/opt/ros/humble /usr/bin/cmake --install /home/klo40/ESDA_onboarding/build/articubot_one
[0.716s] Level 1:colcon.colcon_core.environment:create_environment_scripts_only(articubot_one)
[0.719s] DEBUG:colcon.colcon_core.event_handler.log_command:Invoked command in '/home/klo40/ESDA_onboarding/build/articubot_one' returned '0': CMAKE_PREFIX_PATH=${CMAKE_PREFIX_PATH}:/home/klo40/ESDA_onboarding/install/waypoint_pub:/home/klo40/ESDA_onboarding/install/onboarding_task1:/opt/ros/humble /usr/bin/cmake --install /home/klo40/ESDA_onboarding/build/articubot_one
[0.721s] Level 1:colcon.colcon_core.environment:checking '/home/klo40/ESDA_onboarding/install/articubot_one' for CMake module files
[0.722s] Level 1:colcon.colcon_core.environment:checking '/home/klo40/ESDA_onboarding/install/articubot_one' for CMake config files
[0.722s] Level 1:colcon.colcon_core.shell:create_environment_hook('articubot_one', 'cmake_prefix_path')
[0.723s] INFO:colcon.colcon_core.shell:Creating environment hook '/home/klo40/ESDA_onboarding/install/articubot_one/share/articubot_one/hook/cmake_prefix_path.ps1'
[0.724s] INFO:colcon.colcon_core.shell:Creating environment descriptor '/home/klo40/ESDA_onboarding/install/articubot_one/share/articubot_one/hook/cmake_prefix_path.dsv'
[0.725s] INFO:colcon.colcon_core.shell:Creating environment hook '/home/klo40/ESDA_onboarding/install/articubot_one/share/articubot_one/hook/cmake_prefix_path.sh'
[0.727s] Level 1:colcon.colcon_core.environment:checking '/home/klo40/ESDA_onboarding/install/articubot_one/bin'
[0.727s] Level 1:colcon.colcon_core.environment:checking '/home/klo40/ESDA_onboarding/install/articubot_one/lib/pkgconfig/articubot_one.pc'
[0.727s] Level 1:colcon.colcon_core.environment:checking '/home/klo40/ESDA_onboarding/install/articubot_one/lib/python3.10/site-packages'
[0.727s] Level 1:colcon.colcon_core.environment:checking '/home/klo40/ESDA_onboarding/install/articubot_one/bin'
[0.728s] INFO:colcon.colcon_core.shell:Creating package script '/home/klo40/ESDA_onboarding/install/articubot_one/share/articubot_one/package.ps1'
[0.728s] INFO:colcon.colcon_core.shell:Creating package descriptor '/home/klo40/ESDA_onboarding/install/articubot_one/share/articubot_one/package.dsv'
[0.729s] INFO:colcon.colcon_core.shell:Creating package script '/home/klo40/ESDA_onboarding/install/articubot_one/share/articubot_one/package.sh'
[0.730s] INFO:colcon.colcon_core.shell:Creating package script '/home/klo40/ESDA_onboarding/install/articubot_one/share/articubot_one/package.bash'
[0.731s] INFO:colcon.colcon_core.shell:Creating package script '/home/klo40/ESDA_onboarding/install/articubot_one/share/articubot_one/package.zsh'
[0.731s] Level 1:colcon.colcon_core.environment:create_file_with_runtime_dependencies(/home/klo40/ESDA_onboarding/install/articubot_one/share/colcon-core/packages/articubot_one)
[0.835s] Level 1:colcon.colcon_core.environment:create_environment_scripts_only(articubot_one)
[0.842s] Level 1:colcon.colcon_core.environment:checking '/home/klo40/ESDA_onboarding/install/articubot_one' for CMake module files
[0.842s] Level 1:colcon.colcon_core.environment:checking '/home/klo40/ESDA_onboarding/install/articubot_one' for CMake config files
[0.842s] Level 1:colcon.colcon_core.shell:create_environment_hook('articubot_one', 'cmake_prefix_path')
[0.843s] INFO:colcon.colcon_core.shell:Creating environment hook '/home/klo40/ESDA_onboarding/install/articubot_one/share/articubot_one/hook/cmake_prefix_path.ps1'
[0.844s] INFO:colcon.colcon_core.shell:Creating environment descriptor '/home/klo40/ESDA_onboarding/install/articubot_one/share/articubot_one/hook/cmake_prefix_path.dsv'
[0.845s] INFO:colcon.colcon_core.shell:Creating environment hook '/home/klo40/ESDA_onboarding/install/articubot_one/share/articubot_one/hook/cmake_prefix_path.sh'
[0.846s] Level 1:colcon.colcon_core.environment:checking '/home/klo40/ESDA_onboarding/install/articubot_one/bin'
[0.846s] Level 1:colcon.colcon_core.environment:checking '/home/klo40/ESDA_onboarding/install/articubot_one/lib/pkgconfig/articubot_one.pc'
[0.846s] Level 1:colcon.colcon_core.environment:checking '/home/klo40/ESDA_onboarding/install/articubot_one/lib/python3.10/site-packages'
[0.847s] Level 1:colcon.colcon_core.environment:checking '/home/klo40/ESDA_onboarding/install/articubot_one/bin'
[0.848s] INFO:colcon.colcon_core.shell:Creating package script '/home/klo40/ESDA_onboarding/install/articubot_one/share/articubot_one/package.ps1'
[0.848s] INFO:colcon.colcon_core.shell:Creating package descriptor '/home/klo40/ESDA_onboarding/install/articubot_one/share/articubot_one/package.dsv'
[0.849s] INFO:colcon.colcon_core.shell:Creating package script '/home/klo40/ESDA_onboarding/install/articubot_one/share/articubot_one/package.sh'
[0.849s] INFO:colcon.colcon_core.shell:Creating package script '/home/klo40/ESDA_onboarding/install/articubot_one/share/articubot_one/package.bash'
[0.850s] INFO:colcon.colcon_core.shell:Creating package script '/home/klo40/ESDA_onboarding/install/articubot_one/share/articubot_one/package.zsh'
[0.850s] Level 1:colcon.colcon_core.environment:create_file_with_runtime_dependencies(/home/klo40/ESDA_onboarding/install/articubot_one/share/colcon-core/packages/articubot_one)
[1.511s] DEBUG:colcon.colcon_core.event_handler.log_command:Invoked command in '/home/klo40/ESDA_onboarding/build/custom_interfaces' returned '0': CMAKE_PREFIX_PATH=${CMAKE_PREFIX_PATH}:/home/klo40/ESDA_onboarding/install/waypoint_pub:/home/klo40/ESDA_onboarding/install/onboarding_task1:/opt/ros/humble /usr/bin/cmake --build /home/klo40/ESDA_onboarding/build/custom_interfaces -- -j4 -l4
[1.732s] DEBUG:colcon.colcon_core.event_handler.log_command:Invoking command in '/home/klo40/ESDA_onboarding/build/custom_interfaces': CMAKE_PREFIX_PATH=${CMAKE_PREFIX_PATH}:/home/klo40/ESDA_onboarding/install/waypoint_pub:/home/klo40/ESDA_onboarding/install/onboarding_task1:/opt/ros/humble /usr/bin/cmake --install /home/klo40/ESDA_onboarding/build/custom_interfaces
[1.796s] Level 1:colcon.colcon_core.environment:create_environment_scripts_only(custom_interfaces)
[1.797s] DEBUG:colcon.colcon_core.event_handler.log_command:Invoked command in '/home/klo40/ESDA_onboarding/build/custom_interfaces' returned '0': CMAKE_PREFIX_PATH=${CMAKE_PREFIX_PATH}:/home/klo40/ESDA_onboarding/install/waypoint_pub:/home/klo40/ESDA_onboarding/install/onboarding_task1:/opt/ros/humble /usr/bin/cmake --install /home/klo40/ESDA_onboarding/build/custom_interfaces
[1.798s] Level 1:colcon.colcon_core.environment:checking '/home/klo40/ESDA_onboarding/install/custom_interfaces' for CMake module files
[1.804s] Level 1:colcon.colcon_core.environment:checking '/home/klo40/ESDA_onboarding/install/custom_interfaces' for CMake config files
[1.804s] Level 1:colcon.colcon_core.shell:create_environment_hook('custom_interfaces', 'cmake_prefix_path')
[1.805s] INFO:colcon.colcon_core.shell:Creating environment hook '/home/klo40/ESDA_onboarding/install/custom_interfaces/share/custom_interfaces/hook/cmake_prefix_path.ps1'
[1.806s] INFO:colcon.colcon_core.shell:Creating environment descriptor '/home/klo40/ESDA_onboarding/install/custom_interfaces/share/custom_interfaces/hook/cmake_prefix_path.dsv'
[1.806s] INFO:colcon.colcon_core.shell:Creating environment hook '/home/klo40/ESDA_onboarding/install/custom_interfaces/share/custom_interfaces/hook/cmake_prefix_path.sh'
[1.807s] Level 1:colcon.colcon_core.environment:checking '/home/klo40/ESDA_onboarding/install/custom_interfaces/lib'
[1.807s] Level 1:colcon.colcon_core.shell:create_environment_hook('custom_interfaces', 'ld_library_path_lib')
[1.808s] INFO:colcon.colcon_core.shell:Creating environment hook '/home/klo40/ESDA_onboarding/install/custom_interfaces/share/custom_interfaces/hook/ld_library_path_lib.ps1'
[1.808s] INFO:colcon.colcon_core.shell:Creating environment descriptor '/home/klo40/ESDA_onboarding/install/custom_interfaces/share/custom_interfaces/hook/ld_library_path_lib.dsv'
[1.808s] INFO:colcon.colcon_core.shell:Creating environment hook '/home/klo40/ESDA_onboarding/install/custom_interfaces/share/custom_interfaces/hook/ld_library_path_lib.sh'
[1.809s] Level 1:colcon.colcon_core.environment:checking '/home/klo40/ESDA_onboarding/install/custom_interfaces/bin'
[1.809s] Level 1:colcon.colcon_core.environment:checking '/home/klo40/ESDA_onboarding/install/custom_interfaces/lib/pkgconfig/custom_interfaces.pc'
[1.809s] Level 1:colcon.colcon_core.environment:checking '/home/klo40/ESDA_onboarding/install/custom_interfaces/lib/python3.10/site-packages'
[1.809s] Level 1:colcon.colcon_core.environment:checking '/home/klo40/ESDA_onboarding/install/custom_interfaces/bin'
[1.810s] INFO:colcon.colcon_core.shell:Creating package script '/home/klo40/ESDA_onboarding/install/custom_interfaces/share/custom_interfaces/package.ps1'
[1.811s] INFO:colcon.colcon_core.shell:Creating package descriptor '/home/klo40/ESDA_onboarding/install/custom_interfaces/share/custom_interfaces/package.dsv'
[1.814s] INFO:colcon.colcon_core.shell:Creating package script '/home/klo40/ESDA_onboarding/install/custom_interfaces/share/custom_interfaces/package.sh'
[1.815s] INFO:colcon.colcon_core.shell:Creating package script '/home/klo40/ESDA_onboarding/install/custom_interfaces/share/custom_interfaces/package.bash'
[1.815s] INFO:colcon.colcon_core.shell:Creating package script '/home/klo40/ESDA_onboarding/install/custom_interfaces/share/custom_interfaces/package.zsh'
[1.815s] Level 1:colcon.colcon_core.environment:create_file_with_runtime_dependencies(/home/klo40/ESDA_onboarding/install/custom_interfaces/share/colcon-core/packages/custom_interfaces)
[2.052s] Level 1:colcon.colcon_core.environment:create_environment_scripts_only(custom_interfaces)
[2.054s] Level 1:colcon.colcon_core.environment:checking '/home/klo40/ESDA_onboarding/install/custom_interfaces' for CMake module files
[2.054s] Level 1:colcon.colcon_core.environment:checking '/home/klo40/ESDA_onboarding/install/custom_interfaces' for CMake config files
[2.055s] Level 1:colcon.colcon_core.shell:create_environment_hook('custom_interfaces', 'cmake_prefix_path')
[2.056s] INFO:colcon.colcon_core.shell:Creating environment hook '/home/klo40/ESDA_onboarding/install/custom_interfaces/share/custom_interfaces/hook/cmake_prefix_path.ps1'
[2.056s] INFO:colcon.colcon_core.shell:Creating environment descriptor '/home/klo40/ESDA_onboarding/install/custom_interfaces/share/custom_interfaces/hook/cmake_prefix_path.dsv'
[2.057s] INFO:colcon.colcon_core.shell:Creating environment hook '/home/klo40/ESDA_onboarding/install/custom_interfaces/share/custom_interfaces/hook/cmake_prefix_path.sh'
[2.058s] Level 1:colcon.colcon_core.environment:checking '/home/klo40/ESDA_onboarding/install/custom_interfaces/lib'
[2.058s] Level 1:colcon.colcon_core.shell:create_environment_hook('custom_interfaces', 'ld_library_path_lib')
[2.059s] INFO:colcon.colcon_core.shell:Creating environment hook '/home/klo40/ESDA_onboarding/install/custom_interfaces/share/custom_interfaces/hook/ld_library_path_lib.ps1'
[2.059s] INFO:colcon.colcon_core.shell:Creating environment descriptor '/home/klo40/ESDA_onboarding/install/custom_interfaces/share/custom_interfaces/hook/ld_library_path_lib.dsv'
[2.060s] INFO:colcon.colcon_core.shell:Creating environment hook '/home/klo40/ESDA_onboarding/install/custom_interfaces/share/custom_interfaces/hook/ld_library_path_lib.sh'
[2.061s] Level 1:colcon.colcon_core.environment:checking '/home/klo40/ESDA_onboarding/install/custom_interfaces/bin'
[2.061s] Level 1:colcon.colcon_core.environment:checking '/home/klo40/ESDA_onboarding/install/custom_interfaces/lib/pkgconfig/custom_interfaces.pc'
[2.061s] Level 1:colcon.colcon_core.environment:checking '/home/klo40/ESDA_onboarding/install/custom_interfaces/lib/python3.10/site-packages'
[2.061s] Level 1:colcon.colcon_core.environment:checking '/home/klo40/ESDA_onboarding/install/custom_interfaces/bin'
[2.062s] INFO:colcon.colcon_core.shell:Creating package script '/home/klo40/ESDA_onboarding/install/custom_interfaces/share/custom_interfaces/package.ps1'
[2.063s] INFO:colcon.colcon_core.shell:Creating package descriptor '/home/klo40/ESDA_onboarding/install/custom_interfaces/share/custom_interfaces/package.dsv'
[2.063s] INFO:colcon.colcon_core.shell:Creating package script '/home/klo40/ESDA_onboarding/install/custom_interfaces/share/custom_interfaces/package.sh'
[2.064s] INFO:colcon.colcon_core.shell:Creating package script '/home/klo40/ESDA_onboarding/install/custom_interfaces/share/custom_interfaces/package.bash'
[2.065s] INFO:colcon.colcon_core.shell:Creating package script '/home/klo40/ESDA_onboarding/install/custom_interfaces/share/custom_interfaces/package.zsh'
[2.065s] Level 1:colcon.colcon_core.environment:create_file_with_runtime_dependencies(/home/klo40/ESDA_onboarding/install/custom_interfaces/share/colcon-core/packages/custom_interfaces)
[2.066s] INFO:colcon.colcon_ros.task.ament_python.build:Building ROS package in '/home/klo40/ESDA_onboarding/onboarding_task1' with build type 'ament_python'
[2.066s] Level 1:colcon.colcon_core.shell:create_environment_hook('onboarding_task1', 'ament_prefix_path')
[2.067s] INFO:colcon.colcon_core.shell:Creating environment hook '/home/klo40/ESDA_onboarding/install/onboarding_task1/share/onboarding_task1/hook/ament_prefix_path.ps1'
[2.068s] INFO:colcon.colcon_core.shell:Creating environment descriptor '/home/klo40/ESDA_onboarding/install/onboarding_task1/share/onboarding_task1/hook/ament_prefix_path.dsv'
[2.086s] INFO:colcon.colcon_core.shell:Creating environment hook '/home/klo40/ESDA_onboarding/install/onboarding_task1/share/onboarding_task1/hook/ament_prefix_path.sh'
[2.104s] INFO:colcon.colcon_core.shell:Skip shell extension 'powershell' for command environment: Not usable outside of PowerShell
[2.104s] DEBUG:colcon.colcon_core.shell:Skip shell extension 'dsv' for command environment
[2.134s] INFO:colcon.colcon_ros.task.ament_python.build:Building ROS package in '/home/klo40/ESDA_onboarding/waypoint_pub' with build type 'ament_python'
[2.135s] Level 1:colcon.colcon_core.shell:create_environment_hook('waypoint_pub', 'ament_prefix_path')
[2.136s] INFO:colcon.colcon_core.shell:Creating environment hook '/home/klo40/ESDA_onboarding/install/waypoint_pub/share/waypoint_pub/hook/ament_prefix_path.ps1'
[2.136s] INFO:colcon.colcon_core.shell:Creating environment descriptor '/home/klo40/ESDA_onboarding/install/waypoint_pub/share/waypoint_pub/hook/ament_prefix_path.dsv'
[2.138s] INFO:colcon.colcon_core.shell:Creating environment hook '/home/klo40/ESDA_onboarding/install/waypoint_pub/share/waypoint_pub/hook/ament_prefix_path.sh'
[2.140s] INFO:colcon.colcon_core.shell:Skip shell extension 'powershell' for command environment: Not usable outside of PowerShell
[2.140s] DEBUG:colcon.colcon_core.shell:Skip shell extension 'dsv' for command environment
[2.433s] INFO:colcon.colcon_core.task.python.build:Building Python package in '/home/klo40/ESDA_onboarding/onboarding_task1'
[2.441s] INFO:colcon.colcon_core.shell:Skip shell extension 'powershell' for command environment: Not usable outside of PowerShell
[2.441s] DEBUG:colcon.colcon_core.shell:Skip shell extension 'dsv' for command environment
[2.644s] INFO:colcon.colcon_core.task.python.build:Building Python package in '/home/klo40/ESDA_onboarding/waypoint_pub'
[2.645s] INFO:colcon.colcon_core.shell:Skip shell extension 'powershell' for command environment: Not usable outside of PowerShell
[2.645s] DEBUG:colcon.colcon_core.shell:Skip shell extension 'dsv' for command environment
[2.943s] DEBUG:colcon.colcon_core.event_handler.log_command:Invoking command in '/home/klo40/ESDA_onboarding/onboarding_task1': PYTHONPATH=/home/klo40/ESDA_onboarding/build/onboarding_task1/prefix_override:/home/klo40/ESDA_onboarding/install/onboarding_task1/lib/python3.10/site-packages:${PYTHONPATH} /usr/bin/python3 setup.py egg_info --egg-base ../build/onboarding_task1 build --build-base /home/klo40/ESDA_onboarding/build/onboarding_task1/build install --record /home/klo40/ESDA_onboarding/build/onboarding_task1/install.log --single-version-externally-managed
[2.956s] DEBUG:colcon.colcon_core.event_handler.log_command:Invoking command in '/home/klo40/ESDA_onboarding/waypoint_pub': PYTHONPATH=/home/klo40/ESDA_onboarding/build/waypoint_pub/prefix_override:/home/klo40/ESDA_onboarding/install/waypoint_pub/lib/python3.10/site-packages:${PYTHONPATH} /usr/bin/python3 setup.py egg_info --egg-base ../build/waypoint_pub build --build-base /home/klo40/ESDA_onboarding/build/waypoint_pub/build install --record /home/klo40/ESDA_onboarding/build/waypoint_pub/install.log --single-version-externally-managed
[3.175s] Level 1:colcon.colcon_core.environment:checking '/home/klo40/ESDA_onboarding/install/onboarding_task1' for CMake module files
[3.176s] DEBUG:colcon.colcon_core.event_handler.log_command:Invoked command in '/home/klo40/ESDA_onboarding/onboarding_task1' returned '0': PYTHONPATH=/home/klo40/ESDA_onboarding/build/onboarding_task1/prefix_override:/home/klo40/ESDA_onboarding/install/onboarding_task1/lib/python3.10/site-packages:${PYTHONPATH} /usr/bin/python3 setup.py egg_info --egg-base ../build/onboarding_task1 build --build-base /home/klo40/ESDA_onboarding/build/onboarding_task1/build install --record /home/klo40/ESDA_onboarding/build/onboarding_task1/install.log --single-version-externally-managed
[3.176s] Level 1:colcon.colcon_core.environment:checking '/home/klo40/ESDA_onboarding/install/onboarding_task1' for CMake config files
[3.177s] Level 1:colcon.colcon_core.environment:checking '/home/klo40/ESDA_onboarding/install/onboarding_task1/lib'
[3.177s] Level 1:colcon.colcon_core.environment:checking '/home/klo40/ESDA_onboarding/install/onboarding_task1/bin'
[3.177s] Level 1:colcon.colcon_core.environment:checking '/home/klo40/ESDA_onboarding/install/onboarding_task1/lib/pkgconfig/onboarding_task1.pc'
[3.177s] Level 1:colcon.colcon_core.environment:checking '/home/klo40/ESDA_onboarding/install/onboarding_task1/lib/python3.10/site-packages'
[3.177s] Level 1:colcon.colcon_core.shell:create_environment_hook('onboarding_task1', 'pythonpath')
[3.178s] INFO:colcon.colcon_core.shell:Creating environment hook '/home/klo40/ESDA_onboarding/install/onboarding_task1/share/onboarding_task1/hook/pythonpath.ps1'
[3.179s] INFO:colcon.colcon_core.shell:Creating environment descriptor '/home/klo40/ESDA_onboarding/install/onboarding_task1/share/onboarding_task1/hook/pythonpath.dsv'
[3.179s] INFO:colcon.colcon_core.shell:Creating environment hook '/home/klo40/ESDA_onboarding/install/onboarding_task1/share/onboarding_task1/hook/pythonpath.sh'
[3.181s] Level 1:colcon.colcon_core.environment:checking '/home/klo40/ESDA_onboarding/install/onboarding_task1/bin'
[3.181s] Level 1:colcon.colcon_core.environment:create_environment_scripts_only(onboarding_task1)
[3.182s] INFO:colcon.colcon_core.shell:Creating package script '/home/klo40/ESDA_onboarding/install/onboarding_task1/share/onboarding_task1/package.ps1'
[3.182s] INFO:colcon.colcon_core.shell:Creating package descriptor '/home/klo40/ESDA_onboarding/install/onboarding_task1/share/onboarding_task1/package.dsv'
[3.183s] INFO:colcon.colcon_core.shell:Creating package script '/home/klo40/ESDA_onboarding/install/onboarding_task1/share/onboarding_task1/package.sh'
[3.183s] INFO:colcon.colcon_core.shell:Creating package script '/home/klo40/ESDA_onboarding/install/onboarding_task1/share/onboarding_task1/package.bash'
[3.184s] INFO:colcon.colcon_core.shell:Creating package script '/home/klo40/ESDA_onboarding/install/onboarding_task1/share/onboarding_task1/package.zsh'
[3.184s] Level 1:colcon.colcon_core.environment:create_file_with_runtime_dependencies(/home/klo40/ESDA_onboarding/install/onboarding_task1/share/colcon-core/packages/onboarding_task1)
[3.210s] Level 1:colcon.colcon_core.environment:checking '/home/klo40/ESDA_onboarding/install/waypoint_pub' for CMake module files
[3.211s] DEBUG:colcon.colcon_core.event_handler.log_command:Invoked command in '/home/klo40/ESDA_onboarding/waypoint_pub' returned '0': PYTHONPATH=/home/klo40/ESDA_onboarding/build/waypoint_pub/prefix_override:/home/klo40/ESDA_onboarding/install/waypoint_pub/lib/python3.10/site-packages:${PYTHONPATH} /usr/bin/python3 setup.py egg_info --egg-base ../build/waypoint_pub build --build-base /home/klo40/ESDA_onboarding/build/waypoint_pub/build install --record /home/klo40/ESDA_onboarding/build/waypoint_pub/install.log --single-version-externally-managed
[3.211s] Level 1:colcon.colcon_core.environment:checking '/home/klo40/ESDA_onboarding/install/waypoint_pub' for CMake config files
[3.212s] Level 1:colcon.colcon_core.environment:checking '/home/klo40/ESDA_onboarding/install/waypoint_pub/lib'
[3.212s] Level 1:colcon.colcon_core.environment:checking '/home/klo40/ESDA_onboarding/install/waypoint_pub/bin'
[3.212s] Level 1:colcon.colcon_core.environment:checking '/home/klo40/ESDA_onboarding/install/waypoint_pub/lib/pkgconfig/waypoint_pub.pc'
[3.212s] Level 1:colcon.colcon_core.environment:checking '/home/klo40/ESDA_onboarding/install/waypoint_pub/lib/python3.10/site-packages'
[3.213s] Level 1:colcon.colcon_core.shell:create_environment_hook('waypoint_pub', 'pythonpath')
[3.214s] INFO:colcon.colcon_core.shell:Creating environment hook '/home/klo40/ESDA_onboarding/install/waypoint_pub/share/waypoint_pub/hook/pythonpath.ps1'
[3.215s] INFO:colcon.colcon_core.shell:Creating environment descriptor '/home/klo40/ESDA_onboarding/install/waypoint_pub/share/waypoint_pub/hook/pythonpath.dsv'
[3.215s] INFO:colcon.colcon_core.shell:Creating environment hook '/home/klo40/ESDA_onboarding/install/waypoint_pub/share/waypoint_pub/hook/pythonpath.sh'
[3.216s] Level 1:colcon.colcon_core.environment:checking '/home/klo40/ESDA_onboarding/install/waypoint_pub/bin'
[3.216s] Level 1:colcon.colcon_core.environment:create_environment_scripts_only(waypoint_pub)
[3.218s] INFO:colcon.colcon_core.shell:Creating package script '/home/klo40/ESDA_onboarding/install/waypoint_pub/share/waypoint_pub/package.ps1'
[3.230s] INFO:colcon.colcon_core.shell:Creating package descriptor '/home/klo40/ESDA_onboarding/install/waypoint_pub/share/waypoint_pub/package.dsv'
[3.235s] INFO:colcon.colcon_core.shell:Creating package script '/home/klo40/ESDA_onboarding/install/waypoint_pub/share/waypoint_pub/package.sh'
[3.242s] INFO:colcon.colcon_core.shell:Creating package script '/home/klo40/ESDA_onboarding/install/waypoint_pub/share/waypoint_pub/package.bash'
[3.243s] INFO:colcon.colcon_core.shell:Creating package script '/home/klo40/ESDA_onboarding/install/waypoint_pub/share/waypoint_pub/package.zsh'
[3.243s] Level 1:colcon.colcon_core.environment:create_file_with_runtime_dependencies(/home/klo40/ESDA_onboarding/install/waypoint_pub/share/colcon-core/packages/waypoint_pub)
[3.244s] DEBUG:colcon.colcon_parallel_executor.executor.parallel:closing loop
[3.244s] DEBUG:colcon.colcon_parallel_executor.executor.parallel:loop closed
[3.244s] DEBUG:colcon.colcon_parallel_executor.executor.parallel:run_until_complete finished with '0'
[3.244s] DEBUG:colcon.colcon_core.event_reactor:joining thread
[3.261s] INFO:colcon.colcon_core.plugin_system:Skipping extension 'colcon_notification.desktop_notification.terminal_notifier': Not used on non-Darwin systems
[3.261s] INFO:colcon.colcon_core.plugin_system:Skipping extension 'colcon_notification.desktop_notification.win32': Not used on non-Windows systems
[3.261s] INFO:colcon.colcon_notification.desktop_notification:Sending desktop notification using 'notify2'
[3.305s] DEBUG:colcon.colcon_core.event_reactor:joined thread
[3.306s] INFO:colcon.colcon_core.shell:Creating prefix script '/home/klo40/ESDA_onboarding/install/local_setup.ps1'
[3.307s] INFO:colcon.colcon_core.shell:Creating prefix util module '/home/klo40/ESDA_onboarding/install/_local_setup_util_ps1.py'
[3.309s] INFO:colcon.colcon_core.shell:Creating prefix chain script '/home/klo40/ESDA_onboarding/install/setup.ps1'
[3.310s] INFO:colcon.colcon_core.shell:Creating prefix script '/home/klo40/ESDA_onboarding/install/local_setup.sh'
[3.311s] INFO:colcon.colcon_core.shell:Creating prefix util module '/home/klo40/ESDA_onboarding/install/_local_setup_util_sh.py'
[3.311s] INFO:colcon.colcon_core.shell:Creating prefix chain script '/home/klo40/ESDA_onboarding/install/setup.sh'
[3.313s] INFO:colcon.colcon_core.shell:Creating prefix script '/home/klo40/ESDA_onboarding/install/local_setup.bash'
[3.313s] INFO:colcon.colcon_core.shell:Creating prefix chain script '/home/klo40/ESDA_onboarding/install/setup.bash'
[3.314s] INFO:colcon.colcon_core.shell:Creating prefix script '/home/klo40/ESDA_onboarding/install/local_setup.zsh'
[3.315s] INFO:colcon.colcon_core.shell:Creating prefix chain script '/home/klo40/ESDA_onboarding/install/setup.zsh'
