running egg_info
creating ../build/waypoint_pub/waypoint_pub.egg-info
writing ../build/waypoint_pub/waypoint_pub.egg-info/PKG-INFO
writing dependency_links to ../build/waypoint_pub/waypoint_pub.egg-info/dependency_links.txt
writing entry points to ../build/waypoint_pub/waypoint_pub.egg-info/entry_points.txt
writing requirements to ../build/waypoint_pub/waypoint_pub.egg-info/requires.txt
writing top-level names to ../build/waypoint_pub/waypoint_pub.egg-info/top_level.txt
writing manifest file '../build/waypoint_pub/waypoint_pub.egg-info/SOURCES.txt'
reading manifest file '../build/waypoint_pub/waypoint_pub.egg-info/SOURCES.txt'
writing manifest file '../build/waypoint_pub/waypoint_pub.egg-info/SOURCES.txt'
running build
running build_py
creating /home/yentung-yen/mcav/ESDA_onboarding/build/waypoint_pub/build
creating /home/yentung-yen/mcav/ESDA_onboarding/build/waypoint_pub/build/lib
creating /home/yentung-yen/mcav/ESDA_onboarding/build/waypoint_pub/build/lib/waypoint_pub
copying waypoint_pub/__init__.py -> /home/yentung-yen/mcav/ESDA_onboarding/build/waypoint_pub/build/lib/waypoint_pub
copying waypoint_pub/waypoint_publisher.py -> /home/yentung-yen/mcav/ESDA_onboarding/build/waypoint_pub/build/lib/waypoint_pub
running install
/usr/lib/python3/dist-packages/setuptools/command/install.py:34: SetuptoolsDeprecationWarning: setup.py install is deprecated. Use build and pip and other standards-based tools.
  warnings.warn(
running install_lib
creating /home/yentung-yen/mcav/ESDA_onboarding/install/waypoint_pub/lib/python3.10/site-packages/waypoint_pub
copying /home/yentung-yen/mcav/ESDA_onboarding/build/waypoint_pub/build/lib/waypoint_pub/__init__.py -> /home/yentung-yen/mcav/ESDA_onboarding/install/waypoint_pub/lib/python3.10/site-packages/waypoint_pub
copying /home/yentung-yen/mcav/ESDA_onboarding/build/waypoint_pub/build/lib/waypoint_pub/waypoint_publisher.py -> /home/yentung-yen/mcav/ESDA_onboarding/install/waypoint_pub/lib/python3.10/site-packages/waypoint_pub
byte-compiling /home/yentung-yen/mcav/ESDA_onboarding/install/waypoint_pub/lib/python3.10/site-packages/waypoint_pub/__init__.py to __init__.cpython-310.pyc
byte-compiling /home/yentung-yen/mcav/ESDA_onboarding/install/waypoint_pub/lib/python3.10/site-packages/waypoint_pub/waypoint_publisher.py to waypoint_publisher.cpython-310.pyc
running install_data
creating /home/yentung-yen/mcav/ESDA_onboarding/install/waypoint_pub/share/ament_index
creating /home/yentung-yen/mcav/ESDA_onboarding/install/waypoint_pub/share/ament_index/resource_index
creating /home/yentung-yen/mcav/ESDA_onboarding/install/waypoint_pub/share/ament_index/resource_index/packages
copying resource/waypoint_pub -> /home/yentung-yen/mcav/ESDA_onboarding/install/waypoint_pub/share/ament_index/resource_index/packages
copying package.xml -> /home/yentung-yen/mcav/ESDA_onboarding/install/waypoint_pub/share/waypoint_pub
running install_egg_info
Copying ../build/waypoint_pub/waypoint_pub.egg-info to /home/yentung-yen/mcav/ESDA_onboarding/install/waypoint_pub/lib/python3.10/site-packages/waypoint_pub-0.0.0-py3.10.egg-info
running install_scripts
Installing waypoint_pub script to /home/yentung-yen/mcav/ESDA_onboarding/install/waypoint_pub/lib/waypoint_pub
writing list of installed files to '/home/yentung-yen/mcav/ESDA_onboarding/build/waypoint_pub/install.log'
