[0.369s] Invoking command in '/home/yentung-yen/mcav/ESDA_onboarding/waypoint_pub': AMENT_PREFIX_PATH=/home/yentung-yen/mcav/ESDA_onboarding/install/custom_interfaces:${AMENT_PREFIX_PATH} CMAKE_PREFIX_PATH=/home/yentung-yen/mcav/ESDA_onboarding/install/custom_interfaces LD_LIBRARY_PATH=/home/yentung-yen/mcav/ESDA_onboarding/install/custom_interfaces/lib:${LD_LIBRARY_PATH} PYTHONPATH=/home/yentung-yen/mcav/ESDA_onboarding/build/waypoint_pub/prefix_override:/home/yentung-yen/mcav/ESDA_onboarding/install/waypoint_pub/lib/python3.10/site-packages:/home/yentung-yen/mcav/ESDA_onboarding/install/custom_interfaces/local/lib/python3.10/dist-packages:${PYTHONPATH} /usr/bin/python3 setup.py egg_info --egg-base ../build/waypoint_pub build --build-base /home/yentung-yen/mcav/ESDA_onboarding/build/waypoint_pub/build install --record /home/yentung-yen/mcav/ESDA_onboarding/build/waypoint_pub/install.log --single-version-externally-managed
[0.503s] running egg_info
[0.503s] creating ../build/waypoint_pub/waypoint_pub.egg-info
[0.503s] writing ../build/waypoint_pub/waypoint_pub.egg-info/PKG-INFO
[0.504s] writing dependency_links to ../build/waypoint_pub/waypoint_pub.egg-info/dependency_links.txt
[0.504s] writing entry points to ../build/waypoint_pub/waypoint_pub.egg-info/entry_points.txt
[0.504s] writing requirements to ../build/waypoint_pub/waypoint_pub.egg-info/requires.txt
[0.504s] writing top-level names to ../build/waypoint_pub/waypoint_pub.egg-info/top_level.txt
[0.504s] writing manifest file '../build/waypoint_pub/waypoint_pub.egg-info/SOURCES.txt'
[0.505s] reading manifest file '../build/waypoint_pub/waypoint_pub.egg-info/SOURCES.txt'
[0.505s] writing manifest file '../build/waypoint_pub/waypoint_pub.egg-info/SOURCES.txt'
[0.505s] running build
[0.505s] running build_py
[0.505s] creating /home/yentung-yen/mcav/ESDA_onboarding/build/waypoint_pub/build
[0.505s] creating /home/yentung-yen/mcav/ESDA_onboarding/build/waypoint_pub/build/lib
[0.506s] creating /home/yentung-yen/mcav/ESDA_onboarding/build/waypoint_pub/build/lib/waypoint_pub
[0.506s] copying waypoint_pub/__init__.py -> /home/yentung-yen/mcav/ESDA_onboarding/build/waypoint_pub/build/lib/waypoint_pub
[0.506s] copying waypoint_pub/waypoint_publisher.py -> /home/yentung-yen/mcav/ESDA_onboarding/build/waypoint_pub/build/lib/waypoint_pub
[0.506s] running install
[0.506s] /usr/lib/python3/dist-packages/setuptools/command/install.py:34: SetuptoolsDeprecationWarning: setup.py install is deprecated. Use build and pip and other standards-based tools.
[0.506s]   warnings.warn(
[0.506s] running install_lib
[0.506s] creating /home/yentung-yen/mcav/ESDA_onboarding/install/waypoint_pub/lib/python3.10/site-packages/waypoint_pub
[0.506s] copying /home/yentung-yen/mcav/ESDA_onboarding/build/waypoint_pub/build/lib/waypoint_pub/__init__.py -> /home/yentung-yen/mcav/ESDA_onboarding/install/waypoint_pub/lib/python3.10/site-packages/waypoint_pub
[0.506s] copying /home/yentung-yen/mcav/ESDA_onboarding/build/waypoint_pub/build/lib/waypoint_pub/waypoint_publisher.py -> /home/yentung-yen/mcav/ESDA_onboarding/install/waypoint_pub/lib/python3.10/site-packages/waypoint_pub
[0.506s] byte-compiling /home/yentung-yen/mcav/ESDA_onboarding/install/waypoint_pub/lib/python3.10/site-packages/waypoint_pub/__init__.py to __init__.cpython-310.pyc
[0.507s] byte-compiling /home/yentung-yen/mcav/ESDA_onboarding/install/waypoint_pub/lib/python3.10/site-packages/waypoint_pub/waypoint_publisher.py to waypoint_publisher.cpython-310.pyc
[0.507s] running install_data
[0.507s] creating /home/yentung-yen/mcav/ESDA_onboarding/install/waypoint_pub/share/ament_index
[0.507s] creating /home/yentung-yen/mcav/ESDA_onboarding/install/waypoint_pub/share/ament_index/resource_index
[0.507s] creating /home/yentung-yen/mcav/ESDA_onboarding/install/waypoint_pub/share/ament_index/resource_index/packages
[0.507s] copying resource/waypoint_pub -> /home/yentung-yen/mcav/ESDA_onboarding/install/waypoint_pub/share/ament_index/resource_index/packages
[0.507s] copying package.xml -> /home/yentung-yen/mcav/ESDA_onboarding/install/waypoint_pub/share/waypoint_pub
[0.507s] running install_egg_info
[0.508s] Copying ../build/waypoint_pub/waypoint_pub.egg-info to /home/yentung-yen/mcav/ESDA_onboarding/install/waypoint_pub/lib/python3.10/site-packages/waypoint_pub-0.0.0-py3.10.egg-info
[0.508s] running install_scripts
[0.522s] Installing waypoint_pub script to /home/yentung-yen/mcav/ESDA_onboarding/install/waypoint_pub/lib/waypoint_pub
[0.523s] writing list of installed files to '/home/yentung-yen/mcav/ESDA_onboarding/build/waypoint_pub/install.log'
[0.545s] Invoked command in '/home/yentung-yen/mcav/ESDA_onboarding/waypoint_pub' returned '0': AMENT_PREFIX_PATH=/home/yentung-yen/mcav/ESDA_onboarding/install/custom_interfaces:${AMENT_PREFIX_PATH} CMAKE_PREFIX_PATH=/home/yentung-yen/mcav/ESDA_onboarding/install/custom_interfaces LD_LIBRARY_PATH=/home/yentung-yen/mcav/ESDA_onboarding/install/custom_interfaces/lib:${LD_LIBRARY_PATH} PYTHONPATH=/home/yentung-yen/mcav/ESDA_onboarding/build/waypoint_pub/prefix_override:/home/yentung-yen/mcav/ESDA_onboarding/install/waypoint_pub/lib/python3.10/site-packages:/home/yentung-yen/mcav/ESDA_onboarding/install/custom_interfaces/local/lib/python3.10/dist-packages:${PYTHONPATH} /usr/bin/python3 setup.py egg_info --egg-base ../build/waypoint_pub build --build-base /home/yentung-yen/mcav/ESDA_onboarding/build/waypoint_pub/build install --record /home/yentung-yen/mcav/ESDA_onboarding/build/waypoint_pub/install.log --single-version-externally-managed
