[0.423s] DEBUG:colcon:Command line arguments: ['/usr/bin/colcon', 'build']
[0.423s] DEBUG:colcon:Parsed command line arguments: Namespace(log_base=None, log_level=None, verb_name='build', build_base='build', install_base='install', merge_install=False, symlink_install=False, test_result_base=None, continue_on_error=False, executor='parallel', parallel_workers=16, event_handlers=None, ignore_user_meta=False, metas=['./colcon.meta'], base_paths=['.'], packages_ignore=None, packages_ignore_regex=None, paths=None, packages_up_to=None, packages_up_to_regex=None, packages_above=None, packages_above_and_dependencies=None, packages_above_depth=None, packages_select_by_dep=None, packages_skip_by_dep=None, packages_skip_up_to=None, packages_select_build_failed=False, packages_skip_build_finished=False, packages_select_test_failures=False, packages_skip_test_passed=False, packages_select=None, packages_skip=None, packages_select_regex=None, packages_skip_regex=None, packages_start=None, packages_end=None, allow_overriding=[], cmake_args=None, cmake_target=None, cmake_target_skip_unavailable=False, cmake_clean_cache=False, cmake_clean_first=False, cmake_force_configure=False, ament_cmake_args=None, catkin_cmake_args=None, catkin_skip_building_tests=False, verb_parser=<colcon_defaults.argument_parser.defaults.DefaultArgumentsDecorator object at 0x7f67640d8e80>, verb_extension=<colcon_core.verb.build.BuildVerb object at 0x7f67648edfc0>, main=<bound method BuildVerb.main of <colcon_core.verb.build.BuildVerb object at 0x7f67648edfc0>>)
[0.491s] Level 1:colcon.colcon_core.package_discovery:discover_packages(colcon_meta) check parameters
[0.491s] Level 1:colcon.colcon_core.package_discovery:discover_packages(recursive) check parameters
[0.491s] Level 1:colcon.colcon_core.package_discovery:discover_packages(ignore) check parameters
[0.491s] Level 1:colcon.colcon_core.package_discovery:discover_packages(path) check parameters
[0.491s] Level 1:colcon.colcon_core.package_discovery:discover_packages(colcon_meta) discover
[0.491s] Level 1:colcon.colcon_core.package_discovery:discover_packages(recursive) discover
[0.491s] INFO:colcon.colcon_core.package_discovery:Crawling recursively for packages in '/home/yentung-yen/mcav/ESDA_onboarding'
[0.491s] Level 1:colcon.colcon_core.package_identification:_identify(.) by extensions ['ignore', 'ignore_ament_install']
[0.491s] Level 1:colcon.colcon_core.package_identification:_identify(.) by extension 'ignore'
[0.491s] Level 1:colcon.colcon_core.package_identification:_identify(.) by extension 'ignore_ament_install'
[0.492s] Level 1:colcon.colcon_core.package_identification:_identify(.) by extensions ['colcon_pkg']
[0.492s] Level 1:colcon.colcon_core.package_identification:_identify(.) by extension 'colcon_pkg'
[0.492s] Level 1:colcon.colcon_core.package_identification:_identify(.) by extensions ['colcon_meta']
[0.492s] Level 1:colcon.colcon_core.package_identification:_identify(.) by extension 'colcon_meta'
[0.492s] Level 1:colcon.colcon_core.package_identification:_identify(.) by extensions ['ros']
[0.492s] Level 1:colcon.colcon_core.package_identification:_identify(.) by extension 'ros'
[0.500s] Level 1:colcon.colcon_core.package_identification:_identify(.) by extensions ['cmake', 'python']
[0.501s] Level 1:colcon.colcon_core.package_identification:_identify(.) by extension 'cmake'
[0.501s] Level 1:colcon.colcon_core.package_identification:_identify(.) by extension 'python'
[0.501s] Level 1:colcon.colcon_core.package_identification:_identify(.) by extensions ['python_setup_py']
[0.501s] Level 1:colcon.colcon_core.package_identification:_identify(.) by extension 'python_setup_py'
[0.501s] Level 1:colcon.colcon_core.package_identification:_identify(articubot_one) by extensions ['ignore', 'ignore_ament_install']
[0.501s] Level 1:colcon.colcon_core.package_identification:_identify(articubot_one) by extension 'ignore'
[0.501s] Level 1:colcon.colcon_core.package_identification:_identify(articubot_one) by extension 'ignore_ament_install'
[0.501s] Level 1:colcon.colcon_core.package_identification:_identify(articubot_one) by extensions ['colcon_pkg']
[0.501s] Level 1:colcon.colcon_core.package_identification:_identify(articubot_one) by extension 'colcon_pkg'
[0.501s] Level 1:colcon.colcon_core.package_identification:_identify(articubot_one) by extensions ['colcon_meta']
[0.501s] Level 1:colcon.colcon_core.package_identification:_identify(articubot_one) by extension 'colcon_meta'
[0.501s] Level 1:colcon.colcon_core.package_identification:_identify(articubot_one) by extensions ['ros']
[0.501s] Level 1:colcon.colcon_core.package_identification:_identify(articubot_one) by extension 'ros'
[0.503s] DEBUG:colcon.colcon_core.package_identification:Package 'articubot_one' with type 'ros.ament_cmake' and name 'articubot_one'
[0.503s] Level 1:colcon.colcon_core.package_identification:_identify(build) by extensions ['ignore', 'ignore_ament_install']
[0.503s] Level 1:colcon.colcon_core.package_identification:_identify(build) by extension 'ignore'
[0.504s] Level 1:colcon.colcon_core.package_identification:_identify(build) ignored
[0.504s] Level 1:colcon.colcon_core.package_identification:_identify(custom_interfaces) by extensions ['ignore', 'ignore_ament_install']
[0.504s] Level 1:colcon.colcon_core.package_identification:_identify(custom_interfaces) by extension 'ignore'
[0.504s] Level 1:colcon.colcon_core.package_identification:_identify(custom_interfaces) by extension 'ignore_ament_install'
[0.504s] Level 1:colcon.colcon_core.package_identification:_identify(custom_interfaces) by extensions ['colcon_pkg']
[0.504s] Level 1:colcon.colcon_core.package_identification:_identify(custom_interfaces) by extension 'colcon_pkg'
[0.504s] Level 1:colcon.colcon_core.package_identification:_identify(custom_interfaces) by extensions ['colcon_meta']
[0.504s] Level 1:colcon.colcon_core.package_identification:_identify(custom_interfaces) by extension 'colcon_meta'
[0.504s] Level 1:colcon.colcon_core.package_identification:_identify(custom_interfaces) by extensions ['ros']
[0.504s] Level 1:colcon.colcon_core.package_identification:_identify(custom_interfaces) by extension 'ros'
[0.505s] DEBUG:colcon.colcon_core.package_identification:Package 'custom_interfaces' with type 'ros.ament_cmake' and name 'custom_interfaces'
[0.505s] Level 1:colcon.colcon_core.package_identification:_identify(install) by extensions ['ignore', 'ignore_ament_install']
[0.505s] Level 1:colcon.colcon_core.package_identification:_identify(install) by extension 'ignore'
[0.505s] Level 1:colcon.colcon_core.package_identification:_identify(install) ignored
[0.505s] Level 1:colcon.colcon_core.package_identification:_identify(log) by extensions ['ignore', 'ignore_ament_install']
[0.505s] Level 1:colcon.colcon_core.package_identification:_identify(log) by extension 'ignore'
[0.505s] Level 1:colcon.colcon_core.package_identification:_identify(log) ignored
[0.505s] Level 1:colcon.colcon_core.package_identification:_identify(onboarding_task1) by extensions ['ignore', 'ignore_ament_install']
[0.505s] Level 1:colcon.colcon_core.package_identification:_identify(onboarding_task1) by extension 'ignore'
[0.505s] Level 1:colcon.colcon_core.package_identification:_identify(onboarding_task1) by extension 'ignore_ament_install'
[0.505s] Level 1:colcon.colcon_core.package_identification:_identify(onboarding_task1) by extensions ['colcon_pkg']
[0.505s] Level 1:colcon.colcon_core.package_identification:_identify(onboarding_task1) by extension 'colcon_pkg'
[0.505s] Level 1:colcon.colcon_core.package_identification:_identify(onboarding_task1) by extensions ['colcon_meta']
[0.505s] Level 1:colcon.colcon_core.package_identification:_identify(onboarding_task1) by extension 'colcon_meta'
[0.505s] Level 1:colcon.colcon_core.package_identification:_identify(onboarding_task1) by extensions ['ros']
[0.505s] Level 1:colcon.colcon_core.package_identification:_identify(onboarding_task1) by extension 'ros'
[0.506s] DEBUG:colcon.colcon_core.package_identification:Package 'onboarding_task1' with type 'ros.ament_python' and name 'onboarding_task1'
[0.506s] Level 1:colcon.colcon_core.package_identification:_identify(waypoint_pub) by extensions ['ignore', 'ignore_ament_install']
[0.506s] Level 1:colcon.colcon_core.package_identification:_identify(waypoint_pub) by extension 'ignore'
[0.506s] Level 1:colcon.colcon_core.package_identification:_identify(waypoint_pub) by extension 'ignore_ament_install'
[0.506s] Level 1:colcon.colcon_core.package_identification:_identify(waypoint_pub) by extensions ['colcon_pkg']
[0.506s] Level 1:colcon.colcon_core.package_identification:_identify(waypoint_pub) by extension 'colcon_pkg'
[0.506s] Level 1:colcon.colcon_core.package_identification:_identify(waypoint_pub) by extensions ['colcon_meta']
[0.506s] Level 1:colcon.colcon_core.package_identification:_identify(waypoint_pub) by extension 'colcon_meta'
[0.506s] Level 1:colcon.colcon_core.package_identification:_identify(waypoint_pub) by extensions ['ros']
[0.506s] Level 1:colcon.colcon_core.package_identification:_identify(waypoint_pub) by extension 'ros'
[0.507s] DEBUG:colcon.colcon_core.package_identification:Package 'waypoint_pub' with type 'ros.ament_python' and name 'waypoint_pub'
[0.507s] Level 1:colcon.colcon_core.package_discovery:discover_packages(recursive) using defaults
[0.507s] Level 1:colcon.colcon_core.package_discovery:discover_packages(ignore) discover
[0.507s] Level 1:colcon.colcon_core.package_discovery:discover_packages(ignore) using defaults
[0.507s] Level 1:colcon.colcon_core.package_discovery:discover_packages(path) discover
[0.507s] Level 1:colcon.colcon_core.package_discovery:discover_packages(path) using defaults
[0.538s] Level 1:colcon.colcon_core.package_discovery:discover_packages(prefix_path) check parameters
[0.538s] Level 1:colcon.colcon_core.package_discovery:discover_packages(prefix_path) discover
[0.542s] DEBUG:colcon.colcon_installed_package_information.package_discovery:Found 297 installed packages in /opt/ros/humble
[0.542s] Level 1:colcon.colcon_core.package_discovery:discover_packages(prefix_path) using defaults
[0.582s] Level 5:colcon.colcon_core.verb:set package 'articubot_one' build argument 'cmake_args' from command line to 'None'
[0.582s] Level 5:colcon.colcon_core.verb:set package 'articubot_one' build argument 'cmake_target' from command line to 'None'
[0.582s] Level 5:colcon.colcon_core.verb:set package 'articubot_one' build argument 'cmake_target_skip_unavailable' from command line to 'False'
[0.582s] Level 5:colcon.colcon_core.verb:set package 'articubot_one' build argument 'cmake_clean_cache' from command line to 'False'
[0.582s] Level 5:colcon.colcon_core.verb:set package 'articubot_one' build argument 'cmake_clean_first' from command line to 'False'
[0.582s] Level 5:colcon.colcon_core.verb:set package 'articubot_one' build argument 'cmake_force_configure' from command line to 'False'
[0.582s] Level 5:colcon.colcon_core.verb:set package 'articubot_one' build argument 'ament_cmake_args' from command line to 'None'
[0.582s] Level 5:colcon.colcon_core.verb:set package 'articubot_one' build argument 'catkin_cmake_args' from command line to 'None'
[0.582s] Level 5:colcon.colcon_core.verb:set package 'articubot_one' build argument 'catkin_skip_building_tests' from command line to 'False'
[0.582s] DEBUG:colcon.colcon_core.verb:Building package 'articubot_one' with the following arguments: {'ament_cmake_args': None, 'build_base': '/home/yentung-yen/mcav/ESDA_onboarding/build/articubot_one', 'catkin_cmake_args': None, 'catkin_skip_building_tests': False, 'cmake_args': None, 'cmake_clean_cache': False, 'cmake_clean_first': False, 'cmake_force_configure': False, 'cmake_target': None, 'cmake_target_skip_unavailable': False, 'install_base': '/home/yentung-yen/mcav/ESDA_onboarding/install/articubot_one', 'merge_install': False, 'path': '/home/yentung-yen/mcav/ESDA_onboarding/articubot_one', 'symlink_install': False, 'test_result_base': None}
[0.582s] Level 5:colcon.colcon_core.verb:set package 'custom_interfaces' build argument 'cmake_args' from command line to 'None'
[0.582s] Level 5:colcon.colcon_core.verb:set package 'custom_interfaces' build argument 'cmake_target' from command line to 'None'
[0.582s] Level 5:colcon.colcon_core.verb:set package 'custom_interfaces' build argument 'cmake_target_skip_unavailable' from command line to 'False'
[0.582s] Level 5:colcon.colcon_core.verb:set package 'custom_interfaces' build argument 'cmake_clean_cache' from command line to 'False'
[0.582s] Level 5:colcon.colcon_core.verb:set package 'custom_interfaces' build argument 'cmake_clean_first' from command line to 'False'
[0.582s] Level 5:colcon.colcon_core.verb:set package 'custom_interfaces' build argument 'cmake_force_configure' from command line to 'False'
[0.582s] Level 5:colcon.colcon_core.verb:set package 'custom_interfaces' build argument 'ament_cmake_args' from command line to 'None'
[0.582s] Level 5:colcon.colcon_core.verb:set package 'custom_interfaces' build argument 'catkin_cmake_args' from command line to 'None'
[0.582s] Level 5:colcon.colcon_core.verb:set package 'custom_interfaces' build argument 'catkin_skip_building_tests' from command line to 'False'
[0.582s] DEBUG:colcon.colcon_core.verb:Building package 'custom_interfaces' with the following arguments: {'ament_cmake_args': None, 'build_base': '/home/yentung-yen/mcav/ESDA_onboarding/build/custom_interfaces', 'catkin_cmake_args': None, 'catkin_skip_building_tests': False, 'cmake_args': None, 'cmake_clean_cache': False, 'cmake_clean_first': False, 'cmake_force_configure': False, 'cmake_target': None, 'cmake_target_skip_unavailable': False, 'install_base': '/home/yentung-yen/mcav/ESDA_onboarding/install/custom_interfaces', 'merge_install': False, 'path': '/home/yentung-yen/mcav/ESDA_onboarding/custom_interfaces', 'symlink_install': False, 'test_result_base': None}
[0.583s] Level 5:colcon.colcon_core.verb:set package 'onboarding_task1' build argument 'cmake_args' from command line to 'None'
[0.583s] Level 5:colcon.colcon_core.verb:set package 'onboarding_task1' build argument 'cmake_target' from command line to 'None'
[0.583s] Level 5:colcon.colcon_core.verb:set package 'onboarding_task1' build argument 'cmake_target_skip_unavailable' from command line to 'False'
[0.583s] Level 5:colcon.colcon_core.verb:set package 'onboarding_task1' build argument 'cmake_clean_cache' from command line to 'False'
[0.583s] Level 5:colcon.colcon_core.verb:set package 'onboarding_task1' build argument 'cmake_clean_first' from command line to 'False'
[0.583s] Level 5:colcon.colcon_core.verb:set package 'onboarding_task1' build argument 'cmake_force_configure' from command line to 'False'
[0.583s] Level 5:colcon.colcon_core.verb:set package 'onboarding_task1' build argument 'ament_cmake_args' from command line to 'None'
[0.583s] Level 5:colcon.colcon_core.verb:set package 'onboarding_task1' build argument 'catkin_cmake_args' from command line to 'None'
[0.583s] Level 5:colcon.colcon_core.verb:set package 'onboarding_task1' build argument 'catkin_skip_building_tests' from command line to 'False'
[0.583s] DEBUG:colcon.colcon_core.verb:Building package 'onboarding_task1' with the following arguments: {'ament_cmake_args': None, 'build_base': '/home/yentung-yen/mcav/ESDA_onboarding/build/onboarding_task1', 'catkin_cmake_args': None, 'catkin_skip_building_tests': False, 'cmake_args': None, 'cmake_clean_cache': False, 'cmake_clean_first': False, 'cmake_force_configure': False, 'cmake_target': None, 'cmake_target_skip_unavailable': False, 'install_base': '/home/yentung-yen/mcav/ESDA_onboarding/install/onboarding_task1', 'merge_install': False, 'path': '/home/yentung-yen/mcav/ESDA_onboarding/onboarding_task1', 'symlink_install': False, 'test_result_base': None}
[0.584s] Level 5:colcon.colcon_core.verb:set package 'waypoint_pub' build argument 'cmake_args' from command line to 'None'
[0.584s] Level 5:colcon.colcon_core.verb:set package 'waypoint_pub' build argument 'cmake_target' from command line to 'None'
[0.584s] Level 5:colcon.colcon_core.verb:set package 'waypoint_pub' build argument 'cmake_target_skip_unavailable' from command line to 'False'
[0.584s] Level 5:colcon.colcon_core.verb:set package 'waypoint_pub' build argument 'cmake_clean_cache' from command line to 'False'
[0.584s] Level 5:colcon.colcon_core.verb:set package 'waypoint_pub' build argument 'cmake_clean_first' from command line to 'False'
[0.584s] Level 5:colcon.colcon_core.verb:set package 'waypoint_pub' build argument 'cmake_force_configure' from command line to 'False'
[0.584s] Level 5:colcon.colcon_core.verb:set package 'waypoint_pub' build argument 'ament_cmake_args' from command line to 'None'
[0.584s] Level 5:colcon.colcon_core.verb:set package 'waypoint_pub' build argument 'catkin_cmake_args' from command line to 'None'
[0.584s] Level 5:colcon.colcon_core.verb:set package 'waypoint_pub' build argument 'catkin_skip_building_tests' from command line to 'False'
[0.584s] DEBUG:colcon.colcon_core.verb:Building package 'waypoint_pub' with the following arguments: {'ament_cmake_args': None, 'build_base': '/home/yentung-yen/mcav/ESDA_onboarding/build/waypoint_pub', 'catkin_cmake_args': None, 'catkin_skip_building_tests': False, 'cmake_args': None, 'cmake_clean_cache': False, 'cmake_clean_first': False, 'cmake_force_configure': False, 'cmake_target': None, 'cmake_target_skip_unavailable': False, 'install_base': '/home/yentung-yen/mcav/ESDA_onboarding/install/waypoint_pub', 'merge_install': False, 'path': '/home/yentung-yen/mcav/ESDA_onboarding/waypoint_pub', 'symlink_install': False, 'test_result_base': None}
[0.584s] INFO:colcon.colcon_core.executor:Executing jobs using 'parallel' executor
[0.586s] DEBUG:colcon.colcon_parallel_executor.executor.parallel:run_until_complete
[0.587s] INFO:colcon.colcon_ros.task.ament_cmake.build:Building ROS package in '/home/yentung-yen/mcav/ESDA_onboarding/custom_interfaces' with build type 'ament_cmake'
[0.587s] INFO:colcon.colcon_cmake.task.cmake.build:Building CMake package in '/home/yentung-yen/mcav/ESDA_onboarding/custom_interfaces'
[0.593s] INFO:colcon.colcon_core.plugin_system:Skipping extension 'colcon_core.shell.bat': Not used on non-Windows systems
[0.593s] INFO:colcon.colcon_core.shell:Skip shell extension 'powershell' for command environment: Not usable outside of PowerShell
[0.594s] DEBUG:colcon.colcon_core.shell:Skip shell extension 'dsv' for command environment
[0.596s] INFO:colcon.colcon_ros.task.ament_cmake.build:Building ROS package in '/home/yentung-yen/mcav/ESDA_onboarding/articubot_one' with build type 'ament_cmake'
[0.596s] INFO:colcon.colcon_cmake.task.cmake.build:Building CMake package in '/home/yentung-yen/mcav/ESDA_onboarding/articubot_one'
[0.597s] INFO:colcon.colcon_core.shell:Skip shell extension 'powershell' for command environment: Not usable outside of PowerShell
[0.597s] DEBUG:colcon.colcon_core.shell:Skip shell extension 'dsv' for command environment
[0.599s] INFO:colcon.colcon_ros.task.ament_python.build:Building ROS package in '/home/yentung-yen/mcav/ESDA_onboarding/onboarding_task1' with build type 'ament_python'
[0.599s] Level 1:colcon.colcon_core.shell:create_environment_hook('onboarding_task1', 'ament_prefix_path')
[0.600s] INFO:colcon.colcon_core.shell:Creating environment hook '/home/yentung-yen/mcav/ESDA_onboarding/install/onboarding_task1/share/onboarding_task1/hook/ament_prefix_path.ps1'
[0.601s] INFO:colcon.colcon_core.shell:Creating environment descriptor '/home/yentung-yen/mcav/ESDA_onboarding/install/onboarding_task1/share/onboarding_task1/hook/ament_prefix_path.dsv'
[0.601s] INFO:colcon.colcon_core.shell:Creating environment hook '/home/yentung-yen/mcav/ESDA_onboarding/install/onboarding_task1/share/onboarding_task1/hook/ament_prefix_path.sh'
[0.602s] INFO:colcon.colcon_core.shell:Skip shell extension 'powershell' for command environment: Not usable outside of PowerShell
[0.602s] DEBUG:colcon.colcon_core.shell:Skip shell extension 'dsv' for command environment
[0.606s] DEBUG:colcon.colcon_core.event_handler.log_command:Invoking command in '/home/yentung-yen/mcav/ESDA_onboarding/build/custom_interfaces': CMAKE_PREFIX_PATH=/opt/ros/humble /usr/bin/cmake /home/yentung-yen/mcav/ESDA_onboarding/custom_interfaces -DCMAKE_INSTALL_PREFIX=/home/yentung-yen/mcav/ESDA_onboarding/install/custom_interfaces
[0.612s] DEBUG:colcon.colcon_core.event_handler.log_command:Invoking command in '/home/yentung-yen/mcav/ESDA_onboarding/build/articubot_one': CMAKE_PREFIX_PATH=/opt/ros/humble /usr/bin/cmake /home/yentung-yen/mcav/ESDA_onboarding/articubot_one -DCMAKE_INSTALL_PREFIX=/home/yentung-yen/mcav/ESDA_onboarding/install/articubot_one
[0.786s] INFO:colcon.colcon_core.task.python.build:Building Python package in '/home/yentung-yen/mcav/ESDA_onboarding/onboarding_task1'
[0.787s] INFO:colcon.colcon_core.shell:Skip shell extension 'powershell' for command environment: Not usable outside of PowerShell
[0.787s] DEBUG:colcon.colcon_core.shell:Skip shell extension 'dsv' for command environment
[1.043s] DEBUG:colcon.colcon_core.event_handler.log_command:Invoking command in '/home/yentung-yen/mcav/ESDA_onboarding/onboarding_task1': PYTHONPATH=/home/yentung-yen/mcav/ESDA_onboarding/build/onboarding_task1/prefix_override:/home/yentung-yen/mcav/ESDA_onboarding/install/onboarding_task1/lib/python3.10/site-packages:${PYTHONPATH} /usr/bin/python3 setup.py egg_info --egg-base ../build/onboarding_task1 build --build-base /home/yentung-yen/mcav/ESDA_onboarding/build/onboarding_task1/build install --record /home/yentung-yen/mcav/ESDA_onboarding/build/onboarding_task1/install.log --single-version-externally-managed
[1.235s] DEBUG:colcon.colcon_core.event_handler.log_command:Invoked command in '/home/yentung-yen/mcav/ESDA_onboarding/onboarding_task1' returned '0': PYTHONPATH=/home/yentung-yen/mcav/ESDA_onboarding/build/onboarding_task1/prefix_override:/home/yentung-yen/mcav/ESDA_onboarding/install/onboarding_task1/lib/python3.10/site-packages:${PYTHONPATH} /usr/bin/python3 setup.py egg_info --egg-base ../build/onboarding_task1 build --build-base /home/yentung-yen/mcav/ESDA_onboarding/build/onboarding_task1/build install --record /home/yentung-yen/mcav/ESDA_onboarding/build/onboarding_task1/install.log --single-version-externally-managed
[1.243s] Level 1:colcon.colcon_core.environment:checking '/home/yentung-yen/mcav/ESDA_onboarding/install/onboarding_task1' for CMake module files
[1.243s] Level 1:colcon.colcon_core.environment:checking '/home/yentung-yen/mcav/ESDA_onboarding/install/onboarding_task1' for CMake config files
[1.243s] Level 1:colcon.colcon_core.environment:checking '/home/yentung-yen/mcav/ESDA_onboarding/install/onboarding_task1/lib'
[1.243s] Level 1:colcon.colcon_core.environment:checking '/home/yentung-yen/mcav/ESDA_onboarding/install/onboarding_task1/bin'
[1.244s] Level 1:colcon.colcon_core.environment:checking '/home/yentung-yen/mcav/ESDA_onboarding/install/onboarding_task1/lib/pkgconfig/onboarding_task1.pc'
[1.244s] Level 1:colcon.colcon_core.environment:checking '/home/yentung-yen/mcav/ESDA_onboarding/install/onboarding_task1/lib/python3.10/site-packages'
[1.244s] Level 1:colcon.colcon_core.shell:create_environment_hook('onboarding_task1', 'pythonpath')
[1.244s] INFO:colcon.colcon_core.shell:Creating environment hook '/home/yentung-yen/mcav/ESDA_onboarding/install/onboarding_task1/share/onboarding_task1/hook/pythonpath.ps1'
[1.245s] INFO:colcon.colcon_core.shell:Creating environment descriptor '/home/yentung-yen/mcav/ESDA_onboarding/install/onboarding_task1/share/onboarding_task1/hook/pythonpath.dsv'
[1.245s] INFO:colcon.colcon_core.shell:Creating environment hook '/home/yentung-yen/mcav/ESDA_onboarding/install/onboarding_task1/share/onboarding_task1/hook/pythonpath.sh'
[1.245s] Level 1:colcon.colcon_core.environment:checking '/home/yentung-yen/mcav/ESDA_onboarding/install/onboarding_task1/bin'
[1.245s] Level 1:colcon.colcon_core.environment:create_environment_scripts_only(onboarding_task1)
[1.246s] INFO:colcon.colcon_core.shell:Creating package script '/home/yentung-yen/mcav/ESDA_onboarding/install/onboarding_task1/share/onboarding_task1/package.ps1'
[1.248s] INFO:colcon.colcon_core.shell:Creating package descriptor '/home/yentung-yen/mcav/ESDA_onboarding/install/onboarding_task1/share/onboarding_task1/package.dsv'
[1.248s] INFO:colcon.colcon_core.shell:Creating package script '/home/yentung-yen/mcav/ESDA_onboarding/install/onboarding_task1/share/onboarding_task1/package.sh'
[1.249s] INFO:colcon.colcon_core.shell:Creating package script '/home/yentung-yen/mcav/ESDA_onboarding/install/onboarding_task1/share/onboarding_task1/package.bash'
[1.250s] INFO:colcon.colcon_core.shell:Creating package script '/home/yentung-yen/mcav/ESDA_onboarding/install/onboarding_task1/share/onboarding_task1/package.zsh'
[1.250s] Level 1:colcon.colcon_core.environment:create_file_with_runtime_dependencies(/home/yentung-yen/mcav/ESDA_onboarding/install/onboarding_task1/share/colcon-core/packages/onboarding_task1)
[1.354s] DEBUG:colcon.colcon_core.event_handler.log_command:Invoked command in '/home/yentung-yen/mcav/ESDA_onboarding/build/articubot_one' returned '0': CMAKE_PREFIX_PATH=/opt/ros/humble /usr/bin/cmake /home/yentung-yen/mcav/ESDA_onboarding/articubot_one -DCMAKE_INSTALL_PREFIX=/home/yentung-yen/mcav/ESDA_onboarding/install/articubot_one
[1.355s] DEBUG:colcon.colcon_core.event_handler.log_command:Invoking command in '/home/yentung-yen/mcav/ESDA_onboarding/build/articubot_one': CMAKE_PREFIX_PATH=/opt/ros/humble /usr/bin/cmake --build /home/yentung-yen/mcav/ESDA_onboarding/build/articubot_one -- -j16 -l16
[1.383s] DEBUG:colcon.colcon_core.event_handler.log_command:Invoked command in '/home/yentung-yen/mcav/ESDA_onboarding/build/articubot_one' returned '0': CMAKE_PREFIX_PATH=/opt/ros/humble /usr/bin/cmake --build /home/yentung-yen/mcav/ESDA_onboarding/build/articubot_one -- -j16 -l16
[1.401s] DEBUG:colcon.colcon_core.event_handler.log_command:Invoking command in '/home/yentung-yen/mcav/ESDA_onboarding/build/articubot_one': CMAKE_PREFIX_PATH=/opt/ros/humble /usr/bin/cmake --install /home/yentung-yen/mcav/ESDA_onboarding/build/articubot_one
[1.409s] Level 1:colcon.colcon_core.environment:create_environment_scripts_only(articubot_one)
[1.410s] Level 1:colcon.colcon_core.environment:checking '/home/yentung-yen/mcav/ESDA_onboarding/install/articubot_one' for CMake module files
[1.411s] DEBUG:colcon.colcon_core.event_handler.log_command:Invoked command in '/home/yentung-yen/mcav/ESDA_onboarding/build/articubot_one' returned '0': CMAKE_PREFIX_PATH=/opt/ros/humble /usr/bin/cmake --install /home/yentung-yen/mcav/ESDA_onboarding/build/articubot_one
[1.411s] Level 1:colcon.colcon_core.environment:checking '/home/yentung-yen/mcav/ESDA_onboarding/install/articubot_one' for CMake config files
[1.411s] Level 1:colcon.colcon_core.shell:create_environment_hook('articubot_one', 'cmake_prefix_path')
[1.412s] INFO:colcon.colcon_core.shell:Creating environment hook '/home/yentung-yen/mcav/ESDA_onboarding/install/articubot_one/share/articubot_one/hook/cmake_prefix_path.ps1'
[1.412s] INFO:colcon.colcon_core.shell:Creating environment descriptor '/home/yentung-yen/mcav/ESDA_onboarding/install/articubot_one/share/articubot_one/hook/cmake_prefix_path.dsv'
[1.412s] INFO:colcon.colcon_core.shell:Creating environment hook '/home/yentung-yen/mcav/ESDA_onboarding/install/articubot_one/share/articubot_one/hook/cmake_prefix_path.sh'
[1.413s] Level 1:colcon.colcon_core.environment:checking '/home/yentung-yen/mcav/ESDA_onboarding/install/articubot_one/bin'
[1.413s] Level 1:colcon.colcon_core.environment:checking '/home/yentung-yen/mcav/ESDA_onboarding/install/articubot_one/lib/pkgconfig/articubot_one.pc'
[1.413s] Level 1:colcon.colcon_core.environment:checking '/home/yentung-yen/mcav/ESDA_onboarding/install/articubot_one/lib/python3.10/site-packages'
[1.413s] Level 1:colcon.colcon_core.environment:checking '/home/yentung-yen/mcav/ESDA_onboarding/install/articubot_one/bin'
[1.414s] INFO:colcon.colcon_core.shell:Creating package script '/home/yentung-yen/mcav/ESDA_onboarding/install/articubot_one/share/articubot_one/package.ps1'
[1.414s] INFO:colcon.colcon_core.shell:Creating package descriptor '/home/yentung-yen/mcav/ESDA_onboarding/install/articubot_one/share/articubot_one/package.dsv'
[1.414s] INFO:colcon.colcon_core.shell:Creating package script '/home/yentung-yen/mcav/ESDA_onboarding/install/articubot_one/share/articubot_one/package.sh'
[1.414s] INFO:colcon.colcon_core.shell:Creating package script '/home/yentung-yen/mcav/ESDA_onboarding/install/articubot_one/share/articubot_one/package.bash'
[1.415s] INFO:colcon.colcon_core.shell:Creating package script '/home/yentung-yen/mcav/ESDA_onboarding/install/articubot_one/share/articubot_one/package.zsh'
[1.415s] Level 1:colcon.colcon_core.environment:create_file_with_runtime_dependencies(/home/yentung-yen/mcav/ESDA_onboarding/install/articubot_one/share/colcon-core/packages/articubot_one)
[1.429s] Level 1:colcon.colcon_core.environment:create_environment_scripts_only(articubot_one)
[1.430s] Level 1:colcon.colcon_core.environment:checking '/home/yentung-yen/mcav/ESDA_onboarding/install/articubot_one' for CMake module files
[1.430s] Level 1:colcon.colcon_core.environment:checking '/home/yentung-yen/mcav/ESDA_onboarding/install/articubot_one' for CMake config files
[1.430s] Level 1:colcon.colcon_core.shell:create_environment_hook('articubot_one', 'cmake_prefix_path')
[1.431s] INFO:colcon.colcon_core.shell:Creating environment hook '/home/yentung-yen/mcav/ESDA_onboarding/install/articubot_one/share/articubot_one/hook/cmake_prefix_path.ps1'
[1.431s] INFO:colcon.colcon_core.shell:Creating environment descriptor '/home/yentung-yen/mcav/ESDA_onboarding/install/articubot_one/share/articubot_one/hook/cmake_prefix_path.dsv'
[1.431s] INFO:colcon.colcon_core.shell:Creating environment hook '/home/yentung-yen/mcav/ESDA_onboarding/install/articubot_one/share/articubot_one/hook/cmake_prefix_path.sh'
[1.432s] Level 1:colcon.colcon_core.environment:checking '/home/yentung-yen/mcav/ESDA_onboarding/install/articubot_one/bin'
[1.432s] Level 1:colcon.colcon_core.environment:checking '/home/yentung-yen/mcav/ESDA_onboarding/install/articubot_one/lib/pkgconfig/articubot_one.pc'
[1.432s] Level 1:colcon.colcon_core.environment:checking '/home/yentung-yen/mcav/ESDA_onboarding/install/articubot_one/lib/python3.10/site-packages'
[1.432s] Level 1:colcon.colcon_core.environment:checking '/home/yentung-yen/mcav/ESDA_onboarding/install/articubot_one/bin'
[1.433s] INFO:colcon.colcon_core.shell:Creating package script '/home/yentung-yen/mcav/ESDA_onboarding/install/articubot_one/share/articubot_one/package.ps1'
[1.433s] INFO:colcon.colcon_core.shell:Creating package descriptor '/home/yentung-yen/mcav/ESDA_onboarding/install/articubot_one/share/articubot_one/package.dsv'
[1.433s] INFO:colcon.colcon_core.shell:Creating package script '/home/yentung-yen/mcav/ESDA_onboarding/install/articubot_one/share/articubot_one/package.sh'
[1.434s] INFO:colcon.colcon_core.shell:Creating package script '/home/yentung-yen/mcav/ESDA_onboarding/install/articubot_one/share/articubot_one/package.bash'
[1.434s] INFO:colcon.colcon_core.shell:Creating package script '/home/yentung-yen/mcav/ESDA_onboarding/install/articubot_one/share/articubot_one/package.zsh'
[1.434s] Level 1:colcon.colcon_core.environment:create_file_with_runtime_dependencies(/home/yentung-yen/mcav/ESDA_onboarding/install/articubot_one/share/colcon-core/packages/articubot_one)
[2.057s] DEBUG:colcon.colcon_core.event_handler.log_command:Invoked command in '/home/yentung-yen/mcav/ESDA_onboarding/build/custom_interfaces' returned '0': CMAKE_PREFIX_PATH=/opt/ros/humble /usr/bin/cmake /home/yentung-yen/mcav/ESDA_onboarding/custom_interfaces -DCMAKE_INSTALL_PREFIX=/home/yentung-yen/mcav/ESDA_onboarding/install/custom_interfaces
[2.057s] DEBUG:colcon.colcon_core.event_handler.log_command:Invoking command in '/home/yentung-yen/mcav/ESDA_onboarding/build/custom_interfaces': CMAKE_PREFIX_PATH=/opt/ros/humble /usr/bin/cmake --build /home/yentung-yen/mcav/ESDA_onboarding/build/custom_interfaces -- -j16 -l16
[3.270s] DEBUG:colcon.colcon_core.event_handler.log_command:Invoked command in '/home/yentung-yen/mcav/ESDA_onboarding/build/custom_interfaces' returned '0': CMAKE_PREFIX_PATH=/opt/ros/humble /usr/bin/cmake --build /home/yentung-yen/mcav/ESDA_onboarding/build/custom_interfaces -- -j16 -l16
[3.335s] DEBUG:colcon.colcon_core.event_handler.log_command:Invoking command in '/home/yentung-yen/mcav/ESDA_onboarding/build/custom_interfaces': CMAKE_PREFIX_PATH=/opt/ros/humble /usr/bin/cmake --install /home/yentung-yen/mcav/ESDA_onboarding/build/custom_interfaces
[3.390s] Level 1:colcon.colcon_core.environment:create_environment_scripts_only(custom_interfaces)
[3.390s] DEBUG:colcon.colcon_core.event_handler.log_command:Invoked command in '/home/yentung-yen/mcav/ESDA_onboarding/build/custom_interfaces' returned '0': CMAKE_PREFIX_PATH=/opt/ros/humble /usr/bin/cmake --install /home/yentung-yen/mcav/ESDA_onboarding/build/custom_interfaces
[3.392s] Level 1:colcon.colcon_core.environment:checking '/home/yentung-yen/mcav/ESDA_onboarding/install/custom_interfaces' for CMake module files
[3.393s] Level 1:colcon.colcon_core.environment:checking '/home/yentung-yen/mcav/ESDA_onboarding/install/custom_interfaces' for CMake config files
[3.393s] Level 1:colcon.colcon_core.shell:create_environment_hook('custom_interfaces', 'cmake_prefix_path')
[3.394s] INFO:colcon.colcon_core.shell:Creating environment hook '/home/yentung-yen/mcav/ESDA_onboarding/install/custom_interfaces/share/custom_interfaces/hook/cmake_prefix_path.ps1'
[3.395s] INFO:colcon.colcon_core.shell:Creating environment descriptor '/home/yentung-yen/mcav/ESDA_onboarding/install/custom_interfaces/share/custom_interfaces/hook/cmake_prefix_path.dsv'
[3.395s] INFO:colcon.colcon_core.shell:Creating environment hook '/home/yentung-yen/mcav/ESDA_onboarding/install/custom_interfaces/share/custom_interfaces/hook/cmake_prefix_path.sh'
[3.395s] Level 1:colcon.colcon_core.environment:checking '/home/yentung-yen/mcav/ESDA_onboarding/install/custom_interfaces/lib'
[3.395s] Level 1:colcon.colcon_core.shell:create_environment_hook('custom_interfaces', 'ld_library_path_lib')
[3.396s] INFO:colcon.colcon_core.shell:Creating environment hook '/home/yentung-yen/mcav/ESDA_onboarding/install/custom_interfaces/share/custom_interfaces/hook/ld_library_path_lib.ps1'
[3.396s] INFO:colcon.colcon_core.shell:Creating environment descriptor '/home/yentung-yen/mcav/ESDA_onboarding/install/custom_interfaces/share/custom_interfaces/hook/ld_library_path_lib.dsv'
[3.396s] INFO:colcon.colcon_core.shell:Creating environment hook '/home/yentung-yen/mcav/ESDA_onboarding/install/custom_interfaces/share/custom_interfaces/hook/ld_library_path_lib.sh'
[3.397s] Level 1:colcon.colcon_core.environment:checking '/home/yentung-yen/mcav/ESDA_onboarding/install/custom_interfaces/bin'
[3.397s] Level 1:colcon.colcon_core.environment:checking '/home/yentung-yen/mcav/ESDA_onboarding/install/custom_interfaces/lib/pkgconfig/custom_interfaces.pc'
[3.397s] Level 1:colcon.colcon_core.environment:checking '/home/yentung-yen/mcav/ESDA_onboarding/install/custom_interfaces/lib/python3.10/site-packages'
[3.397s] Level 1:colcon.colcon_core.environment:checking '/home/yentung-yen/mcav/ESDA_onboarding/install/custom_interfaces/bin'
[3.399s] INFO:colcon.colcon_core.shell:Creating package script '/home/yentung-yen/mcav/ESDA_onboarding/install/custom_interfaces/share/custom_interfaces/package.ps1'
[3.399s] INFO:colcon.colcon_core.shell:Creating package descriptor '/home/yentung-yen/mcav/ESDA_onboarding/install/custom_interfaces/share/custom_interfaces/package.dsv'
[3.400s] INFO:colcon.colcon_core.shell:Creating package script '/home/yentung-yen/mcav/ESDA_onboarding/install/custom_interfaces/share/custom_interfaces/package.sh'
[3.400s] INFO:colcon.colcon_core.shell:Creating package script '/home/yentung-yen/mcav/ESDA_onboarding/install/custom_interfaces/share/custom_interfaces/package.bash'
[3.400s] INFO:colcon.colcon_core.shell:Creating package script '/home/yentung-yen/mcav/ESDA_onboarding/install/custom_interfaces/share/custom_interfaces/package.zsh'
[3.400s] Level 1:colcon.colcon_core.environment:create_file_with_runtime_dependencies(/home/yentung-yen/mcav/ESDA_onboarding/install/custom_interfaces/share/colcon-core/packages/custom_interfaces)
[3.495s] Level 1:colcon.colcon_core.environment:create_environment_scripts_only(custom_interfaces)
[3.499s] Level 1:colcon.colcon_core.environment:checking '/home/yentung-yen/mcav/ESDA_onboarding/install/custom_interfaces' for CMake module files
[3.501s] Level 1:colcon.colcon_core.environment:checking '/home/yentung-yen/mcav/ESDA_onboarding/install/custom_interfaces' for CMake config files
[3.502s] Level 1:colcon.colcon_core.shell:create_environment_hook('custom_interfaces', 'cmake_prefix_path')
[3.505s] INFO:colcon.colcon_core.shell:Creating environment hook '/home/yentung-yen/mcav/ESDA_onboarding/install/custom_interfaces/share/custom_interfaces/hook/cmake_prefix_path.ps1'
[3.506s] INFO:colcon.colcon_core.shell:Creating environment descriptor '/home/yentung-yen/mcav/ESDA_onboarding/install/custom_interfaces/share/custom_interfaces/hook/cmake_prefix_path.dsv'
[3.507s] INFO:colcon.colcon_core.shell:Creating environment hook '/home/yentung-yen/mcav/ESDA_onboarding/install/custom_interfaces/share/custom_interfaces/hook/cmake_prefix_path.sh'
[3.508s] Level 1:colcon.colcon_core.environment:checking '/home/yentung-yen/mcav/ESDA_onboarding/install/custom_interfaces/lib'
[3.508s] Level 1:colcon.colcon_core.shell:create_environment_hook('custom_interfaces', 'ld_library_path_lib')
[3.510s] INFO:colcon.colcon_core.shell:Creating environment hook '/home/yentung-yen/mcav/ESDA_onboarding/install/custom_interfaces/share/custom_interfaces/hook/ld_library_path_lib.ps1'
[3.511s] INFO:colcon.colcon_core.shell:Creating environment descriptor '/home/yentung-yen/mcav/ESDA_onboarding/install/custom_interfaces/share/custom_interfaces/hook/ld_library_path_lib.dsv'
[3.511s] INFO:colcon.colcon_core.shell:Creating environment hook '/home/yentung-yen/mcav/ESDA_onboarding/install/custom_interfaces/share/custom_interfaces/hook/ld_library_path_lib.sh'
[3.512s] Level 1:colcon.colcon_core.environment:checking '/home/yentung-yen/mcav/ESDA_onboarding/install/custom_interfaces/bin'
[3.512s] Level 1:colcon.colcon_core.environment:checking '/home/yentung-yen/mcav/ESDA_onboarding/install/custom_interfaces/lib/pkgconfig/custom_interfaces.pc'
[3.512s] Level 1:colcon.colcon_core.environment:checking '/home/yentung-yen/mcav/ESDA_onboarding/install/custom_interfaces/lib/python3.10/site-packages'
[3.513s] Level 1:colcon.colcon_core.environment:checking '/home/yentung-yen/mcav/ESDA_onboarding/install/custom_interfaces/bin'
[3.515s] INFO:colcon.colcon_core.shell:Creating package script '/home/yentung-yen/mcav/ESDA_onboarding/install/custom_interfaces/share/custom_interfaces/package.ps1'
[3.516s] INFO:colcon.colcon_core.shell:Creating package descriptor '/home/yentung-yen/mcav/ESDA_onboarding/install/custom_interfaces/share/custom_interfaces/package.dsv'
[3.517s] INFO:colcon.colcon_core.shell:Creating package script '/home/yentung-yen/mcav/ESDA_onboarding/install/custom_interfaces/share/custom_interfaces/package.sh'
[3.518s] INFO:colcon.colcon_core.shell:Creating package script '/home/yentung-yen/mcav/ESDA_onboarding/install/custom_interfaces/share/custom_interfaces/package.bash'
[3.519s] INFO:colcon.colcon_core.shell:Creating package script '/home/yentung-yen/mcav/ESDA_onboarding/install/custom_interfaces/share/custom_interfaces/package.zsh'
[3.519s] Level 1:colcon.colcon_core.environment:create_file_with_runtime_dependencies(/home/yentung-yen/mcav/ESDA_onboarding/install/custom_interfaces/share/colcon-core/packages/custom_interfaces)
[3.520s] INFO:colcon.colcon_ros.task.ament_python.build:Building ROS package in '/home/yentung-yen/mcav/ESDA_onboarding/waypoint_pub' with build type 'ament_python'
[3.520s] Level 1:colcon.colcon_core.shell:create_environment_hook('waypoint_pub', 'ament_prefix_path')
[3.522s] INFO:colcon.colcon_core.shell:Creating environment hook '/home/yentung-yen/mcav/ESDA_onboarding/install/waypoint_pub/share/waypoint_pub/hook/ament_prefix_path.ps1'
[3.524s] INFO:colcon.colcon_core.shell:Creating environment descriptor '/home/yentung-yen/mcav/ESDA_onboarding/install/waypoint_pub/share/waypoint_pub/hook/ament_prefix_path.dsv'
[3.524s] INFO:colcon.colcon_core.shell:Creating environment hook '/home/yentung-yen/mcav/ESDA_onboarding/install/waypoint_pub/share/waypoint_pub/hook/ament_prefix_path.sh'
[3.525s] INFO:colcon.colcon_core.shell:Skip shell extension 'powershell' for command environment: Not usable outside of PowerShell
[3.525s] DEBUG:colcon.colcon_core.shell:Skip shell extension 'dsv' for command environment
[3.691s] INFO:colcon.colcon_core.task.python.build:Building Python package in '/home/yentung-yen/mcav/ESDA_onboarding/waypoint_pub'
[3.692s] INFO:colcon.colcon_core.shell:Skip shell extension 'powershell' for command environment: Not usable outside of PowerShell
[3.692s] DEBUG:colcon.colcon_core.shell:Skip shell extension 'dsv' for command environment
[3.893s] DEBUG:colcon.colcon_core.event_handler.log_command:Invoking command in '/home/yentung-yen/mcav/ESDA_onboarding/waypoint_pub': AMENT_PREFIX_PATH=/home/yentung-yen/mcav/ESDA_onboarding/install/custom_interfaces:${AMENT_PREFIX_PATH} CMAKE_PREFIX_PATH=/home/yentung-yen/mcav/ESDA_onboarding/install/custom_interfaces LD_LIBRARY_PATH=/home/yentung-yen/mcav/ESDA_onboarding/install/custom_interfaces/lib:${LD_LIBRARY_PATH} PYTHONPATH=/home/yentung-yen/mcav/ESDA_onboarding/build/waypoint_pub/prefix_override:/home/yentung-yen/mcav/ESDA_onboarding/install/waypoint_pub/lib/python3.10/site-packages:/home/yentung-yen/mcav/ESDA_onboarding/install/custom_interfaces/local/lib/python3.10/dist-packages:${PYTHONPATH} /usr/bin/python3 setup.py egg_info --egg-base ../build/waypoint_pub build --build-base /home/yentung-yen/mcav/ESDA_onboarding/build/waypoint_pub/build install --record /home/yentung-yen/mcav/ESDA_onboarding/build/waypoint_pub/install.log --single-version-externally-managed
[4.068s] Level 1:colcon.colcon_core.environment:checking '/home/yentung-yen/mcav/ESDA_onboarding/install/waypoint_pub' for CMake module files
[4.069s] DEBUG:colcon.colcon_core.event_handler.log_command:Invoked command in '/home/yentung-yen/mcav/ESDA_onboarding/waypoint_pub' returned '0': AMENT_PREFIX_PATH=/home/yentung-yen/mcav/ESDA_onboarding/install/custom_interfaces:${AMENT_PREFIX_PATH} CMAKE_PREFIX_PATH=/home/yentung-yen/mcav/ESDA_onboarding/install/custom_interfaces LD_LIBRARY_PATH=/home/yentung-yen/mcav/ESDA_onboarding/install/custom_interfaces/lib:${LD_LIBRARY_PATH} PYTHONPATH=/home/yentung-yen/mcav/ESDA_onboarding/build/waypoint_pub/prefix_override:/home/yentung-yen/mcav/ESDA_onboarding/install/waypoint_pub/lib/python3.10/site-packages:/home/yentung-yen/mcav/ESDA_onboarding/install/custom_interfaces/local/lib/python3.10/dist-packages:${PYTHONPATH} /usr/bin/python3 setup.py egg_info --egg-base ../build/waypoint_pub build --build-base /home/yentung-yen/mcav/ESDA_onboarding/build/waypoint_pub/build install --record /home/yentung-yen/mcav/ESDA_onboarding/build/waypoint_pub/install.log --single-version-externally-managed
[4.069s] Level 1:colcon.colcon_core.environment:checking '/home/yentung-yen/mcav/ESDA_onboarding/install/waypoint_pub' for CMake config files
[4.070s] Level 1:colcon.colcon_core.environment:checking '/home/yentung-yen/mcav/ESDA_onboarding/install/waypoint_pub/lib'
[4.070s] Level 1:colcon.colcon_core.environment:checking '/home/yentung-yen/mcav/ESDA_onboarding/install/waypoint_pub/bin'
[4.070s] Level 1:colcon.colcon_core.environment:checking '/home/yentung-yen/mcav/ESDA_onboarding/install/waypoint_pub/lib/pkgconfig/waypoint_pub.pc'
[4.070s] Level 1:colcon.colcon_core.environment:checking '/home/yentung-yen/mcav/ESDA_onboarding/install/waypoint_pub/lib/python3.10/site-packages'
[4.070s] Level 1:colcon.colcon_core.shell:create_environment_hook('waypoint_pub', 'pythonpath')
[4.071s] INFO:colcon.colcon_core.shell:Creating environment hook '/home/yentung-yen/mcav/ESDA_onboarding/install/waypoint_pub/share/waypoint_pub/hook/pythonpath.ps1'
[4.071s] INFO:colcon.colcon_core.shell:Creating environment descriptor '/home/yentung-yen/mcav/ESDA_onboarding/install/waypoint_pub/share/waypoint_pub/hook/pythonpath.dsv'
[4.071s] INFO:colcon.colcon_core.shell:Creating environment hook '/home/yentung-yen/mcav/ESDA_onboarding/install/waypoint_pub/share/waypoint_pub/hook/pythonpath.sh'
[4.072s] Level 1:colcon.colcon_core.environment:checking '/home/yentung-yen/mcav/ESDA_onboarding/install/waypoint_pub/bin'
[4.072s] Level 1:colcon.colcon_core.environment:create_environment_scripts_only(waypoint_pub)
[4.072s] INFO:colcon.colcon_core.shell:Creating package script '/home/yentung-yen/mcav/ESDA_onboarding/install/waypoint_pub/share/waypoint_pub/package.ps1'
[4.073s] INFO:colcon.colcon_core.shell:Creating package descriptor '/home/yentung-yen/mcav/ESDA_onboarding/install/waypoint_pub/share/waypoint_pub/package.dsv'
[4.073s] INFO:colcon.colcon_core.shell:Creating package script '/home/yentung-yen/mcav/ESDA_onboarding/install/waypoint_pub/share/waypoint_pub/package.sh'
[4.073s] INFO:colcon.colcon_core.shell:Creating package script '/home/yentung-yen/mcav/ESDA_onboarding/install/waypoint_pub/share/waypoint_pub/package.bash'
[4.073s] INFO:colcon.colcon_core.shell:Creating package script '/home/yentung-yen/mcav/ESDA_onboarding/install/waypoint_pub/share/waypoint_pub/package.zsh'
[4.073s] Level 1:colcon.colcon_core.environment:create_file_with_runtime_dependencies(/home/yentung-yen/mcav/ESDA_onboarding/install/waypoint_pub/share/colcon-core/packages/waypoint_pub)
[4.074s] DEBUG:colcon.colcon_parallel_executor.executor.parallel:closing loop
[4.074s] DEBUG:colcon.colcon_parallel_executor.executor.parallel:loop closed
[4.074s] DEBUG:colcon.colcon_parallel_executor.executor.parallel:run_until_complete finished with '0'
[4.074s] DEBUG:colcon.colcon_core.event_reactor:joining thread
[4.079s] INFO:colcon.colcon_core.plugin_system:Skipping extension 'colcon_notification.desktop_notification.terminal_notifier': Not used on non-Darwin systems
[4.079s] INFO:colcon.colcon_core.plugin_system:Skipping extension 'colcon_notification.desktop_notification.win32': Not used on non-Windows systems
[4.079s] INFO:colcon.colcon_notification.desktop_notification:Sending desktop notification using 'notify2'
[4.094s] DEBUG:colcon.colcon_core.event_reactor:joined thread
[4.096s] INFO:colcon.colcon_core.shell:Creating prefix script '/home/yentung-yen/mcav/ESDA_onboarding/install/local_setup.ps1'
[4.097s] INFO:colcon.colcon_core.shell:Creating prefix util module '/home/yentung-yen/mcav/ESDA_onboarding/install/_local_setup_util_ps1.py'
[4.098s] INFO:colcon.colcon_core.shell:Creating prefix chain script '/home/yentung-yen/mcav/ESDA_onboarding/install/setup.ps1'
[4.099s] INFO:colcon.colcon_core.shell:Creating prefix script '/home/yentung-yen/mcav/ESDA_onboarding/install/local_setup.sh'
[4.100s] INFO:colcon.colcon_core.shell:Creating prefix util module '/home/yentung-yen/mcav/ESDA_onboarding/install/_local_setup_util_sh.py'
[4.100s] INFO:colcon.colcon_core.shell:Creating prefix chain script '/home/yentung-yen/mcav/ESDA_onboarding/install/setup.sh'
[4.102s] INFO:colcon.colcon_core.shell:Creating prefix script '/home/yentung-yen/mcav/ESDA_onboarding/install/local_setup.bash'
[4.102s] INFO:colcon.colcon_core.shell:Creating prefix chain script '/home/yentung-yen/mcav/ESDA_onboarding/install/setup.bash'
[4.104s] INFO:colcon.colcon_core.shell:Creating prefix script '/home/yentung-yen/mcav/ESDA_onboarding/install/local_setup.zsh'
[4.104s] INFO:colcon.colcon_core.shell:Creating prefix chain script '/home/yentung-yen/mcav/ESDA_onboarding/install/setup.zsh'
