[0.695s] Invoking command in '/home/mcav/jpan/ESDA_onboarding/src/onboarding_task': PYTHONPATH=/home/mcav/jpan/ESDA_onboarding/build/onboarding_task/prefix_override:/home/mcav/jpan/ESDA_onboarding/install/onboarding_task/lib/python3.10/site-packages:${PYTHONPATH} /usr/bin/python3 setup.py egg_info --egg-base ../../build/onboarding_task build --build-base /home/mcav/jpan/ESDA_onboarding/build/onboarding_task/build install --record /home/mcav/jpan/ESDA_onboarding/build/onboarding_task/install.log --single-version-externally-managed
[0.948s] running egg_info
[0.949s] writing ../../build/onboarding_task/onboarding_task.egg-info/PKG-INFO
[0.950s] writing dependency_links to ../../build/onboarding_task/onboarding_task.egg-info/dependency_links.txt
[0.950s] writing entry points to ../../build/onboarding_task/onboarding_task.egg-info/entry_points.txt
[0.950s] writing requirements to ../../build/onboarding_task/onboarding_task.egg-info/requires.txt
[0.950s] writing top-level names to ../../build/onboarding_task/onboarding_task.egg-info/top_level.txt
[0.952s] reading manifest file '../../build/onboarding_task/onboarding_task.egg-info/SOURCES.txt'
[0.953s] writing manifest file '../../build/onboarding_task/onboarding_task.egg-info/SOURCES.txt'
[0.953s] running build
[0.954s] running build_py
[0.954s] running install
[0.954s] /usr/lib/python3/dist-packages/setuptools/command/install.py:34: SetuptoolsDeprecationWarning: setup.py install is deprecated. Use build and pip and other standards-based tools.
[0.954s]   warnings.warn(
[0.954s] running install_lib
[0.955s] running install_data
[0.956s] running install_egg_info
[0.957s] removing '/home/mcav/jpan/ESDA_onboarding/install/onboarding_task/lib/python3.10/site-packages/onboarding_task-0.0.0-py3.10.egg-info' (and everything under it)
[0.957s] Copying ../../build/onboarding_task/onboarding_task.egg-info to /home/mcav/jpan/ESDA_onboarding/install/onboarding_task/lib/python3.10/site-packages/onboarding_task-0.0.0-py3.10.egg-info
[0.958s] running install_scripts
[0.980s] Installing control script to /home/mcav/jpan/ESDA_onboarding/install/onboarding_task/lib/onboarding_task
[0.981s] writing list of installed files to '/home/mcav/jpan/ESDA_onboarding/build/onboarding_task/install.log'
[1.009s] Invoked command in '/home/mcav/jpan/ESDA_onboarding/src/onboarding_task' returned '0': PYTHONPATH=/home/mcav/jpan/ESDA_onboarding/build/onboarding_task/prefix_override:/home/mcav/jpan/ESDA_onboarding/install/onboarding_task/lib/python3.10/site-packages:${PYTHONPATH} /usr/bin/python3 setup.py egg_info --egg-base ../../build/onboarding_task build --build-base /home/mcav/jpan/ESDA_onboarding/build/onboarding_task/build install --record /home/mcav/jpan/ESDA_onboarding/build/onboarding_task/install.log --single-version-externally-managed
