[0.981s] Invoking command in '/home/klo40/ESDA_onboarding/onboarding_task1': AMENT_PREFIX_PATH=/home/klo40/ESDA_onboarding/install/custom_interfaces:${AMENT_PREFIX_PATH} CMAKE_PREFIX_PATH=/home/klo40/ESDA_onboarding/install/custom_interfaces LD_LIBRARY_PATH=/home/klo40/ESDA_onboarding/install/custom_interfaces/lib:${LD_LIBRARY_PATH} PYTHONPATH=/home/klo40/ESDA_onboarding/build/onboarding_task1/prefix_override:/home/klo40/ESDA_onboarding/install/onboarding_task1/lib/python3.10/site-packages:/home/klo40/ESDA_onboarding/install/custom_interfaces/local/lib/python3.10/dist-packages:${PYTHONPATH} /usr/bin/python3 setup.py egg_info --egg-base ../build/onboarding_task1 build --build-base /home/klo40/ESDA_onboarding/build/onboarding_task1/build install --record /home/klo40/ESDA_onboarding/build/onboarding_task1/install.log --single-version-externally-managed
[1.118s] running egg_info
[1.119s] writing ../build/onboarding_task1/onboarding_task1.egg-info/PKG-INFO
[1.121s] writing dependency_links to ../build/onboarding_task1/onboarding_task1.egg-info/dependency_links.txt
[1.122s] writing entry points to ../build/onboarding_task1/onboarding_task1.egg-info/entry_points.txt
[1.122s] writing requirements to ../build/onboarding_task1/onboarding_task1.egg-info/requires.txt
[1.123s] writing top-level names to ../build/onboarding_task1/onboarding_task1.egg-info/top_level.txt
[1.124s] reading manifest file '../build/onboarding_task1/onboarding_task1.egg-info/SOURCES.txt'
[1.126s] writing manifest file '../build/onboarding_task1/onboarding_task1.egg-info/SOURCES.txt'
[1.126s] running build
[1.126s] running build_py
[1.128s] copying onboarding_task1/controlwaypoint.py -> /home/klo40/ESDA_onboarding/build/onboarding_task1/build/lib/onboarding_task1
[1.129s] running install
[1.130s] /usr/lib/python3/dist-packages/setuptools/command/install.py:34: SetuptoolsDeprecationWarning: setup.py install is deprecated. Use build and pip and other standards-based tools.
[1.130s]   warnings.warn(
[1.131s] running install_lib
[1.132s] copying /home/klo40/ESDA_onboarding/build/onboarding_task1/build/lib/onboarding_task1/controlwaypoint.py -> /home/klo40/ESDA_onboarding/install/onboarding_task1/lib/python3.10/site-packages/onboarding_task1
[1.134s] byte-compiling /home/klo40/ESDA_onboarding/install/onboarding_task1/lib/python3.10/site-packages/onboarding_task1/controlwaypoint.py to controlwaypoint.cpython-310.pyc
[1.136s] running install_data
[1.141s] copying package.xml -> /home/klo40/ESDA_onboarding/install/onboarding_task1/share/onboarding_task1
[1.141s] running install_egg_info
[1.143s] removing '/home/klo40/ESDA_onboarding/install/onboarding_task1/lib/python3.10/site-packages/onboarding_task1-0.0.0-py3.10.egg-info' (and everything under it)
[1.144s] Copying ../build/onboarding_task1/onboarding_task1.egg-info to /home/klo40/ESDA_onboarding/install/onboarding_task1/lib/python3.10/site-packages/onboarding_task1-0.0.0-py3.10.egg-info
[1.146s] running install_scripts
[1.180s] Installing control_publisher script to /home/klo40/ESDA_onboarding/install/onboarding_task1/lib/onboarding_task1
[1.181s] Installing controlwaypoint script to /home/klo40/ESDA_onboarding/install/onboarding_task1/lib/onboarding_task1
[1.182s] Installing laser_to_grid script to /home/klo40/ESDA_onboarding/install/onboarding_task1/lib/onboarding_task1
[1.182s] Installing laserscan script to /home/klo40/ESDA_onboarding/install/onboarding_task1/lib/onboarding_task1
[1.182s] Installing trial script to /home/klo40/ESDA_onboarding/install/onboarding_task1/lib/onboarding_task1
[1.182s] writing list of installed files to '/home/klo40/ESDA_onboarding/build/onboarding_task1/install.log'
[1.208s] Invoked command in '/home/klo40/ESDA_onboarding/onboarding_task1' returned '0': AMENT_PREFIX_PATH=/home/klo40/ESDA_onboarding/install/custom_interfaces:${AMENT_PREFIX_PATH} CMAKE_PREFIX_PATH=/home/klo40/ESDA_onboarding/install/custom_interfaces LD_LIBRARY_PATH=/home/klo40/ESDA_onboarding/install/custom_interfaces/lib:${LD_LIBRARY_PATH} PYTHONPATH=/home/klo40/ESDA_onboarding/build/onboarding_task1/prefix_override:/home/klo40/ESDA_onboarding/install/onboarding_task1/lib/python3.10/site-packages:/home/klo40/ESDA_onboarding/install/custom_interfaces/local/lib/python3.10/dist-packages:${PYTHONPATH} /usr/bin/python3 setup.py egg_info --egg-base ../build/onboarding_task1 build --build-base /home/klo40/ESDA_onboarding/build/onboarding_task1/build install --record /home/klo40/ESDA_onboarding/build/onboarding_task1/install.log --single-version-externally-managed
