running egg_info
creating ../build/onboarding_task1/onboarding_task1.egg-info
writing ../build/onboarding_task1/onboarding_task1.egg-info/PKG-INFO
writing dependency_links to ../build/onboarding_task1/onboarding_task1.egg-info/dependency_links.txt
writing entry points to ../build/onboarding_task1/onboarding_task1.egg-info/entry_points.txt
writing requirements to ../build/onboarding_task1/onboarding_task1.egg-info/requires.txt
writing top-level names to ../build/onboarding_task1/onboarding_task1.egg-info/top_level.txt
writing manifest file '../build/onboarding_task1/onboarding_task1.egg-info/SOURCES.txt'
reading manifest file '../build/onboarding_task1/onboarding_task1.egg-info/SOURCES.txt'
writing manifest file '../build/onboarding_task1/onboarding_task1.egg-info/SOURCES.txt'
running build
running build_py
creating /home/yentung-yen/mcav/ESDA_onboarding/build/onboarding_task1/build
creating /home/yentung-yen/mcav/ESDA_onboarding/build/onboarding_task1/build/lib
creating /home/yentung-yen/mcav/ESDA_onboarding/build/onboarding_task1/build/lib/onboarding_task1
copying onboarding_task1/__init__.py -> /home/yentung-yen/mcav/ESDA_onboarding/build/onboarding_task1/build/lib/onboarding_task1
copying onboarding_task1/control.py -> /home/yentung-yen/mcav/ESDA_onboarding/build/onboarding_task1/build/lib/onboarding_task1
running install
running install_lib
creating /home/yentung-yen/mcav/ESDA_onboarding/install/onboarding_task1/lib/python3.10/site-packages/onboarding_task1
copying /home/yentung-yen/mcav/ESDA_onboarding/build/onboarding_task1/build/lib/onboarding_task1/__init__.py -> /home/yentung-yen/mcav/ESDA_onboarding/install/onboarding_task1/lib/python3.10/site-packages/onboarding_task1
copying /home/yentung-yen/mcav/ESDA_onboarding/build/onboarding_task1/build/lib/onboarding_task1/control.py -> /home/yentung-yen/mcav/ESDA_onboarding/install/onboarding_task1/lib/python3.10/site-packages/onboarding_task1
byte-compiling /home/yentung-yen/mcav/ESDA_onboarding/install/onboarding_task1/lib/python3.10/site-packages/onboarding_task1/__init__.py to __init__.cpython-310.pyc
byte-compiling /home/yentung-yen/mcav/ESDA_onboarding/install/onboarding_task1/lib/python3.10/site-packages/onboarding_task1/control.py to control.cpython-310.pyc
running install_data
creating /home/yentung-yen/mcav/ESDA_onboarding/install/onboarding_task1/share/ament_index
creating /home/yentung-yen/mcav/ESDA_onboarding/install/onboarding_task1/share/ament_index/resource_index
creating /home/yentung-yen/mcav/ESDA_onboarding/install/onboarding_task1/share/ament_index/resource_index/packages
copying resource/onboarding_task1 -> /home/yentung-yen/mcav/ESDA_onboarding/install/onboarding_task1/share/ament_index/resource_index/packages
copying package.xml -> /home/yentung-yen/mcav/ESDA_onboarding/install/onboarding_task1/share/onboarding_task1
running install_egg_info
Copying ../build/onboarding_task1/onboarding_task1.egg-info to /home/yentung-yen/mcav/ESDA_onboarding/install/onboarding_task1/lib/python3.10/site-packages/onboarding_task1-0.0.0-py3.10.egg-info
running install_scripts
Installing control_publisher script to /home/yentung-yen/mcav/ESDA_onboarding/install/onboarding_task1/lib/onboarding_task1
writing list of installed files to '/home/yentung-yen/mcav/ESDA_onboarding/build/onboarding_task1/install.log'
