[0.443s] Invoking command in '/home/yentung-yen/mcav/ESDA_onboarding/onboarding_task1': PYTHONPATH=/home/yentung-yen/mcav/ESDA_onboarding/build/onboarding_task1/prefix_override:/home/yentung-yen/mcav/ESDA_onboarding/install/onboarding_task1/lib/python3.10/site-packages:${PYTHONPATH} /usr/bin/python3 setup.py egg_info --egg-base ../build/onboarding_task1 build --build-base /home/yentung-yen/mcav/ESDA_onboarding/build/onboarding_task1/build install --record /home/yentung-yen/mcav/ESDA_onboarding/build/onboarding_task1/install.log --single-version-externally-managed
[0.599s] running egg_info
[0.599s] creating ../build/onboarding_task1/onboarding_task1.egg-info
[0.599s] writing ../build/onboarding_task1/onboarding_task1.egg-info/PKG-INFO
[0.599s] writing dependency_links to ../build/onboarding_task1/onboarding_task1.egg-info/dependency_links.txt
[0.599s] writing entry points to ../build/onboarding_task1/onboarding_task1.egg-info/entry_points.txt
[0.599s] writing requirements to ../build/onboarding_task1/onboarding_task1.egg-info/requires.txt
[0.599s] writing top-level names to ../build/onboarding_task1/onboarding_task1.egg-info/top_level.txt
[0.599s] writing manifest file '../build/onboarding_task1/onboarding_task1.egg-info/SOURCES.txt'
[0.601s] reading manifest file '../build/onboarding_task1/onboarding_task1.egg-info/SOURCES.txt'
[0.601s] writing manifest file '../build/onboarding_task1/onboarding_task1.egg-info/SOURCES.txt'
[0.601s] running build
[0.601s] running build_py
[0.601s] creating /home/yentung-yen/mcav/ESDA_onboarding/build/onboarding_task1/build
[0.601s] creating /home/yentung-yen/mcav/ESDA_onboarding/build/onboarding_task1/build/lib
[0.602s] creating /home/yentung-yen/mcav/ESDA_onboarding/build/onboarding_task1/build/lib/onboarding_task1
[0.602s] copying onboarding_task1/__init__.py -> /home/yentung-yen/mcav/ESDA_onboarding/build/onboarding_task1/build/lib/onboarding_task1
[0.602s] copying onboarding_task1/control.py -> /home/yentung-yen/mcav/ESDA_onboarding/build/onboarding_task1/build/lib/onboarding_task1
[0.602s] running install
[0.602s] /usr/lib/python3/dist-packages/setuptools/command/install.py:34: SetuptoolsDeprecationWarning: setup.py install is deprecated. Use build and pip and other standards-based tools.
[0.602s]   warnings.warn(
[0.602s] running install_lib
[0.603s] creating /home/yentung-yen/mcav/ESDA_onboarding/install/onboarding_task1/lib/python3.10/site-packages/onboarding_task1
[0.603s] copying /home/yentung-yen/mcav/ESDA_onboarding/build/onboarding_task1/build/lib/onboarding_task1/__init__.py -> /home/yentung-yen/mcav/ESDA_onboarding/install/onboarding_task1/lib/python3.10/site-packages/onboarding_task1
[0.603s] copying /home/yentung-yen/mcav/ESDA_onboarding/build/onboarding_task1/build/lib/onboarding_task1/control.py -> /home/yentung-yen/mcav/ESDA_onboarding/install/onboarding_task1/lib/python3.10/site-packages/onboarding_task1
[0.603s] byte-compiling /home/yentung-yen/mcav/ESDA_onboarding/install/onboarding_task1/lib/python3.10/site-packages/onboarding_task1/__init__.py to __init__.cpython-310.pyc
[0.603s] byte-compiling /home/yentung-yen/mcav/ESDA_onboarding/install/onboarding_task1/lib/python3.10/site-packages/onboarding_task1/control.py to control.cpython-310.pyc
[0.603s] running install_data
[0.604s] creating /home/yentung-yen/mcav/ESDA_onboarding/install/onboarding_task1/share/ament_index
[0.604s] creating /home/yentung-yen/mcav/ESDA_onboarding/install/onboarding_task1/share/ament_index/resource_index
[0.604s] creating /home/yentung-yen/mcav/ESDA_onboarding/install/onboarding_task1/share/ament_index/resource_index/packages
[0.604s] copying resource/onboarding_task1 -> /home/yentung-yen/mcav/ESDA_onboarding/install/onboarding_task1/share/ament_index/resource_index/packages
[0.604s] copying package.xml -> /home/yentung-yen/mcav/ESDA_onboarding/install/onboarding_task1/share/onboarding_task1
[0.604s] running install_egg_info
[0.605s] Copying ../build/onboarding_task1/onboarding_task1.egg-info to /home/yentung-yen/mcav/ESDA_onboarding/install/onboarding_task1/lib/python3.10/site-packages/onboarding_task1-0.0.0-py3.10.egg-info
[0.606s] running install_scripts
[0.620s] Installing control_publisher script to /home/yentung-yen/mcav/ESDA_onboarding/install/onboarding_task1/lib/onboarding_task1
[0.620s] writing list of installed files to '/home/yentung-yen/mcav/ESDA_onboarding/build/onboarding_task1/install.log'
[0.635s] Invoked command in '/home/yentung-yen/mcav/ESDA_onboarding/onboarding_task1' returned '0': PYTHONPATH=/home/yentung-yen/mcav/ESDA_onboarding/build/onboarding_task1/prefix_override:/home/yentung-yen/mcav/ESDA_onboarding/install/onboarding_task1/lib/python3.10/site-packages:${PYTHONPATH} /usr/bin/python3 setup.py egg_info --egg-base ../build/onboarding_task1 build --build-base /home/yentung-yen/mcav/ESDA_onboarding/build/onboarding_task1/build install --record /home/yentung-yen/mcav/ESDA_onboarding/build/onboarding_task1/install.log --single-version-externally-managed
