[0.720s] Invoking command in '/home/mcav/jpan/ESDA_onboarding/src/onboarding_task': PYTHONPATH=/home/mcav/jpan/ESDA_onboarding/build/onboarding_task/prefix_override:/home/mcav/jpan/ESDA_onboarding/install/onboarding_task/lib/python3.10/site-packages:${PYTHONPATH} /usr/bin/python3 setup.py egg_info --egg-base ../../build/onboarding_task build --build-base /home/mcav/jpan/ESDA_onboarding/build/onboarding_task/build install --record /home/mcav/jpan/ESDA_onboarding/build/onboarding_task/install.log --single-version-externally-managed
[0.977s] running egg_info
[0.977s] writing ../../build/onboarding_task/onboarding_task.egg-info/PKG-INFO
[0.978s] writing dependency_links to ../../build/onboarding_task/onboarding_task.egg-info/dependency_links.txt
[0.978s] writing entry points to ../../build/onboarding_task/onboarding_task.egg-info/entry_points.txt
[0.978s] writing requirements to ../../build/onboarding_task/onboarding_task.egg-info/requires.txt
[0.978s] writing top-level names to ../../build/onboarding_task/onboarding_task.egg-info/top_level.txt
[0.980s] reading manifest file '../../build/onboarding_task/onboarding_task.egg-info/SOURCES.txt'
[0.980s] writing manifest file '../../build/onboarding_task/onboarding_task.egg-info/SOURCES.txt'
[0.981s] running build
[0.981s] running build_py
[0.981s] copying onboarding_task/sense.py -> /home/mcav/jpan/ESDA_onboarding/build/onboarding_task/build/lib/onboarding_task
[0.981s] running install
[0.981s] /usr/lib/python3/dist-packages/setuptools/command/install.py:34: SetuptoolsDeprecationWarning: setup.py install is deprecated. Use build and pip and other standards-based tools.
[0.981s]   warnings.warn(
[0.981s] running install_lib
[0.982s] copying /home/mcav/jpan/ESDA_onboarding/build/onboarding_task/build/lib/onboarding_task/sense.py -> /home/mcav/jpan/ESDA_onboarding/install/onboarding_task/lib/python3.10/site-packages/onboarding_task
[0.983s] byte-compiling /home/mcav/jpan/ESDA_onboarding/install/onboarding_task/lib/python3.10/site-packages/onboarding_task/sense.py to sense.cpython-310.pyc
[0.983s] running install_data
[0.984s] running install_egg_info
[0.985s] removing '/home/mcav/jpan/ESDA_onboarding/install/onboarding_task/lib/python3.10/site-packages/onboarding_task-0.0.0-py3.10.egg-info' (and everything under it)
[0.985s] Copying ../../build/onboarding_task/onboarding_task.egg-info to /home/mcav/jpan/ESDA_onboarding/install/onboarding_task/lib/python3.10/site-packages/onboarding_task-0.0.0-py3.10.egg-info
[0.986s] running install_scripts
[1.008s] Installing scan script to /home/mcav/jpan/ESDA_onboarding/install/onboarding_task/lib/onboarding_task
[1.009s] writing list of installed files to '/home/mcav/jpan/ESDA_onboarding/build/onboarding_task/install.log'
[1.038s] Invoked command in '/home/mcav/jpan/ESDA_onboarding/src/onboarding_task' returned '0': PYTHONPATH=/home/mcav/jpan/ESDA_onboarding/build/onboarding_task/prefix_override:/home/mcav/jpan/ESDA_onboarding/install/onboarding_task/lib/python3.10/site-packages:${PYTHONPATH} /usr/bin/python3 setup.py egg_info --egg-base ../../build/onboarding_task build --build-base /home/mcav/jpan/ESDA_onboarding/build/onboarding_task/build install --record /home/mcav/jpan/ESDA_onboarding/build/onboarding_task/install.log --single-version-externally-managed
