[0.194s] DEBUG:colcon:Command line arguments: ['/usr/bin/colcon', 'build']
[0.194s] DEBUG:colcon:Parsed command line arguments: Namespace(log_base=None, log_level=None, verb_name='build', build_base='build', install_base='install', merge_install=False, symlink_install=False, test_result_base=None, continue_on_error=False, executor='parallel', parallel_workers=16, event_handlers=None, ignore_user_meta=False, metas=['./colcon.meta'], base_paths=['.'], packages_ignore=None, packages_ignore_regex=None, paths=None, packages_up_to=None, packages_up_to_regex=None, packages_above=None, packages_above_and_dependencies=None, packages_above_depth=None, packages_select_by_dep=None, packages_skip_by_dep=None, packages_skip_up_to=None, packages_select_build_failed=False, packages_skip_build_finished=False, packages_select_test_failures=False, packages_skip_test_passed=False, packages_select=None, packages_skip=None, packages_select_regex=None, packages_skip_regex=None, packages_start=None, packages_end=None, allow_overriding=[], cmake_args=None, cmake_target=None, cmake_target_skip_unavailable=False, cmake_clean_cache=False, cmake_clean_first=False, cmake_force_configure=False, ament_cmake_args=None, catkin_cmake_args=None, catkin_skip_building_tests=False, verb_parser=<colcon_defaults.argument_parser.defaults.DefaultArgumentsDecorator object at 0x7f039ccdcdc0>, verb_extension=<colcon_core.verb.build.BuildVerb object at 0x7f039d4a9ea0>, main=<bound method BuildVerb.main of <colcon_core.verb.build.BuildVerb object at 0x7f039d4a9ea0>>)
[0.216s] Level 1:colcon.colcon_core.package_discovery:discover_packages(colcon_meta) check parameters
[0.216s] Level 1:colcon.colcon_core.package_discovery:discover_packages(recursive) check parameters
[0.216s] Level 1:colcon.colcon_core.package_discovery:discover_packages(ignore) check parameters
[0.216s] Level 1:colcon.colcon_core.package_discovery:discover_packages(path) check parameters
[0.216s] Level 1:colcon.colcon_core.package_discovery:discover_packages(colcon_meta) discover
[0.216s] Level 1:colcon.colcon_core.package_discovery:discover_packages(recursive) discover
[0.216s] INFO:colcon.colcon_core.package_discovery:Crawling recursively for packages in '/home/yentung-yen/mcav/ESDA_onboarding'
[0.216s] Level 1:colcon.colcon_core.package_identification:_identify(.) by extensions ['ignore', 'ignore_ament_install']
[0.216s] Level 1:colcon.colcon_core.package_identification:_identify(.) by extension 'ignore'
[0.216s] Level 1:colcon.colcon_core.package_identification:_identify(.) by extension 'ignore_ament_install'
[0.216s] Level 1:colcon.colcon_core.package_identification:_identify(.) by extensions ['colcon_pkg']
[0.216s] Level 1:colcon.colcon_core.package_identification:_identify(.) by extension 'colcon_pkg'
[0.216s] Level 1:colcon.colcon_core.package_identification:_identify(.) by extensions ['colcon_meta']
[0.216s] Level 1:colcon.colcon_core.package_identification:_identify(.) by extension 'colcon_meta'
[0.216s] Level 1:colcon.colcon_core.package_identification:_identify(.) by extensions ['ros']
[0.216s] Level 1:colcon.colcon_core.package_identification:_identify(.) by extension 'ros'
[0.224s] Level 1:colcon.colcon_core.package_identification:_identify(.) by extensions ['cmake', 'python']
[0.225s] Level 1:colcon.colcon_core.package_identification:_identify(.) by extension 'cmake'
[0.225s] Level 1:colcon.colcon_core.package_identification:_identify(.) by extension 'python'
[0.225s] Level 1:colcon.colcon_core.package_identification:_identify(.) by extensions ['python_setup_py']
[0.225s] Level 1:colcon.colcon_core.package_identification:_identify(.) by extension 'python_setup_py'
[0.225s] Level 1:colcon.colcon_core.package_identification:_identify(articubot_one) by extensions ['ignore', 'ignore_ament_install']
[0.225s] Level 1:colcon.colcon_core.package_identification:_identify(articubot_one) by extension 'ignore'
[0.225s] Level 1:colcon.colcon_core.package_identification:_identify(articubot_one) by extension 'ignore_ament_install'
[0.225s] Level 1:colcon.colcon_core.package_identification:_identify(articubot_one) by extensions ['colcon_pkg']
[0.225s] Level 1:colcon.colcon_core.package_identification:_identify(articubot_one) by extension 'colcon_pkg'
[0.225s] Level 1:colcon.colcon_core.package_identification:_identify(articubot_one) by extensions ['colcon_meta']
[0.225s] Level 1:colcon.colcon_core.package_identification:_identify(articubot_one) by extension 'colcon_meta'
[0.225s] Level 1:colcon.colcon_core.package_identification:_identify(articubot_one) by extensions ['ros']
[0.225s] Level 1:colcon.colcon_core.package_identification:_identify(articubot_one) by extension 'ros'
[0.227s] DEBUG:colcon.colcon_core.package_identification:Package 'articubot_one' with type 'ros.ament_cmake' and name 'articubot_one'
[0.227s] Level 1:colcon.colcon_core.package_identification:_identify(build) by extensions ['ignore', 'ignore_ament_install']
[0.227s] Level 1:colcon.colcon_core.package_identification:_identify(build) by extension 'ignore'
[0.227s] Level 1:colcon.colcon_core.package_identification:_identify(build) ignored
[0.227s] Level 1:colcon.colcon_core.package_identification:_identify(custom_interfaces) by extensions ['ignore', 'ignore_ament_install']
[0.227s] Level 1:colcon.colcon_core.package_identification:_identify(custom_interfaces) by extension 'ignore'
[0.227s] Level 1:colcon.colcon_core.package_identification:_identify(custom_interfaces) by extension 'ignore_ament_install'
[0.227s] Level 1:colcon.colcon_core.package_identification:_identify(custom_interfaces) by extensions ['colcon_pkg']
[0.227s] Level 1:colcon.colcon_core.package_identification:_identify(custom_interfaces) by extension 'colcon_pkg'
[0.227s] Level 1:colcon.colcon_core.package_identification:_identify(custom_interfaces) by extensions ['colcon_meta']
[0.227s] Level 1:colcon.colcon_core.package_identification:_identify(custom_interfaces) by extension 'colcon_meta'
[0.227s] Level 1:colcon.colcon_core.package_identification:_identify(custom_interfaces) by extensions ['ros']
[0.227s] Level 1:colcon.colcon_core.package_identification:_identify(custom_interfaces) by extension 'ros'
[0.228s] DEBUG:colcon.colcon_core.package_identification:Package 'custom_interfaces' with type 'ros.ament_cmake' and name 'custom_interfaces'
[0.228s] Level 1:colcon.colcon_core.package_identification:_identify(install) by extensions ['ignore', 'ignore_ament_install']
[0.228s] Level 1:colcon.colcon_core.package_identification:_identify(install) by extension 'ignore'
[0.228s] Level 1:colcon.colcon_core.package_identification:_identify(install) ignored
[0.228s] Level 1:colcon.colcon_core.package_identification:_identify(log) by extensions ['ignore', 'ignore_ament_install']
[0.228s] Level 1:colcon.colcon_core.package_identification:_identify(log) by extension 'ignore'
[0.228s] Level 1:colcon.colcon_core.package_identification:_identify(log) ignored
[0.228s] Level 1:colcon.colcon_core.package_identification:_identify(onboarding_task1) by extensions ['ignore', 'ignore_ament_install']
[0.228s] Level 1:colcon.colcon_core.package_identification:_identify(onboarding_task1) by extension 'ignore'
[0.228s] Level 1:colcon.colcon_core.package_identification:_identify(onboarding_task1) by extension 'ignore_ament_install'
[0.228s] Level 1:colcon.colcon_core.package_identification:_identify(onboarding_task1) by extensions ['colcon_pkg']
[0.228s] Level 1:colcon.colcon_core.package_identification:_identify(onboarding_task1) by extension 'colcon_pkg'
[0.228s] Level 1:colcon.colcon_core.package_identification:_identify(onboarding_task1) by extensions ['colcon_meta']
[0.228s] Level 1:colcon.colcon_core.package_identification:_identify(onboarding_task1) by extension 'colcon_meta'
[0.228s] Level 1:colcon.colcon_core.package_identification:_identify(onboarding_task1) by extensions ['ros']
[0.228s] Level 1:colcon.colcon_core.package_identification:_identify(onboarding_task1) by extension 'ros'
[0.229s] DEBUG:colcon.colcon_core.package_identification:Package 'onboarding_task1' with type 'ros.ament_python' and name 'onboarding_task1'
[0.229s] Level 1:colcon.colcon_core.package_identification:_identify(waypoint_pub) by extensions ['ignore', 'ignore_ament_install']
[0.229s] Level 1:colcon.colcon_core.package_identification:_identify(waypoint_pub) by extension 'ignore'
[0.229s] Level 1:colcon.colcon_core.package_identification:_identify(waypoint_pub) by extension 'ignore_ament_install'
[0.229s] Level 1:colcon.colcon_core.package_identification:_identify(waypoint_pub) by extensions ['colcon_pkg']
[0.229s] Level 1:colcon.colcon_core.package_identification:_identify(waypoint_pub) by extension 'colcon_pkg'
[0.229s] Level 1:colcon.colcon_core.package_identification:_identify(waypoint_pub) by extensions ['colcon_meta']
[0.229s] Level 1:colcon.colcon_core.package_identification:_identify(waypoint_pub) by extension 'colcon_meta'
[0.229s] Level 1:colcon.colcon_core.package_identification:_identify(waypoint_pub) by extensions ['ros']
[0.229s] Level 1:colcon.colcon_core.package_identification:_identify(waypoint_pub) by extension 'ros'
[0.230s] DEBUG:colcon.colcon_core.package_identification:Package 'waypoint_pub' with type 'ros.ament_python' and name 'waypoint_pub'
[0.230s] Level 1:colcon.colcon_core.package_discovery:discover_packages(recursive) using defaults
[0.230s] Level 1:colcon.colcon_core.package_discovery:discover_packages(ignore) discover
[0.230s] Level 1:colcon.colcon_core.package_discovery:discover_packages(ignore) using defaults
[0.230s] Level 1:colcon.colcon_core.package_discovery:discover_packages(path) discover
[0.230s] Level 1:colcon.colcon_core.package_discovery:discover_packages(path) using defaults
[0.246s] Level 1:colcon.colcon_core.package_discovery:discover_packages(prefix_path) check parameters
[0.246s] Level 1:colcon.colcon_core.package_discovery:discover_packages(prefix_path) discover
[0.247s] DEBUG:colcon.colcon_installed_package_information.package_discovery:Found 4 installed packages in /home/yentung-yen/mcav/ESDA_onboarding/install
[0.248s] DEBUG:colcon.colcon_installed_package_information.package_discovery:Found 297 installed packages in /opt/ros/humble
[0.249s] Level 1:colcon.colcon_core.package_discovery:discover_packages(prefix_path) using defaults
[0.287s] Level 5:colcon.colcon_core.verb:set package 'articubot_one' build argument 'cmake_args' from command line to 'None'
[0.287s] Level 5:colcon.colcon_core.verb:set package 'articubot_one' build argument 'cmake_target' from command line to 'None'
[0.287s] Level 5:colcon.colcon_core.verb:set package 'articubot_one' build argument 'cmake_target_skip_unavailable' from command line to 'False'
[0.288s] Level 5:colcon.colcon_core.verb:set package 'articubot_one' build argument 'cmake_clean_cache' from command line to 'False'
[0.288s] Level 5:colcon.colcon_core.verb:set package 'articubot_one' build argument 'cmake_clean_first' from command line to 'False'
[0.288s] Level 5:colcon.colcon_core.verb:set package 'articubot_one' build argument 'cmake_force_configure' from command line to 'False'
[0.288s] Level 5:colcon.colcon_core.verb:set package 'articubot_one' build argument 'ament_cmake_args' from command line to 'None'
[0.288s] Level 5:colcon.colcon_core.verb:set package 'articubot_one' build argument 'catkin_cmake_args' from command line to 'None'
[0.288s] Level 5:colcon.colcon_core.verb:set package 'articubot_one' build argument 'catkin_skip_building_tests' from command line to 'False'
[0.288s] DEBUG:colcon.colcon_core.verb:Building package 'articubot_one' with the following arguments: {'ament_cmake_args': None, 'build_base': '/home/yentung-yen/mcav/ESDA_onboarding/build/articubot_one', 'catkin_cmake_args': None, 'catkin_skip_building_tests': False, 'cmake_args': None, 'cmake_clean_cache': False, 'cmake_clean_first': False, 'cmake_force_configure': False, 'cmake_target': None, 'cmake_target_skip_unavailable': False, 'install_base': '/home/yentung-yen/mcav/ESDA_onboarding/install/articubot_one', 'merge_install': False, 'path': '/home/yentung-yen/mcav/ESDA_onboarding/articubot_one', 'symlink_install': False, 'test_result_base': None}
[0.288s] Level 5:colcon.colcon_core.verb:set package 'custom_interfaces' build argument 'cmake_args' from command line to 'None'
[0.288s] Level 5:colcon.colcon_core.verb:set package 'custom_interfaces' build argument 'cmake_target' from command line to 'None'
[0.288s] Level 5:colcon.colcon_core.verb:set package 'custom_interfaces' build argument 'cmake_target_skip_unavailable' from command line to 'False'
[0.288s] Level 5:colcon.colcon_core.verb:set package 'custom_interfaces' build argument 'cmake_clean_cache' from command line to 'False'
[0.288s] Level 5:colcon.colcon_core.verb:set package 'custom_interfaces' build argument 'cmake_clean_first' from command line to 'False'
[0.288s] Level 5:colcon.colcon_core.verb:set package 'custom_interfaces' build argument 'cmake_force_configure' from command line to 'False'
[0.288s] Level 5:colcon.colcon_core.verb:set package 'custom_interfaces' build argument 'ament_cmake_args' from command line to 'None'
[0.288s] Level 5:colcon.colcon_core.verb:set package 'custom_interfaces' build argument 'catkin_cmake_args' from command line to 'None'
[0.288s] Level 5:colcon.colcon_core.verb:set package 'custom_interfaces' build argument 'catkin_skip_building_tests' from command line to 'False'
[0.288s] DEBUG:colcon.colcon_core.verb:Building package 'custom_interfaces' with the following arguments: {'ament_cmake_args': None, 'build_base': '/home/yentung-yen/mcav/ESDA_onboarding/build/custom_interfaces', 'catkin_cmake_args': None, 'catkin_skip_building_tests': False, 'cmake_args': None, 'cmake_clean_cache': False, 'cmake_clean_first': False, 'cmake_force_configure': False, 'cmake_target': None, 'cmake_target_skip_unavailable': False, 'install_base': '/home/yentung-yen/mcav/ESDA_onboarding/install/custom_interfaces', 'merge_install': False, 'path': '/home/yentung-yen/mcav/ESDA_onboarding/custom_interfaces', 'symlink_install': False, 'test_result_base': None}
[0.289s] Level 5:colcon.colcon_core.verb:set package 'onboarding_task1' build argument 'cmake_args' from command line to 'None'
[0.289s] Level 5:colcon.colcon_core.verb:set package 'onboarding_task1' build argument 'cmake_target' from command line to 'None'
[0.289s] Level 5:colcon.colcon_core.verb:set package 'onboarding_task1' build argument 'cmake_target_skip_unavailable' from command line to 'False'
[0.289s] Level 5:colcon.colcon_core.verb:set package 'onboarding_task1' build argument 'cmake_clean_cache' from command line to 'False'
[0.289s] Level 5:colcon.colcon_core.verb:set package 'onboarding_task1' build argument 'cmake_clean_first' from command line to 'False'
[0.289s] Level 5:colcon.colcon_core.verb:set package 'onboarding_task1' build argument 'cmake_force_configure' from command line to 'False'
[0.289s] Level 5:colcon.colcon_core.verb:set package 'onboarding_task1' build argument 'ament_cmake_args' from command line to 'None'
[0.289s] Level 5:colcon.colcon_core.verb:set package 'onboarding_task1' build argument 'catkin_cmake_args' from command line to 'None'
[0.289s] Level 5:colcon.colcon_core.verb:set package 'onboarding_task1' build argument 'catkin_skip_building_tests' from command line to 'False'
[0.289s] DEBUG:colcon.colcon_core.verb:Building package 'onboarding_task1' with the following arguments: {'ament_cmake_args': None, 'build_base': '/home/yentung-yen/mcav/ESDA_onboarding/build/onboarding_task1', 'catkin_cmake_args': None, 'catkin_skip_building_tests': False, 'cmake_args': None, 'cmake_clean_cache': False, 'cmake_clean_first': False, 'cmake_force_configure': False, 'cmake_target': None, 'cmake_target_skip_unavailable': False, 'install_base': '/home/yentung-yen/mcav/ESDA_onboarding/install/onboarding_task1', 'merge_install': False, 'path': '/home/yentung-yen/mcav/ESDA_onboarding/onboarding_task1', 'symlink_install': False, 'test_result_base': None}
[0.290s] Level 5:colcon.colcon_core.verb:set package 'waypoint_pub' build argument 'cmake_args' from command line to 'None'
[0.290s] Level 5:colcon.colcon_core.verb:set package 'waypoint_pub' build argument 'cmake_target' from command line to 'None'
[0.290s] Level 5:colcon.colcon_core.verb:set package 'waypoint_pub' build argument 'cmake_target_skip_unavailable' from command line to 'False'
[0.290s] Level 5:colcon.colcon_core.verb:set package 'waypoint_pub' build argument 'cmake_clean_cache' from command line to 'False'
[0.290s] Level 5:colcon.colcon_core.verb:set package 'waypoint_pub' build argument 'cmake_clean_first' from command line to 'False'
[0.290s] Level 5:colcon.colcon_core.verb:set package 'waypoint_pub' build argument 'cmake_force_configure' from command line to 'False'
[0.290s] Level 5:colcon.colcon_core.verb:set package 'waypoint_pub' build argument 'ament_cmake_args' from command line to 'None'
[0.290s] Level 5:colcon.colcon_core.verb:set package 'waypoint_pub' build argument 'catkin_cmake_args' from command line to 'None'
[0.290s] Level 5:colcon.colcon_core.verb:set package 'waypoint_pub' build argument 'catkin_skip_building_tests' from command line to 'False'
[0.290s] DEBUG:colcon.colcon_core.verb:Building package 'waypoint_pub' with the following arguments: {'ament_cmake_args': None, 'build_base': '/home/yentung-yen/mcav/ESDA_onboarding/build/waypoint_pub', 'catkin_cmake_args': None, 'catkin_skip_building_tests': False, 'cmake_args': None, 'cmake_clean_cache': False, 'cmake_clean_first': False, 'cmake_force_configure': False, 'cmake_target': None, 'cmake_target_skip_unavailable': False, 'install_base': '/home/yentung-yen/mcav/ESDA_onboarding/install/waypoint_pub', 'merge_install': False, 'path': '/home/yentung-yen/mcav/ESDA_onboarding/waypoint_pub', 'symlink_install': False, 'test_result_base': None}
[0.291s] INFO:colcon.colcon_core.executor:Executing jobs using 'parallel' executor
[0.293s] DEBUG:colcon.colcon_parallel_executor.executor.parallel:run_until_complete
[0.293s] INFO:colcon.colcon_ros.task.ament_cmake.build:Building ROS package in '/home/yentung-yen/mcav/ESDA_onboarding/custom_interfaces' with build type 'ament_cmake'
[0.293s] INFO:colcon.colcon_cmake.task.cmake.build:Building CMake package in '/home/yentung-yen/mcav/ESDA_onboarding/custom_interfaces'
[0.296s] INFO:colcon.colcon_core.plugin_system:Skipping extension 'colcon_core.shell.bat': Not used on non-Windows systems
[0.296s] INFO:colcon.colcon_core.shell:Skip shell extension 'powershell' for command environment: Not usable outside of PowerShell
[0.296s] DEBUG:colcon.colcon_core.shell:Skip shell extension 'dsv' for command environment
[0.299s] INFO:colcon.colcon_ros.task.ament_cmake.build:Building ROS package in '/home/yentung-yen/mcav/ESDA_onboarding/articubot_one' with build type 'ament_cmake'
[0.299s] INFO:colcon.colcon_cmake.task.cmake.build:Building CMake package in '/home/yentung-yen/mcav/ESDA_onboarding/articubot_one'
[0.300s] INFO:colcon.colcon_core.shell:Skip shell extension 'powershell' for command environment: Not usable outside of PowerShell
[0.300s] DEBUG:colcon.colcon_core.shell:Skip shell extension 'dsv' for command environment
[0.302s] INFO:colcon.colcon_ros.task.ament_python.build:Building ROS package in '/home/yentung-yen/mcav/ESDA_onboarding/onboarding_task1' with build type 'ament_python'
[0.303s] Level 1:colcon.colcon_core.shell:create_environment_hook('onboarding_task1', 'ament_prefix_path')
[0.303s] INFO:colcon.colcon_core.shell:Creating environment hook '/home/yentung-yen/mcav/ESDA_onboarding/install/onboarding_task1/share/onboarding_task1/hook/ament_prefix_path.ps1'
[0.304s] INFO:colcon.colcon_core.shell:Creating environment descriptor '/home/yentung-yen/mcav/ESDA_onboarding/install/onboarding_task1/share/onboarding_task1/hook/ament_prefix_path.dsv'
[0.304s] INFO:colcon.colcon_core.shell:Creating environment hook '/home/yentung-yen/mcav/ESDA_onboarding/install/onboarding_task1/share/onboarding_task1/hook/ament_prefix_path.sh'
[0.305s] INFO:colcon.colcon_core.shell:Skip shell extension 'powershell' for command environment: Not usable outside of PowerShell
[0.305s] DEBUG:colcon.colcon_core.shell:Skip shell extension 'dsv' for command environment
[0.312s] DEBUG:colcon.colcon_core.event_handler.log_command:Invoking command in '/home/yentung-yen/mcav/ESDA_onboarding/build/custom_interfaces': CMAKE_PREFIX_PATH=${CMAKE_PREFIX_PATH}:/home/yentung-yen/mcav/ESDA_onboarding/install/waypoint_pub:/home/yentung-yen/mcav/ESDA_onboarding/install/onboarding_task1:/opt/ros/humble /usr/bin/cmake --build /home/yentung-yen/mcav/ESDA_onboarding/build/custom_interfaces -- -j16 -l16
[0.315s] DEBUG:colcon.colcon_core.event_handler.log_command:Invoking command in '/home/yentung-yen/mcav/ESDA_onboarding/build/articubot_one': CMAKE_PREFIX_PATH=${CMAKE_PREFIX_PATH}:/home/yentung-yen/mcav/ESDA_onboarding/install/waypoint_pub:/home/yentung-yen/mcav/ESDA_onboarding/install/onboarding_task1:/opt/ros/humble /usr/bin/cmake --build /home/yentung-yen/mcav/ESDA_onboarding/build/articubot_one -- -j16 -l16
[0.492s] INFO:colcon.colcon_core.task.python.build:Building Python package in '/home/yentung-yen/mcav/ESDA_onboarding/onboarding_task1'
[0.493s] INFO:colcon.colcon_core.shell:Skip shell extension 'powershell' for command environment: Not usable outside of PowerShell
[0.493s] DEBUG:colcon.colcon_core.shell:Skip shell extension 'dsv' for command environment
[0.499s] DEBUG:colcon.colcon_core.event_handler.log_command:Invoked command in '/home/yentung-yen/mcav/ESDA_onboarding/build/articubot_one' returned '0': CMAKE_PREFIX_PATH=${CMAKE_PREFIX_PATH}:/home/yentung-yen/mcav/ESDA_onboarding/install/waypoint_pub:/home/yentung-yen/mcav/ESDA_onboarding/install/onboarding_task1:/opt/ros/humble /usr/bin/cmake --build /home/yentung-yen/mcav/ESDA_onboarding/build/articubot_one -- -j16 -l16
[0.519s] DEBUG:colcon.colcon_core.event_handler.log_command:Invoking command in '/home/yentung-yen/mcav/ESDA_onboarding/build/articubot_one': CMAKE_PREFIX_PATH=${CMAKE_PREFIX_PATH}:/home/yentung-yen/mcav/ESDA_onboarding/install/waypoint_pub:/home/yentung-yen/mcav/ESDA_onboarding/install/onboarding_task1:/opt/ros/humble /usr/bin/cmake --install /home/yentung-yen/mcav/ESDA_onboarding/build/articubot_one
[0.526s] Level 1:colcon.colcon_core.environment:create_environment_scripts_only(articubot_one)
[0.528s] DEBUG:colcon.colcon_core.event_handler.log_command:Invoked command in '/home/yentung-yen/mcav/ESDA_onboarding/build/articubot_one' returned '0': CMAKE_PREFIX_PATH=${CMAKE_PREFIX_PATH}:/home/yentung-yen/mcav/ESDA_onboarding/install/waypoint_pub:/home/yentung-yen/mcav/ESDA_onboarding/install/onboarding_task1:/opt/ros/humble /usr/bin/cmake --install /home/yentung-yen/mcav/ESDA_onboarding/build/articubot_one
[0.530s] Level 1:colcon.colcon_core.environment:checking '/home/yentung-yen/mcav/ESDA_onboarding/install/articubot_one' for CMake module files
[0.531s] Level 1:colcon.colcon_core.environment:checking '/home/yentung-yen/mcav/ESDA_onboarding/install/articubot_one' for CMake config files
[0.531s] Level 1:colcon.colcon_core.shell:create_environment_hook('articubot_one', 'cmake_prefix_path')
[0.532s] INFO:colcon.colcon_core.shell:Creating environment hook '/home/yentung-yen/mcav/ESDA_onboarding/install/articubot_one/share/articubot_one/hook/cmake_prefix_path.ps1'
[0.532s] INFO:colcon.colcon_core.shell:Creating environment descriptor '/home/yentung-yen/mcav/ESDA_onboarding/install/articubot_one/share/articubot_one/hook/cmake_prefix_path.dsv'
[0.533s] INFO:colcon.colcon_core.shell:Creating environment hook '/home/yentung-yen/mcav/ESDA_onboarding/install/articubot_one/share/articubot_one/hook/cmake_prefix_path.sh'
[0.533s] Level 1:colcon.colcon_core.environment:checking '/home/yentung-yen/mcav/ESDA_onboarding/install/articubot_one/bin'
[0.533s] Level 1:colcon.colcon_core.environment:checking '/home/yentung-yen/mcav/ESDA_onboarding/install/articubot_one/lib/pkgconfig/articubot_one.pc'
[0.533s] Level 1:colcon.colcon_core.environment:checking '/home/yentung-yen/mcav/ESDA_onboarding/install/articubot_one/lib/python3.10/site-packages'
[0.533s] Level 1:colcon.colcon_core.environment:checking '/home/yentung-yen/mcav/ESDA_onboarding/install/articubot_one/bin'
[0.534s] INFO:colcon.colcon_core.shell:Creating package script '/home/yentung-yen/mcav/ESDA_onboarding/install/articubot_one/share/articubot_one/package.ps1'
[0.535s] INFO:colcon.colcon_core.shell:Creating package descriptor '/home/yentung-yen/mcav/ESDA_onboarding/install/articubot_one/share/articubot_one/package.dsv'
[0.535s] INFO:colcon.colcon_core.shell:Creating package script '/home/yentung-yen/mcav/ESDA_onboarding/install/articubot_one/share/articubot_one/package.sh'
[0.535s] INFO:colcon.colcon_core.shell:Creating package script '/home/yentung-yen/mcav/ESDA_onboarding/install/articubot_one/share/articubot_one/package.bash'
[0.536s] INFO:colcon.colcon_core.shell:Creating package script '/home/yentung-yen/mcav/ESDA_onboarding/install/articubot_one/share/articubot_one/package.zsh'
[0.536s] Level 1:colcon.colcon_core.environment:create_file_with_runtime_dependencies(/home/yentung-yen/mcav/ESDA_onboarding/install/articubot_one/share/colcon-core/packages/articubot_one)
[0.549s] DEBUG:colcon.colcon_core.event_handler.log_command:Invoked command in '/home/yentung-yen/mcav/ESDA_onboarding/build/custom_interfaces' returned '0': CMAKE_PREFIX_PATH=${CMAKE_PREFIX_PATH}:/home/yentung-yen/mcav/ESDA_onboarding/install/waypoint_pub:/home/yentung-yen/mcav/ESDA_onboarding/install/onboarding_task1:/opt/ros/humble /usr/bin/cmake --build /home/yentung-yen/mcav/ESDA_onboarding/build/custom_interfaces -- -j16 -l16
[0.551s] Level 1:colcon.colcon_core.environment:create_environment_scripts_only(articubot_one)
[0.552s] Level 1:colcon.colcon_core.environment:checking '/home/yentung-yen/mcav/ESDA_onboarding/install/articubot_one' for CMake module files
[0.552s] Level 1:colcon.colcon_core.environment:checking '/home/yentung-yen/mcav/ESDA_onboarding/install/articubot_one' for CMake config files
[0.553s] Level 1:colcon.colcon_core.shell:create_environment_hook('articubot_one', 'cmake_prefix_path')
[0.553s] INFO:colcon.colcon_core.shell:Creating environment hook '/home/yentung-yen/mcav/ESDA_onboarding/install/articubot_one/share/articubot_one/hook/cmake_prefix_path.ps1'
[0.554s] INFO:colcon.colcon_core.shell:Creating environment descriptor '/home/yentung-yen/mcav/ESDA_onboarding/install/articubot_one/share/articubot_one/hook/cmake_prefix_path.dsv'
[0.554s] INFO:colcon.colcon_core.shell:Creating environment hook '/home/yentung-yen/mcav/ESDA_onboarding/install/articubot_one/share/articubot_one/hook/cmake_prefix_path.sh'
[0.554s] Level 1:colcon.colcon_core.environment:checking '/home/yentung-yen/mcav/ESDA_onboarding/install/articubot_one/bin'
[0.554s] Level 1:colcon.colcon_core.environment:checking '/home/yentung-yen/mcav/ESDA_onboarding/install/articubot_one/lib/pkgconfig/articubot_one.pc'
[0.554s] Level 1:colcon.colcon_core.environment:checking '/home/yentung-yen/mcav/ESDA_onboarding/install/articubot_one/lib/python3.10/site-packages'
[0.555s] Level 1:colcon.colcon_core.environment:checking '/home/yentung-yen/mcav/ESDA_onboarding/install/articubot_one/bin'
[0.555s] INFO:colcon.colcon_core.shell:Creating package script '/home/yentung-yen/mcav/ESDA_onboarding/install/articubot_one/share/articubot_one/package.ps1'
[0.556s] INFO:colcon.colcon_core.shell:Creating package descriptor '/home/yentung-yen/mcav/ESDA_onboarding/install/articubot_one/share/articubot_one/package.dsv'
[0.556s] INFO:colcon.colcon_core.shell:Creating package script '/home/yentung-yen/mcav/ESDA_onboarding/install/articubot_one/share/articubot_one/package.sh'
[0.556s] INFO:colcon.colcon_core.shell:Creating package script '/home/yentung-yen/mcav/ESDA_onboarding/install/articubot_one/share/articubot_one/package.bash'
[0.557s] INFO:colcon.colcon_core.shell:Creating package script '/home/yentung-yen/mcav/ESDA_onboarding/install/articubot_one/share/articubot_one/package.zsh'
[0.557s] Level 1:colcon.colcon_core.environment:create_file_with_runtime_dependencies(/home/yentung-yen/mcav/ESDA_onboarding/install/articubot_one/share/colcon-core/packages/articubot_one)
[0.582s] DEBUG:colcon.colcon_core.event_handler.log_command:Invoking command in '/home/yentung-yen/mcav/ESDA_onboarding/build/custom_interfaces': CMAKE_PREFIX_PATH=${CMAKE_PREFIX_PATH}:/home/yentung-yen/mcav/ESDA_onboarding/install/waypoint_pub:/home/yentung-yen/mcav/ESDA_onboarding/install/onboarding_task1:/opt/ros/humble /usr/bin/cmake --install /home/yentung-yen/mcav/ESDA_onboarding/build/custom_interfaces
[0.620s] Level 1:colcon.colcon_core.environment:create_environment_scripts_only(custom_interfaces)
[0.621s] Level 1:colcon.colcon_core.environment:checking '/home/yentung-yen/mcav/ESDA_onboarding/install/custom_interfaces' for CMake module files
[0.622s] Level 1:colcon.colcon_core.environment:checking '/home/yentung-yen/mcav/ESDA_onboarding/install/custom_interfaces' for CMake config files
[0.623s] DEBUG:colcon.colcon_core.event_handler.log_command:Invoked command in '/home/yentung-yen/mcav/ESDA_onboarding/build/custom_interfaces' returned '0': CMAKE_PREFIX_PATH=${CMAKE_PREFIX_PATH}:/home/yentung-yen/mcav/ESDA_onboarding/install/waypoint_pub:/home/yentung-yen/mcav/ESDA_onboarding/install/onboarding_task1:/opt/ros/humble /usr/bin/cmake --install /home/yentung-yen/mcav/ESDA_onboarding/build/custom_interfaces
[0.624s] Level 1:colcon.colcon_core.shell:create_environment_hook('custom_interfaces', 'cmake_prefix_path')
[0.625s] INFO:colcon.colcon_core.shell:Creating environment hook '/home/yentung-yen/mcav/ESDA_onboarding/install/custom_interfaces/share/custom_interfaces/hook/cmake_prefix_path.ps1'
[0.625s] INFO:colcon.colcon_core.shell:Creating environment descriptor '/home/yentung-yen/mcav/ESDA_onboarding/install/custom_interfaces/share/custom_interfaces/hook/cmake_prefix_path.dsv'
[0.625s] INFO:colcon.colcon_core.shell:Creating environment hook '/home/yentung-yen/mcav/ESDA_onboarding/install/custom_interfaces/share/custom_interfaces/hook/cmake_prefix_path.sh'
[0.626s] Level 1:colcon.colcon_core.environment:checking '/home/yentung-yen/mcav/ESDA_onboarding/install/custom_interfaces/lib'
[0.626s] Level 1:colcon.colcon_core.shell:create_environment_hook('custom_interfaces', 'ld_library_path_lib')
[0.627s] INFO:colcon.colcon_core.shell:Creating environment hook '/home/yentung-yen/mcav/ESDA_onboarding/install/custom_interfaces/share/custom_interfaces/hook/ld_library_path_lib.ps1'
[0.627s] INFO:colcon.colcon_core.shell:Creating environment descriptor '/home/yentung-yen/mcav/ESDA_onboarding/install/custom_interfaces/share/custom_interfaces/hook/ld_library_path_lib.dsv'
[0.627s] INFO:colcon.colcon_core.shell:Creating environment hook '/home/yentung-yen/mcav/ESDA_onboarding/install/custom_interfaces/share/custom_interfaces/hook/ld_library_path_lib.sh'
[0.627s] Level 1:colcon.colcon_core.environment:checking '/home/yentung-yen/mcav/ESDA_onboarding/install/custom_interfaces/bin'
[0.627s] Level 1:colcon.colcon_core.environment:checking '/home/yentung-yen/mcav/ESDA_onboarding/install/custom_interfaces/lib/pkgconfig/custom_interfaces.pc'
[0.627s] Level 1:colcon.colcon_core.environment:checking '/home/yentung-yen/mcav/ESDA_onboarding/install/custom_interfaces/lib/python3.10/site-packages'
[0.628s] Level 1:colcon.colcon_core.environment:checking '/home/yentung-yen/mcav/ESDA_onboarding/install/custom_interfaces/bin'
[0.628s] INFO:colcon.colcon_core.shell:Creating package script '/home/yentung-yen/mcav/ESDA_onboarding/install/custom_interfaces/share/custom_interfaces/package.ps1'
[0.629s] INFO:colcon.colcon_core.shell:Creating package descriptor '/home/yentung-yen/mcav/ESDA_onboarding/install/custom_interfaces/share/custom_interfaces/package.dsv'
[0.629s] INFO:colcon.colcon_core.shell:Creating package script '/home/yentung-yen/mcav/ESDA_onboarding/install/custom_interfaces/share/custom_interfaces/package.sh'
[0.629s] INFO:colcon.colcon_core.shell:Creating package script '/home/yentung-yen/mcav/ESDA_onboarding/install/custom_interfaces/share/custom_interfaces/package.bash'
[0.629s] INFO:colcon.colcon_core.shell:Creating package script '/home/yentung-yen/mcav/ESDA_onboarding/install/custom_interfaces/share/custom_interfaces/package.zsh'
[0.630s] Level 1:colcon.colcon_core.environment:create_file_with_runtime_dependencies(/home/yentung-yen/mcav/ESDA_onboarding/install/custom_interfaces/share/colcon-core/packages/custom_interfaces)
[0.662s] Level 1:colcon.colcon_core.environment:create_environment_scripts_only(custom_interfaces)
[0.663s] Level 1:colcon.colcon_core.environment:checking '/home/yentung-yen/mcav/ESDA_onboarding/install/custom_interfaces' for CMake module files
[0.664s] Level 1:colcon.colcon_core.environment:checking '/home/yentung-yen/mcav/ESDA_onboarding/install/custom_interfaces' for CMake config files
[0.664s] Level 1:colcon.colcon_core.shell:create_environment_hook('custom_interfaces', 'cmake_prefix_path')
[0.664s] INFO:colcon.colcon_core.shell:Creating environment hook '/home/yentung-yen/mcav/ESDA_onboarding/install/custom_interfaces/share/custom_interfaces/hook/cmake_prefix_path.ps1'
[0.665s] INFO:colcon.colcon_core.shell:Creating environment descriptor '/home/yentung-yen/mcav/ESDA_onboarding/install/custom_interfaces/share/custom_interfaces/hook/cmake_prefix_path.dsv'
[0.665s] INFO:colcon.colcon_core.shell:Creating environment hook '/home/yentung-yen/mcav/ESDA_onboarding/install/custom_interfaces/share/custom_interfaces/hook/cmake_prefix_path.sh'
[0.666s] Level 1:colcon.colcon_core.environment:checking '/home/yentung-yen/mcav/ESDA_onboarding/install/custom_interfaces/lib'
[0.666s] Level 1:colcon.colcon_core.shell:create_environment_hook('custom_interfaces', 'ld_library_path_lib')
[0.666s] INFO:colcon.colcon_core.shell:Creating environment hook '/home/yentung-yen/mcav/ESDA_onboarding/install/custom_interfaces/share/custom_interfaces/hook/ld_library_path_lib.ps1'
[0.667s] INFO:colcon.colcon_core.shell:Creating environment descriptor '/home/yentung-yen/mcav/ESDA_onboarding/install/custom_interfaces/share/custom_interfaces/hook/ld_library_path_lib.dsv'
[0.667s] INFO:colcon.colcon_core.shell:Creating environment hook '/home/yentung-yen/mcav/ESDA_onboarding/install/custom_interfaces/share/custom_interfaces/hook/ld_library_path_lib.sh'
[0.667s] Level 1:colcon.colcon_core.environment:checking '/home/yentung-yen/mcav/ESDA_onboarding/install/custom_interfaces/bin'
[0.667s] Level 1:colcon.colcon_core.environment:checking '/home/yentung-yen/mcav/ESDA_onboarding/install/custom_interfaces/lib/pkgconfig/custom_interfaces.pc'
[0.667s] Level 1:colcon.colcon_core.environment:checking '/home/yentung-yen/mcav/ESDA_onboarding/install/custom_interfaces/lib/python3.10/site-packages'
[0.667s] Level 1:colcon.colcon_core.environment:checking '/home/yentung-yen/mcav/ESDA_onboarding/install/custom_interfaces/bin'
[0.668s] INFO:colcon.colcon_core.shell:Creating package script '/home/yentung-yen/mcav/ESDA_onboarding/install/custom_interfaces/share/custom_interfaces/package.ps1'
[0.669s] INFO:colcon.colcon_core.shell:Creating package descriptor '/home/yentung-yen/mcav/ESDA_onboarding/install/custom_interfaces/share/custom_interfaces/package.dsv'
[0.669s] INFO:colcon.colcon_core.shell:Creating package script '/home/yentung-yen/mcav/ESDA_onboarding/install/custom_interfaces/share/custom_interfaces/package.sh'
[0.669s] INFO:colcon.colcon_core.shell:Creating package script '/home/yentung-yen/mcav/ESDA_onboarding/install/custom_interfaces/share/custom_interfaces/package.bash'
[0.669s] INFO:colcon.colcon_core.shell:Creating package script '/home/yentung-yen/mcav/ESDA_onboarding/install/custom_interfaces/share/custom_interfaces/package.zsh'
[0.669s] Level 1:colcon.colcon_core.environment:create_file_with_runtime_dependencies(/home/yentung-yen/mcav/ESDA_onboarding/install/custom_interfaces/share/colcon-core/packages/custom_interfaces)
[0.670s] INFO:colcon.colcon_ros.task.ament_python.build:Building ROS package in '/home/yentung-yen/mcav/ESDA_onboarding/waypoint_pub' with build type 'ament_python'
[0.670s] Level 1:colcon.colcon_core.shell:create_environment_hook('waypoint_pub', 'ament_prefix_path')
[0.670s] INFO:colcon.colcon_core.shell:Creating environment hook '/home/yentung-yen/mcav/ESDA_onboarding/install/waypoint_pub/share/waypoint_pub/hook/ament_prefix_path.ps1'
[0.671s] INFO:colcon.colcon_core.shell:Creating environment descriptor '/home/yentung-yen/mcav/ESDA_onboarding/install/waypoint_pub/share/waypoint_pub/hook/ament_prefix_path.dsv'
[0.671s] INFO:colcon.colcon_core.shell:Creating environment hook '/home/yentung-yen/mcav/ESDA_onboarding/install/waypoint_pub/share/waypoint_pub/hook/ament_prefix_path.sh'
[0.672s] INFO:colcon.colcon_core.shell:Skip shell extension 'powershell' for command environment: Not usable outside of PowerShell
[0.673s] DEBUG:colcon.colcon_core.shell:Skip shell extension 'dsv' for command environment
[0.834s] INFO:colcon.colcon_core.task.python.build:Building Python package in '/home/yentung-yen/mcav/ESDA_onboarding/waypoint_pub'
[0.835s] INFO:colcon.colcon_core.shell:Skip shell extension 'powershell' for command environment: Not usable outside of PowerShell
[0.835s] DEBUG:colcon.colcon_core.shell:Skip shell extension 'dsv' for command environment
[0.840s] DEBUG:colcon.colcon_core.event_handler.log_command:Invoking command in '/home/yentung-yen/mcav/ESDA_onboarding/onboarding_task1': PYTHONPATH=/home/yentung-yen/mcav/ESDA_onboarding/build/onboarding_task1/prefix_override:/home/yentung-yen/mcav/ESDA_onboarding/install/onboarding_task1/lib/python3.10/site-packages:${PYTHONPATH} /usr/bin/python3 setup.py egg_info --egg-base ../build/onboarding_task1 build --build-base /home/yentung-yen/mcav/ESDA_onboarding/build/onboarding_task1/build install --record /home/yentung-yen/mcav/ESDA_onboarding/build/onboarding_task1/install.log --single-version-externally-managed
[1.013s] Level 1:colcon.colcon_core.environment:checking '/home/yentung-yen/mcav/ESDA_onboarding/install/onboarding_task1' for CMake module files
[1.013s] DEBUG:colcon.colcon_core.event_handler.log_command:Invoked command in '/home/yentung-yen/mcav/ESDA_onboarding/onboarding_task1' returned '0': PYTHONPATH=/home/yentung-yen/mcav/ESDA_onboarding/build/onboarding_task1/prefix_override:/home/yentung-yen/mcav/ESDA_onboarding/install/onboarding_task1/lib/python3.10/site-packages:${PYTHONPATH} /usr/bin/python3 setup.py egg_info --egg-base ../build/onboarding_task1 build --build-base /home/yentung-yen/mcav/ESDA_onboarding/build/onboarding_task1/build install --record /home/yentung-yen/mcav/ESDA_onboarding/build/onboarding_task1/install.log --single-version-externally-managed
[1.013s] Level 1:colcon.colcon_core.environment:checking '/home/yentung-yen/mcav/ESDA_onboarding/install/onboarding_task1' for CMake config files
[1.014s] Level 1:colcon.colcon_core.environment:checking '/home/yentung-yen/mcav/ESDA_onboarding/install/onboarding_task1/lib'
[1.014s] Level 1:colcon.colcon_core.environment:checking '/home/yentung-yen/mcav/ESDA_onboarding/install/onboarding_task1/bin'
[1.014s] Level 1:colcon.colcon_core.environment:checking '/home/yentung-yen/mcav/ESDA_onboarding/install/onboarding_task1/lib/pkgconfig/onboarding_task1.pc'
[1.014s] Level 1:colcon.colcon_core.environment:checking '/home/yentung-yen/mcav/ESDA_onboarding/install/onboarding_task1/lib/python3.10/site-packages'
[1.014s] Level 1:colcon.colcon_core.shell:create_environment_hook('onboarding_task1', 'pythonpath')
[1.015s] INFO:colcon.colcon_core.shell:Creating environment hook '/home/yentung-yen/mcav/ESDA_onboarding/install/onboarding_task1/share/onboarding_task1/hook/pythonpath.ps1'
[1.015s] INFO:colcon.colcon_core.shell:Creating environment descriptor '/home/yentung-yen/mcav/ESDA_onboarding/install/onboarding_task1/share/onboarding_task1/hook/pythonpath.dsv'
[1.015s] INFO:colcon.colcon_core.shell:Creating environment hook '/home/yentung-yen/mcav/ESDA_onboarding/install/onboarding_task1/share/onboarding_task1/hook/pythonpath.sh'
[1.016s] Level 1:colcon.colcon_core.environment:checking '/home/yentung-yen/mcav/ESDA_onboarding/install/onboarding_task1/bin'
[1.016s] Level 1:colcon.colcon_core.environment:create_environment_scripts_only(onboarding_task1)
[1.017s] INFO:colcon.colcon_core.shell:Creating package script '/home/yentung-yen/mcav/ESDA_onboarding/install/onboarding_task1/share/onboarding_task1/package.ps1'
[1.017s] INFO:colcon.colcon_core.shell:Creating package descriptor '/home/yentung-yen/mcav/ESDA_onboarding/install/onboarding_task1/share/onboarding_task1/package.dsv'
[1.017s] INFO:colcon.colcon_core.shell:Creating package script '/home/yentung-yen/mcav/ESDA_onboarding/install/onboarding_task1/share/onboarding_task1/package.sh'
[1.017s] INFO:colcon.colcon_core.shell:Creating package script '/home/yentung-yen/mcav/ESDA_onboarding/install/onboarding_task1/share/onboarding_task1/package.bash'
[1.018s] INFO:colcon.colcon_core.shell:Creating package script '/home/yentung-yen/mcav/ESDA_onboarding/install/onboarding_task1/share/onboarding_task1/package.zsh'
[1.018s] Level 1:colcon.colcon_core.environment:create_file_with_runtime_dependencies(/home/yentung-yen/mcav/ESDA_onboarding/install/onboarding_task1/share/colcon-core/packages/onboarding_task1)
[1.030s] DEBUG:colcon.colcon_core.event_handler.log_command:Invoking command in '/home/yentung-yen/mcav/ESDA_onboarding/waypoint_pub': PYTHONPATH=/home/yentung-yen/mcav/ESDA_onboarding/build/waypoint_pub/prefix_override:/home/yentung-yen/mcav/ESDA_onboarding/install/waypoint_pub/lib/python3.10/site-packages:${PYTHONPATH} /usr/bin/python3 setup.py egg_info --egg-base ../build/waypoint_pub build --build-base /home/yentung-yen/mcav/ESDA_onboarding/build/waypoint_pub/build install --record /home/yentung-yen/mcav/ESDA_onboarding/build/waypoint_pub/install.log --single-version-externally-managed
[1.204s] Level 1:colcon.colcon_core.environment:checking '/home/yentung-yen/mcav/ESDA_onboarding/install/waypoint_pub' for CMake module files
[1.204s] DEBUG:colcon.colcon_core.event_handler.log_command:Invoked command in '/home/yentung-yen/mcav/ESDA_onboarding/waypoint_pub' returned '0': PYTHONPATH=/home/yentung-yen/mcav/ESDA_onboarding/build/waypoint_pub/prefix_override:/home/yentung-yen/mcav/ESDA_onboarding/install/waypoint_pub/lib/python3.10/site-packages:${PYTHONPATH} /usr/bin/python3 setup.py egg_info --egg-base ../build/waypoint_pub build --build-base /home/yentung-yen/mcav/ESDA_onboarding/build/waypoint_pub/build install --record /home/yentung-yen/mcav/ESDA_onboarding/build/waypoint_pub/install.log --single-version-externally-managed
[1.204s] Level 1:colcon.colcon_core.environment:checking '/home/yentung-yen/mcav/ESDA_onboarding/install/waypoint_pub' for CMake config files
[1.205s] Level 1:colcon.colcon_core.environment:checking '/home/yentung-yen/mcav/ESDA_onboarding/install/waypoint_pub/lib'
[1.205s] Level 1:colcon.colcon_core.environment:checking '/home/yentung-yen/mcav/ESDA_onboarding/install/waypoint_pub/bin'
[1.205s] Level 1:colcon.colcon_core.environment:checking '/home/yentung-yen/mcav/ESDA_onboarding/install/waypoint_pub/lib/pkgconfig/waypoint_pub.pc'
[1.205s] Level 1:colcon.colcon_core.environment:checking '/home/yentung-yen/mcav/ESDA_onboarding/install/waypoint_pub/lib/python3.10/site-packages'
[1.205s] Level 1:colcon.colcon_core.shell:create_environment_hook('waypoint_pub', 'pythonpath')
[1.206s] INFO:colcon.colcon_core.shell:Creating environment hook '/home/yentung-yen/mcav/ESDA_onboarding/install/waypoint_pub/share/waypoint_pub/hook/pythonpath.ps1'
[1.207s] INFO:colcon.colcon_core.shell:Creating environment descriptor '/home/yentung-yen/mcav/ESDA_onboarding/install/waypoint_pub/share/waypoint_pub/hook/pythonpath.dsv'
[1.207s] INFO:colcon.colcon_core.shell:Creating environment hook '/home/yentung-yen/mcav/ESDA_onboarding/install/waypoint_pub/share/waypoint_pub/hook/pythonpath.sh'
[1.207s] Level 1:colcon.colcon_core.environment:checking '/home/yentung-yen/mcav/ESDA_onboarding/install/waypoint_pub/bin'
[1.207s] Level 1:colcon.colcon_core.environment:create_environment_scripts_only(waypoint_pub)
[1.208s] INFO:colcon.colcon_core.shell:Creating package script '/home/yentung-yen/mcav/ESDA_onboarding/install/waypoint_pub/share/waypoint_pub/package.ps1'
[1.208s] INFO:colcon.colcon_core.shell:Creating package descriptor '/home/yentung-yen/mcav/ESDA_onboarding/install/waypoint_pub/share/waypoint_pub/package.dsv'
[1.209s] INFO:colcon.colcon_core.shell:Creating package script '/home/yentung-yen/mcav/ESDA_onboarding/install/waypoint_pub/share/waypoint_pub/package.sh'
[1.209s] INFO:colcon.colcon_core.shell:Creating package script '/home/yentung-yen/mcav/ESDA_onboarding/install/waypoint_pub/share/waypoint_pub/package.bash'
[1.209s] INFO:colcon.colcon_core.shell:Creating package script '/home/yentung-yen/mcav/ESDA_onboarding/install/waypoint_pub/share/waypoint_pub/package.zsh'
[1.209s] Level 1:colcon.colcon_core.environment:create_file_with_runtime_dependencies(/home/yentung-yen/mcav/ESDA_onboarding/install/waypoint_pub/share/colcon-core/packages/waypoint_pub)
[1.210s] DEBUG:colcon.colcon_parallel_executor.executor.parallel:closing loop
[1.210s] DEBUG:colcon.colcon_parallel_executor.executor.parallel:loop closed
[1.210s] DEBUG:colcon.colcon_parallel_executor.executor.parallel:run_until_complete finished with '0'
[1.210s] DEBUG:colcon.colcon_core.event_reactor:joining thread
[1.214s] INFO:colcon.colcon_core.plugin_system:Skipping extension 'colcon_notification.desktop_notification.terminal_notifier': Not used on non-Darwin systems
[1.214s] INFO:colcon.colcon_core.plugin_system:Skipping extension 'colcon_notification.desktop_notification.win32': Not used on non-Windows systems
[1.214s] INFO:colcon.colcon_notification.desktop_notification:Sending desktop notification using 'notify2'
[1.225s] DEBUG:colcon.colcon_core.event_reactor:joined thread
[1.228s] INFO:colcon.colcon_core.shell:Creating prefix script '/home/yentung-yen/mcav/ESDA_onboarding/install/local_setup.ps1'
[1.230s] INFO:colcon.colcon_core.shell:Creating prefix util module '/home/yentung-yen/mcav/ESDA_onboarding/install/_local_setup_util_ps1.py'
[1.232s] INFO:colcon.colcon_core.shell:Creating prefix chain script '/home/yentung-yen/mcav/ESDA_onboarding/install/setup.ps1'
[1.234s] INFO:colcon.colcon_core.shell:Creating prefix script '/home/yentung-yen/mcav/ESDA_onboarding/install/local_setup.sh'
[1.235s] INFO:colcon.colcon_core.shell:Creating prefix util module '/home/yentung-yen/mcav/ESDA_onboarding/install/_local_setup_util_sh.py'
[1.235s] INFO:colcon.colcon_core.shell:Creating prefix chain script '/home/yentung-yen/mcav/ESDA_onboarding/install/setup.sh'
[1.237s] INFO:colcon.colcon_core.shell:Creating prefix script '/home/yentung-yen/mcav/ESDA_onboarding/install/local_setup.bash'
[1.237s] INFO:colcon.colcon_core.shell:Creating prefix chain script '/home/yentung-yen/mcav/ESDA_onboarding/install/setup.bash'
[1.239s] INFO:colcon.colcon_core.shell:Creating prefix script '/home/yentung-yen/mcav/ESDA_onboarding/install/local_setup.zsh'
[1.239s] INFO:colcon.colcon_core.shell:Creating prefix chain script '/home/yentung-yen/mcav/ESDA_onboarding/install/setup.zsh'
