[0.974s] Invoking command in '/home/klo40/ESDA_onboarding/onboarding_task1': PYTHONPATH=/home/klo40/ESDA_onboarding/build/onboarding_task1/prefix_override:/home/klo40/ESDA_onboarding/install/onboarding_task1/lib/python3.10/site-packages:${PYTHONPATH} /usr/bin/python3 setup.py egg_info --egg-base ../build/onboarding_task1 build --build-base /home/klo40/ESDA_onboarding/build/onboarding_task1/build install --record /home/klo40/ESDA_onboarding/build/onboarding_task1/install.log --single-version-externally-managed
[1.155s] running egg_info
[1.156s] writing ../build/onboarding_task1/onboarding_task1.egg-info/PKG-INFO
[1.158s] writing dependency_links to ../build/onboarding_task1/onboarding_task1.egg-info/dependency_links.txt
[1.160s] writing entry points to ../build/onboarding_task1/onboarding_task1.egg-info/entry_points.txt
[1.161s] writing requirements to ../build/onboarding_task1/onboarding_task1.egg-info/requires.txt
[1.161s] writing top-level names to ../build/onboarding_task1/onboarding_task1.egg-info/top_level.txt
[1.162s] reading manifest file '../build/onboarding_task1/onboarding_task1.egg-info/SOURCES.txt'
[1.163s] writing manifest file '../build/onboarding_task1/onboarding_task1.egg-info/SOURCES.txt'
[1.163s] running build
[1.163s] running build_py
[1.164s] copying onboarding_task1/controlwaypoint.py -> /home/klo40/ESDA_onboarding/build/onboarding_task1/build/lib/onboarding_task1
[1.164s] running install
[1.164s] /usr/lib/python3/dist-packages/setuptools/command/install.py:34: SetuptoolsDeprecationWarning: setup.py install is deprecated. Use build and pip and other standards-based tools.
[1.164s]   warnings.warn(
[1.165s] running install_lib
[1.165s] copying /home/klo40/ESDA_onboarding/build/onboarding_task1/build/lib/onboarding_task1/controlwaypoint.py -> /home/klo40/ESDA_onboarding/install/onboarding_task1/lib/python3.10/site-packages/onboarding_task1
[1.166s] byte-compiling /home/klo40/ESDA_onboarding/install/onboarding_task1/lib/python3.10/site-packages/onboarding_task1/controlwaypoint.py to controlwaypoint.cpython-310.pyc
[1.166s] running install_data
[1.167s] running install_egg_info
[1.169s] removing '/home/klo40/ESDA_onboarding/install/onboarding_task1/lib/python3.10/site-packages/onboarding_task1-0.0.0-py3.10.egg-info' (and everything under it)
[1.169s] Copying ../build/onboarding_task1/onboarding_task1.egg-info to /home/klo40/ESDA_onboarding/install/onboarding_task1/lib/python3.10/site-packages/onboarding_task1-0.0.0-py3.10.egg-info
[1.169s] running install_scripts
[1.205s] Installing control_publisher script to /home/klo40/ESDA_onboarding/install/onboarding_task1/lib/onboarding_task1
[1.206s] Installing controlwaypoint script to /home/klo40/ESDA_onboarding/install/onboarding_task1/lib/onboarding_task1
[1.206s] Installing laser_to_grid script to /home/klo40/ESDA_onboarding/install/onboarding_task1/lib/onboarding_task1
[1.206s] Installing laserscan script to /home/klo40/ESDA_onboarding/install/onboarding_task1/lib/onboarding_task1
[1.206s] Installing trial script to /home/klo40/ESDA_onboarding/install/onboarding_task1/lib/onboarding_task1
[1.206s] writing list of installed files to '/home/klo40/ESDA_onboarding/build/onboarding_task1/install.log'
[1.234s] Invoked command in '/home/klo40/ESDA_onboarding/onboarding_task1' returned '0': PYTHONPATH=/home/klo40/ESDA_onboarding/build/onboarding_task1/prefix_override:/home/klo40/ESDA_onboarding/install/onboarding_task1/lib/python3.10/site-packages:${PYTHONPATH} /usr/bin/python3 setup.py egg_info --egg-base ../build/onboarding_task1 build --build-base /home/klo40/ESDA_onboarding/build/onboarding_task1/build install --record /home/klo40/ESDA_onboarding/build/onboarding_task1/install.log --single-version-externally-managed
