[0.022s] Invoking command in '/home/klo40/ESDA_onboarding/build/articubot_one': CMAKE_PREFIX_PATH=/opt/ros/humble /usr/bin/cmake /home/klo40/ESDA_onboarding/articubot_one -DCMAKE_INSTALL_PREFIX=/home/klo40/ESDA_onboarding/install/articubot_one
[0.342s] -- The C compiler identification is GNU 11.4.0
[1.264s] -- The CXX compiler identification is GNU 11.4.0
[1.883s] -- Detecting C compiler ABI info
[2.096s] -- Detecting C compiler ABI info - done
[2.102s] -- Check for working C compiler: /usr/bin/cc - skipped
[2.102s] -- Detecting C compile features
[2.102s] -- Detecting C compile features - done
[2.105s] -- Detecting CXX compiler ABI info
[2.334s] -- Detecting CXX compiler ABI info - done
[2.342s] -- Check for working CXX compiler: /usr/bin/c++ - skipped
[2.343s] -- Detecting CXX compile features
[2.343s] -- Detecting CXX compile features - done
[2.347s] -- Found ament_cmake: 1.3.5 (/opt/ros/humble/share/ament_cmake/cmake)
[2.526s] -- Found Python3: /usr/bin/python3.10 (found version "3.10.12") found components: Interpreter 
[2.660s] -- Found ament_lint_auto: 0.12.7 (/opt/ros/humble/share/ament_lint_auto/cmake)
[2.777s] -- Added test 'copyright' to check source files copyright and LICENSE
[2.781s] -- Added test 'flake8' to check Python code syntax and style conventions
[2.783s] -- Added test 'lint_cmake' to check CMake code style
[2.785s] -- Added test 'pep257' to check Python code against some of the docstring style conventions in PEP 257
[2.787s] -- Added test 'xmllint' to check XML markup files
[2.790s] -- Configuring done
[2.795s] -- Generating done
[2.798s] -- Build files have been written to: /home/klo40/ESDA_onboarding/build/articubot_one
[2.810s] Invoked command in '/home/klo40/ESDA_onboarding/build/articubot_one' returned '0': CMAKE_PREFIX_PATH=/opt/ros/humble /usr/bin/cmake /home/klo40/ESDA_onboarding/articubot_one -DCMAKE_INSTALL_PREFIX=/home/klo40/ESDA_onboarding/install/articubot_one
[2.812s] Invoking command in '/home/klo40/ESDA_onboarding/build/articubot_one': CMAKE_PREFIX_PATH=/opt/ros/humble /usr/bin/cmake --build /home/klo40/ESDA_onboarding/build/articubot_one -- -j8 -l8
[2.866s] Invoked command in '/home/klo40/ESDA_onboarding/build/articubot_one' returned '0': CMAKE_PREFIX_PATH=/opt/ros/humble /usr/bin/cmake --build /home/klo40/ESDA_onboarding/build/articubot_one -- -j8 -l8
[2.900s] Invoking command in '/home/klo40/ESDA_onboarding/build/articubot_one': CMAKE_PREFIX_PATH=/opt/ros/humble /usr/bin/cmake --install /home/klo40/ESDA_onboarding/build/articubot_one
[2.907s] -- Install configuration: ""
[2.908s] -- Installing: /home/klo40/ESDA_onboarding/install/articubot_one/share/articubot_one/config
[2.908s] -- Installing: /home/klo40/ESDA_onboarding/install/articubot_one/share/articubot_one/config/drive_bot.rviz
[2.908s] -- Installing: /home/klo40/ESDA_onboarding/install/articubot_one/share/articubot_one/config/view_bot.rviz
[2.908s] -- Installing: /home/klo40/ESDA_onboarding/install/articubot_one/share/articubot_one/config/empty.yaml
[2.908s] -- Installing: /home/klo40/ESDA_onboarding/install/articubot_one/share/articubot_one/description
[2.909s] -- Installing: /home/klo40/ESDA_onboarding/install/articubot_one/share/articubot_one/description/robot_core.xacro
[2.909s] -- Installing: /home/klo40/ESDA_onboarding/install/articubot_one/share/articubot_one/description/robot.urdf.xacro
[2.909s] -- Installing: /home/klo40/ESDA_onboarding/install/articubot_one/share/articubot_one/description/gazebo_control.xacro
[2.909s] -- Installing: /home/klo40/ESDA_onboarding/install/articubot_one/share/articubot_one/description/lidar.xacro
[2.910s] -- Installing: /home/klo40/ESDA_onboarding/install/articubot_one/share/articubot_one/description/intertial_macros.xacro
[2.910s] -- Installing: /home/klo40/ESDA_onboarding/install/articubot_one/share/articubot_one/description/inertial_macros.xacro
[2.910s] -- Installing: /home/klo40/ESDA_onboarding/install/articubot_one/share/articubot_one/launch
[2.910s] -- Installing: /home/klo40/ESDA_onboarding/install/articubot_one/share/articubot_one/launch/launch_sim.launch.py
[2.911s] -- Installing: /home/klo40/ESDA_onboarding/install/articubot_one/share/articubot_one/launch/rsp.launch.py
[2.911s] -- Installing: /home/klo40/ESDA_onboarding/install/articubot_one/share/articubot_one/worlds
[2.911s] -- Installing: /home/klo40/ESDA_onboarding/install/articubot_one/share/articubot_one/worlds/obstacles2.world
[2.911s] -- Installing: /home/klo40/ESDA_onboarding/install/articubot_one/share/articubot_one/worlds/empty.world
[2.911s] -- Installing: /home/klo40/ESDA_onboarding/install/articubot_one/share/articubot_one/worlds/obstacles.world
[2.911s] -- Installing: /home/klo40/ESDA_onboarding/install/articubot_one/share/ament_index/resource_index/package_run_dependencies/articubot_one
[2.911s] -- Installing: /home/klo40/ESDA_onboarding/install/articubot_one/share/ament_index/resource_index/parent_prefix_path/articubot_one
[2.912s] -- Installing: /home/klo40/ESDA_onboarding/install/articubot_one/share/articubot_one/environment/ament_prefix_path.sh
[2.912s] -- Installing: /home/klo40/ESDA_onboarding/install/articubot_one/share/articubot_one/environment/ament_prefix_path.dsv
[2.912s] -- Installing: /home/klo40/ESDA_onboarding/install/articubot_one/share/articubot_one/environment/path.sh
[2.912s] -- Installing: /home/klo40/ESDA_onboarding/install/articubot_one/share/articubot_one/environment/path.dsv
[2.912s] -- Installing: /home/klo40/ESDA_onboarding/install/articubot_one/share/articubot_one/local_setup.bash
[2.913s] -- Installing: /home/klo40/ESDA_onboarding/install/articubot_one/share/articubot_one/local_setup.sh
[2.913s] -- Installing: /home/klo40/ESDA_onboarding/install/articubot_one/share/articubot_one/local_setup.zsh
[2.913s] -- Installing: /home/klo40/ESDA_onboarding/install/articubot_one/share/articubot_one/local_setup.dsv
[2.913s] -- Installing: /home/klo40/ESDA_onboarding/install/articubot_one/share/articubot_one/package.dsv
[2.913s] -- Installing: /home/klo40/ESDA_onboarding/install/articubot_one/share/ament_index/resource_index/packages/articubot_one
[2.914s] -- Installing: /home/klo40/ESDA_onboarding/install/articubot_one/share/articubot_one/cmake/articubot_oneConfig.cmake
[2.914s] -- Installing: /home/klo40/ESDA_onboarding/install/articubot_one/share/articubot_one/cmake/articubot_oneConfig-version.cmake
[2.914s] -- Installing: /home/klo40/ESDA_onboarding/install/articubot_one/share/articubot_one/package.xml
[2.918s] Invoked command in '/home/klo40/ESDA_onboarding/build/articubot_one' returned '0': CMAKE_PREFIX_PATH=/opt/ros/humble /usr/bin/cmake --install /home/klo40/ESDA_onboarding/build/articubot_one
