running egg_info
writing ../build/waypoint_pub/waypoint_pub.egg-info/PKG-INFO
writing dependency_links to ../build/waypoint_pub/waypoint_pub.egg-info/dependency_links.txt
writing entry points to ../build/waypoint_pub/waypoint_pub.egg-info/entry_points.txt
writing requirements to ../build/waypoint_pub/waypoint_pub.egg-info/requires.txt
writing top-level names to ../build/waypoint_pub/waypoint_pub.egg-info/top_level.txt
reading manifest file '../build/waypoint_pub/waypoint_pub.egg-info/SOURCES.txt'
writing manifest file '../build/waypoint_pub/waypoint_pub.egg-info/SOURCES.txt'
running build
running build_py
running install
running install_lib
running install_data
running install_egg_info
removing '/home/klo40/ESDA_onboarding/install/waypoint_pub/lib/python3.10/site-packages/waypoint_pub-0.0.0-py3.10.egg-info' (and everything under it)
Copying ../build/waypoint_pub/waypoint_pub.egg-info to /home/klo40/ESDA_onboarding/install/waypoint_pub/lib/python3.10/site-packages/waypoint_pub-0.0.0-py3.10.egg-info
running install_scripts
/usr/lib/python3/dist-packages/setuptools/command/install.py:34: SetuptoolsDeprecationWarning: setup.py install is deprecated. Use build and pip and other standards-based tools.
  warnings.warn(
Installing waypoint_pub script to /home/klo40/ESDA_onboarding/install/waypoint_pub/lib/waypoint_pub
writing list of installed files to '/home/klo40/ESDA_onboarding/build/waypoint_pub/install.log'
