[0.017s] Invoking command in '/home/mcav/jpan/ESDA_onboarding/build/custom_interfaces': CMAKE_PREFIX_PATH=/opt/ros/humble /usr/bin/cmake /home/mcav/jpan/ESDA_onboarding/custom_interfaces -DCMAKE_INSTALL_PREFIX=/home/mcav/jpan/ESDA_onboarding/install/custom_interfaces
[0.138s] -- The C compiler identification is GNU 11.4.0
[0.220s] -- The CXX compiler identification is GNU 11.4.0
[0.229s] -- Detecting C compiler ABI info
[0.291s] -- Detecting C compiler ABI info - done
[0.298s] -- Check for working C compiler: /usr/bin/cc - skipped
[0.298s] -- Detecting C compile features
[0.299s] -- Detecting C compile features - done
[0.302s] -- Detecting CXX compiler ABI info
[0.372s] -- Detecting CXX compiler ABI info - done
[0.379s] -- Check for working CXX compiler: /usr/bin/c++ - skipped
[0.379s] -- Detecting CXX compile features
[0.380s] -- Detecting CXX compile features - done
[0.386s] -- Found ament_cmake: 1.3.5 (/opt/ros/humble/share/ament_cmake/cmake)
[0.534s] -- Found Python3: /usr/bin/python3.10 (found version "3.10.12") found components: Interpreter 
[0.622s] -- Found rosidl_default_generators: 1.2.0 (/opt/ros/humble/share/rosidl_default_generators/cmake)
[0.626s] -- Using all available rosidl_typesupport_c: rosidl_typesupport_fastrtps_c;rosidl_typesupport_introspection_c
[0.634s] -- Found rosidl_adapter: 3.1.5 (/opt/ros/humble/share/rosidl_adapter/cmake)
[0.683s] -- Using all available rosidl_typesupport_cpp: rosidl_typesupport_fastrtps_cpp;rosidl_typesupport_introspection_cpp
[0.937s] -- Found ament_cmake_ros: 0.10.0 (/opt/ros/humble/share/ament_cmake_ros/cmake)
[1.090s] -- Using all available rosidl_typesupport_c: rosidl_typesupport_fastrtps_c;rosidl_typesupport_introspection_c
[1.284s] -- Using all available rosidl_typesupport_cpp: rosidl_typesupport_fastrtps_cpp;rosidl_typesupport_introspection_cpp
[1.303s] -- Found PythonInterp: /usr/bin/python3 (found suitable version "3.10.12", minimum required is "3.6") 
[1.305s] -- Found python_cmake_module: 0.10.0 (/opt/ros/humble/share/python_cmake_module/cmake)
[1.328s] -- Found PythonLibs: /usr/lib/x86_64-linux-gnu/libpython3.10.so (found suitable version "3.10.12", minimum required is "3.5") 
[1.328s] -- Using PYTHON_EXECUTABLE: /usr/bin/python3
[1.328s] -- Using PYTHON_INCLUDE_DIRS: /usr/include/python3.10
[1.328s] -- Using PYTHON_LIBRARIES: /usr/lib/x86_64-linux-gnu/libpython3.10.so
[1.346s] -- Found PythonExtra: .so  
[1.374s] -- Found ament_lint_auto: 0.12.7 (/opt/ros/humble/share/ament_lint_auto/cmake)
[1.391s] -- Added test 'lint_cmake' to check CMake code style
[1.392s] -- Added test 'xmllint' to check XML markup files
[1.394s] -- Configuring done
[1.421s] -- Generating done
[1.423s] -- Build files have been written to: /home/mcav/jpan/ESDA_onboarding/build/custom_interfaces
[1.428s] Invoked command in '/home/mcav/jpan/ESDA_onboarding/build/custom_interfaces' returned '0': CMAKE_PREFIX_PATH=/opt/ros/humble /usr/bin/cmake /home/mcav/jpan/ESDA_onboarding/custom_interfaces -DCMAKE_INSTALL_PREFIX=/home/mcav/jpan/ESDA_onboarding/install/custom_interfaces
[1.430s] Invoking command in '/home/mcav/jpan/ESDA_onboarding/build/custom_interfaces': CMAKE_PREFIX_PATH=/opt/ros/humble /usr/bin/cmake --build /home/mcav/jpan/ESDA_onboarding/build/custom_interfaces -- -j8 -l8
[1.462s] [  3%] [34m[1mGenerating C code for ROS interfaces[0m
[1.471s] [  6%] [34m[1mGenerating C++ code for ROS interfaces[0m
[1.478s] [  6%] Built target ament_cmake_python_copy_custom_interfaces
[1.681s] [  6%] Built target custom_interfaces__cpp
[1.686s] [  9%] [32mBuilding C object CMakeFiles/custom_interfaces__rosidl_generator_c.dir/rosidl_generator_c/custom_interfaces/msg/detail/waypoint__functions.c.o[0m
[1.690s] [ 12%] [34m[1mGenerating C++ type support for eProsima Fast-RTPS[0m
[1.692s] [ 16%] [34m[1mGenerating C++ introspection for ROS interfaces[0m
[1.693s] [ 19%] [34m[1mGenerating C++ type support dispatch for ROS interfaces[0m
[1.706s] running egg_info
[1.707s] creating custom_interfaces.egg-info
[1.708s] writing custom_interfaces.egg-info/PKG-INFO
[1.708s] writing dependency_links to custom_interfaces.egg-info/dependency_links.txt
[1.708s] writing top-level names to custom_interfaces.egg-info/top_level.txt
[1.708s] writing manifest file 'custom_interfaces.egg-info/SOURCES.txt'
[1.711s] reading manifest file 'custom_interfaces.egg-info/SOURCES.txt'
[1.711s] writing manifest file 'custom_interfaces.egg-info/SOURCES.txt'
[1.737s] [ 19%] Built target ament_cmake_python_build_custom_interfaces_egg
[1.745s] [ 22%] [32m[1mLinking C shared library libcustom_interfaces__rosidl_generator_c.so[0m
[1.778s] [ 22%] Built target custom_interfaces__rosidl_generator_c
[1.787s] [ 25%] [34m[1mGenerating C type support dispatch for ROS interfaces[0m
[1.789s] [ 32%] [34m[1mGenerating C introspection for ROS interfaces[0m
[1.790s] [ 32%] [34m[1mGenerating C type support for eProsima Fast-RTPS[0m
[1.903s] [ 35%] [32mBuilding CXX object CMakeFiles/custom_interfaces__rosidl_typesupport_introspection_cpp.dir/rosidl_typesupport_introspection_cpp/custom_interfaces/msg/detail/waypoint__type_support.cpp.o[0m
[2.003s] [ 38%] [32mBuilding CXX object CMakeFiles/custom_interfaces__rosidl_typesupport_fastrtps_c.dir/rosidl_typesupport_fastrtps_c/custom_interfaces/msg/detail/waypoint__type_support_c.cpp.o[0m
[2.011s] [ 41%] [32mBuilding CXX object CMakeFiles/custom_interfaces__rosidl_typesupport_cpp.dir/rosidl_typesupport_cpp/custom_interfaces/msg/waypoint__type_support.cpp.o[0m
[2.037s] [ 45%] [32mBuilding CXX object CMakeFiles/custom_interfaces__rosidl_typesupport_fastrtps_cpp.dir/rosidl_typesupport_fastrtps_cpp/custom_interfaces/msg/detail/dds_fastrtps/waypoint__type_support.cpp.o[0m
[2.110s] [ 48%] [32mBuilding CXX object CMakeFiles/custom_interfaces__rosidl_typesupport_c.dir/rosidl_typesupport_c/custom_interfaces/msg/waypoint__type_support.cpp.o[0m
[2.134s] [ 51%] [32mBuilding C object CMakeFiles/custom_interfaces__rosidl_typesupport_introspection_c.dir/rosidl_typesupport_introspection_c/custom_interfaces/msg/detail/waypoint__type_support.c.o[0m
[2.150s] [ 54%] [32m[1mLinking CXX shared library libcustom_interfaces__rosidl_typesupport_c.so[0m
[2.169s] [ 58%] [32m[1mLinking C shared library libcustom_interfaces__rosidl_typesupport_introspection_c.so[0m
[2.198s] [ 58%] Built target custom_interfaces__rosidl_typesupport_c
[2.203s] [ 58%] Built target custom_interfaces__rosidl_typesupport_introspection_c
[2.266s] [ 61%] [32m[1mLinking CXX shared library libcustom_interfaces__rosidl_typesupport_cpp.so[0m
[2.303s] [ 61%] Built target custom_interfaces__rosidl_typesupport_cpp
[2.370s] [ 64%] [32m[1mLinking CXX shared library libcustom_interfaces__rosidl_typesupport_introspection_cpp.so[0m
[2.390s] [ 67%] [32m[1mLinking CXX shared library libcustom_interfaces__rosidl_typesupport_fastrtps_cpp.so[0m
[2.396s] [ 70%] [32m[1mLinking CXX shared library libcustom_interfaces__rosidl_typesupport_fastrtps_c.so[0m
[2.407s] [ 70%] Built target custom_interfaces__rosidl_typesupport_introspection_cpp
[2.464s] [ 70%] Built target custom_interfaces__rosidl_typesupport_fastrtps_cpp
[2.469s] [ 70%] Built target custom_interfaces__rosidl_typesupport_fastrtps_c
[2.486s] [ 70%] Built target custom_interfaces
[2.503s] [ 74%] [34m[1mGenerating Python code for ROS interfaces[0m
[2.745s] [ 74%] Built target custom_interfaces__py
[2.762s] [ 77%] [32mBuilding C object CMakeFiles/custom_interfaces__rosidl_generator_py.dir/rosidl_generator_py/custom_interfaces/msg/_waypoint_s.c.o[0m
[2.865s] [ 80%] [32m[1mLinking C shared library rosidl_generator_py/custom_interfaces/libcustom_interfaces__rosidl_generator_py.so[0m
[2.898s] [ 80%] Built target custom_interfaces__rosidl_generator_py
[2.916s] [ 90%] [32mBuilding C object CMakeFiles/custom_interfaces__rosidl_typesupport_c__pyext.dir/rosidl_generator_py/custom_interfaces/_custom_interfaces_s.ep.rosidl_typesupport_c.c.o[0m
[2.917s] [ 90%] [32mBuilding C object CMakeFiles/custom_interfaces__rosidl_typesupport_introspection_c__pyext.dir/rosidl_generator_py/custom_interfaces/_custom_interfaces_s.ep.rosidl_typesupport_introspection_c.c.o[0m
[2.917s] [ 90%] [32mBuilding C object CMakeFiles/custom_interfaces__rosidl_typesupport_fastrtps_c__pyext.dir/rosidl_generator_py/custom_interfaces/_custom_interfaces_s.ep.rosidl_typesupport_fastrtps_c.c.o[0m
[2.995s] [ 93%] [32m[1mLinking C shared library rosidl_generator_py/custom_interfaces/custom_interfaces_s__rosidl_typesupport_c.cpython-310-x86_64-linux-gnu.so[0m
[2.996s] [ 96%] [32m[1mLinking C shared library rosidl_generator_py/custom_interfaces/custom_interfaces_s__rosidl_typesupport_introspection_c.cpython-310-x86_64-linux-gnu.so[0m
[3.000s] [100%] [32m[1mLinking C shared library rosidl_generator_py/custom_interfaces/custom_interfaces_s__rosidl_typesupport_fastrtps_c.cpython-310-x86_64-linux-gnu.so[0m
[3.025s] [100%] Built target custom_interfaces__rosidl_typesupport_c__pyext
[3.025s] [100%] Built target custom_interfaces__rosidl_typesupport_introspection_c__pyext
[3.031s] [100%] Built target custom_interfaces__rosidl_typesupport_fastrtps_c__pyext
[3.041s] Invoked command in '/home/mcav/jpan/ESDA_onboarding/build/custom_interfaces' returned '0': CMAKE_PREFIX_PATH=/opt/ros/humble /usr/bin/cmake --build /home/mcav/jpan/ESDA_onboarding/build/custom_interfaces -- -j8 -l8
[3.095s] Invoking command in '/home/mcav/jpan/ESDA_onboarding/build/custom_interfaces': CMAKE_PREFIX_PATH=/opt/ros/humble /usr/bin/cmake --install /home/mcav/jpan/ESDA_onboarding/build/custom_interfaces
[3.101s] -- Install configuration: ""
[3.101s] -- Installing: /home/mcav/jpan/ESDA_onboarding/install/custom_interfaces/share/ament_index/resource_index/rosidl_interfaces/custom_interfaces
[3.102s] -- Installing: /home/mcav/jpan/ESDA_onboarding/install/custom_interfaces/include/custom_interfaces/custom_interfaces
[3.102s] -- Installing: /home/mcav/jpan/ESDA_onboarding/install/custom_interfaces/include/custom_interfaces/custom_interfaces/msg
[3.102s] -- Installing: /home/mcav/jpan/ESDA_onboarding/install/custom_interfaces/include/custom_interfaces/custom_interfaces/msg/waypoint.h
[3.102s] -- Installing: /home/mcav/jpan/ESDA_onboarding/install/custom_interfaces/include/custom_interfaces/custom_interfaces/msg/detail
[3.102s] -- Installing: /home/mcav/jpan/ESDA_onboarding/install/custom_interfaces/include/custom_interfaces/custom_interfaces/msg/detail/waypoint__functions.h
[3.102s] -- Installing: /home/mcav/jpan/ESDA_onboarding/install/custom_interfaces/include/custom_interfaces/custom_interfaces/msg/detail/waypoint__struct.h
[3.102s] -- Installing: /home/mcav/jpan/ESDA_onboarding/install/custom_interfaces/include/custom_interfaces/custom_interfaces/msg/detail/waypoint__type_support.h
[3.102s] -- Installing: /home/mcav/jpan/ESDA_onboarding/install/custom_interfaces/include/custom_interfaces/custom_interfaces/msg/detail/waypoint__functions.c
[3.102s] -- Installing: /home/mcav/jpan/ESDA_onboarding/install/custom_interfaces/include/custom_interfaces/custom_interfaces/msg/rosidl_generator_c__visibility_control.h
[3.102s] -- Installing: /home/mcav/jpan/ESDA_onboarding/install/custom_interfaces/share/custom_interfaces/environment/library_path.sh
[3.103s] -- Installing: /home/mcav/jpan/ESDA_onboarding/install/custom_interfaces/share/custom_interfaces/environment/library_path.dsv
[3.103s] -- Installing: /home/mcav/jpan/ESDA_onboarding/install/custom_interfaces/lib/libcustom_interfaces__rosidl_generator_c.so
[3.103s] -- Set runtime path of "/home/mcav/jpan/ESDA_onboarding/install/custom_interfaces/lib/libcustom_interfaces__rosidl_generator_c.so" to ""
[3.103s] -- Up-to-date: /home/mcav/jpan/ESDA_onboarding/install/custom_interfaces/include/custom_interfaces/custom_interfaces
[3.103s] -- Up-to-date: /home/mcav/jpan/ESDA_onboarding/install/custom_interfaces/include/custom_interfaces/custom_interfaces/msg
[3.103s] -- Installing: /home/mcav/jpan/ESDA_onboarding/install/custom_interfaces/include/custom_interfaces/custom_interfaces/msg/rosidl_typesupport_fastrtps_c__visibility_control.h
[3.104s] -- Up-to-date: /home/mcav/jpan/ESDA_onboarding/install/custom_interfaces/include/custom_interfaces/custom_interfaces/msg/detail
[3.104s] -- Installing: /home/mcav/jpan/ESDA_onboarding/install/custom_interfaces/include/custom_interfaces/custom_interfaces/msg/detail/waypoint__rosidl_typesupport_fastrtps_c.h
[3.104s] -- Installing: /home/mcav/jpan/ESDA_onboarding/install/custom_interfaces/lib/libcustom_interfaces__rosidl_typesupport_fastrtps_c.so
[3.104s] -- Set runtime path of "/home/mcav/jpan/ESDA_onboarding/install/custom_interfaces/lib/libcustom_interfaces__rosidl_typesupport_fastrtps_c.so" to ""
[3.104s] -- Up-to-date: /home/mcav/jpan/ESDA_onboarding/install/custom_interfaces/include/custom_interfaces/custom_interfaces
[3.104s] -- Up-to-date: /home/mcav/jpan/ESDA_onboarding/install/custom_interfaces/include/custom_interfaces/custom_interfaces/msg
[3.104s] -- Up-to-date: /home/mcav/jpan/ESDA_onboarding/install/custom_interfaces/include/custom_interfaces/custom_interfaces/msg/detail
[3.104s] -- Installing: /home/mcav/jpan/ESDA_onboarding/install/custom_interfaces/include/custom_interfaces/custom_interfaces/msg/detail/waypoint__type_support.c
[3.105s] -- Installing: /home/mcav/jpan/ESDA_onboarding/install/custom_interfaces/include/custom_interfaces/custom_interfaces/msg/detail/waypoint__rosidl_typesupport_introspection_c.h
[3.105s] -- Installing: /home/mcav/jpan/ESDA_onboarding/install/custom_interfaces/include/custom_interfaces/custom_interfaces/msg/rosidl_typesupport_introspection_c__visibility_control.h
[3.105s] -- Installing: /home/mcav/jpan/ESDA_onboarding/install/custom_interfaces/lib/libcustom_interfaces__rosidl_typesupport_introspection_c.so
[3.105s] -- Set runtime path of "/home/mcav/jpan/ESDA_onboarding/install/custom_interfaces/lib/libcustom_interfaces__rosidl_typesupport_introspection_c.so" to ""
[3.105s] -- Installing: /home/mcav/jpan/ESDA_onboarding/install/custom_interfaces/lib/libcustom_interfaces__rosidl_typesupport_c.so
[3.106s] -- Set runtime path of "/home/mcav/jpan/ESDA_onboarding/install/custom_interfaces/lib/libcustom_interfaces__rosidl_typesupport_c.so" to ""
[3.106s] -- Up-to-date: /home/mcav/jpan/ESDA_onboarding/install/custom_interfaces/include/custom_interfaces/custom_interfaces
[3.106s] -- Up-to-date: /home/mcav/jpan/ESDA_onboarding/install/custom_interfaces/include/custom_interfaces/custom_interfaces/msg
[3.106s] -- Up-to-date: /home/mcav/jpan/ESDA_onboarding/install/custom_interfaces/include/custom_interfaces/custom_interfaces/msg/detail
[3.106s] -- Installing: /home/mcav/jpan/ESDA_onboarding/install/custom_interfaces/include/custom_interfaces/custom_interfaces/msg/detail/waypoint__struct.hpp
[3.106s] -- Installing: /home/mcav/jpan/ESDA_onboarding/install/custom_interfaces/include/custom_interfaces/custom_interfaces/msg/detail/waypoint__builder.hpp
[3.106s] -- Installing: /home/mcav/jpan/ESDA_onboarding/install/custom_interfaces/include/custom_interfaces/custom_interfaces/msg/detail/waypoint__traits.hpp
[3.106s] -- Installing: /home/mcav/jpan/ESDA_onboarding/install/custom_interfaces/include/custom_interfaces/custom_interfaces/msg/waypoint.hpp
[3.106s] -- Up-to-date: /home/mcav/jpan/ESDA_onboarding/install/custom_interfaces/include/custom_interfaces/custom_interfaces
[3.106s] -- Up-to-date: /home/mcav/jpan/ESDA_onboarding/install/custom_interfaces/include/custom_interfaces/custom_interfaces/msg
[3.107s] -- Up-to-date: /home/mcav/jpan/ESDA_onboarding/install/custom_interfaces/include/custom_interfaces/custom_interfaces/msg/detail
[3.107s] -- Installing: /home/mcav/jpan/ESDA_onboarding/install/custom_interfaces/include/custom_interfaces/custom_interfaces/msg/detail/dds_fastrtps
[3.107s] -- Installing: /home/mcav/jpan/ESDA_onboarding/install/custom_interfaces/include/custom_interfaces/custom_interfaces/msg/detail/waypoint__rosidl_typesupport_fastrtps_cpp.hpp
[3.107s] -- Installing: /home/mcav/jpan/ESDA_onboarding/install/custom_interfaces/include/custom_interfaces/custom_interfaces/msg/rosidl_typesupport_fastrtps_cpp__visibility_control.h
[3.107s] -- Installing: /home/mcav/jpan/ESDA_onboarding/install/custom_interfaces/lib/libcustom_interfaces__rosidl_typesupport_fastrtps_cpp.so
[3.107s] -- Set runtime path of "/home/mcav/jpan/ESDA_onboarding/install/custom_interfaces/lib/libcustom_interfaces__rosidl_typesupport_fastrtps_cpp.so" to ""
[3.107s] -- Up-to-date: /home/mcav/jpan/ESDA_onboarding/install/custom_interfaces/include/custom_interfaces/custom_interfaces
[3.108s] -- Up-to-date: /home/mcav/jpan/ESDA_onboarding/install/custom_interfaces/include/custom_interfaces/custom_interfaces/msg
[3.108s] -- Up-to-date: /home/mcav/jpan/ESDA_onboarding/install/custom_interfaces/include/custom_interfaces/custom_interfaces/msg/detail
[3.108s] -- Installing: /home/mcav/jpan/ESDA_onboarding/install/custom_interfaces/include/custom_interfaces/custom_interfaces/msg/detail/waypoint__rosidl_typesupport_introspection_cpp.hpp
[3.108s] -- Installing: /home/mcav/jpan/ESDA_onboarding/install/custom_interfaces/include/custom_interfaces/custom_interfaces/msg/detail/waypoint__type_support.cpp
[3.108s] -- Installing: /home/mcav/jpan/ESDA_onboarding/install/custom_interfaces/lib/libcustom_interfaces__rosidl_typesupport_introspection_cpp.so
[3.108s] -- Set runtime path of "/home/mcav/jpan/ESDA_onboarding/install/custom_interfaces/lib/libcustom_interfaces__rosidl_typesupport_introspection_cpp.so" to ""
[3.108s] -- Installing: /home/mcav/jpan/ESDA_onboarding/install/custom_interfaces/lib/libcustom_interfaces__rosidl_typesupport_cpp.so
[3.109s] -- Set runtime path of "/home/mcav/jpan/ESDA_onboarding/install/custom_interfaces/lib/libcustom_interfaces__rosidl_typesupport_cpp.so" to ""
[3.109s] -- Installing: /home/mcav/jpan/ESDA_onboarding/install/custom_interfaces/share/custom_interfaces/environment/pythonpath.sh
[3.109s] -- Installing: /home/mcav/jpan/ESDA_onboarding/install/custom_interfaces/share/custom_interfaces/environment/pythonpath.dsv
[3.109s] -- Installing: /home/mcav/jpan/ESDA_onboarding/install/custom_interfaces/local/lib/python3.10/dist-packages/custom_interfaces-0.0.0-py3.10.egg-info
[3.109s] -- Installing: /home/mcav/jpan/ESDA_onboarding/install/custom_interfaces/local/lib/python3.10/dist-packages/custom_interfaces-0.0.0-py3.10.egg-info/SOURCES.txt
[3.109s] -- Installing: /home/mcav/jpan/ESDA_onboarding/install/custom_interfaces/local/lib/python3.10/dist-packages/custom_interfaces-0.0.0-py3.10.egg-info/PKG-INFO
[3.109s] -- Installing: /home/mcav/jpan/ESDA_onboarding/install/custom_interfaces/local/lib/python3.10/dist-packages/custom_interfaces-0.0.0-py3.10.egg-info/top_level.txt
[3.109s] -- Installing: /home/mcav/jpan/ESDA_onboarding/install/custom_interfaces/local/lib/python3.10/dist-packages/custom_interfaces-0.0.0-py3.10.egg-info/dependency_links.txt
[3.110s] -- Installing: /home/mcav/jpan/ESDA_onboarding/install/custom_interfaces/local/lib/python3.10/dist-packages/custom_interfaces
[3.110s] -- Installing: /home/mcav/jpan/ESDA_onboarding/install/custom_interfaces/local/lib/python3.10/dist-packages/custom_interfaces/_custom_interfaces_s.ep.rosidl_typesupport_introspection_c.c
[3.110s] -- Installing: /home/mcav/jpan/ESDA_onboarding/install/custom_interfaces/local/lib/python3.10/dist-packages/custom_interfaces/msg
[3.110s] -- Installing: /home/mcav/jpan/ESDA_onboarding/install/custom_interfaces/local/lib/python3.10/dist-packages/custom_interfaces/msg/_waypoint.py
[3.110s] -- Installing: /home/mcav/jpan/ESDA_onboarding/install/custom_interfaces/local/lib/python3.10/dist-packages/custom_interfaces/msg/_waypoint_s.c
[3.110s] -- Installing: /home/mcav/jpan/ESDA_onboarding/install/custom_interfaces/local/lib/python3.10/dist-packages/custom_interfaces/msg/__init__.py
[3.110s] -- Installing: /home/mcav/jpan/ESDA_onboarding/install/custom_interfaces/local/lib/python3.10/dist-packages/custom_interfaces/custom_interfaces_s__rosidl_typesupport_introspection_c.cpython-310-x86_64-linux-gnu.so
[3.110s] -- Installing: /home/mcav/jpan/ESDA_onboarding/install/custom_interfaces/local/lib/python3.10/dist-packages/custom_interfaces/libcustom_interfaces__rosidl_generator_py.so
[3.110s] -- Installing: /home/mcav/jpan/ESDA_onboarding/install/custom_interfaces/local/lib/python3.10/dist-packages/custom_interfaces/_custom_interfaces_s.ep.rosidl_typesupport_fastrtps_c.c
[3.111s] -- Installing: /home/mcav/jpan/ESDA_onboarding/install/custom_interfaces/local/lib/python3.10/dist-packages/custom_interfaces/custom_interfaces_s__rosidl_typesupport_fastrtps_c.cpython-310-x86_64-linux-gnu.so
[3.111s] -- Installing: /home/mcav/jpan/ESDA_onboarding/install/custom_interfaces/local/lib/python3.10/dist-packages/custom_interfaces/custom_interfaces_s__rosidl_typesupport_c.cpython-310-x86_64-linux-gnu.so
[3.111s] -- Installing: /home/mcav/jpan/ESDA_onboarding/install/custom_interfaces/local/lib/python3.10/dist-packages/custom_interfaces/_custom_interfaces_s.ep.rosidl_typesupport_c.c
[3.111s] -- Installing: /home/mcav/jpan/ESDA_onboarding/install/custom_interfaces/local/lib/python3.10/dist-packages/custom_interfaces/__init__.py
[3.139s] Listing '/home/mcav/jpan/ESDA_onboarding/install/custom_interfaces/local/lib/python3.10/dist-packages/custom_interfaces'...
[3.139s] Compiling '/home/mcav/jpan/ESDA_onboarding/install/custom_interfaces/local/lib/python3.10/dist-packages/custom_interfaces/__init__.py'...
[3.139s] Listing '/home/mcav/jpan/ESDA_onboarding/install/custom_interfaces/local/lib/python3.10/dist-packages/custom_interfaces/msg'...
[3.139s] Compiling '/home/mcav/jpan/ESDA_onboarding/install/custom_interfaces/local/lib/python3.10/dist-packages/custom_interfaces/msg/__init__.py'...
[3.139s] Compiling '/home/mcav/jpan/ESDA_onboarding/install/custom_interfaces/local/lib/python3.10/dist-packages/custom_interfaces/msg/_waypoint.py'...
[3.143s] -- Installing: /home/mcav/jpan/ESDA_onboarding/install/custom_interfaces/local/lib/python3.10/dist-packages/custom_interfaces/custom_interfaces_s__rosidl_typesupport_fastrtps_c.cpython-310-x86_64-linux-gnu.so
[3.143s] -- Set runtime path of "/home/mcav/jpan/ESDA_onboarding/install/custom_interfaces/local/lib/python3.10/dist-packages/custom_interfaces/custom_interfaces_s__rosidl_typesupport_fastrtps_c.cpython-310-x86_64-linux-gnu.so" to ""
[3.144s] -- Installing: /home/mcav/jpan/ESDA_onboarding/install/custom_interfaces/local/lib/python3.10/dist-packages/custom_interfaces/custom_interfaces_s__rosidl_typesupport_introspection_c.cpython-310-x86_64-linux-gnu.so
[3.144s] -- Set runtime path of "/home/mcav/jpan/ESDA_onboarding/install/custom_interfaces/local/lib/python3.10/dist-packages/custom_interfaces/custom_interfaces_s__rosidl_typesupport_introspection_c.cpython-310-x86_64-linux-gnu.so" to ""
[3.144s] -- Installing: /home/mcav/jpan/ESDA_onboarding/install/custom_interfaces/local/lib/python3.10/dist-packages/custom_interfaces/custom_interfaces_s__rosidl_typesupport_c.cpython-310-x86_64-linux-gnu.so
[3.145s] -- Set runtime path of "/home/mcav/jpan/ESDA_onboarding/install/custom_interfaces/local/lib/python3.10/dist-packages/custom_interfaces/custom_interfaces_s__rosidl_typesupport_c.cpython-310-x86_64-linux-gnu.so" to ""
[3.145s] -- Installing: /home/mcav/jpan/ESDA_onboarding/install/custom_interfaces/lib/libcustom_interfaces__rosidl_generator_py.so
[3.145s] -- Set runtime path of "/home/mcav/jpan/ESDA_onboarding/install/custom_interfaces/lib/libcustom_interfaces__rosidl_generator_py.so" to ""
[3.145s] -- Installing: /home/mcav/jpan/ESDA_onboarding/install/custom_interfaces/share/custom_interfaces/msg/Waypoint.idl
[3.145s] -- Installing: /home/mcav/jpan/ESDA_onboarding/install/custom_interfaces/share/custom_interfaces/msg/Waypoint.msg
[3.145s] -- Installing: /home/mcav/jpan/ESDA_onboarding/install/custom_interfaces/share/ament_index/resource_index/package_run_dependencies/custom_interfaces
[3.145s] -- Installing: /home/mcav/jpan/ESDA_onboarding/install/custom_interfaces/share/ament_index/resource_index/parent_prefix_path/custom_interfaces
[3.146s] -- Installing: /home/mcav/jpan/ESDA_onboarding/install/custom_interfaces/share/custom_interfaces/environment/ament_prefix_path.sh
[3.146s] -- Installing: /home/mcav/jpan/ESDA_onboarding/install/custom_interfaces/share/custom_interfaces/environment/ament_prefix_path.dsv
[3.146s] -- Installing: /home/mcav/jpan/ESDA_onboarding/install/custom_interfaces/share/custom_interfaces/environment/path.sh
[3.146s] -- Installing: /home/mcav/jpan/ESDA_onboarding/install/custom_interfaces/share/custom_interfaces/environment/path.dsv
[3.146s] -- Installing: /home/mcav/jpan/ESDA_onboarding/install/custom_interfaces/share/custom_interfaces/local_setup.bash
[3.146s] -- Installing: /home/mcav/jpan/ESDA_onboarding/install/custom_interfaces/share/custom_interfaces/local_setup.sh
[3.146s] -- Installing: /home/mcav/jpan/ESDA_onboarding/install/custom_interfaces/share/custom_interfaces/local_setup.zsh
[3.146s] -- Installing: /home/mcav/jpan/ESDA_onboarding/install/custom_interfaces/share/custom_interfaces/local_setup.dsv
[3.147s] -- Installing: /home/mcav/jpan/ESDA_onboarding/install/custom_interfaces/share/custom_interfaces/package.dsv
[3.147s] -- Installing: /home/mcav/jpan/ESDA_onboarding/install/custom_interfaces/share/ament_index/resource_index/packages/custom_interfaces
[3.147s] -- Installing: /home/mcav/jpan/ESDA_onboarding/install/custom_interfaces/share/custom_interfaces/cmake/export_custom_interfaces__rosidl_generator_cExport.cmake
[3.147s] -- Installing: /home/mcav/jpan/ESDA_onboarding/install/custom_interfaces/share/custom_interfaces/cmake/export_custom_interfaces__rosidl_generator_cExport-noconfig.cmake
[3.147s] -- Installing: /home/mcav/jpan/ESDA_onboarding/install/custom_interfaces/share/custom_interfaces/cmake/export_custom_interfaces__rosidl_typesupport_fastrtps_cExport.cmake
[3.147s] -- Installing: /home/mcav/jpan/ESDA_onboarding/install/custom_interfaces/share/custom_interfaces/cmake/export_custom_interfaces__rosidl_typesupport_fastrtps_cExport-noconfig.cmake
[3.147s] -- Installing: /home/mcav/jpan/ESDA_onboarding/install/custom_interfaces/share/custom_interfaces/cmake/custom_interfaces__rosidl_typesupport_introspection_cExport.cmake
[3.148s] -- Installing: /home/mcav/jpan/ESDA_onboarding/install/custom_interfaces/share/custom_interfaces/cmake/custom_interfaces__rosidl_typesupport_introspection_cExport-noconfig.cmake
[3.148s] -- Installing: /home/mcav/jpan/ESDA_onboarding/install/custom_interfaces/share/custom_interfaces/cmake/custom_interfaces__rosidl_typesupport_cExport.cmake
[3.148s] -- Installing: /home/mcav/jpan/ESDA_onboarding/install/custom_interfaces/share/custom_interfaces/cmake/custom_interfaces__rosidl_typesupport_cExport-noconfig.cmake
[3.148s] -- Installing: /home/mcav/jpan/ESDA_onboarding/install/custom_interfaces/share/custom_interfaces/cmake/export_custom_interfaces__rosidl_generator_cppExport.cmake
[3.148s] -- Installing: /home/mcav/jpan/ESDA_onboarding/install/custom_interfaces/share/custom_interfaces/cmake/export_custom_interfaces__rosidl_typesupport_fastrtps_cppExport.cmake
[3.148s] -- Installing: /home/mcav/jpan/ESDA_onboarding/install/custom_interfaces/share/custom_interfaces/cmake/export_custom_interfaces__rosidl_typesupport_fastrtps_cppExport-noconfig.cmake
[3.148s] -- Installing: /home/mcav/jpan/ESDA_onboarding/install/custom_interfaces/share/custom_interfaces/cmake/custom_interfaces__rosidl_typesupport_introspection_cppExport.cmake
[3.149s] -- Installing: /home/mcav/jpan/ESDA_onboarding/install/custom_interfaces/share/custom_interfaces/cmake/custom_interfaces__rosidl_typesupport_introspection_cppExport-noconfig.cmake
[3.149s] -- Installing: /home/mcav/jpan/ESDA_onboarding/install/custom_interfaces/share/custom_interfaces/cmake/custom_interfaces__rosidl_typesupport_cppExport.cmake
[3.149s] -- Installing: /home/mcav/jpan/ESDA_onboarding/install/custom_interfaces/share/custom_interfaces/cmake/custom_interfaces__rosidl_typesupport_cppExport-noconfig.cmake
[3.149s] -- Installing: /home/mcav/jpan/ESDA_onboarding/install/custom_interfaces/share/custom_interfaces/cmake/export_custom_interfaces__rosidl_generator_pyExport.cmake
[3.149s] -- Installing: /home/mcav/jpan/ESDA_onboarding/install/custom_interfaces/share/custom_interfaces/cmake/export_custom_interfaces__rosidl_generator_pyExport-noconfig.cmake
[3.149s] -- Installing: /home/mcav/jpan/ESDA_onboarding/install/custom_interfaces/share/custom_interfaces/cmake/rosidl_cmake-extras.cmake
[3.149s] -- Installing: /home/mcav/jpan/ESDA_onboarding/install/custom_interfaces/share/custom_interfaces/cmake/ament_cmake_export_include_directories-extras.cmake
[3.150s] -- Installing: /home/mcav/jpan/ESDA_onboarding/install/custom_interfaces/share/custom_interfaces/cmake/ament_cmake_export_libraries-extras.cmake
[3.150s] -- Installing: /home/mcav/jpan/ESDA_onboarding/install/custom_interfaces/share/custom_interfaces/cmake/ament_cmake_export_targets-extras.cmake
[3.150s] -- Installing: /home/mcav/jpan/ESDA_onboarding/install/custom_interfaces/share/custom_interfaces/cmake/rosidl_cmake_export_typesupport_targets-extras.cmake
[3.150s] -- Installing: /home/mcav/jpan/ESDA_onboarding/install/custom_interfaces/share/custom_interfaces/cmake/ament_cmake_export_dependencies-extras.cmake
[3.150s] -- Installing: /home/mcav/jpan/ESDA_onboarding/install/custom_interfaces/share/custom_interfaces/cmake/rosidl_cmake_export_typesupport_libraries-extras.cmake
[3.150s] -- Installing: /home/mcav/jpan/ESDA_onboarding/install/custom_interfaces/share/custom_interfaces/cmake/custom_interfacesConfig.cmake
[3.150s] -- Installing: /home/mcav/jpan/ESDA_onboarding/install/custom_interfaces/share/custom_interfaces/cmake/custom_interfacesConfig-version.cmake
[3.150s] -- Installing: /home/mcav/jpan/ESDA_onboarding/install/custom_interfaces/share/custom_interfaces/package.xml
[3.154s] Invoked command in '/home/mcav/jpan/ESDA_onboarding/build/custom_interfaces' returned '0': CMAKE_PREFIX_PATH=/opt/ros/humble /usr/bin/cmake --install /home/mcav/jpan/ESDA_onboarding/build/custom_interfaces
