[0.265s] DEBUG:colcon:Command line arguments: ['/usr/bin/colcon', 'build']
[0.265s] DEBUG:colcon:Parsed command line arguments: Namespace(log_base=None, log_level=None, verb_name='build', build_base='build', install_base='install', merge_install=False, symlink_install=False, test_result_base=None, continue_on_error=False, executor='parallel', parallel_workers=16, event_handlers=None, ignore_user_meta=False, metas=['./colcon.meta'], base_paths=['.'], packages_ignore=None, packages_ignore_regex=None, paths=None, packages_up_to=None, packages_up_to_regex=None, packages_above=None, packages_above_and_dependencies=None, packages_above_depth=None, packages_select_by_dep=None, packages_skip_by_dep=None, packages_skip_up_to=None, packages_select_build_failed=False, packages_skip_build_finished=False, packages_select_test_failures=False, packages_skip_test_passed=False, packages_select=None, packages_skip=None, packages_select_regex=None, packages_skip_regex=None, packages_start=None, packages_end=None, allow_overriding=[], cmake_args=None, cmake_target=None, cmake_target_skip_unavailable=False, cmake_clean_cache=False, cmake_clean_first=False, cmake_force_configure=False, ament_cmake_args=None, catkin_cmake_args=None, catkin_skip_building_tests=False, verb_parser=<colcon_defaults.argument_parser.defaults.DefaultArgumentsDecorator object at 0x7f93dcfd8cd0>, verb_extension=<colcon_core.verb.build.BuildVerb object at 0x7f93dd7ede10>, main=<bound method BuildVerb.main of <colcon_core.verb.build.BuildVerb object at 0x7f93dd7ede10>>)
[0.298s] Level 1:colcon.colcon_core.package_discovery:discover_packages(colcon_meta) check parameters
[0.298s] Level 1:colcon.colcon_core.package_discovery:discover_packages(recursive) check parameters
[0.298s] Level 1:colcon.colcon_core.package_discovery:discover_packages(ignore) check parameters
[0.298s] Level 1:colcon.colcon_core.package_discovery:discover_packages(path) check parameters
[0.298s] Level 1:colcon.colcon_core.package_discovery:discover_packages(colcon_meta) discover
[0.298s] Level 1:colcon.colcon_core.package_discovery:discover_packages(recursive) discover
[0.298s] INFO:colcon.colcon_core.package_discovery:Crawling recursively for packages in '/home/yentung-yen/mcav/ESDA_onboarding'
[0.298s] Level 1:colcon.colcon_core.package_identification:_identify(.) by extensions ['ignore', 'ignore_ament_install']
[0.298s] Level 1:colcon.colcon_core.package_identification:_identify(.) by extension 'ignore'
[0.298s] Level 1:colcon.colcon_core.package_identification:_identify(.) by extension 'ignore_ament_install'
[0.298s] Level 1:colcon.colcon_core.package_identification:_identify(.) by extensions ['colcon_pkg']
[0.298s] Level 1:colcon.colcon_core.package_identification:_identify(.) by extension 'colcon_pkg'
[0.299s] Level 1:colcon.colcon_core.package_identification:_identify(.) by extensions ['colcon_meta']
[0.299s] Level 1:colcon.colcon_core.package_identification:_identify(.) by extension 'colcon_meta'
[0.299s] Level 1:colcon.colcon_core.package_identification:_identify(.) by extensions ['ros']
[0.299s] Level 1:colcon.colcon_core.package_identification:_identify(.) by extension 'ros'
[0.311s] Level 1:colcon.colcon_core.package_identification:_identify(.) by extensions ['cmake', 'python']
[0.311s] Level 1:colcon.colcon_core.package_identification:_identify(.) by extension 'cmake'
[0.311s] Level 1:colcon.colcon_core.package_identification:_identify(.) by extension 'python'
[0.311s] Level 1:colcon.colcon_core.package_identification:_identify(.) by extensions ['python_setup_py']
[0.311s] Level 1:colcon.colcon_core.package_identification:_identify(.) by extension 'python_setup_py'
[0.311s] Level 1:colcon.colcon_core.package_identification:_identify(articubot_one) by extensions ['ignore', 'ignore_ament_install']
[0.311s] Level 1:colcon.colcon_core.package_identification:_identify(articubot_one) by extension 'ignore'
[0.311s] Level 1:colcon.colcon_core.package_identification:_identify(articubot_one) by extension 'ignore_ament_install'
[0.311s] Level 1:colcon.colcon_core.package_identification:_identify(articubot_one) by extensions ['colcon_pkg']
[0.311s] Level 1:colcon.colcon_core.package_identification:_identify(articubot_one) by extension 'colcon_pkg'
[0.311s] Level 1:colcon.colcon_core.package_identification:_identify(articubot_one) by extensions ['colcon_meta']
[0.311s] Level 1:colcon.colcon_core.package_identification:_identify(articubot_one) by extension 'colcon_meta'
[0.311s] Level 1:colcon.colcon_core.package_identification:_identify(articubot_one) by extensions ['ros']
[0.311s] Level 1:colcon.colcon_core.package_identification:_identify(articubot_one) by extension 'ros'
[0.314s] DEBUG:colcon.colcon_core.package_identification:Package 'articubot_one' with type 'ros.ament_cmake' and name 'articubot_one'
[0.314s] Level 1:colcon.colcon_core.package_identification:_identify(build) by extensions ['ignore', 'ignore_ament_install']
[0.314s] Level 1:colcon.colcon_core.package_identification:_identify(build) by extension 'ignore'
[0.314s] Level 1:colcon.colcon_core.package_identification:_identify(build) ignored
[0.314s] Level 1:colcon.colcon_core.package_identification:_identify(custom_interfaces) by extensions ['ignore', 'ignore_ament_install']
[0.314s] Level 1:colcon.colcon_core.package_identification:_identify(custom_interfaces) by extension 'ignore'
[0.314s] Level 1:colcon.colcon_core.package_identification:_identify(custom_interfaces) by extension 'ignore_ament_install'
[0.314s] Level 1:colcon.colcon_core.package_identification:_identify(custom_interfaces) by extensions ['colcon_pkg']
[0.314s] Level 1:colcon.colcon_core.package_identification:_identify(custom_interfaces) by extension 'colcon_pkg'
[0.314s] Level 1:colcon.colcon_core.package_identification:_identify(custom_interfaces) by extensions ['colcon_meta']
[0.314s] Level 1:colcon.colcon_core.package_identification:_identify(custom_interfaces) by extension 'colcon_meta'
[0.314s] Level 1:colcon.colcon_core.package_identification:_identify(custom_interfaces) by extensions ['ros']
[0.314s] Level 1:colcon.colcon_core.package_identification:_identify(custom_interfaces) by extension 'ros'
[0.315s] DEBUG:colcon.colcon_core.package_identification:Package 'custom_interfaces' with type 'ros.ament_cmake' and name 'custom_interfaces'
[0.315s] Level 1:colcon.colcon_core.package_identification:_identify(install) by extensions ['ignore', 'ignore_ament_install']
[0.315s] Level 1:colcon.colcon_core.package_identification:_identify(install) by extension 'ignore'
[0.315s] Level 1:colcon.colcon_core.package_identification:_identify(install) ignored
[0.315s] Level 1:colcon.colcon_core.package_identification:_identify(log) by extensions ['ignore', 'ignore_ament_install']
[0.315s] Level 1:colcon.colcon_core.package_identification:_identify(log) by extension 'ignore'
[0.315s] Level 1:colcon.colcon_core.package_identification:_identify(log) ignored
[0.315s] Level 1:colcon.colcon_core.package_identification:_identify(onboarding_task1) by extensions ['ignore', 'ignore_ament_install']
[0.315s] Level 1:colcon.colcon_core.package_identification:_identify(onboarding_task1) by extension 'ignore'
[0.315s] Level 1:colcon.colcon_core.package_identification:_identify(onboarding_task1) by extension 'ignore_ament_install'
[0.315s] Level 1:colcon.colcon_core.package_identification:_identify(onboarding_task1) by extensions ['colcon_pkg']
[0.315s] Level 1:colcon.colcon_core.package_identification:_identify(onboarding_task1) by extension 'colcon_pkg'
[0.315s] Level 1:colcon.colcon_core.package_identification:_identify(onboarding_task1) by extensions ['colcon_meta']
[0.315s] Level 1:colcon.colcon_core.package_identification:_identify(onboarding_task1) by extension 'colcon_meta'
[0.315s] Level 1:colcon.colcon_core.package_identification:_identify(onboarding_task1) by extensions ['ros']
[0.315s] Level 1:colcon.colcon_core.package_identification:_identify(onboarding_task1) by extension 'ros'
[0.316s] DEBUG:colcon.colcon_core.package_identification:Package 'onboarding_task1' with type 'ros.ament_python' and name 'onboarding_task1'
[0.316s] Level 1:colcon.colcon_core.package_identification:_identify(waypoint_pub) by extensions ['ignore', 'ignore_ament_install']
[0.316s] Level 1:colcon.colcon_core.package_identification:_identify(waypoint_pub) by extension 'ignore'
[0.316s] Level 1:colcon.colcon_core.package_identification:_identify(waypoint_pub) by extension 'ignore_ament_install'
[0.316s] Level 1:colcon.colcon_core.package_identification:_identify(waypoint_pub) by extensions ['colcon_pkg']
[0.317s] Level 1:colcon.colcon_core.package_identification:_identify(waypoint_pub) by extension 'colcon_pkg'
[0.317s] Level 1:colcon.colcon_core.package_identification:_identify(waypoint_pub) by extensions ['colcon_meta']
[0.317s] Level 1:colcon.colcon_core.package_identification:_identify(waypoint_pub) by extension 'colcon_meta'
[0.317s] Level 1:colcon.colcon_core.package_identification:_identify(waypoint_pub) by extensions ['ros']
[0.317s] Level 1:colcon.colcon_core.package_identification:_identify(waypoint_pub) by extension 'ros'
[0.317s] DEBUG:colcon.colcon_core.package_identification:Package 'waypoint_pub' with type 'ros.ament_python' and name 'waypoint_pub'
[0.317s] Level 1:colcon.colcon_core.package_discovery:discover_packages(recursive) using defaults
[0.317s] Level 1:colcon.colcon_core.package_discovery:discover_packages(ignore) discover
[0.317s] Level 1:colcon.colcon_core.package_discovery:discover_packages(ignore) using defaults
[0.317s] Level 1:colcon.colcon_core.package_discovery:discover_packages(path) discover
[0.317s] Level 1:colcon.colcon_core.package_discovery:discover_packages(path) using defaults
[0.342s] Level 1:colcon.colcon_core.package_discovery:discover_packages(prefix_path) check parameters
[0.342s] Level 1:colcon.colcon_core.package_discovery:discover_packages(prefix_path) discover
[0.344s] DEBUG:colcon.colcon_installed_package_information.package_discovery:Found 4 installed packages in /home/yentung-yen/mcav/ESDA_onboarding/install
[0.345s] DEBUG:colcon.colcon_installed_package_information.package_discovery:Found 297 installed packages in /opt/ros/humble
[0.347s] Level 1:colcon.colcon_core.package_discovery:discover_packages(prefix_path) using defaults
[0.398s] Level 5:colcon.colcon_core.verb:set package 'articubot_one' build argument 'cmake_args' from command line to 'None'
[0.398s] Level 5:colcon.colcon_core.verb:set package 'articubot_one' build argument 'cmake_target' from command line to 'None'
[0.398s] Level 5:colcon.colcon_core.verb:set package 'articubot_one' build argument 'cmake_target_skip_unavailable' from command line to 'False'
[0.398s] Level 5:colcon.colcon_core.verb:set package 'articubot_one' build argument 'cmake_clean_cache' from command line to 'False'
[0.398s] Level 5:colcon.colcon_core.verb:set package 'articubot_one' build argument 'cmake_clean_first' from command line to 'False'
[0.398s] Level 5:colcon.colcon_core.verb:set package 'articubot_one' build argument 'cmake_force_configure' from command line to 'False'
[0.398s] Level 5:colcon.colcon_core.verb:set package 'articubot_one' build argument 'ament_cmake_args' from command line to 'None'
[0.398s] Level 5:colcon.colcon_core.verb:set package 'articubot_one' build argument 'catkin_cmake_args' from command line to 'None'
[0.398s] Level 5:colcon.colcon_core.verb:set package 'articubot_one' build argument 'catkin_skip_building_tests' from command line to 'False'
[0.399s] DEBUG:colcon.colcon_core.verb:Building package 'articubot_one' with the following arguments: {'ament_cmake_args': None, 'build_base': '/home/yentung-yen/mcav/ESDA_onboarding/build/articubot_one', 'catkin_cmake_args': None, 'catkin_skip_building_tests': False, 'cmake_args': None, 'cmake_clean_cache': False, 'cmake_clean_first': False, 'cmake_force_configure': False, 'cmake_target': None, 'cmake_target_skip_unavailable': False, 'install_base': '/home/yentung-yen/mcav/ESDA_onboarding/install/articubot_one', 'merge_install': False, 'path': '/home/yentung-yen/mcav/ESDA_onboarding/articubot_one', 'symlink_install': False, 'test_result_base': None}
[0.400s] Level 5:colcon.colcon_core.verb:set package 'custom_interfaces' build argument 'cmake_args' from command line to 'None'
[0.400s] Level 5:colcon.colcon_core.verb:set package 'custom_interfaces' build argument 'cmake_target' from command line to 'None'
[0.400s] Level 5:colcon.colcon_core.verb:set package 'custom_interfaces' build argument 'cmake_target_skip_unavailable' from command line to 'False'
[0.400s] Level 5:colcon.colcon_core.verb:set package 'custom_interfaces' build argument 'cmake_clean_cache' from command line to 'False'
[0.400s] Level 5:colcon.colcon_core.verb:set package 'custom_interfaces' build argument 'cmake_clean_first' from command line to 'False'
[0.400s] Level 5:colcon.colcon_core.verb:set package 'custom_interfaces' build argument 'cmake_force_configure' from command line to 'False'
[0.400s] Level 5:colcon.colcon_core.verb:set package 'custom_interfaces' build argument 'ament_cmake_args' from command line to 'None'
[0.400s] Level 5:colcon.colcon_core.verb:set package 'custom_interfaces' build argument 'catkin_cmake_args' from command line to 'None'
[0.400s] Level 5:colcon.colcon_core.verb:set package 'custom_interfaces' build argument 'catkin_skip_building_tests' from command line to 'False'
[0.400s] DEBUG:colcon.colcon_core.verb:Building package 'custom_interfaces' with the following arguments: {'ament_cmake_args': None, 'build_base': '/home/yentung-yen/mcav/ESDA_onboarding/build/custom_interfaces', 'catkin_cmake_args': None, 'catkin_skip_building_tests': False, 'cmake_args': None, 'cmake_clean_cache': False, 'cmake_clean_first': False, 'cmake_force_configure': False, 'cmake_target': None, 'cmake_target_skip_unavailable': False, 'install_base': '/home/yentung-yen/mcav/ESDA_onboarding/install/custom_interfaces', 'merge_install': False, 'path': '/home/yentung-yen/mcav/ESDA_onboarding/custom_interfaces', 'symlink_install': False, 'test_result_base': None}
[0.401s] Level 5:colcon.colcon_core.verb:set package 'onboarding_task1' build argument 'cmake_args' from command line to 'None'
[0.401s] Level 5:colcon.colcon_core.verb:set package 'onboarding_task1' build argument 'cmake_target' from command line to 'None'
[0.401s] Level 5:colcon.colcon_core.verb:set package 'onboarding_task1' build argument 'cmake_target_skip_unavailable' from command line to 'False'
[0.401s] Level 5:colcon.colcon_core.verb:set package 'onboarding_task1' build argument 'cmake_clean_cache' from command line to 'False'
[0.401s] Level 5:colcon.colcon_core.verb:set package 'onboarding_task1' build argument 'cmake_clean_first' from command line to 'False'
[0.401s] Level 5:colcon.colcon_core.verb:set package 'onboarding_task1' build argument 'cmake_force_configure' from command line to 'False'
[0.401s] Level 5:colcon.colcon_core.verb:set package 'onboarding_task1' build argument 'ament_cmake_args' from command line to 'None'
[0.401s] Level 5:colcon.colcon_core.verb:set package 'onboarding_task1' build argument 'catkin_cmake_args' from command line to 'None'
[0.401s] Level 5:colcon.colcon_core.verb:set package 'onboarding_task1' build argument 'catkin_skip_building_tests' from command line to 'False'
[0.401s] DEBUG:colcon.colcon_core.verb:Building package 'onboarding_task1' with the following arguments: {'ament_cmake_args': None, 'build_base': '/home/yentung-yen/mcav/ESDA_onboarding/build/onboarding_task1', 'catkin_cmake_args': None, 'catkin_skip_building_tests': False, 'cmake_args': None, 'cmake_clean_cache': False, 'cmake_clean_first': False, 'cmake_force_configure': False, 'cmake_target': None, 'cmake_target_skip_unavailable': False, 'install_base': '/home/yentung-yen/mcav/ESDA_onboarding/install/onboarding_task1', 'merge_install': False, 'path': '/home/yentung-yen/mcav/ESDA_onboarding/onboarding_task1', 'symlink_install': False, 'test_result_base': None}
[0.402s] Level 5:colcon.colcon_core.verb:set package 'waypoint_pub' build argument 'cmake_args' from command line to 'None'
[0.402s] Level 5:colcon.colcon_core.verb:set package 'waypoint_pub' build argument 'cmake_target' from command line to 'None'
[0.402s] Level 5:colcon.colcon_core.verb:set package 'waypoint_pub' build argument 'cmake_target_skip_unavailable' from command line to 'False'
[0.402s] Level 5:colcon.colcon_core.verb:set package 'waypoint_pub' build argument 'cmake_clean_cache' from command line to 'False'
[0.402s] Level 5:colcon.colcon_core.verb:set package 'waypoint_pub' build argument 'cmake_clean_first' from command line to 'False'
[0.402s] Level 5:colcon.colcon_core.verb:set package 'waypoint_pub' build argument 'cmake_force_configure' from command line to 'False'
[0.402s] Level 5:colcon.colcon_core.verb:set package 'waypoint_pub' build argument 'ament_cmake_args' from command line to 'None'
[0.402s] Level 5:colcon.colcon_core.verb:set package 'waypoint_pub' build argument 'catkin_cmake_args' from command line to 'None'
[0.402s] Level 5:colcon.colcon_core.verb:set package 'waypoint_pub' build argument 'catkin_skip_building_tests' from command line to 'False'
[0.402s] DEBUG:colcon.colcon_core.verb:Building package 'waypoint_pub' with the following arguments: {'ament_cmake_args': None, 'build_base': '/home/yentung-yen/mcav/ESDA_onboarding/build/waypoint_pub', 'catkin_cmake_args': None, 'catkin_skip_building_tests': False, 'cmake_args': None, 'cmake_clean_cache': False, 'cmake_clean_first': False, 'cmake_force_configure': False, 'cmake_target': None, 'cmake_target_skip_unavailable': False, 'install_base': '/home/yentung-yen/mcav/ESDA_onboarding/install/waypoint_pub', 'merge_install': False, 'path': '/home/yentung-yen/mcav/ESDA_onboarding/waypoint_pub', 'symlink_install': False, 'test_result_base': None}
[0.402s] INFO:colcon.colcon_core.executor:Executing jobs using 'parallel' executor
[0.405s] DEBUG:colcon.colcon_parallel_executor.executor.parallel:run_until_complete
[0.405s] INFO:colcon.colcon_ros.task.ament_cmake.build:Building ROS package in '/home/yentung-yen/mcav/ESDA_onboarding/custom_interfaces' with build type 'ament_cmake'
[0.406s] INFO:colcon.colcon_cmake.task.cmake.build:Building CMake package in '/home/yentung-yen/mcav/ESDA_onboarding/custom_interfaces'
[0.411s] INFO:colcon.colcon_core.plugin_system:Skipping extension 'colcon_core.shell.bat': Not used on non-Windows systems
[0.411s] INFO:colcon.colcon_core.shell:Skip shell extension 'powershell' for command environment: Not usable outside of PowerShell
[0.411s] DEBUG:colcon.colcon_core.shell:Skip shell extension 'dsv' for command environment
[0.416s] INFO:colcon.colcon_ros.task.ament_cmake.build:Building ROS package in '/home/yentung-yen/mcav/ESDA_onboarding/articubot_one' with build type 'ament_cmake'
[0.416s] INFO:colcon.colcon_cmake.task.cmake.build:Building CMake package in '/home/yentung-yen/mcav/ESDA_onboarding/articubot_one'
[0.419s] INFO:colcon.colcon_core.shell:Skip shell extension 'powershell' for command environment: Not usable outside of PowerShell
[0.419s] DEBUG:colcon.colcon_core.shell:Skip shell extension 'dsv' for command environment
[0.427s] INFO:colcon.colcon_ros.task.ament_python.build:Building ROS package in '/home/yentung-yen/mcav/ESDA_onboarding/onboarding_task1' with build type 'ament_python'
[0.427s] Level 1:colcon.colcon_core.shell:create_environment_hook('onboarding_task1', 'ament_prefix_path')
[0.429s] INFO:colcon.colcon_core.shell:Creating environment hook '/home/yentung-yen/mcav/ESDA_onboarding/install/onboarding_task1/share/onboarding_task1/hook/ament_prefix_path.ps1'
[0.430s] INFO:colcon.colcon_core.shell:Creating environment descriptor '/home/yentung-yen/mcav/ESDA_onboarding/install/onboarding_task1/share/onboarding_task1/hook/ament_prefix_path.dsv'
[0.430s] INFO:colcon.colcon_core.shell:Creating environment hook '/home/yentung-yen/mcav/ESDA_onboarding/install/onboarding_task1/share/onboarding_task1/hook/ament_prefix_path.sh'
[0.434s] INFO:colcon.colcon_core.shell:Skip shell extension 'powershell' for command environment: Not usable outside of PowerShell
[0.434s] DEBUG:colcon.colcon_core.shell:Skip shell extension 'dsv' for command environment
[0.451s] DEBUG:colcon.colcon_core.event_handler.log_command:Invoking command in '/home/yentung-yen/mcav/ESDA_onboarding/build/custom_interfaces': CMAKE_PREFIX_PATH=${CMAKE_PREFIX_PATH}:/home/yentung-yen/mcav/ESDA_onboarding/install/waypoint_pub:/home/yentung-yen/mcav/ESDA_onboarding/install/onboarding_task1:/opt/ros/humble /usr/bin/cmake --build /home/yentung-yen/mcav/ESDA_onboarding/build/custom_interfaces -- -j16 -l16
[0.460s] DEBUG:colcon.colcon_core.event_handler.log_command:Invoking command in '/home/yentung-yen/mcav/ESDA_onboarding/build/articubot_one': CMAKE_PREFIX_PATH=${CMAKE_PREFIX_PATH}:/home/yentung-yen/mcav/ESDA_onboarding/install/waypoint_pub:/home/yentung-yen/mcav/ESDA_onboarding/install/onboarding_task1:/opt/ros/humble /usr/bin/cmake --build /home/yentung-yen/mcav/ESDA_onboarding/build/articubot_one -- -j16 -l16
[0.695s] INFO:colcon.colcon_core.task.python.build:Building Python package in '/home/yentung-yen/mcav/ESDA_onboarding/onboarding_task1'
[0.696s] INFO:colcon.colcon_core.shell:Skip shell extension 'powershell' for command environment: Not usable outside of PowerShell
[0.696s] DEBUG:colcon.colcon_core.shell:Skip shell extension 'dsv' for command environment
[0.702s] DEBUG:colcon.colcon_core.event_handler.log_command:Invoked command in '/home/yentung-yen/mcav/ESDA_onboarding/build/articubot_one' returned '0': CMAKE_PREFIX_PATH=${CMAKE_PREFIX_PATH}:/home/yentung-yen/mcav/ESDA_onboarding/install/waypoint_pub:/home/yentung-yen/mcav/ESDA_onboarding/install/onboarding_task1:/opt/ros/humble /usr/bin/cmake --build /home/yentung-yen/mcav/ESDA_onboarding/build/articubot_one -- -j16 -l16
[0.730s] DEBUG:colcon.colcon_core.event_handler.log_command:Invoking command in '/home/yentung-yen/mcav/ESDA_onboarding/build/articubot_one': CMAKE_PREFIX_PATH=${CMAKE_PREFIX_PATH}:/home/yentung-yen/mcav/ESDA_onboarding/install/waypoint_pub:/home/yentung-yen/mcav/ESDA_onboarding/install/onboarding_task1:/opt/ros/humble /usr/bin/cmake --install /home/yentung-yen/mcav/ESDA_onboarding/build/articubot_one
[0.739s] Level 1:colcon.colcon_core.environment:create_environment_scripts_only(articubot_one)
[0.740s] DEBUG:colcon.colcon_core.event_handler.log_command:Invoked command in '/home/yentung-yen/mcav/ESDA_onboarding/build/articubot_one' returned '0': CMAKE_PREFIX_PATH=${CMAKE_PREFIX_PATH}:/home/yentung-yen/mcav/ESDA_onboarding/install/waypoint_pub:/home/yentung-yen/mcav/ESDA_onboarding/install/onboarding_task1:/opt/ros/humble /usr/bin/cmake --install /home/yentung-yen/mcav/ESDA_onboarding/build/articubot_one
[0.743s] Level 1:colcon.colcon_core.environment:checking '/home/yentung-yen/mcav/ESDA_onboarding/install/articubot_one' for CMake module files
[0.744s] Level 1:colcon.colcon_core.environment:checking '/home/yentung-yen/mcav/ESDA_onboarding/install/articubot_one' for CMake config files
[0.744s] Level 1:colcon.colcon_core.shell:create_environment_hook('articubot_one', 'cmake_prefix_path')
[0.746s] INFO:colcon.colcon_core.shell:Creating environment hook '/home/yentung-yen/mcav/ESDA_onboarding/install/articubot_one/share/articubot_one/hook/cmake_prefix_path.ps1'
[0.746s] INFO:colcon.colcon_core.shell:Creating environment descriptor '/home/yentung-yen/mcav/ESDA_onboarding/install/articubot_one/share/articubot_one/hook/cmake_prefix_path.dsv'
[0.746s] INFO:colcon.colcon_core.shell:Creating environment hook '/home/yentung-yen/mcav/ESDA_onboarding/install/articubot_one/share/articubot_one/hook/cmake_prefix_path.sh'
[0.747s] Level 1:colcon.colcon_core.environment:checking '/home/yentung-yen/mcav/ESDA_onboarding/install/articubot_one/bin'
[0.748s] Level 1:colcon.colcon_core.environment:checking '/home/yentung-yen/mcav/ESDA_onboarding/install/articubot_one/lib/pkgconfig/articubot_one.pc'
[0.748s] Level 1:colcon.colcon_core.environment:checking '/home/yentung-yen/mcav/ESDA_onboarding/install/articubot_one/lib/python3.10/site-packages'
[0.748s] Level 1:colcon.colcon_core.environment:checking '/home/yentung-yen/mcav/ESDA_onboarding/install/articubot_one/bin'
[0.749s] INFO:colcon.colcon_core.shell:Creating package script '/home/yentung-yen/mcav/ESDA_onboarding/install/articubot_one/share/articubot_one/package.ps1'
[0.750s] INFO:colcon.colcon_core.shell:Creating package descriptor '/home/yentung-yen/mcav/ESDA_onboarding/install/articubot_one/share/articubot_one/package.dsv'
[0.751s] INFO:colcon.colcon_core.shell:Creating package script '/home/yentung-yen/mcav/ESDA_onboarding/install/articubot_one/share/articubot_one/package.sh'
[0.752s] INFO:colcon.colcon_core.shell:Creating package script '/home/yentung-yen/mcav/ESDA_onboarding/install/articubot_one/share/articubot_one/package.bash'
[0.752s] INFO:colcon.colcon_core.shell:Creating package script '/home/yentung-yen/mcav/ESDA_onboarding/install/articubot_one/share/articubot_one/package.zsh'
[0.753s] Level 1:colcon.colcon_core.environment:create_file_with_runtime_dependencies(/home/yentung-yen/mcav/ESDA_onboarding/install/articubot_one/share/colcon-core/packages/articubot_one)
[0.758s] DEBUG:colcon.colcon_core.event_handler.log_command:Invoked command in '/home/yentung-yen/mcav/ESDA_onboarding/build/custom_interfaces' returned '0': CMAKE_PREFIX_PATH=${CMAKE_PREFIX_PATH}:/home/yentung-yen/mcav/ESDA_onboarding/install/waypoint_pub:/home/yentung-yen/mcav/ESDA_onboarding/install/onboarding_task1:/opt/ros/humble /usr/bin/cmake --build /home/yentung-yen/mcav/ESDA_onboarding/build/custom_interfaces -- -j16 -l16
[0.773s] Level 1:colcon.colcon_core.environment:create_environment_scripts_only(articubot_one)
[0.774s] Level 1:colcon.colcon_core.environment:checking '/home/yentung-yen/mcav/ESDA_onboarding/install/articubot_one' for CMake module files
[0.775s] Level 1:colcon.colcon_core.environment:checking '/home/yentung-yen/mcav/ESDA_onboarding/install/articubot_one' for CMake config files
[0.775s] Level 1:colcon.colcon_core.shell:create_environment_hook('articubot_one', 'cmake_prefix_path')
[0.776s] INFO:colcon.colcon_core.shell:Creating environment hook '/home/yentung-yen/mcav/ESDA_onboarding/install/articubot_one/share/articubot_one/hook/cmake_prefix_path.ps1'
[0.777s] INFO:colcon.colcon_core.shell:Creating environment descriptor '/home/yentung-yen/mcav/ESDA_onboarding/install/articubot_one/share/articubot_one/hook/cmake_prefix_path.dsv'
[0.778s] INFO:colcon.colcon_core.shell:Creating environment hook '/home/yentung-yen/mcav/ESDA_onboarding/install/articubot_one/share/articubot_one/hook/cmake_prefix_path.sh'
[0.778s] Level 1:colcon.colcon_core.environment:checking '/home/yentung-yen/mcav/ESDA_onboarding/install/articubot_one/bin'
[0.778s] Level 1:colcon.colcon_core.environment:checking '/home/yentung-yen/mcav/ESDA_onboarding/install/articubot_one/lib/pkgconfig/articubot_one.pc'
[0.778s] Level 1:colcon.colcon_core.environment:checking '/home/yentung-yen/mcav/ESDA_onboarding/install/articubot_one/lib/python3.10/site-packages'
[0.779s] Level 1:colcon.colcon_core.environment:checking '/home/yentung-yen/mcav/ESDA_onboarding/install/articubot_one/bin'
[0.780s] INFO:colcon.colcon_core.shell:Creating package script '/home/yentung-yen/mcav/ESDA_onboarding/install/articubot_one/share/articubot_one/package.ps1'
[0.780s] INFO:colcon.colcon_core.shell:Creating package descriptor '/home/yentung-yen/mcav/ESDA_onboarding/install/articubot_one/share/articubot_one/package.dsv'
[0.781s] INFO:colcon.colcon_core.shell:Creating package script '/home/yentung-yen/mcav/ESDA_onboarding/install/articubot_one/share/articubot_one/package.sh'
[0.781s] INFO:colcon.colcon_core.shell:Creating package script '/home/yentung-yen/mcav/ESDA_onboarding/install/articubot_one/share/articubot_one/package.bash'
[0.782s] INFO:colcon.colcon_core.shell:Creating package script '/home/yentung-yen/mcav/ESDA_onboarding/install/articubot_one/share/articubot_one/package.zsh'
[0.782s] Level 1:colcon.colcon_core.environment:create_file_with_runtime_dependencies(/home/yentung-yen/mcav/ESDA_onboarding/install/articubot_one/share/colcon-core/packages/articubot_one)
[0.804s] DEBUG:colcon.colcon_core.event_handler.log_command:Invoking command in '/home/yentung-yen/mcav/ESDA_onboarding/build/custom_interfaces': CMAKE_PREFIX_PATH=${CMAKE_PREFIX_PATH}:/home/yentung-yen/mcav/ESDA_onboarding/install/waypoint_pub:/home/yentung-yen/mcav/ESDA_onboarding/install/onboarding_task1:/opt/ros/humble /usr/bin/cmake --install /home/yentung-yen/mcav/ESDA_onboarding/build/custom_interfaces
[0.856s] Level 1:colcon.colcon_core.environment:create_environment_scripts_only(custom_interfaces)
[0.858s] Level 1:colcon.colcon_core.environment:checking '/home/yentung-yen/mcav/ESDA_onboarding/install/custom_interfaces' for CMake module files
[0.859s] Level 1:colcon.colcon_core.environment:checking '/home/yentung-yen/mcav/ESDA_onboarding/install/custom_interfaces' for CMake config files
[0.857s] DEBUG:colcon.colcon_core.event_handler.log_command:Invoked command in '/home/yentung-yen/mcav/ESDA_onboarding/build/custom_interfaces' returned '0': CMAKE_PREFIX_PATH=${CMAKE_PREFIX_PATH}:/home/yentung-yen/mcav/ESDA_onboarding/install/waypoint_pub:/home/yentung-yen/mcav/ESDA_onboarding/install/onboarding_task1:/opt/ros/humble /usr/bin/cmake --install /home/yentung-yen/mcav/ESDA_onboarding/build/custom_interfaces
[0.860s] Level 1:colcon.colcon_core.shell:create_environment_hook('custom_interfaces', 'cmake_prefix_path')
[0.861s] INFO:colcon.colcon_core.shell:Creating environment hook '/home/yentung-yen/mcav/ESDA_onboarding/install/custom_interfaces/share/custom_interfaces/hook/cmake_prefix_path.ps1'
[0.862s] INFO:colcon.colcon_core.shell:Creating environment descriptor '/home/yentung-yen/mcav/ESDA_onboarding/install/custom_interfaces/share/custom_interfaces/hook/cmake_prefix_path.dsv'
[0.863s] INFO:colcon.colcon_core.shell:Creating environment hook '/home/yentung-yen/mcav/ESDA_onboarding/install/custom_interfaces/share/custom_interfaces/hook/cmake_prefix_path.sh'
[0.863s] Level 1:colcon.colcon_core.environment:checking '/home/yentung-yen/mcav/ESDA_onboarding/install/custom_interfaces/lib'
[0.864s] Level 1:colcon.colcon_core.shell:create_environment_hook('custom_interfaces', 'ld_library_path_lib')
[0.865s] INFO:colcon.colcon_core.shell:Creating environment hook '/home/yentung-yen/mcav/ESDA_onboarding/install/custom_interfaces/share/custom_interfaces/hook/ld_library_path_lib.ps1'
[0.865s] INFO:colcon.colcon_core.shell:Creating environment descriptor '/home/yentung-yen/mcav/ESDA_onboarding/install/custom_interfaces/share/custom_interfaces/hook/ld_library_path_lib.dsv'
[0.866s] INFO:colcon.colcon_core.shell:Creating environment hook '/home/yentung-yen/mcav/ESDA_onboarding/install/custom_interfaces/share/custom_interfaces/hook/ld_library_path_lib.sh'
[0.866s] Level 1:colcon.colcon_core.environment:checking '/home/yentung-yen/mcav/ESDA_onboarding/install/custom_interfaces/bin'
[0.866s] Level 1:colcon.colcon_core.environment:checking '/home/yentung-yen/mcav/ESDA_onboarding/install/custom_interfaces/lib/pkgconfig/custom_interfaces.pc'
[0.867s] Level 1:colcon.colcon_core.environment:checking '/home/yentung-yen/mcav/ESDA_onboarding/install/custom_interfaces/lib/python3.10/site-packages'
[0.867s] Level 1:colcon.colcon_core.environment:checking '/home/yentung-yen/mcav/ESDA_onboarding/install/custom_interfaces/bin'
[0.868s] INFO:colcon.colcon_core.shell:Creating package script '/home/yentung-yen/mcav/ESDA_onboarding/install/custom_interfaces/share/custom_interfaces/package.ps1'
[0.868s] INFO:colcon.colcon_core.shell:Creating package descriptor '/home/yentung-yen/mcav/ESDA_onboarding/install/custom_interfaces/share/custom_interfaces/package.dsv'
[0.869s] INFO:colcon.colcon_core.shell:Creating package script '/home/yentung-yen/mcav/ESDA_onboarding/install/custom_interfaces/share/custom_interfaces/package.sh'
[0.869s] INFO:colcon.colcon_core.shell:Creating package script '/home/yentung-yen/mcav/ESDA_onboarding/install/custom_interfaces/share/custom_interfaces/package.bash'
[0.869s] INFO:colcon.colcon_core.shell:Creating package script '/home/yentung-yen/mcav/ESDA_onboarding/install/custom_interfaces/share/custom_interfaces/package.zsh'
[0.870s] Level 1:colcon.colcon_core.environment:create_file_with_runtime_dependencies(/home/yentung-yen/mcav/ESDA_onboarding/install/custom_interfaces/share/colcon-core/packages/custom_interfaces)
[0.921s] Level 1:colcon.colcon_core.environment:create_environment_scripts_only(custom_interfaces)
[0.923s] Level 1:colcon.colcon_core.environment:checking '/home/yentung-yen/mcav/ESDA_onboarding/install/custom_interfaces' for CMake module files
[0.924s] Level 1:colcon.colcon_core.environment:checking '/home/yentung-yen/mcav/ESDA_onboarding/install/custom_interfaces' for CMake config files
[0.924s] Level 1:colcon.colcon_core.shell:create_environment_hook('custom_interfaces', 'cmake_prefix_path')
[0.925s] INFO:colcon.colcon_core.shell:Creating environment hook '/home/yentung-yen/mcav/ESDA_onboarding/install/custom_interfaces/share/custom_interfaces/hook/cmake_prefix_path.ps1'
[0.926s] INFO:colcon.colcon_core.shell:Creating environment descriptor '/home/yentung-yen/mcav/ESDA_onboarding/install/custom_interfaces/share/custom_interfaces/hook/cmake_prefix_path.dsv'
[0.926s] INFO:colcon.colcon_core.shell:Creating environment hook '/home/yentung-yen/mcav/ESDA_onboarding/install/custom_interfaces/share/custom_interfaces/hook/cmake_prefix_path.sh'
[0.927s] Level 1:colcon.colcon_core.environment:checking '/home/yentung-yen/mcav/ESDA_onboarding/install/custom_interfaces/lib'
[0.927s] Level 1:colcon.colcon_core.shell:create_environment_hook('custom_interfaces', 'ld_library_path_lib')
[0.928s] INFO:colcon.colcon_core.shell:Creating environment hook '/home/yentung-yen/mcav/ESDA_onboarding/install/custom_interfaces/share/custom_interfaces/hook/ld_library_path_lib.ps1'
[0.929s] INFO:colcon.colcon_core.shell:Creating environment descriptor '/home/yentung-yen/mcav/ESDA_onboarding/install/custom_interfaces/share/custom_interfaces/hook/ld_library_path_lib.dsv'
[0.929s] INFO:colcon.colcon_core.shell:Creating environment hook '/home/yentung-yen/mcav/ESDA_onboarding/install/custom_interfaces/share/custom_interfaces/hook/ld_library_path_lib.sh'
[0.929s] Level 1:colcon.colcon_core.environment:checking '/home/yentung-yen/mcav/ESDA_onboarding/install/custom_interfaces/bin'
[0.930s] Level 1:colcon.colcon_core.environment:checking '/home/yentung-yen/mcav/ESDA_onboarding/install/custom_interfaces/lib/pkgconfig/custom_interfaces.pc'
[0.930s] Level 1:colcon.colcon_core.environment:checking '/home/yentung-yen/mcav/ESDA_onboarding/install/custom_interfaces/lib/python3.10/site-packages'
[0.930s] Level 1:colcon.colcon_core.environment:checking '/home/yentung-yen/mcav/ESDA_onboarding/install/custom_interfaces/bin'
[0.931s] INFO:colcon.colcon_core.shell:Creating package script '/home/yentung-yen/mcav/ESDA_onboarding/install/custom_interfaces/share/custom_interfaces/package.ps1'
[0.932s] INFO:colcon.colcon_core.shell:Creating package descriptor '/home/yentung-yen/mcav/ESDA_onboarding/install/custom_interfaces/share/custom_interfaces/package.dsv'
[0.932s] INFO:colcon.colcon_core.shell:Creating package script '/home/yentung-yen/mcav/ESDA_onboarding/install/custom_interfaces/share/custom_interfaces/package.sh'
[0.932s] INFO:colcon.colcon_core.shell:Creating package script '/home/yentung-yen/mcav/ESDA_onboarding/install/custom_interfaces/share/custom_interfaces/package.bash'
[0.933s] INFO:colcon.colcon_core.shell:Creating package script '/home/yentung-yen/mcav/ESDA_onboarding/install/custom_interfaces/share/custom_interfaces/package.zsh'
[0.933s] Level 1:colcon.colcon_core.environment:create_file_with_runtime_dependencies(/home/yentung-yen/mcav/ESDA_onboarding/install/custom_interfaces/share/colcon-core/packages/custom_interfaces)
[0.933s] INFO:colcon.colcon_ros.task.ament_python.build:Building ROS package in '/home/yentung-yen/mcav/ESDA_onboarding/waypoint_pub' with build type 'ament_python'
[0.934s] Level 1:colcon.colcon_core.shell:create_environment_hook('waypoint_pub', 'ament_prefix_path')
[0.935s] INFO:colcon.colcon_core.shell:Creating environment hook '/home/yentung-yen/mcav/ESDA_onboarding/install/waypoint_pub/share/waypoint_pub/hook/ament_prefix_path.ps1'
[0.936s] INFO:colcon.colcon_core.shell:Creating environment descriptor '/home/yentung-yen/mcav/ESDA_onboarding/install/waypoint_pub/share/waypoint_pub/hook/ament_prefix_path.dsv'
[0.937s] INFO:colcon.colcon_core.shell:Creating environment hook '/home/yentung-yen/mcav/ESDA_onboarding/install/waypoint_pub/share/waypoint_pub/hook/ament_prefix_path.sh'
[0.938s] INFO:colcon.colcon_core.shell:Skip shell extension 'powershell' for command environment: Not usable outside of PowerShell
[0.939s] DEBUG:colcon.colcon_core.shell:Skip shell extension 'dsv' for command environment
[1.169s] INFO:colcon.colcon_core.task.python.build:Building Python package in '/home/yentung-yen/mcav/ESDA_onboarding/waypoint_pub'
[1.170s] INFO:colcon.colcon_core.shell:Skip shell extension 'powershell' for command environment: Not usable outside of PowerShell
[1.170s] DEBUG:colcon.colcon_core.shell:Skip shell extension 'dsv' for command environment
[1.177s] DEBUG:colcon.colcon_core.event_handler.log_command:Invoking command in '/home/yentung-yen/mcav/ESDA_onboarding/onboarding_task1': PYTHONPATH=/home/yentung-yen/mcav/ESDA_onboarding/build/onboarding_task1/prefix_override:/home/yentung-yen/mcav/ESDA_onboarding/install/onboarding_task1/lib/python3.10/site-packages:${PYTHONPATH} /usr/bin/python3 setup.py egg_info --egg-base ../build/onboarding_task1 build --build-base /home/yentung-yen/mcav/ESDA_onboarding/build/onboarding_task1/build install --record /home/yentung-yen/mcav/ESDA_onboarding/build/onboarding_task1/install.log --single-version-externally-managed
[1.437s] Level 1:colcon.colcon_core.environment:checking '/home/yentung-yen/mcav/ESDA_onboarding/install/onboarding_task1' for CMake module files
[1.438s] DEBUG:colcon.colcon_core.event_handler.log_command:Invoked command in '/home/yentung-yen/mcav/ESDA_onboarding/onboarding_task1' returned '0': PYTHONPATH=/home/yentung-yen/mcav/ESDA_onboarding/build/onboarding_task1/prefix_override:/home/yentung-yen/mcav/ESDA_onboarding/install/onboarding_task1/lib/python3.10/site-packages:${PYTHONPATH} /usr/bin/python3 setup.py egg_info --egg-base ../build/onboarding_task1 build --build-base /home/yentung-yen/mcav/ESDA_onboarding/build/onboarding_task1/build install --record /home/yentung-yen/mcav/ESDA_onboarding/build/onboarding_task1/install.log --single-version-externally-managed
[1.438s] Level 1:colcon.colcon_core.environment:checking '/home/yentung-yen/mcav/ESDA_onboarding/install/onboarding_task1' for CMake config files
[1.438s] Level 1:colcon.colcon_core.environment:checking '/home/yentung-yen/mcav/ESDA_onboarding/install/onboarding_task1/lib'
[1.438s] Level 1:colcon.colcon_core.environment:checking '/home/yentung-yen/mcav/ESDA_onboarding/install/onboarding_task1/bin'
[1.438s] Level 1:colcon.colcon_core.environment:checking '/home/yentung-yen/mcav/ESDA_onboarding/install/onboarding_task1/lib/pkgconfig/onboarding_task1.pc'
[1.438s] Level 1:colcon.colcon_core.environment:checking '/home/yentung-yen/mcav/ESDA_onboarding/install/onboarding_task1/lib/python3.10/site-packages'
[1.438s] Level 1:colcon.colcon_core.shell:create_environment_hook('onboarding_task1', 'pythonpath')
[1.439s] INFO:colcon.colcon_core.shell:Creating environment hook '/home/yentung-yen/mcav/ESDA_onboarding/install/onboarding_task1/share/onboarding_task1/hook/pythonpath.ps1'
[1.440s] INFO:colcon.colcon_core.shell:Creating environment descriptor '/home/yentung-yen/mcav/ESDA_onboarding/install/onboarding_task1/share/onboarding_task1/hook/pythonpath.dsv'
[1.440s] INFO:colcon.colcon_core.shell:Creating environment hook '/home/yentung-yen/mcav/ESDA_onboarding/install/onboarding_task1/share/onboarding_task1/hook/pythonpath.sh'
[1.440s] Level 1:colcon.colcon_core.environment:checking '/home/yentung-yen/mcav/ESDA_onboarding/install/onboarding_task1/bin'
[1.440s] Level 1:colcon.colcon_core.environment:create_environment_scripts_only(onboarding_task1)
[1.441s] INFO:colcon.colcon_core.shell:Creating package script '/home/yentung-yen/mcav/ESDA_onboarding/install/onboarding_task1/share/onboarding_task1/package.ps1'
[1.442s] INFO:colcon.colcon_core.shell:Creating package descriptor '/home/yentung-yen/mcav/ESDA_onboarding/install/onboarding_task1/share/onboarding_task1/package.dsv'
[1.442s] INFO:colcon.colcon_core.shell:Creating package script '/home/yentung-yen/mcav/ESDA_onboarding/install/onboarding_task1/share/onboarding_task1/package.sh'
[1.443s] INFO:colcon.colcon_core.shell:Creating package script '/home/yentung-yen/mcav/ESDA_onboarding/install/onboarding_task1/share/onboarding_task1/package.bash'
[1.443s] INFO:colcon.colcon_core.shell:Creating package script '/home/yentung-yen/mcav/ESDA_onboarding/install/onboarding_task1/share/onboarding_task1/package.zsh'
[1.443s] Level 1:colcon.colcon_core.environment:create_file_with_runtime_dependencies(/home/yentung-yen/mcav/ESDA_onboarding/install/onboarding_task1/share/colcon-core/packages/onboarding_task1)
[1.459s] DEBUG:colcon.colcon_core.event_handler.log_command:Invoking command in '/home/yentung-yen/mcav/ESDA_onboarding/waypoint_pub': PYTHONPATH=/home/yentung-yen/mcav/ESDA_onboarding/build/waypoint_pub/prefix_override:/home/yentung-yen/mcav/ESDA_onboarding/install/waypoint_pub/lib/python3.10/site-packages:${PYTHONPATH} /usr/bin/python3 setup.py egg_info --egg-base ../build/waypoint_pub build --build-base /home/yentung-yen/mcav/ESDA_onboarding/build/waypoint_pub/build install --record /home/yentung-yen/mcav/ESDA_onboarding/build/waypoint_pub/install.log --single-version-externally-managed
[1.715s] Level 1:colcon.colcon_core.environment:checking '/home/yentung-yen/mcav/ESDA_onboarding/install/waypoint_pub' for CMake module files
[1.715s] DEBUG:colcon.colcon_core.event_handler.log_command:Invoked command in '/home/yentung-yen/mcav/ESDA_onboarding/waypoint_pub' returned '0': PYTHONPATH=/home/yentung-yen/mcav/ESDA_onboarding/build/waypoint_pub/prefix_override:/home/yentung-yen/mcav/ESDA_onboarding/install/waypoint_pub/lib/python3.10/site-packages:${PYTHONPATH} /usr/bin/python3 setup.py egg_info --egg-base ../build/waypoint_pub build --build-base /home/yentung-yen/mcav/ESDA_onboarding/build/waypoint_pub/build install --record /home/yentung-yen/mcav/ESDA_onboarding/build/waypoint_pub/install.log --single-version-externally-managed
[1.716s] Level 1:colcon.colcon_core.environment:checking '/home/yentung-yen/mcav/ESDA_onboarding/install/waypoint_pub' for CMake config files
[1.716s] Level 1:colcon.colcon_core.environment:checking '/home/yentung-yen/mcav/ESDA_onboarding/install/waypoint_pub/lib'
[1.716s] Level 1:colcon.colcon_core.environment:checking '/home/yentung-yen/mcav/ESDA_onboarding/install/waypoint_pub/bin'
[1.716s] Level 1:colcon.colcon_core.environment:checking '/home/yentung-yen/mcav/ESDA_onboarding/install/waypoint_pub/lib/pkgconfig/waypoint_pub.pc'
[1.717s] Level 1:colcon.colcon_core.environment:checking '/home/yentung-yen/mcav/ESDA_onboarding/install/waypoint_pub/lib/python3.10/site-packages'
[1.717s] Level 1:colcon.colcon_core.shell:create_environment_hook('waypoint_pub', 'pythonpath')
[1.718s] INFO:colcon.colcon_core.shell:Creating environment hook '/home/yentung-yen/mcav/ESDA_onboarding/install/waypoint_pub/share/waypoint_pub/hook/pythonpath.ps1'
[1.719s] INFO:colcon.colcon_core.shell:Creating environment descriptor '/home/yentung-yen/mcav/ESDA_onboarding/install/waypoint_pub/share/waypoint_pub/hook/pythonpath.dsv'
[1.719s] INFO:colcon.colcon_core.shell:Creating environment hook '/home/yentung-yen/mcav/ESDA_onboarding/install/waypoint_pub/share/waypoint_pub/hook/pythonpath.sh'
[1.719s] Level 1:colcon.colcon_core.environment:checking '/home/yentung-yen/mcav/ESDA_onboarding/install/waypoint_pub/bin'
[1.719s] Level 1:colcon.colcon_core.environment:create_environment_scripts_only(waypoint_pub)
[1.721s] INFO:colcon.colcon_core.shell:Creating package script '/home/yentung-yen/mcav/ESDA_onboarding/install/waypoint_pub/share/waypoint_pub/package.ps1'
[1.721s] INFO:colcon.colcon_core.shell:Creating package descriptor '/home/yentung-yen/mcav/ESDA_onboarding/install/waypoint_pub/share/waypoint_pub/package.dsv'
[1.722s] INFO:colcon.colcon_core.shell:Creating package script '/home/yentung-yen/mcav/ESDA_onboarding/install/waypoint_pub/share/waypoint_pub/package.sh'
[1.722s] INFO:colcon.colcon_core.shell:Creating package script '/home/yentung-yen/mcav/ESDA_onboarding/install/waypoint_pub/share/waypoint_pub/package.bash'
[1.722s] INFO:colcon.colcon_core.shell:Creating package script '/home/yentung-yen/mcav/ESDA_onboarding/install/waypoint_pub/share/waypoint_pub/package.zsh'
[1.722s] Level 1:colcon.colcon_core.environment:create_file_with_runtime_dependencies(/home/yentung-yen/mcav/ESDA_onboarding/install/waypoint_pub/share/colcon-core/packages/waypoint_pub)
[1.723s] DEBUG:colcon.colcon_parallel_executor.executor.parallel:closing loop
[1.723s] DEBUG:colcon.colcon_parallel_executor.executor.parallel:loop closed
[1.723s] DEBUG:colcon.colcon_parallel_executor.executor.parallel:run_until_complete finished with '0'
[1.723s] DEBUG:colcon.colcon_core.event_reactor:joining thread
[1.729s] INFO:colcon.colcon_core.plugin_system:Skipping extension 'colcon_notification.desktop_notification.terminal_notifier': Not used on non-Darwin systems
[1.729s] INFO:colcon.colcon_core.plugin_system:Skipping extension 'colcon_notification.desktop_notification.win32': Not used on non-Windows systems
[1.729s] INFO:colcon.colcon_notification.desktop_notification:Sending desktop notification using 'notify2'
[1.743s] DEBUG:colcon.colcon_core.event_reactor:joined thread
[1.745s] INFO:colcon.colcon_core.shell:Creating prefix script '/home/yentung-yen/mcav/ESDA_onboarding/install/local_setup.ps1'
[1.746s] INFO:colcon.colcon_core.shell:Creating prefix util module '/home/yentung-yen/mcav/ESDA_onboarding/install/_local_setup_util_ps1.py'
[1.747s] INFO:colcon.colcon_core.shell:Creating prefix chain script '/home/yentung-yen/mcav/ESDA_onboarding/install/setup.ps1'
[1.750s] INFO:colcon.colcon_core.shell:Creating prefix script '/home/yentung-yen/mcav/ESDA_onboarding/install/local_setup.sh'
[1.750s] INFO:colcon.colcon_core.shell:Creating prefix util module '/home/yentung-yen/mcav/ESDA_onboarding/install/_local_setup_util_sh.py'
[1.751s] INFO:colcon.colcon_core.shell:Creating prefix chain script '/home/yentung-yen/mcav/ESDA_onboarding/install/setup.sh'
[1.753s] INFO:colcon.colcon_core.shell:Creating prefix script '/home/yentung-yen/mcav/ESDA_onboarding/install/local_setup.bash'
[1.753s] INFO:colcon.colcon_core.shell:Creating prefix chain script '/home/yentung-yen/mcav/ESDA_onboarding/install/setup.bash'
[1.754s] INFO:colcon.colcon_core.shell:Creating prefix script '/home/yentung-yen/mcav/ESDA_onboarding/install/local_setup.zsh'
[1.755s] INFO:colcon.colcon_core.shell:Creating prefix chain script '/home/yentung-yen/mcav/ESDA_onboarding/install/setup.zsh'
