[0.978s] Invoking command in '/home/klo40/ESDA_onboarding/onboarding_task1': AMENT_PREFIX_PATH=/home/klo40/ESDA_onboarding/install/custom_interfaces:${AMENT_PREFIX_PATH} CMAKE_PREFIX_PATH=/home/klo40/ESDA_onboarding/install/custom_interfaces LD_LIBRARY_PATH=/home/klo40/ESDA_onboarding/install/custom_interfaces/lib:${LD_LIBRARY_PATH} PYTHONPATH=/home/klo40/ESDA_onboarding/build/onboarding_task1/prefix_override:/home/klo40/ESDA_onboarding/install/onboarding_task1/lib/python3.10/site-packages:/home/klo40/ESDA_onboarding/install/custom_interfaces/local/lib/python3.10/dist-packages:${PYTHONPATH} /usr/bin/python3 setup.py egg_info --egg-base ../build/onboarding_task1 build --build-base /home/klo40/ESDA_onboarding/build/onboarding_task1/build install --record /home/klo40/ESDA_onboarding/build/onboarding_task1/install.log --single-version-externally-managed
[1.201s] running egg_info
[1.203s] writing ../build/onboarding_task1/onboarding_task1.egg-info/PKG-INFO
[1.206s] writing dependency_links to ../build/onboarding_task1/onboarding_task1.egg-info/dependency_links.txt
[1.208s] writing entry points to ../build/onboarding_task1/onboarding_task1.egg-info/entry_points.txt
[1.210s] writing requirements to ../build/onboarding_task1/onboarding_task1.egg-info/requires.txt
[1.211s] writing top-level names to ../build/onboarding_task1/onboarding_task1.egg-info/top_level.txt
[1.214s] reading manifest file '../build/onboarding_task1/onboarding_task1.egg-info/SOURCES.txt'
[1.216s] writing manifest file '../build/onboarding_task1/onboarding_task1.egg-info/SOURCES.txt'
[1.217s] running build
[1.217s] running build_py
[1.221s] running install
[1.222s] /usr/lib/python3/dist-packages/setuptools/command/install.py:34: SetuptoolsDeprecationWarning: setup.py install is deprecated. Use build and pip and other standards-based tools.
[1.222s]   warnings.warn(
[1.223s] running install_lib
[1.226s] running install_data
[1.230s] running install_egg_info
[1.231s] removing '/home/klo40/ESDA_onboarding/install/onboarding_task1/lib/python3.10/site-packages/onboarding_task1-0.0.0-py3.10.egg-info' (and everything under it)
[1.231s] Copying ../build/onboarding_task1/onboarding_task1.egg-info to /home/klo40/ESDA_onboarding/install/onboarding_task1/lib/python3.10/site-packages/onboarding_task1-0.0.0-py3.10.egg-info
[1.234s] running install_scripts
[1.259s] Installing control_publisher script to /home/klo40/ESDA_onboarding/install/onboarding_task1/lib/onboarding_task1
[1.261s] Installing controlwaypoint script to /home/klo40/ESDA_onboarding/install/onboarding_task1/lib/onboarding_task1
[1.262s] Installing laser_to_grid script to /home/klo40/ESDA_onboarding/install/onboarding_task1/lib/onboarding_task1
[1.263s] Installing laserscan script to /home/klo40/ESDA_onboarding/install/onboarding_task1/lib/onboarding_task1
[1.263s] Installing trial script to /home/klo40/ESDA_onboarding/install/onboarding_task1/lib/onboarding_task1
[1.265s] writing list of installed files to '/home/klo40/ESDA_onboarding/build/onboarding_task1/install.log'
[1.298s] Invoked command in '/home/klo40/ESDA_onboarding/onboarding_task1' returned '0': AMENT_PREFIX_PATH=/home/klo40/ESDA_onboarding/install/custom_interfaces:${AMENT_PREFIX_PATH} CMAKE_PREFIX_PATH=/home/klo40/ESDA_onboarding/install/custom_interfaces LD_LIBRARY_PATH=/home/klo40/ESDA_onboarding/install/custom_interfaces/lib:${LD_LIBRARY_PATH} PYTHONPATH=/home/klo40/ESDA_onboarding/build/onboarding_task1/prefix_override:/home/klo40/ESDA_onboarding/install/onboarding_task1/lib/python3.10/site-packages:/home/klo40/ESDA_onboarding/install/custom_interfaces/local/lib/python3.10/dist-packages:${PYTHONPATH} /usr/bin/python3 setup.py egg_info --egg-base ../build/onboarding_task1 build --build-base /home/klo40/ESDA_onboarding/build/onboarding_task1/build install --record /home/klo40/ESDA_onboarding/build/onboarding_task1/install.log --single-version-externally-managed
