[1.078s] Invoking command in '/home/klo40/ESDA_onboarding/onboarding_task1': PYTHONPATH=/home/klo40/ESDA_onboarding/build/onboarding_task1/prefix_override:/home/klo40/ESDA_onboarding/install/onboarding_task1/lib/python3.10/site-packages:${PYTHONPATH} /usr/bin/python3 setup.py egg_info --egg-base ../build/onboarding_task1 build --build-base /home/klo40/ESDA_onboarding/build/onboarding_task1/build install --record /home/klo40/ESDA_onboarding/build/onboarding_task1/install.log --single-version-externally-managed
[1.472s] running egg_info
[1.473s] writing ../build/onboarding_task1/onboarding_task1.egg-info/PKG-INFO
[1.474s] writing dependency_links to ../build/onboarding_task1/onboarding_task1.egg-info/dependency_links.txt
[1.474s] writing entry points to ../build/onboarding_task1/onboarding_task1.egg-info/entry_points.txt
[1.474s] writing requirements to ../build/onboarding_task1/onboarding_task1.egg-info/requires.txt
[1.475s] writing top-level names to ../build/onboarding_task1/onboarding_task1.egg-info/top_level.txt
[1.477s] reading manifest file '../build/onboarding_task1/onboarding_task1.egg-info/SOURCES.txt'
[1.479s] writing manifest file '../build/onboarding_task1/onboarding_task1.egg-info/SOURCES.txt'
[1.479s] running build
[1.479s] running build_py
[1.479s] copying onboarding_task1/trial.py -> /home/klo40/ESDA_onboarding/build/onboarding_task1/build/lib/onboarding_task1
[1.479s] running install
[1.480s] /usr/lib/python3/dist-packages/setuptools/command/install.py:34: SetuptoolsDeprecationWarning: setup.py install is deprecated. Use build and pip and other standards-based tools.
[1.480s]   warnings.warn(
[1.480s] running install_lib
[1.481s] copying /home/klo40/ESDA_onboarding/build/onboarding_task1/build/lib/onboarding_task1/trial.py -> /home/klo40/ESDA_onboarding/install/onboarding_task1/lib/python3.10/site-packages/onboarding_task1
[1.483s] byte-compiling /home/klo40/ESDA_onboarding/install/onboarding_task1/lib/python3.10/site-packages/onboarding_task1/trial.py to trial.cpython-310.pyc
[1.483s] running install_data
[1.485s] running install_egg_info
[1.488s] removing '/home/klo40/ESDA_onboarding/install/onboarding_task1/lib/python3.10/site-packages/onboarding_task1-0.0.0-py3.10.egg-info' (and everything under it)
[1.489s] Copying ../build/onboarding_task1/onboarding_task1.egg-info to /home/klo40/ESDA_onboarding/install/onboarding_task1/lib/python3.10/site-packages/onboarding_task1-0.0.0-py3.10.egg-info
[1.489s] running install_scripts
[1.519s] Installing control_publisher script to /home/klo40/ESDA_onboarding/install/onboarding_task1/lib/onboarding_task1
[1.519s] Installing laserscan = onboarding_task1.sense:maintrial script to /home/klo40/ESDA_onboarding/install/onboarding_task1/lib/onboarding_task1
[1.519s] writing list of installed files to '/home/klo40/ESDA_onboarding/build/onboarding_task1/install.log'
[1.569s] Invoked command in '/home/klo40/ESDA_onboarding/onboarding_task1' returned '0': PYTHONPATH=/home/klo40/ESDA_onboarding/build/onboarding_task1/prefix_override:/home/klo40/ESDA_onboarding/install/onboarding_task1/lib/python3.10/site-packages:${PYTHONPATH} /usr/bin/python3 setup.py egg_info --egg-base ../build/onboarding_task1 build --build-base /home/klo40/ESDA_onboarding/build/onboarding_task1/build install --record /home/klo40/ESDA_onboarding/build/onboarding_task1/install.log --single-version-externally-managed
