[0.008s] Invoking command in '/home/mcav/jpan/ESDA_onboarding/build/articubot_one': CMAKE_PREFIX_PATH=/opt/ros/humble /usr/bin/cmake /home/mcav/jpan/ESDA_onboarding/articubot_one -DCMAKE_INSTALL_PREFIX=/home/mcav/jpan/ESDA_onboarding/install/articubot_one
[0.126s] -- The C compiler identification is GNU 11.4.0
[0.210s] -- The CXX compiler identification is GNU 11.4.0
[0.219s] -- Detecting C compiler ABI info
[0.281s] -- Detecting C compiler ABI info - done
[0.287s] -- Check for working C compiler: /usr/bin/cc - skipped
[0.288s] -- Detecting C compile features
[0.288s] -- Detecting C compile features - done
[0.292s] -- Detecting CXX compiler ABI info
[0.362s] -- Detecting CXX compiler ABI info - done
[0.368s] -- Check for working CXX compiler: /usr/bin/c++ - skipped
[0.368s] -- Detecting CXX compile features
[0.369s] -- Detecting CXX compile features - done
[0.375s] -- Found ament_cmake: 1.3.5 (/opt/ros/humble/share/ament_cmake/cmake)
[0.524s] -- Found Python3: /usr/bin/python3.10 (found version "3.10.12") found components: Interpreter 
[0.612s] -- Found ament_lint_auto: 0.12.7 (/opt/ros/humble/share/ament_lint_auto/cmake)
[0.690s] -- Added test 'copyright' to check source files copyright and LICENSE
[0.693s] -- Added test 'flake8' to check Python code syntax and style conventions
[0.693s] -- Added test 'lint_cmake' to check CMake code style
[0.694s] -- Added test 'pep257' to check Python code against some of the docstring style conventions in PEP 257
[0.695s] -- Added test 'xmllint' to check XML markup files
[0.697s] -- Configuring done
[0.699s] -- Generating done
[0.700s] -- Build files have been written to: /home/mcav/jpan/ESDA_onboarding/build/articubot_one
[0.704s] Invoked command in '/home/mcav/jpan/ESDA_onboarding/build/articubot_one' returned '0': CMAKE_PREFIX_PATH=/opt/ros/humble /usr/bin/cmake /home/mcav/jpan/ESDA_onboarding/articubot_one -DCMAKE_INSTALL_PREFIX=/home/mcav/jpan/ESDA_onboarding/install/articubot_one
[0.707s] Invoking command in '/home/mcav/jpan/ESDA_onboarding/build/articubot_one': CMAKE_PREFIX_PATH=/opt/ros/humble /usr/bin/cmake --build /home/mcav/jpan/ESDA_onboarding/build/articubot_one -- -j8 -l8
[0.740s] Invoked command in '/home/mcav/jpan/ESDA_onboarding/build/articubot_one' returned '0': CMAKE_PREFIX_PATH=/opt/ros/humble /usr/bin/cmake --build /home/mcav/jpan/ESDA_onboarding/build/articubot_one -- -j8 -l8
[0.766s] Invoking command in '/home/mcav/jpan/ESDA_onboarding/build/articubot_one': CMAKE_PREFIX_PATH=/opt/ros/humble /usr/bin/cmake --install /home/mcav/jpan/ESDA_onboarding/build/articubot_one
[0.773s] -- Install configuration: ""
[0.773s] -- Installing: /home/mcav/jpan/ESDA_onboarding/install/articubot_one/share/articubot_one/config
[0.773s] -- Installing: /home/mcav/jpan/ESDA_onboarding/install/articubot_one/share/articubot_one/config/drive_bot.rviz
[0.773s] -- Installing: /home/mcav/jpan/ESDA_onboarding/install/articubot_one/share/articubot_one/config/view_bot.rviz
[0.773s] -- Installing: /home/mcav/jpan/ESDA_onboarding/install/articubot_one/share/articubot_one/config/empty.yaml
[0.774s] -- Installing: /home/mcav/jpan/ESDA_onboarding/install/articubot_one/share/articubot_one/description
[0.774s] -- Installing: /home/mcav/jpan/ESDA_onboarding/install/articubot_one/share/articubot_one/description/lidar.xacro
[0.774s] -- Installing: /home/mcav/jpan/ESDA_onboarding/install/articubot_one/share/articubot_one/description/robot_core.xacro
[0.774s] -- Installing: /home/mcav/jpan/ESDA_onboarding/install/articubot_one/share/articubot_one/description/intertial_macros.xacro
[0.774s] -- Installing: /home/mcav/jpan/ESDA_onboarding/install/articubot_one/share/articubot_one/description/inertial_macros.xacro
[0.774s] -- Installing: /home/mcav/jpan/ESDA_onboarding/install/articubot_one/share/articubot_one/description/robot.urdf.xacro
[0.774s] -- Installing: /home/mcav/jpan/ESDA_onboarding/install/articubot_one/share/articubot_one/description/gazebo_control.xacro
[0.774s] -- Installing: /home/mcav/jpan/ESDA_onboarding/install/articubot_one/share/articubot_one/launch
[0.775s] -- Installing: /home/mcav/jpan/ESDA_onboarding/install/articubot_one/share/articubot_one/launch/launch_sim.launch.py
[0.775s] -- Installing: /home/mcav/jpan/ESDA_onboarding/install/articubot_one/share/articubot_one/launch/rsp.launch.py
[0.775s] -- Installing: /home/mcav/jpan/ESDA_onboarding/install/articubot_one/share/articubot_one/worlds
[0.775s] -- Installing: /home/mcav/jpan/ESDA_onboarding/install/articubot_one/share/articubot_one/worlds/empty.world
[0.775s] -- Installing: /home/mcav/jpan/ESDA_onboarding/install/articubot_one/share/articubot_one/worlds/obstacles.world
[0.775s] -- Installing: /home/mcav/jpan/ESDA_onboarding/install/articubot_one/share/articubot_one/worlds/obstacles2.world
[0.775s] -- Installing: /home/mcav/jpan/ESDA_onboarding/install/articubot_one/share/ament_index/resource_index/package_run_dependencies/articubot_one
[0.775s] -- Installing: /home/mcav/jpan/ESDA_onboarding/install/articubot_one/share/ament_index/resource_index/parent_prefix_path/articubot_one
[0.775s] -- Installing: /home/mcav/jpan/ESDA_onboarding/install/articubot_one/share/articubot_one/environment/ament_prefix_path.sh
[0.776s] -- Installing: /home/mcav/jpan/ESDA_onboarding/install/articubot_one/share/articubot_one/environment/ament_prefix_path.dsv
[0.776s] -- Installing: /home/mcav/jpan/ESDA_onboarding/install/articubot_one/share/articubot_one/environment/path.sh
[0.776s] -- Installing: /home/mcav/jpan/ESDA_onboarding/install/articubot_one/share/articubot_one/environment/path.dsv
[0.776s] -- Installing: /home/mcav/jpan/ESDA_onboarding/install/articubot_one/share/articubot_one/local_setup.bash
[0.776s] -- Installing: /home/mcav/jpan/ESDA_onboarding/install/articubot_one/share/articubot_one/local_setup.sh
[0.776s] -- Installing: /home/mcav/jpan/ESDA_onboarding/install/articubot_one/share/articubot_one/local_setup.zsh
[0.776s] -- Installing: /home/mcav/jpan/ESDA_onboarding/install/articubot_one/share/articubot_one/local_setup.dsv
[0.777s] -- Installing: /home/mcav/jpan/ESDA_onboarding/install/articubot_one/share/articubot_one/package.dsv
[0.777s] -- Installing: /home/mcav/jpan/ESDA_onboarding/install/articubot_one/share/ament_index/resource_index/packages/articubot_one
[0.777s] -- Installing: /home/mcav/jpan/ESDA_onboarding/install/articubot_one/share/articubot_one/cmake/articubot_oneConfig.cmake
[0.777s] -- Installing: /home/mcav/jpan/ESDA_onboarding/install/articubot_one/share/articubot_one/cmake/articubot_oneConfig-version.cmake
[0.777s] -- Installing: /home/mcav/jpan/ESDA_onboarding/install/articubot_one/share/articubot_one/package.xml
[0.778s] Invoked command in '/home/mcav/jpan/ESDA_onboarding/build/articubot_one' returned '0': CMAKE_PREFIX_PATH=/opt/ros/humble /usr/bin/cmake --install /home/mcav/jpan/ESDA_onboarding/build/articubot_one
