[0.835s] Invoking command in '/home/klo40/ESDA_onboarding/onboarding_task1': PYTHONPATH=/home/klo40/ESDA_onboarding/build/onboarding_task1/prefix_override:/home/klo40/ESDA_onboarding/install/onboarding_task1/lib/python3.10/site-packages:${PYTHONPATH} /usr/bin/python3 setup.py egg_info --egg-base ../build/onboarding_task1 build --build-base /home/klo40/ESDA_onboarding/build/onboarding_task1/build install --record /home/klo40/ESDA_onboarding/build/onboarding_task1/install.log --single-version-externally-managed
[1.126s] running egg_info
[1.128s] creating ../build/onboarding_task1/onboarding_task1.egg-info
[1.131s] writing ../build/onboarding_task1/onboarding_task1.egg-info/PKG-INFO
[1.132s] writing dependency_links to ../build/onboarding_task1/onboarding_task1.egg-info/dependency_links.txt
[1.132s] writing entry points to ../build/onboarding_task1/onboarding_task1.egg-info/entry_points.txt
[1.133s] writing requirements to ../build/onboarding_task1/onboarding_task1.egg-info/requires.txt
[1.133s] writing top-level names to ../build/onboarding_task1/onboarding_task1.egg-info/top_level.txt
[1.133s] writing manifest file '../build/onboarding_task1/onboarding_task1.egg-info/SOURCES.txt'
[1.138s] reading manifest file '../build/onboarding_task1/onboarding_task1.egg-info/SOURCES.txt'
[1.139s] writing manifest file '../build/onboarding_task1/onboarding_task1.egg-info/SOURCES.txt'
[1.140s] running build
[1.140s] running build_py
[1.140s] creating /home/klo40/ESDA_onboarding/build/onboarding_task1/build
[1.140s] creating /home/klo40/ESDA_onboarding/build/onboarding_task1/build/lib
[1.141s] creating /home/klo40/ESDA_onboarding/build/onboarding_task1/build/lib/onboarding_task1
[1.141s] copying onboarding_task1/control.py -> /home/klo40/ESDA_onboarding/build/onboarding_task1/build/lib/onboarding_task1
[1.141s] copying onboarding_task1/sense.py -> /home/klo40/ESDA_onboarding/build/onboarding_task1/build/lib/onboarding_task1
[1.141s] copying onboarding_task1/__init__.py -> /home/klo40/ESDA_onboarding/build/onboarding_task1/build/lib/onboarding_task1
[1.142s] running install
[1.143s] /usr/lib/python3/dist-packages/setuptools/command/install.py:34: SetuptoolsDeprecationWarning: setup.py install is deprecated. Use build and pip and other standards-based tools.
[1.143s]   warnings.warn(
[1.143s] running install_lib
[1.144s] creating /home/klo40/ESDA_onboarding/install/onboarding_task1/lib/python3.10/site-packages/onboarding_task1
[1.145s] copying /home/klo40/ESDA_onboarding/build/onboarding_task1/build/lib/onboarding_task1/control.py -> /home/klo40/ESDA_onboarding/install/onboarding_task1/lib/python3.10/site-packages/onboarding_task1
[1.145s] copying /home/klo40/ESDA_onboarding/build/onboarding_task1/build/lib/onboarding_task1/sense.py -> /home/klo40/ESDA_onboarding/install/onboarding_task1/lib/python3.10/site-packages/onboarding_task1
[1.145s] copying /home/klo40/ESDA_onboarding/build/onboarding_task1/build/lib/onboarding_task1/__init__.py -> /home/klo40/ESDA_onboarding/install/onboarding_task1/lib/python3.10/site-packages/onboarding_task1
[1.146s] byte-compiling /home/klo40/ESDA_onboarding/install/onboarding_task1/lib/python3.10/site-packages/onboarding_task1/control.py to control.cpython-310.pyc
[1.147s] byte-compiling /home/klo40/ESDA_onboarding/install/onboarding_task1/lib/python3.10/site-packages/onboarding_task1/sense.py to sense.cpython-310.pyc
[1.147s] byte-compiling /home/klo40/ESDA_onboarding/install/onboarding_task1/lib/python3.10/site-packages/onboarding_task1/__init__.py to __init__.cpython-310.pyc
[1.148s] running install_data
[1.148s] creating /home/klo40/ESDA_onboarding/install/onboarding_task1/share/ament_index
[1.149s] creating /home/klo40/ESDA_onboarding/install/onboarding_task1/share/ament_index/resource_index
[1.149s] creating /home/klo40/ESDA_onboarding/install/onboarding_task1/share/ament_index/resource_index/packages
[1.149s] copying resource/onboarding_task1 -> /home/klo40/ESDA_onboarding/install/onboarding_task1/share/ament_index/resource_index/packages
[1.150s] copying package.xml -> /home/klo40/ESDA_onboarding/install/onboarding_task1/share/onboarding_task1
[1.150s] running install_egg_info
[1.153s] Copying ../build/onboarding_task1/onboarding_task1.egg-info to /home/klo40/ESDA_onboarding/install/onboarding_task1/lib/python3.10/site-packages/onboarding_task1-0.0.0-py3.10.egg-info
[1.156s] running install_scripts
[1.193s] Installing control_publisher script to /home/klo40/ESDA_onboarding/install/onboarding_task1/lib/onboarding_task1
[1.194s] writing list of installed files to '/home/klo40/ESDA_onboarding/build/onboarding_task1/install.log'
[1.253s] Invoked command in '/home/klo40/ESDA_onboarding/onboarding_task1' returned '0': PYTHONPATH=/home/klo40/ESDA_onboarding/build/onboarding_task1/prefix_override:/home/klo40/ESDA_onboarding/install/onboarding_task1/lib/python3.10/site-packages:${PYTHONPATH} /usr/bin/python3 setup.py egg_info --egg-base ../build/onboarding_task1 build --build-base /home/klo40/ESDA_onboarding/build/onboarding_task1/build install --record /home/klo40/ESDA_onboarding/build/onboarding_task1/install.log --single-version-externally-managed
