running egg_info
creating ../build/op_theseus/op_theseus.egg-info
writing ../build/op_theseus/op_theseus.egg-info/PKG-INFO
writing dependency_links to ../build/op_theseus/op_theseus.egg-info/dependency_links.txt
writing entry points to ../build/op_theseus/op_theseus.egg-info/entry_points.txt
writing requirements to ../build/op_theseus/op_theseus.egg-info/requires.txt
writing top-level names to ../build/op_theseus/op_theseus.egg-info/top_level.txt
writing manifest file '../build/op_theseus/op_theseus.egg-info/SOURCES.txt'
reading manifest file '../build/op_theseus/op_theseus.egg-info/SOURCES.txt'
writing manifest file '../build/op_theseus/op_theseus.egg-info/SOURCES.txt'
running build
running build_py
creating /home/mcav/dbat/ESDA_onboarding/build/op_theseus/build
creating /home/mcav/dbat/ESDA_onboarding/build/op_theseus/build/lib
creating /home/mcav/dbat/ESDA_onboarding/build/op_theseus/build/lib/op_theseus
copying op_theseus/__init__.py -> /home/mcav/dbat/ESDA_onboarding/build/op_theseus/build/lib/op_theseus
running install
running install_lib
creating /home/mcav/dbat/ESDA_onboarding/install/op_theseus/lib/python3.10/site-packages/op_theseus
copying /home/mcav/dbat/ESDA_onboarding/build/op_theseus/build/lib/op_theseus/__init__.py -> /home/mcav/dbat/ESDA_onboarding/install/op_theseus/lib/python3.10/site-packages/op_theseus
byte-compiling /home/mcav/dbat/ESDA_onboarding/install/op_theseus/lib/python3.10/site-packages/op_theseus/__init__.py to __init__.cpython-310.pyc
running install_data
creating /home/mcav/dbat/ESDA_onboarding/install/op_theseus/share/ament_index
creating /home/mcav/dbat/ESDA_onboarding/install/op_theseus/share/ament_index/resource_index
creating /home/mcav/dbat/ESDA_onboarding/install/op_theseus/share/ament_index/resource_index/packages
copying resource/op_theseus -> /home/mcav/dbat/ESDA_onboarding/install/op_theseus/share/ament_index/resource_index/packages
copying package.xml -> /home/mcav/dbat/ESDA_onboarding/install/op_theseus/share/op_theseus
running install_egg_info
Copying ../build/op_theseus/op_theseus.egg-info to /home/mcav/dbat/ESDA_onboarding/install/op_theseus/lib/python3.10/site-packages/op_theseus-0.0.0-py3.10.egg-info
running install_scripts
writing list of installed files to '/home/mcav/dbat/ESDA_onboarding/build/op_theseus/install.log'
