[0.383s] DEBUG:colcon:Command line arguments: ['/usr/bin/colcon', 'build']
[0.383s] DEBUG:colcon:Parsed command line arguments: Namespace(log_base=None, log_level=None, verb_name='build', build_base='build', install_base='install', merge_install=False, symlink_install=False, test_result_base=None, continue_on_error=False, executor='parallel', parallel_workers=8, event_handlers=None, ignore_user_meta=False, metas=['./colcon.meta'], base_paths=['.'], packages_ignore=None, packages_ignore_regex=None, paths=None, packages_up_to=None, packages_up_to_regex=None, packages_above=None, packages_above_and_dependencies=None, packages_above_depth=None, packages_select_by_dep=None, packages_skip_by_dep=None, packages_skip_up_to=None, packages_select_build_failed=False, packages_skip_build_finished=False, packages_select_test_failures=False, packages_skip_test_passed=False, packages_select=None, packages_skip=None, packages_select_regex=None, packages_skip_regex=None, packages_start=None, packages_end=None, allow_overriding=[], cmake_args=None, cmake_target=None, cmake_target_skip_unavailable=False, cmake_clean_cache=False, cmake_clean_first=False, cmake_force_configure=False, ament_cmake_args=None, catkin_cmake_args=None, catkin_skip_building_tests=False, verb_parser=<colcon_defaults.argument_parser.defaults.DefaultArgumentsDecorator object at 0x7fb7a8f9bd00>, verb_extension=<colcon_core.verb.build.BuildVerb object at 0x7fb7a9812e90>, main=<bound method BuildVerb.main of <colcon_core.verb.build.BuildVerb object at 0x7fb7a9812e90>>)
[0.426s] Level 1:colcon.colcon_core.package_discovery:discover_packages(colcon_meta) check parameters
[0.426s] Level 1:colcon.colcon_core.package_discovery:discover_packages(recursive) check parameters
[0.426s] Level 1:colcon.colcon_core.package_discovery:discover_packages(ignore) check parameters
[0.426s] Level 1:colcon.colcon_core.package_discovery:discover_packages(path) check parameters
[0.426s] Level 1:colcon.colcon_core.package_discovery:discover_packages(colcon_meta) discover
[0.426s] Level 1:colcon.colcon_core.package_discovery:discover_packages(recursive) discover
[0.426s] INFO:colcon.colcon_core.package_discovery:Crawling recursively for packages in '/home/mcav/jpan/ESDA_onboarding'
[0.426s] Level 1:colcon.colcon_core.package_identification:_identify(.) by extensions ['ignore', 'ignore_ament_install']
[0.426s] Level 1:colcon.colcon_core.package_identification:_identify(.) by extension 'ignore'
[0.426s] Level 1:colcon.colcon_core.package_identification:_identify(.) by extension 'ignore_ament_install'
[0.426s] Level 1:colcon.colcon_core.package_identification:_identify(.) by extensions ['colcon_pkg']
[0.426s] Level 1:colcon.colcon_core.package_identification:_identify(.) by extension 'colcon_pkg'
[0.426s] Level 1:colcon.colcon_core.package_identification:_identify(.) by extensions ['colcon_meta']
[0.426s] Level 1:colcon.colcon_core.package_identification:_identify(.) by extension 'colcon_meta'
[0.426s] Level 1:colcon.colcon_core.package_identification:_identify(.) by extensions ['ros']
[0.426s] Level 1:colcon.colcon_core.package_identification:_identify(.) by extension 'ros'
[0.441s] Level 1:colcon.colcon_core.package_identification:_identify(.) by extensions ['cmake', 'python']
[0.441s] Level 1:colcon.colcon_core.package_identification:_identify(.) by extension 'cmake'
[0.441s] Level 1:colcon.colcon_core.package_identification:_identify(.) by extension 'python'
[0.441s] Level 1:colcon.colcon_core.package_identification:_identify(.) by extensions ['python_setup_py']
[0.441s] Level 1:colcon.colcon_core.package_identification:_identify(.) by extension 'python_setup_py'
[0.441s] Level 1:colcon.colcon_core.package_identification:_identify(articubot_one) by extensions ['ignore', 'ignore_ament_install']
[0.441s] Level 1:colcon.colcon_core.package_identification:_identify(articubot_one) by extension 'ignore'
[0.441s] Level 1:colcon.colcon_core.package_identification:_identify(articubot_one) by extension 'ignore_ament_install'
[0.441s] Level 1:colcon.colcon_core.package_identification:_identify(articubot_one) by extensions ['colcon_pkg']
[0.441s] Level 1:colcon.colcon_core.package_identification:_identify(articubot_one) by extension 'colcon_pkg'
[0.441s] Level 1:colcon.colcon_core.package_identification:_identify(articubot_one) by extensions ['colcon_meta']
[0.442s] Level 1:colcon.colcon_core.package_identification:_identify(articubot_one) by extension 'colcon_meta'
[0.442s] Level 1:colcon.colcon_core.package_identification:_identify(articubot_one) by extensions ['ros']
[0.442s] Level 1:colcon.colcon_core.package_identification:_identify(articubot_one) by extension 'ros'
[0.444s] DEBUG:colcon.colcon_core.package_identification:Package 'articubot_one' with type 'ros.ament_cmake' and name 'articubot_one'
[0.444s] Level 1:colcon.colcon_core.package_identification:_identify(build) by extensions ['ignore', 'ignore_ament_install']
[0.444s] Level 1:colcon.colcon_core.package_identification:_identify(build) by extension 'ignore'
[0.444s] Level 1:colcon.colcon_core.package_identification:_identify(build) ignored
[0.445s] Level 1:colcon.colcon_core.package_identification:_identify(custom_interfaces) by extensions ['ignore', 'ignore_ament_install']
[0.445s] Level 1:colcon.colcon_core.package_identification:_identify(custom_interfaces) by extension 'ignore'
[0.445s] Level 1:colcon.colcon_core.package_identification:_identify(custom_interfaces) by extension 'ignore_ament_install'
[0.445s] Level 1:colcon.colcon_core.package_identification:_identify(custom_interfaces) by extensions ['colcon_pkg']
[0.445s] Level 1:colcon.colcon_core.package_identification:_identify(custom_interfaces) by extension 'colcon_pkg'
[0.445s] Level 1:colcon.colcon_core.package_identification:_identify(custom_interfaces) by extensions ['colcon_meta']
[0.445s] Level 1:colcon.colcon_core.package_identification:_identify(custom_interfaces) by extension 'colcon_meta'
[0.445s] Level 1:colcon.colcon_core.package_identification:_identify(custom_interfaces) by extensions ['ros']
[0.445s] Level 1:colcon.colcon_core.package_identification:_identify(custom_interfaces) by extension 'ros'
[0.445s] DEBUG:colcon.colcon_core.package_identification:Package 'custom_interfaces' with type 'ros.ament_cmake' and name 'custom_interfaces'
[0.445s] Level 1:colcon.colcon_core.package_identification:_identify(install) by extensions ['ignore', 'ignore_ament_install']
[0.445s] Level 1:colcon.colcon_core.package_identification:_identify(install) by extension 'ignore'
[0.446s] Level 1:colcon.colcon_core.package_identification:_identify(install) ignored
[0.446s] Level 1:colcon.colcon_core.package_identification:_identify(log) by extensions ['ignore', 'ignore_ament_install']
[0.446s] Level 1:colcon.colcon_core.package_identification:_identify(log) by extension 'ignore'
[0.446s] Level 1:colcon.colcon_core.package_identification:_identify(log) ignored
[0.446s] Level 1:colcon.colcon_core.package_identification:_identify(waypoint_pub) by extensions ['ignore', 'ignore_ament_install']
[0.446s] Level 1:colcon.colcon_core.package_identification:_identify(waypoint_pub) by extension 'ignore'
[0.446s] Level 1:colcon.colcon_core.package_identification:_identify(waypoint_pub) by extension 'ignore_ament_install'
[0.446s] Level 1:colcon.colcon_core.package_identification:_identify(waypoint_pub) by extensions ['colcon_pkg']
[0.446s] Level 1:colcon.colcon_core.package_identification:_identify(waypoint_pub) by extension 'colcon_pkg'
[0.446s] Level 1:colcon.colcon_core.package_identification:_identify(waypoint_pub) by extensions ['colcon_meta']
[0.446s] Level 1:colcon.colcon_core.package_identification:_identify(waypoint_pub) by extension 'colcon_meta'
[0.446s] Level 1:colcon.colcon_core.package_identification:_identify(waypoint_pub) by extensions ['ros']
[0.446s] Level 1:colcon.colcon_core.package_identification:_identify(waypoint_pub) by extension 'ros'
[0.446s] DEBUG:colcon.colcon_core.package_identification:Package 'waypoint_pub' with type 'ros.ament_python' and name 'waypoint_pub'
[0.447s] Level 1:colcon.colcon_core.package_discovery:discover_packages(recursive) using defaults
[0.447s] Level 1:colcon.colcon_core.package_discovery:discover_packages(ignore) discover
[0.447s] Level 1:colcon.colcon_core.package_discovery:discover_packages(ignore) using defaults
[0.447s] Level 1:colcon.colcon_core.package_discovery:discover_packages(path) discover
[0.447s] Level 1:colcon.colcon_core.package_discovery:discover_packages(path) using defaults
[0.474s] Level 1:colcon.colcon_core.package_discovery:discover_packages(prefix_path) check parameters
[0.474s] Level 1:colcon.colcon_core.package_discovery:discover_packages(prefix_path) discover
[0.478s] DEBUG:colcon.colcon_installed_package_information.package_discovery:Found 339 installed packages in /opt/ros/humble
[0.480s] Level 1:colcon.colcon_core.package_discovery:discover_packages(prefix_path) using defaults
[0.540s] Level 5:colcon.colcon_core.verb:set package 'articubot_one' build argument 'cmake_args' from command line to 'None'
[0.540s] Level 5:colcon.colcon_core.verb:set package 'articubot_one' build argument 'cmake_target' from command line to 'None'
[0.540s] Level 5:colcon.colcon_core.verb:set package 'articubot_one' build argument 'cmake_target_skip_unavailable' from command line to 'False'
[0.540s] Level 5:colcon.colcon_core.verb:set package 'articubot_one' build argument 'cmake_clean_cache' from command line to 'False'
[0.540s] Level 5:colcon.colcon_core.verb:set package 'articubot_one' build argument 'cmake_clean_first' from command line to 'False'
[0.540s] Level 5:colcon.colcon_core.verb:set package 'articubot_one' build argument 'cmake_force_configure' from command line to 'False'
[0.540s] Level 5:colcon.colcon_core.verb:set package 'articubot_one' build argument 'ament_cmake_args' from command line to 'None'
[0.540s] Level 5:colcon.colcon_core.verb:set package 'articubot_one' build argument 'catkin_cmake_args' from command line to 'None'
[0.540s] Level 5:colcon.colcon_core.verb:set package 'articubot_one' build argument 'catkin_skip_building_tests' from command line to 'False'
[0.540s] DEBUG:colcon.colcon_core.verb:Building package 'articubot_one' with the following arguments: {'ament_cmake_args': None, 'build_base': '/home/mcav/jpan/ESDA_onboarding/build/articubot_one', 'catkin_cmake_args': None, 'catkin_skip_building_tests': False, 'cmake_args': None, 'cmake_clean_cache': False, 'cmake_clean_first': False, 'cmake_force_configure': False, 'cmake_target': None, 'cmake_target_skip_unavailable': False, 'install_base': '/home/mcav/jpan/ESDA_onboarding/install/articubot_one', 'merge_install': False, 'path': '/home/mcav/jpan/ESDA_onboarding/articubot_one', 'symlink_install': False, 'test_result_base': None}
[0.541s] Level 5:colcon.colcon_core.verb:set package 'custom_interfaces' build argument 'cmake_args' from command line to 'None'
[0.541s] Level 5:colcon.colcon_core.verb:set package 'custom_interfaces' build argument 'cmake_target' from command line to 'None'
[0.541s] Level 5:colcon.colcon_core.verb:set package 'custom_interfaces' build argument 'cmake_target_skip_unavailable' from command line to 'False'
[0.541s] Level 5:colcon.colcon_core.verb:set package 'custom_interfaces' build argument 'cmake_clean_cache' from command line to 'False'
[0.541s] Level 5:colcon.colcon_core.verb:set package 'custom_interfaces' build argument 'cmake_clean_first' from command line to 'False'
[0.541s] Level 5:colcon.colcon_core.verb:set package 'custom_interfaces' build argument 'cmake_force_configure' from command line to 'False'
[0.541s] Level 5:colcon.colcon_core.verb:set package 'custom_interfaces' build argument 'ament_cmake_args' from command line to 'None'
[0.541s] Level 5:colcon.colcon_core.verb:set package 'custom_interfaces' build argument 'catkin_cmake_args' from command line to 'None'
[0.541s] Level 5:colcon.colcon_core.verb:set package 'custom_interfaces' build argument 'catkin_skip_building_tests' from command line to 'False'
[0.541s] DEBUG:colcon.colcon_core.verb:Building package 'custom_interfaces' with the following arguments: {'ament_cmake_args': None, 'build_base': '/home/mcav/jpan/ESDA_onboarding/build/custom_interfaces', 'catkin_cmake_args': None, 'catkin_skip_building_tests': False, 'cmake_args': None, 'cmake_clean_cache': False, 'cmake_clean_first': False, 'cmake_force_configure': False, 'cmake_target': None, 'cmake_target_skip_unavailable': False, 'install_base': '/home/mcav/jpan/ESDA_onboarding/install/custom_interfaces', 'merge_install': False, 'path': '/home/mcav/jpan/ESDA_onboarding/custom_interfaces', 'symlink_install': False, 'test_result_base': None}
[0.542s] Level 5:colcon.colcon_core.verb:set package 'waypoint_pub' build argument 'cmake_args' from command line to 'None'
[0.542s] Level 5:colcon.colcon_core.verb:set package 'waypoint_pub' build argument 'cmake_target' from command line to 'None'
[0.542s] Level 5:colcon.colcon_core.verb:set package 'waypoint_pub' build argument 'cmake_target_skip_unavailable' from command line to 'False'
[0.542s] Level 5:colcon.colcon_core.verb:set package 'waypoint_pub' build argument 'cmake_clean_cache' from command line to 'False'
[0.542s] Level 5:colcon.colcon_core.verb:set package 'waypoint_pub' build argument 'cmake_clean_first' from command line to 'False'
[0.542s] Level 5:colcon.colcon_core.verb:set package 'waypoint_pub' build argument 'cmake_force_configure' from command line to 'False'
[0.542s] Level 5:colcon.colcon_core.verb:set package 'waypoint_pub' build argument 'ament_cmake_args' from command line to 'None'
[0.542s] Level 5:colcon.colcon_core.verb:set package 'waypoint_pub' build argument 'catkin_cmake_args' from command line to 'None'
[0.542s] Level 5:colcon.colcon_core.verb:set package 'waypoint_pub' build argument 'catkin_skip_building_tests' from command line to 'False'
[0.542s] DEBUG:colcon.colcon_core.verb:Building package 'waypoint_pub' with the following arguments: {'ament_cmake_args': None, 'build_base': '/home/mcav/jpan/ESDA_onboarding/build/waypoint_pub', 'catkin_cmake_args': None, 'catkin_skip_building_tests': False, 'cmake_args': None, 'cmake_clean_cache': False, 'cmake_clean_first': False, 'cmake_force_configure': False, 'cmake_target': None, 'cmake_target_skip_unavailable': False, 'install_base': '/home/mcav/jpan/ESDA_onboarding/install/waypoint_pub', 'merge_install': False, 'path': '/home/mcav/jpan/ESDA_onboarding/waypoint_pub', 'symlink_install': False, 'test_result_base': None}
[0.543s] INFO:colcon.colcon_core.executor:Executing jobs using 'parallel' executor
[0.545s] DEBUG:colcon.colcon_parallel_executor.executor.parallel:run_until_complete
[0.546s] INFO:colcon.colcon_ros.task.ament_cmake.build:Building ROS package in '/home/mcav/jpan/ESDA_onboarding/custom_interfaces' with build type 'ament_cmake'
[0.546s] INFO:colcon.colcon_cmake.task.cmake.build:Building CMake package in '/home/mcav/jpan/ESDA_onboarding/custom_interfaces'
[0.552s] INFO:colcon.colcon_core.plugin_system:Skipping extension 'colcon_core.shell.bat': Not used on non-Windows systems
[0.552s] INFO:colcon.colcon_core.shell:Skip shell extension 'powershell' for command environment: Not usable outside of PowerShell
[0.552s] DEBUG:colcon.colcon_core.shell:Skip shell extension 'dsv' for command environment
[0.555s] INFO:colcon.colcon_ros.task.ament_cmake.build:Building ROS package in '/home/mcav/jpan/ESDA_onboarding/articubot_one' with build type 'ament_cmake'
[0.555s] INFO:colcon.colcon_cmake.task.cmake.build:Building CMake package in '/home/mcav/jpan/ESDA_onboarding/articubot_one'
[0.557s] INFO:colcon.colcon_core.shell:Skip shell extension 'powershell' for command environment: Not usable outside of PowerShell
[0.557s] DEBUG:colcon.colcon_core.shell:Skip shell extension 'dsv' for command environment
[0.564s] DEBUG:colcon.colcon_core.event_handler.log_command:Invoking command in '/home/mcav/jpan/ESDA_onboarding/build/custom_interfaces': CMAKE_PREFIX_PATH=/opt/ros/humble /usr/bin/cmake /home/mcav/jpan/ESDA_onboarding/custom_interfaces -DCMAKE_INSTALL_PREFIX=/home/mcav/jpan/ESDA_onboarding/install/custom_interfaces
[0.565s] DEBUG:colcon.colcon_core.event_handler.log_command:Invoking command in '/home/mcav/jpan/ESDA_onboarding/build/articubot_one': CMAKE_PREFIX_PATH=/opt/ros/humble /usr/bin/cmake /home/mcav/jpan/ESDA_onboarding/articubot_one -DCMAKE_INSTALL_PREFIX=/home/mcav/jpan/ESDA_onboarding/install/articubot_one
[1.261s] DEBUG:colcon.colcon_core.event_handler.log_command:Invoked command in '/home/mcav/jpan/ESDA_onboarding/build/articubot_one' returned '0': CMAKE_PREFIX_PATH=/opt/ros/humble /usr/bin/cmake /home/mcav/jpan/ESDA_onboarding/articubot_one -DCMAKE_INSTALL_PREFIX=/home/mcav/jpan/ESDA_onboarding/install/articubot_one
[1.264s] DEBUG:colcon.colcon_core.event_handler.log_command:Invoking command in '/home/mcav/jpan/ESDA_onboarding/build/articubot_one': CMAKE_PREFIX_PATH=/opt/ros/humble /usr/bin/cmake --build /home/mcav/jpan/ESDA_onboarding/build/articubot_one -- -j8 -l8
[1.297s] DEBUG:colcon.colcon_core.event_handler.log_command:Invoked command in '/home/mcav/jpan/ESDA_onboarding/build/articubot_one' returned '0': CMAKE_PREFIX_PATH=/opt/ros/humble /usr/bin/cmake --build /home/mcav/jpan/ESDA_onboarding/build/articubot_one -- -j8 -l8
[1.323s] DEBUG:colcon.colcon_core.event_handler.log_command:Invoking command in '/home/mcav/jpan/ESDA_onboarding/build/articubot_one': CMAKE_PREFIX_PATH=/opt/ros/humble /usr/bin/cmake --install /home/mcav/jpan/ESDA_onboarding/build/articubot_one
[1.335s] Level 1:colcon.colcon_core.environment:create_environment_scripts_only(articubot_one)
[1.335s] DEBUG:colcon.colcon_core.event_handler.log_command:Invoked command in '/home/mcav/jpan/ESDA_onboarding/build/articubot_one' returned '0': CMAKE_PREFIX_PATH=/opt/ros/humble /usr/bin/cmake --install /home/mcav/jpan/ESDA_onboarding/build/articubot_one
[1.342s] Level 1:colcon.colcon_core.environment:checking '/home/mcav/jpan/ESDA_onboarding/install/articubot_one' for CMake module files
[1.343s] Level 1:colcon.colcon_core.environment:checking '/home/mcav/jpan/ESDA_onboarding/install/articubot_one' for CMake config files
[1.343s] Level 1:colcon.colcon_core.shell:create_environment_hook('articubot_one', 'cmake_prefix_path')
[1.344s] INFO:colcon.colcon_core.shell:Creating environment hook '/home/mcav/jpan/ESDA_onboarding/install/articubot_one/share/articubot_one/hook/cmake_prefix_path.ps1'
[1.345s] INFO:colcon.colcon_core.shell:Creating environment descriptor '/home/mcav/jpan/ESDA_onboarding/install/articubot_one/share/articubot_one/hook/cmake_prefix_path.dsv'
[1.345s] INFO:colcon.colcon_core.shell:Creating environment hook '/home/mcav/jpan/ESDA_onboarding/install/articubot_one/share/articubot_one/hook/cmake_prefix_path.sh'
[1.346s] Level 1:colcon.colcon_core.environment:checking '/home/mcav/jpan/ESDA_onboarding/install/articubot_one/bin'
[1.346s] Level 1:colcon.colcon_core.environment:checking '/home/mcav/jpan/ESDA_onboarding/install/articubot_one/lib/pkgconfig/articubot_one.pc'
[1.346s] Level 1:colcon.colcon_core.environment:checking '/home/mcav/jpan/ESDA_onboarding/install/articubot_one/lib/python3.10/site-packages'
[1.346s] Level 1:colcon.colcon_core.environment:checking '/home/mcav/jpan/ESDA_onboarding/install/articubot_one/bin'
[1.348s] INFO:colcon.colcon_core.shell:Creating package script '/home/mcav/jpan/ESDA_onboarding/install/articubot_one/share/articubot_one/package.ps1'
[1.348s] INFO:colcon.colcon_core.shell:Creating package descriptor '/home/mcav/jpan/ESDA_onboarding/install/articubot_one/share/articubot_one/package.dsv'
[1.349s] INFO:colcon.colcon_core.shell:Creating package script '/home/mcav/jpan/ESDA_onboarding/install/articubot_one/share/articubot_one/package.sh'
[1.350s] INFO:colcon.colcon_core.shell:Creating package script '/home/mcav/jpan/ESDA_onboarding/install/articubot_one/share/articubot_one/package.bash'
[1.351s] INFO:colcon.colcon_core.shell:Creating package script '/home/mcav/jpan/ESDA_onboarding/install/articubot_one/share/articubot_one/package.zsh'
[1.351s] Level 1:colcon.colcon_core.environment:create_file_with_runtime_dependencies(/home/mcav/jpan/ESDA_onboarding/install/articubot_one/share/colcon-core/packages/articubot_one)
[1.372s] Level 1:colcon.colcon_core.environment:create_environment_scripts_only(articubot_one)
[1.375s] Level 1:colcon.colcon_core.environment:checking '/home/mcav/jpan/ESDA_onboarding/install/articubot_one' for CMake module files
[1.376s] Level 1:colcon.colcon_core.environment:checking '/home/mcav/jpan/ESDA_onboarding/install/articubot_one' for CMake config files
[1.376s] Level 1:colcon.colcon_core.shell:create_environment_hook('articubot_one', 'cmake_prefix_path')
[1.378s] INFO:colcon.colcon_core.shell:Creating environment hook '/home/mcav/jpan/ESDA_onboarding/install/articubot_one/share/articubot_one/hook/cmake_prefix_path.ps1'
[1.378s] INFO:colcon.colcon_core.shell:Creating environment descriptor '/home/mcav/jpan/ESDA_onboarding/install/articubot_one/share/articubot_one/hook/cmake_prefix_path.dsv'
[1.379s] INFO:colcon.colcon_core.shell:Creating environment hook '/home/mcav/jpan/ESDA_onboarding/install/articubot_one/share/articubot_one/hook/cmake_prefix_path.sh'
[1.379s] Level 1:colcon.colcon_core.environment:checking '/home/mcav/jpan/ESDA_onboarding/install/articubot_one/bin'
[1.379s] Level 1:colcon.colcon_core.environment:checking '/home/mcav/jpan/ESDA_onboarding/install/articubot_one/lib/pkgconfig/articubot_one.pc'
[1.379s] Level 1:colcon.colcon_core.environment:checking '/home/mcav/jpan/ESDA_onboarding/install/articubot_one/lib/python3.10/site-packages'
[1.380s] Level 1:colcon.colcon_core.environment:checking '/home/mcav/jpan/ESDA_onboarding/install/articubot_one/bin'
[1.382s] INFO:colcon.colcon_core.shell:Creating package script '/home/mcav/jpan/ESDA_onboarding/install/articubot_one/share/articubot_one/package.ps1'
[1.382s] INFO:colcon.colcon_core.shell:Creating package descriptor '/home/mcav/jpan/ESDA_onboarding/install/articubot_one/share/articubot_one/package.dsv'
[1.382s] INFO:colcon.colcon_core.shell:Creating package script '/home/mcav/jpan/ESDA_onboarding/install/articubot_one/share/articubot_one/package.sh'
[1.383s] INFO:colcon.colcon_core.shell:Creating package script '/home/mcav/jpan/ESDA_onboarding/install/articubot_one/share/articubot_one/package.bash'
[1.383s] INFO:colcon.colcon_core.shell:Creating package script '/home/mcav/jpan/ESDA_onboarding/install/articubot_one/share/articubot_one/package.zsh'
[1.383s] Level 1:colcon.colcon_core.environment:create_file_with_runtime_dependencies(/home/mcav/jpan/ESDA_onboarding/install/articubot_one/share/colcon-core/packages/articubot_one)
[1.975s] DEBUG:colcon.colcon_core.event_handler.log_command:Invoked command in '/home/mcav/jpan/ESDA_onboarding/build/custom_interfaces' returned '0': CMAKE_PREFIX_PATH=/opt/ros/humble /usr/bin/cmake /home/mcav/jpan/ESDA_onboarding/custom_interfaces -DCMAKE_INSTALL_PREFIX=/home/mcav/jpan/ESDA_onboarding/install/custom_interfaces
[1.977s] DEBUG:colcon.colcon_core.event_handler.log_command:Invoking command in '/home/mcav/jpan/ESDA_onboarding/build/custom_interfaces': CMAKE_PREFIX_PATH=/opt/ros/humble /usr/bin/cmake --build /home/mcav/jpan/ESDA_onboarding/build/custom_interfaces -- -j8 -l8
[3.588s] DEBUG:colcon.colcon_core.event_handler.log_command:Invoked command in '/home/mcav/jpan/ESDA_onboarding/build/custom_interfaces' returned '0': CMAKE_PREFIX_PATH=/opt/ros/humble /usr/bin/cmake --build /home/mcav/jpan/ESDA_onboarding/build/custom_interfaces -- -j8 -l8
[3.641s] DEBUG:colcon.colcon_core.event_handler.log_command:Invoking command in '/home/mcav/jpan/ESDA_onboarding/build/custom_interfaces': CMAKE_PREFIX_PATH=/opt/ros/humble /usr/bin/cmake --install /home/mcav/jpan/ESDA_onboarding/build/custom_interfaces
[3.699s] Level 1:colcon.colcon_core.environment:create_environment_scripts_only(custom_interfaces)
[3.700s] Level 1:colcon.colcon_core.environment:checking '/home/mcav/jpan/ESDA_onboarding/install/custom_interfaces' for CMake module files
[3.701s] DEBUG:colcon.colcon_core.event_handler.log_command:Invoked command in '/home/mcav/jpan/ESDA_onboarding/build/custom_interfaces' returned '0': CMAKE_PREFIX_PATH=/opt/ros/humble /usr/bin/cmake --install /home/mcav/jpan/ESDA_onboarding/build/custom_interfaces
[3.701s] Level 1:colcon.colcon_core.environment:checking '/home/mcav/jpan/ESDA_onboarding/install/custom_interfaces' for CMake config files
[3.702s] Level 1:colcon.colcon_core.shell:create_environment_hook('custom_interfaces', 'cmake_prefix_path')
[3.703s] INFO:colcon.colcon_core.shell:Creating environment hook '/home/mcav/jpan/ESDA_onboarding/install/custom_interfaces/share/custom_interfaces/hook/cmake_prefix_path.ps1'
[3.703s] INFO:colcon.colcon_core.shell:Creating environment descriptor '/home/mcav/jpan/ESDA_onboarding/install/custom_interfaces/share/custom_interfaces/hook/cmake_prefix_path.dsv'
[3.703s] INFO:colcon.colcon_core.shell:Creating environment hook '/home/mcav/jpan/ESDA_onboarding/install/custom_interfaces/share/custom_interfaces/hook/cmake_prefix_path.sh'
[3.704s] Level 1:colcon.colcon_core.environment:checking '/home/mcav/jpan/ESDA_onboarding/install/custom_interfaces/lib'
[3.704s] Level 1:colcon.colcon_core.shell:create_environment_hook('custom_interfaces', 'ld_library_path_lib')
[3.705s] INFO:colcon.colcon_core.shell:Creating environment hook '/home/mcav/jpan/ESDA_onboarding/install/custom_interfaces/share/custom_interfaces/hook/ld_library_path_lib.ps1'
[3.705s] INFO:colcon.colcon_core.shell:Creating environment descriptor '/home/mcav/jpan/ESDA_onboarding/install/custom_interfaces/share/custom_interfaces/hook/ld_library_path_lib.dsv'
[3.705s] INFO:colcon.colcon_core.shell:Creating environment hook '/home/mcav/jpan/ESDA_onboarding/install/custom_interfaces/share/custom_interfaces/hook/ld_library_path_lib.sh'
[3.705s] Level 1:colcon.colcon_core.environment:checking '/home/mcav/jpan/ESDA_onboarding/install/custom_interfaces/bin'
[3.706s] Level 1:colcon.colcon_core.environment:checking '/home/mcav/jpan/ESDA_onboarding/install/custom_interfaces/lib/pkgconfig/custom_interfaces.pc'
[3.706s] Level 1:colcon.colcon_core.environment:checking '/home/mcav/jpan/ESDA_onboarding/install/custom_interfaces/lib/python3.10/site-packages'
[3.706s] Level 1:colcon.colcon_core.environment:checking '/home/mcav/jpan/ESDA_onboarding/install/custom_interfaces/bin'
[3.707s] INFO:colcon.colcon_core.shell:Creating package script '/home/mcav/jpan/ESDA_onboarding/install/custom_interfaces/share/custom_interfaces/package.ps1'
[3.707s] INFO:colcon.colcon_core.shell:Creating package descriptor '/home/mcav/jpan/ESDA_onboarding/install/custom_interfaces/share/custom_interfaces/package.dsv'
[3.708s] INFO:colcon.colcon_core.shell:Creating package script '/home/mcav/jpan/ESDA_onboarding/install/custom_interfaces/share/custom_interfaces/package.sh'
[3.708s] INFO:colcon.colcon_core.shell:Creating package script '/home/mcav/jpan/ESDA_onboarding/install/custom_interfaces/share/custom_interfaces/package.bash'
[3.708s] INFO:colcon.colcon_core.shell:Creating package script '/home/mcav/jpan/ESDA_onboarding/install/custom_interfaces/share/custom_interfaces/package.zsh'
[3.708s] Level 1:colcon.colcon_core.environment:create_file_with_runtime_dependencies(/home/mcav/jpan/ESDA_onboarding/install/custom_interfaces/share/colcon-core/packages/custom_interfaces)
[3.763s] Level 1:colcon.colcon_core.environment:create_environment_scripts_only(custom_interfaces)
[3.764s] Level 1:colcon.colcon_core.environment:checking '/home/mcav/jpan/ESDA_onboarding/install/custom_interfaces' for CMake module files
[3.765s] Level 1:colcon.colcon_core.environment:checking '/home/mcav/jpan/ESDA_onboarding/install/custom_interfaces' for CMake config files
[3.765s] Level 1:colcon.colcon_core.shell:create_environment_hook('custom_interfaces', 'cmake_prefix_path')
[3.766s] INFO:colcon.colcon_core.shell:Creating environment hook '/home/mcav/jpan/ESDA_onboarding/install/custom_interfaces/share/custom_interfaces/hook/cmake_prefix_path.ps1'
[3.766s] INFO:colcon.colcon_core.shell:Creating environment descriptor '/home/mcav/jpan/ESDA_onboarding/install/custom_interfaces/share/custom_interfaces/hook/cmake_prefix_path.dsv'
[3.766s] INFO:colcon.colcon_core.shell:Creating environment hook '/home/mcav/jpan/ESDA_onboarding/install/custom_interfaces/share/custom_interfaces/hook/cmake_prefix_path.sh'
[3.767s] Level 1:colcon.colcon_core.environment:checking '/home/mcav/jpan/ESDA_onboarding/install/custom_interfaces/lib'
[3.767s] Level 1:colcon.colcon_core.shell:create_environment_hook('custom_interfaces', 'ld_library_path_lib')
[3.768s] INFO:colcon.colcon_core.shell:Creating environment hook '/home/mcav/jpan/ESDA_onboarding/install/custom_interfaces/share/custom_interfaces/hook/ld_library_path_lib.ps1'
[3.768s] INFO:colcon.colcon_core.shell:Creating environment descriptor '/home/mcav/jpan/ESDA_onboarding/install/custom_interfaces/share/custom_interfaces/hook/ld_library_path_lib.dsv'
[3.768s] INFO:colcon.colcon_core.shell:Creating environment hook '/home/mcav/jpan/ESDA_onboarding/install/custom_interfaces/share/custom_interfaces/hook/ld_library_path_lib.sh'
[3.769s] Level 1:colcon.colcon_core.environment:checking '/home/mcav/jpan/ESDA_onboarding/install/custom_interfaces/bin'
[3.769s] Level 1:colcon.colcon_core.environment:checking '/home/mcav/jpan/ESDA_onboarding/install/custom_interfaces/lib/pkgconfig/custom_interfaces.pc'
[3.769s] Level 1:colcon.colcon_core.environment:checking '/home/mcav/jpan/ESDA_onboarding/install/custom_interfaces/lib/python3.10/site-packages'
[3.769s] Level 1:colcon.colcon_core.environment:checking '/home/mcav/jpan/ESDA_onboarding/install/custom_interfaces/bin'
[3.770s] INFO:colcon.colcon_core.shell:Creating package script '/home/mcav/jpan/ESDA_onboarding/install/custom_interfaces/share/custom_interfaces/package.ps1'
[3.771s] INFO:colcon.colcon_core.shell:Creating package descriptor '/home/mcav/jpan/ESDA_onboarding/install/custom_interfaces/share/custom_interfaces/package.dsv'
[3.771s] INFO:colcon.colcon_core.shell:Creating package script '/home/mcav/jpan/ESDA_onboarding/install/custom_interfaces/share/custom_interfaces/package.sh'
[3.771s] INFO:colcon.colcon_core.shell:Creating package script '/home/mcav/jpan/ESDA_onboarding/install/custom_interfaces/share/custom_interfaces/package.bash'
[3.772s] INFO:colcon.colcon_core.shell:Creating package script '/home/mcav/jpan/ESDA_onboarding/install/custom_interfaces/share/custom_interfaces/package.zsh'
[3.772s] Level 1:colcon.colcon_core.environment:create_file_with_runtime_dependencies(/home/mcav/jpan/ESDA_onboarding/install/custom_interfaces/share/colcon-core/packages/custom_interfaces)
[3.772s] INFO:colcon.colcon_ros.task.ament_python.build:Building ROS package in '/home/mcav/jpan/ESDA_onboarding/waypoint_pub' with build type 'ament_python'
[3.773s] Level 1:colcon.colcon_core.shell:create_environment_hook('waypoint_pub', 'ament_prefix_path')
[3.774s] INFO:colcon.colcon_core.shell:Creating environment hook '/home/mcav/jpan/ESDA_onboarding/install/waypoint_pub/share/waypoint_pub/hook/ament_prefix_path.ps1'
[3.774s] INFO:colcon.colcon_core.shell:Creating environment descriptor '/home/mcav/jpan/ESDA_onboarding/install/waypoint_pub/share/waypoint_pub/hook/ament_prefix_path.dsv'
[3.775s] INFO:colcon.colcon_core.shell:Creating environment hook '/home/mcav/jpan/ESDA_onboarding/install/waypoint_pub/share/waypoint_pub/hook/ament_prefix_path.sh'
[3.776s] INFO:colcon.colcon_core.shell:Skip shell extension 'powershell' for command environment: Not usable outside of PowerShell
[3.776s] DEBUG:colcon.colcon_core.shell:Skip shell extension 'dsv' for command environment
[4.003s] INFO:colcon.colcon_core.task.python.build:Building Python package in '/home/mcav/jpan/ESDA_onboarding/waypoint_pub'
[4.004s] INFO:colcon.colcon_core.shell:Skip shell extension 'powershell' for command environment: Not usable outside of PowerShell
[4.004s] DEBUG:colcon.colcon_core.shell:Skip shell extension 'dsv' for command environment
[4.374s] DEBUG:colcon.colcon_core.event_handler.log_command:Invoking command in '/home/mcav/jpan/ESDA_onboarding/waypoint_pub': AMENT_PREFIX_PATH=/home/mcav/jpan/ESDA_onboarding/install/custom_interfaces:${AMENT_PREFIX_PATH} CMAKE_PREFIX_PATH=/home/mcav/jpan/ESDA_onboarding/install/custom_interfaces LD_LIBRARY_PATH=/home/mcav/jpan/ESDA_onboarding/install/custom_interfaces/lib:${LD_LIBRARY_PATH} PYTHONPATH=/home/mcav/jpan/ESDA_onboarding/build/waypoint_pub/prefix_override:/home/mcav/jpan/ESDA_onboarding/install/waypoint_pub/lib/python3.10/site-packages:/home/mcav/jpan/ESDA_onboarding/install/custom_interfaces/local/lib/python3.10/dist-packages:${PYTHONPATH} /usr/bin/python3 setup.py egg_info --egg-base ../build/waypoint_pub build --build-base /home/mcav/jpan/ESDA_onboarding/build/waypoint_pub/build install --record /home/mcav/jpan/ESDA_onboarding/build/waypoint_pub/install.log --single-version-externally-managed
[4.625s] Level 1:colcon.colcon_core.environment:checking '/home/mcav/jpan/ESDA_onboarding/install/waypoint_pub' for CMake module files
[4.626s] DEBUG:colcon.colcon_core.event_handler.log_command:Invoked command in '/home/mcav/jpan/ESDA_onboarding/waypoint_pub' returned '0': AMENT_PREFIX_PATH=/home/mcav/jpan/ESDA_onboarding/install/custom_interfaces:${AMENT_PREFIX_PATH} CMAKE_PREFIX_PATH=/home/mcav/jpan/ESDA_onboarding/install/custom_interfaces LD_LIBRARY_PATH=/home/mcav/jpan/ESDA_onboarding/install/custom_interfaces/lib:${LD_LIBRARY_PATH} PYTHONPATH=/home/mcav/jpan/ESDA_onboarding/build/waypoint_pub/prefix_override:/home/mcav/jpan/ESDA_onboarding/install/waypoint_pub/lib/python3.10/site-packages:/home/mcav/jpan/ESDA_onboarding/install/custom_interfaces/local/lib/python3.10/dist-packages:${PYTHONPATH} /usr/bin/python3 setup.py egg_info --egg-base ../build/waypoint_pub build --build-base /home/mcav/jpan/ESDA_onboarding/build/waypoint_pub/build install --record /home/mcav/jpan/ESDA_onboarding/build/waypoint_pub/install.log --single-version-externally-managed
[4.626s] Level 1:colcon.colcon_core.environment:checking '/home/mcav/jpan/ESDA_onboarding/install/waypoint_pub' for CMake config files
[4.626s] Level 1:colcon.colcon_core.environment:checking '/home/mcav/jpan/ESDA_onboarding/install/waypoint_pub/lib'
[4.626s] Level 1:colcon.colcon_core.environment:checking '/home/mcav/jpan/ESDA_onboarding/install/waypoint_pub/bin'
[4.626s] Level 1:colcon.colcon_core.environment:checking '/home/mcav/jpan/ESDA_onboarding/install/waypoint_pub/lib/pkgconfig/waypoint_pub.pc'
[4.627s] Level 1:colcon.colcon_core.environment:checking '/home/mcav/jpan/ESDA_onboarding/install/waypoint_pub/lib/python3.10/site-packages'
[4.627s] Level 1:colcon.colcon_core.shell:create_environment_hook('waypoint_pub', 'pythonpath')
[4.628s] INFO:colcon.colcon_core.shell:Creating environment hook '/home/mcav/jpan/ESDA_onboarding/install/waypoint_pub/share/waypoint_pub/hook/pythonpath.ps1'
[4.628s] INFO:colcon.colcon_core.shell:Creating environment descriptor '/home/mcav/jpan/ESDA_onboarding/install/waypoint_pub/share/waypoint_pub/hook/pythonpath.dsv'
[4.628s] INFO:colcon.colcon_core.shell:Creating environment hook '/home/mcav/jpan/ESDA_onboarding/install/waypoint_pub/share/waypoint_pub/hook/pythonpath.sh'
[4.628s] Level 1:colcon.colcon_core.environment:checking '/home/mcav/jpan/ESDA_onboarding/install/waypoint_pub/bin'
[4.628s] Level 1:colcon.colcon_core.environment:create_environment_scripts_only(waypoint_pub)
[4.630s] INFO:colcon.colcon_core.shell:Creating package script '/home/mcav/jpan/ESDA_onboarding/install/waypoint_pub/share/waypoint_pub/package.ps1'
[4.630s] INFO:colcon.colcon_core.shell:Creating package descriptor '/home/mcav/jpan/ESDA_onboarding/install/waypoint_pub/share/waypoint_pub/package.dsv'
[4.630s] INFO:colcon.colcon_core.shell:Creating package script '/home/mcav/jpan/ESDA_onboarding/install/waypoint_pub/share/waypoint_pub/package.sh'
[4.630s] INFO:colcon.colcon_core.shell:Creating package script '/home/mcav/jpan/ESDA_onboarding/install/waypoint_pub/share/waypoint_pub/package.bash'
[4.631s] INFO:colcon.colcon_core.shell:Creating package script '/home/mcav/jpan/ESDA_onboarding/install/waypoint_pub/share/waypoint_pub/package.zsh'
[4.631s] Level 1:colcon.colcon_core.environment:create_file_with_runtime_dependencies(/home/mcav/jpan/ESDA_onboarding/install/waypoint_pub/share/colcon-core/packages/waypoint_pub)
[4.631s] DEBUG:colcon.colcon_parallel_executor.executor.parallel:closing loop
[4.631s] DEBUG:colcon.colcon_parallel_executor.executor.parallel:loop closed
[4.632s] DEBUG:colcon.colcon_parallel_executor.executor.parallel:run_until_complete finished with '0'
[4.632s] DEBUG:colcon.colcon_core.event_reactor:joining thread
[4.641s] INFO:colcon.colcon_core.plugin_system:Skipping extension 'colcon_notification.desktop_notification.terminal_notifier': Not used on non-Darwin systems
[4.641s] INFO:colcon.colcon_core.plugin_system:Skipping extension 'colcon_notification.desktop_notification.win32': Not used on non-Windows systems
[4.641s] INFO:colcon.colcon_notification.desktop_notification:Sending desktop notification using 'notify2'
[4.652s] DEBUG:colcon.colcon_core.event_reactor:joined thread
[4.653s] INFO:colcon.colcon_core.shell:Creating prefix script '/home/mcav/jpan/ESDA_onboarding/install/local_setup.ps1'
[4.654s] INFO:colcon.colcon_core.shell:Creating prefix util module '/home/mcav/jpan/ESDA_onboarding/install/_local_setup_util_ps1.py'
[4.655s] INFO:colcon.colcon_core.shell:Creating prefix chain script '/home/mcav/jpan/ESDA_onboarding/install/setup.ps1'
[4.657s] INFO:colcon.colcon_core.shell:Creating prefix script '/home/mcav/jpan/ESDA_onboarding/install/local_setup.sh'
[4.657s] INFO:colcon.colcon_core.shell:Creating prefix util module '/home/mcav/jpan/ESDA_onboarding/install/_local_setup_util_sh.py'
[4.657s] INFO:colcon.colcon_core.shell:Creating prefix chain script '/home/mcav/jpan/ESDA_onboarding/install/setup.sh'
[4.659s] INFO:colcon.colcon_core.shell:Creating prefix script '/home/mcav/jpan/ESDA_onboarding/install/local_setup.bash'
[4.660s] INFO:colcon.colcon_core.shell:Creating prefix chain script '/home/mcav/jpan/ESDA_onboarding/install/setup.bash'
[4.661s] INFO:colcon.colcon_core.shell:Creating prefix script '/home/mcav/jpan/ESDA_onboarding/install/local_setup.zsh'
[4.661s] INFO:colcon.colcon_core.shell:Creating prefix chain script '/home/mcav/jpan/ESDA_onboarding/install/setup.zsh'
